#
# A fatal error has been detected by the Java Runtime Environment:
#
#  EXCEPTION_ACCESS_VIOLATION (0xc0000005) at pc=0x000007fef6e94cb0, pid=3520, tid=1080
#
# JRE version: 6.0_37-b06
# Java VM: Java HotSpot(TM) 64-Bit Server VM (20.12-b01 mixed mode windows-amd64 compressed oops)
# Problematic frame:
# C  [jniopencv_core.dll+0x24cb0]
#
# If you would like to submit a bug report, please visit:
#   http://java.sun.com/webapps/bugreport/crash.jsp
# The crash happened outside the Java Virtual Machine in native code.
# See problematic frame for where to report the bug.
#

---------------  T H R E A D  ---------------

Current thread (0x00000000064d3000):  JavaThread "Thread-0" [_thread_in_native, id=1080, stack(0x000000000a660000,0x000000000a760000)]

siginfo: ExceptionCode=0xc0000005, reading address 0x000001d900000181

Registers:
RAX=0x0000000000000000, RBX=0x00000007db9f7e00, RCX=0x0000000000000000, RDX=0x000000000a75f600
RSP=0x000000000a75f5b0, RBP=0x000000000a75f640, RSI=0x000001d900000159, RDI=0x000000000a75f600
R8 =0x0000000000000032, R9 =0x00000007db9f80a8, R10=0x00000000000000a6, R11=0x000000006dfee768
R12=0x0000000000000000, R13=0x000000077dc61ae8, R14=0x000000000a75f648, R15=0x00000000064d3000
RIP=0x000007fef6e94cb0, EFLAGS=0x0000000000010246

Top of Stack: (sp=0x000000000a75f5b0)
0x000000000a75f5b0:   00000000064d31d0 000000000f073878
0x000000000a75f5c0:   000000000a75f600 000000000785c890
0x000000000a75f5d0:   00000007db9f7ef8 00000000024582d9
0x000000000a75f5e0:   00000007db9f7e00 0000000000000000
0x000000000a75f5f0:   00000007db9f7e00 000000000a75f640
0x000000000a75f600:   00000007db9f80a8 000000077dc69848
0x000000000a75f610:   00000007db9f7960 00000000000000ff
0x000000000a75f620:   0000000700000002 0000000700000000
0x000000000a75f630:   0000000000000080 00000007db9f7120
0x000000000a75f640:   00000007db9f8088 000000000247460c
0x000000000a75f650:   0000000782ab6ed8 00000007db9f70d0
0x000000000a75f660:   00000007db9f80a8 00000007db9f6f80
0x000000000a75f670:   00000007db9f7120 000000000a75f6b8
0x000000000a75f680:   00000007f04decf9 0000000000000000
0x000000000a75f690:   000000077dc4fb68 0000000000000000
0x000000000a75f6a0:   000000000a75f708 00000000022f59c9 

Instructions: (pc=0x000007fef6e94cb0)
0x000007fef6e94c90:   4c 8b 05 39 90 06 00 48 8b d7 ff 90 20 03 00 00
0x000007fef6e94ca0:   48 8b 5c 24 30 48 63 c8 48 8d 04 49 48 c1 e0 05
0x000007fef6e94cb0:   8b 44 30 28 48 8b 74 24 38 48 83 c4 20 5f c3 cc
0x000007fef6e94cc0:   48 89 5c 24 08 48 89 74 24 10 57 48 83 ec 20 48 


Register to memory mapping:

RAX=0x0000000000000000 is an unknown value
RBX=0x00000007db9f7e00 is an oop
[Ljava.lang.Object; 
 - klass: 'java/lang/Object'[]
 - length: 58
RCX=0x0000000000000000 is an unknown value
RDX=0x000000000a75f600 is pointing into the stack for thread: 0x00000000064d3000
RSP=0x000000000a75f5b0 is pointing into the stack for thread: 0x00000000064d3000
RBP=0x000000000a75f640 is pointing into the stack for thread: 0x00000000064d3000
RSI=0x000001d900000159 is an unknown value
RDI=0x000000000a75f600 is pointing into the stack for thread: 0x00000000064d3000
R8 =0x0000000000000032 is an unknown value
R9 =0x00000007db9f80a8 is an oop
com.googlecode.javacv.cpp.opencv_core$CvSeq 
 - klass: 'com/googlecode/javacv/cpp/opencv_core$CvSeq'
R10=0x00000000000000a6 is an unknown value
R11=0x000000006dfee768 is an unknown value
R12=0x0000000000000000 is an unknown value
R13=0x000000077dc61ae8 is an oop
{method} 
 - klass: {other class}
R14=0x000000000a75f648 is pointing into the stack for thread: 0x00000000064d3000
R15=0x00000000064d3000 is a thread


Stack: [0x000000000a660000,0x000000000a760000],  sp=0x000000000a75f5b0,  free space=1021k
Native frames: (J=compiled Java code, j=interpreted, Vv=VM code, C=native code)
C  [jniopencv_core.dll+0x24cb0]  Java_com_googlecode_javacv_cpp_opencv_1core_00024CvFont_font_1face__+0x80

Java frames: (J=compiled Java code, j=interpreted, Vv=VM code)
J  com.googlecode.javacv.cpp.opencv_core$CvSeq.total()I
J  jhandcontrol.data.JHandDetection.detect(Lcom/googlecode/javacv/cpp/opencv_core$IplImage;)Ljava/util/ArrayList;
j  jhandcontrol.data.JFrameHand.getHands()Ljava/util/ArrayList;+20
j  jhandcontrol.JHandControl.run()V+117
v  ~StubRoutines::call_stub

---------------  P R O C E S S  ---------------

Java Threads: ( => current thread )
  0x00000000064d5000 JavaThread "TimerQueue" daemon [_thread_blocked, id=1212, stack(0x00000000107a0000,0x00000000108a0000)]
  0x00000000064d4800 JavaThread "AWT-EventQueue-0" [_thread_blocked, id=8756, stack(0x000000000a860000,0x000000000a960000)]
  0x00000000064d1800 JavaThread "AWT-Shutdown" [_thread_blocked, id=4380, stack(0x000000000a760000,0x000000000a860000)]
=>0x00000000064d3000 JavaThread "Thread-0" [_thread_in_native, id=1080, stack(0x000000000a660000,0x000000000a760000)]
  0x00000000064d4000 JavaThread "Thread-3" [_thread_in_Java, id=6424, stack(0x0000000008a30000,0x0000000008b30000)]
  0x00000000064d2800 JavaThread "AWT-Windows" daemon [_thread_in_native, id=7984, stack(0x00000000082f0000,0x00000000083f0000)]
  0x00000000064d1000 JavaThread "Java2D Disposer" daemon [_thread_blocked, id=6868, stack(0x00000000080f0000,0x00000000081f0000)]
  0x00000000064b9800 JavaThread "Low Memory Detector" daemon [_thread_blocked, id=2828, stack(0x0000000007580000,0x0000000007680000)]
  0x00000000064a2800 JavaThread "C2 CompilerThread1" daemon [_thread_blocked, id=8580, stack(0x0000000007480000,0x0000000007580000)]
  0x000000000648c000 JavaThread "C2 CompilerThread0" daemon [_thread_blocked, id=1204, stack(0x0000000007380000,0x0000000007480000)]
  0x000000000648b000 JavaThread "Attach Listener" daemon [_thread_blocked, id=6484, stack(0x0000000007280000,0x0000000007380000)]
  0x000000000648a000 JavaThread "Signal Dispatcher" daemon [_thread_blocked, id=192, stack(0x0000000007180000,0x0000000007280000)]
  0x0000000006438800 JavaThread "Finalizer" daemon [_thread_blocked, id=9148, stack(0x0000000007080000,0x0000000007180000)]
  0x0000000006432000 JavaThread "Reference Handler" daemon [_thread_blocked, id=7676, stack(0x0000000006f80000,0x0000000007080000)]
  0x000000000059b800 JavaThread "main" [_thread_in_native, id=5508, stack(0x00000000021f0000,0x00000000022f0000)]

Other Threads:
  0x0000000006426000 VMThread [stack: 0x0000000006e80000,0x0000000006f80000] [id=7012]
  0x00000000064c2800 WatcherThread [stack: 0x0000000007680000,0x0000000007780000] [id=8972]

VM state:not at safepoint (normal execution)

VM Mutex/Monitor currently owned by a thread: None

Heap
 PSYoungGen      total 251008K, used 171122K [0x00000007d60b0000, 0x00000007eff70000, 0x0000000800000000)
  eden space 174592K, 55% used [0x00000007d60b0000,0x00000007dbe7da30,0x00000007e0b30000)
  from space 76416K, 98% used [0x00000007e0b30000,0x00000007e547f170,0x00000007e55d0000)
  to   space 89792K, 0% used [0x00000007ea7c0000,0x00000007ea7c0000,0x00000007eff70000)
 PSOldGen        total 438080K, used 186761K [0x0000000782200000, 0x000000079cdd0000, 0x00000007d60b0000)
  object space 438080K, 42% used [0x0000000782200000,0x000000078d862488,0x000000079cdd0000)
 PSPermGen       total 25536K, used 13593K [0x000000077d000000, 0x000000077e8f0000, 0x0000000782200000)
  object space 25536K, 53% used [0x000000077d000000,0x000000077dd46558,0x000000077e8f0000)

Code Cache  [0x00000000022f0000, 0x0000000002560000, 0x00000000052f0000)
 total_blobs=992 nmethods=528 adapters=417 free_code_cache=48330240 largest_free_block=40960

Dynamic libraries:
0x0000000000400000 - 0x000000000042f000 	C:\Program Files\Java\jdk1.6.0_37\bin\java.exe
0x0000000076f00000 - 0x00000000770a9000 	C:\Windows\SYSTEM32\ntdll.dll
0x0000000076ad0000 - 0x0000000076bef000 	C:\Windows\system32\kernel32.dll
0x000007fefd620000 - 0x000007fefd68c000 	C:\Windows\system32\KERNELBASE.dll
0x000007fefedc0000 - 0x000007fefee9b000 	C:\Windows\system32\ADVAPI32.dll
0x000007fefeea0000 - 0x000007fefef3f000 	C:\Windows\system32\msvcrt.dll
0x000007fefe4c0000 - 0x000007fefe4df000 	C:\Windows\SYSTEM32\sechost.dll
0x000007fefe830000 - 0x000007fefe95d000 	C:\Windows\system32\RPCRT4.dll
0x000000006d8b0000 - 0x000000006e06b000 	C:\Program Files\Java\jdk1.6.0_37\jre\bin\server\jvm.dll
0x0000000076bf0000 - 0x0000000076cea000 	C:\Windows\system32\USER32.dll
0x000007feff1a0000 - 0x000007feff207000 	C:\Windows\system32\GDI32.dll
0x000007fefecd0000 - 0x000007fefecde000 	C:\Windows\system32\LPK.dll
0x000007fefe9e0000 - 0x000007fefeaa9000 	C:\Windows\system32\USP10.dll
0x000007fefaee0000 - 0x000007fefaf1b000 	C:\Windows\system32\WINMM.dll
0x000007feff110000 - 0x000007feff13e000 	C:\Windows\system32\IMM32.DLL
0x000007feff000000 - 0x000007feff109000 	C:\Windows\system32\MSCTF.dll
0x000007fefd320000 - 0x000007fefd360000 	C:\Windows\system32\nvinitx.dll
0x000000006d820000 - 0x000000006d82e000 	C:\Program Files\Java\jdk1.6.0_37\jre\bin\verify.dll
0x000000006d450000 - 0x000000006d477000 	C:\Program Files\Java\jdk1.6.0_37\jre\bin\java.dll
0x000000006d870000 - 0x000000006d882000 	C:\Program Files\Java\jdk1.6.0_37\jre\bin\zip.dll
0x00000000744f0000 - 0x00000000745c2000 	C:\Windows\System32\msvcr100.dll
0x00000000722a0000 - 0x0000000072338000 	C:\Windows\System32\msvcp100.dll
0x000007fee6bb0000 - 0x000007fee6e08000 	C:\opencv\build\x64\vc10\bin\opencv_core243.dll
0x000007fef6e70000 - 0x000007fef6f05000 	C:\Users\Fernando\AppData\Local\Temp\javacpp4562031554881\jniopencv_core.dll
0x000000006d0a0000 - 0x000000006d264000 	C:\Program Files\Java\jdk1.6.0_37\jre\bin\awt.dll
0x000007fefa0e0000 - 0x000007fefa151000 	C:\Windows\system32\WINSPOOL.DRV
0x000007fefeac0000 - 0x000007fefecc3000 	C:\Windows\system32\ole32.dll
0x000007fefd730000 - 0x000007fefe4b8000 	C:\Windows\system32\SHELL32.dll
0x000007fefe960000 - 0x000007fefe9d1000 	C:\Windows\system32\SHLWAPI.dll
0x000007fefbca0000 - 0x000007fefbe94000 	C:\Windows\WinSxS\amd64_microsoft.windows.common-controls_6595b64144ccf1df_6.0.7601.17514_none_fa396087175ac9ac\COMCTL32.dll
0x000007fefbea0000 - 0x000007fefbeb8000 	C:\Windows\system32\DWMAPI.DLL
0x000007fefbf20000 - 0x000007fefbf76000 	C:\Windows\system32\uxtheme.dll
0x000000006d340000 - 0x000000006d3a7000 	C:\Program Files\Java\jdk1.6.0_37\jre\bin\fontmanager.dll
0x000007fef7f20000 - 0x000007fef7f27000 	c:\PROGRA~2\mcafee\SITEAD~1\x64\saHook.dll
0x000007fefece0000 - 0x000007fefedb7000 	C:\Windows\system32\OLEAUT32.dll
0x000007fefd250000 - 0x000007fefd25f000 	C:\Windows\system32\CRYPTBASE.dll
0x000000006d6b0000 - 0x000000006d6c7000 	C:\Program Files\Java\jdk1.6.0_37\jre\bin\net.dll
0x000007fefe7e0000 - 0x000007fefe82d000 	C:\Windows\system32\WS2_32.dll
0x000007fefeab0000 - 0x000007fefeab8000 	C:\Windows\system32\NSI.dll
0x000007fefcb50000 - 0x000007fefcba5000 	C:\Windows\system32\mswsock.dll
0x000007fefcb40000 - 0x000007fefcb47000 	C:\Windows\System32\wship6.dll
0x000000006d6d0000 - 0x000000006d6db000 	C:\Program Files\Java\jdk1.6.0_37\jre\bin\nio.dll
0x000007fefb530000 - 0x000007fefb54e000 	C:\Users\Fernando\AppData\Local\Temp\javacpp4562031554881\jnivideoInputLib.dll
0x000007fefe560000 - 0x000007fefe5f9000 	C:\Windows\system32\CLBCatQ.DLL
0x000007feed030000 - 0x000007feed046000 	C:\Windows\system32\devenum.dll
0x000007fefe600000 - 0x000007fefe7d7000 	C:\Windows\system32\setupapi.dll
0x000007fefd5c0000 - 0x000007fefd5f6000 	C:\Windows\system32\CFGMGR32.dll
0x000007fefd600000 - 0x000007fefd61a000 	C:\Windows\system32\DEVOBJ.dll
0x000007fefaf20000 - 0x000007fefaf4d000 	C:\Windows\system32\ntmarta.dll
0x000007feff140000 - 0x000007feff192000 	C:\Windows\system32\WLDAP32.dll
0x000007fefd580000 - 0x000007fefd5b9000 	C:\Windows\system32\WINTRUST.dll
0x000007fefd410000 - 0x000007fefd57a000 	C:\Windows\system32\CRYPT32.dll
0x000007fefd400000 - 0x000007fefd40f000 	C:\Windows\system32\MSASN1.dll
0x000007feeca70000 - 0x000007feeca7d000 	C:\Windows\system32\msdmo.dll
0x000007fef7350000 - 0x000007fef737f000 	C:\Windows\system32\qcap.dll
0x000007feed180000 - 0x000007feed332000 	C:\Windows\system32\quartz.dll
0x000007fef7300000 - 0x000007fef7341000 	C:\Windows\system32\ksproxy.ax
0x00000000742d0000 - 0x00000000742d6000 	C:\Windows\system32\ksuser.dll
0x000007fef13a0000 - 0x000007fef159f000 	C:\Windows\system32\d3d9.dll
0x000007fefc410000 - 0x000007fefc41c000 	C:\Windows\system32\VERSION.dll
0x000007fefb0c0000 - 0x000007fefb0c7000 	C:\Windows\system32\d3d8thk.dll
0x000007fefb7e0000 - 0x000007fefb7eb000 	C:\Windows\system32\vidcap.ax
0x000007fef7250000 - 0x000007fef7274000 	C:\Windows\system32\kswdmcap.ax
0x000007fee4950000 - 0x000007fee4aac000 	C:\Windows\system32\MFC42.dll
0x000007fef3b60000 - 0x000007fef3c11000 	C:\Windows\system32\ODBC32.dll
0x00000000556e0000 - 0x0000000055718000 	C:\Windows\system32\odbcint.dll
0x000007fef6dd0000 - 0x000007fef6e6b000 	C:\Windows\System32\qedit.dll
0x000007fef7220000 - 0x000007fef7249000 	C:\Windows\System32\MSVFW32.dll
0x000007fefef40000 - 0x000007fefefd7000 	C:\Windows\system32\COMDLG32.dll
0x000007fefb900000 - 0x000007fefbb16000 	C:\Windows\WinSxS\amd64_microsoft.windows.gdiplus_6595b64144ccf1df_1.1.7601.17825_none_2b253c8271ec7765\gdiplus.dll
0x000007feedca0000 - 0x000007feedd91000 	C:\Windows\system32\DDRAW.dll
0x000007fefb250000 - 0x000007fefb258000 	C:\Windows\system32\DCIMAN32.dll
0x000007fefb580000 - 0x000007fefb58b000 	C:\Windows\system32\msyuv.dll
0x000007fee1600000 - 0x000007fee18a5000 	C:\opencv\build\x64\vc10\bin\opencv_imgproc243.dll
0x000007fef3d80000 - 0x000007fef3dc8000 	C:\Users\Fernando\AppData\Local\Temp\javacpp4562031554881\jniopencv_imgproc.dll
0x000007fefcbb0000 - 0x000007fefcbc7000 	C:\Windows\system32\CRYPTSP.dll
0x000007fefc8b0000 - 0x000007fefc8f7000 	C:\Windows\system32\rsaenh.dll
0x000007fefd300000 - 0x000007fefd314000 	C:\Windows\system32\RpcRtRemote.dll
0x000000006d2b0000 - 0x000000006d2d8000 	C:\Program Files\Java\jdk1.6.0_37\jre\bin\dcpr.dll
0x00000000770c0000 - 0x00000000770c7000 	C:\Windows\system32\PSAPI.DLL

VM Arguments:
jvm_args: -Dfile.encoding=UTF-8 
java_command: jhandcontrol.demo.Demonstration
Launcher Type: SUN_STANDARD

Environment Variables:
PATH=C:\Perl\site\bin;C:\Perl\bin;C:\Program Files\Common Files\Microsoft Shared\Windows Live;C:\Program Files (x86)\Common Files\Microsoft Shared\Windows Live;C:\Program Files (x86)\Intel\iCLS Client\;C:\Program Files\Intel\iCLS Client\;C:\Windows\system32;C:\Windows;C:\Windows\System32\Wbem;C:\Windows\System32\WindowsPowerShell\v1.0\;C:\Program Files (x86)\Windows Live\Shared;C:\vagrant\vagrant\bin;C:\Python27\;C:\Python27\Scripts\;C:\cygwin\bin\;C:\cygwin\usr\bin\;C:\cygwin\usr\local\bin\;C:\mongodb\bin\;C:\Program Files\nodejs\;C:\Ruby192\bin;C:\Users\Fernando\AppData\Roaming\npm\
USERNAME=Fernando
OS=Windows_NT
PROCESSOR_IDENTIFIER=Intel64 Family 6 Model 58 Stepping 9, GenuineIntel



---------------  S Y S T E M  ---------------

OS: Windows 7 , 64 bit Build 7601 Service Pack 1

CPU:total 8 (4 cores per cpu, 2 threads per core) family 6 model 58 stepping 9, cmov, cx8, fxsr, mmx, sse, sse2, sse3, ssse3, sse4.1, sse4.2, popcnt, ht

Memory: 4k page, physical 8244064k(3672488k free), swap 16486276k(9866036k free)

vm_info: Java HotSpot(TM) 64-Bit Server VM (20.12-b01) for windows-amd64 JRE (1.6.0_37-b06), built on Sep 24 2012 11:45:14 by "java_re" with MS VC++ 8.0 (VS2005)

time: Tue Dec 04 17:33:24 2012
elapsed time: 38 seconds

