#
# A fatal error has been detected by the Java Runtime Environment:
#
#  EXCEPTION_ACCESS_VIOLATION (0xc0000005) at pc=0x000007fee71dffa2, pid=8532, tid=8824
#
# JRE version: 7.0_09-b05
# Java VM: Java HotSpot(TM) 64-Bit Server VM (23.5-b02 mixed mode windows-amd64 compressed oops)
# Problematic frame:
# C  [opencv_imgproc243.dll+0xffa2]  cv::Point_<int>::operator=+0x4b2
#
# Failed to write core dump. Minidumps are not enabled by default on client versions of Windows
#
# If you would like to submit a bug report, please visit:
#   http://bugreport.sun.com/bugreport/crash.jsp
# The crash happened outside the Java Virtual Machine in native code.
# See problematic frame for where to report the bug.
#

---------------  T H R E A D  ---------------

Current thread (0x000000000e651000):  JavaThread "Thread-3" [_thread_in_native, id=8824, stack(0x000000000f840000,0x000000000f940000)]

siginfo: ExceptionCode=0xc0000005, writing address 0x0000000000000000

Registers:
RAX=0x0000000000000000, RBX=0x0000009e000000f0, RCX=0xd1660c3aca2e0000, RDX=0x0000000000000000
RSP=0x000000000f93e970, RBP=0x000000000f93ea70, RSI=0x0000000000000001, RDI=0x0000009f000000ef
R8 =0x0000000000009af0, R9 =0x0000000000000000, R10=0x000000001ba47c70, R11=0x000000000f93e960
R12=0x00000000000000f0, R13=0x000000000000009e, R14=0x0000000000000000, R15=0x000000001ba67180
RIP=0x000007fee71dffa2, EFLAGS=0x0000000000010246

Top of Stack: (sp=0x000000000f93e970)
0x000000000f93e970:   0000009e000000f0 0000009e000000f0
0x000000000f93e980:   0000009f000000ef 0000000000000002
0x000000000f93e990:   000000000f93ea20 000007fee924acc8
0x000000000f93e9a0:   0000000100000000 0000000200000001
0x000000000f93e9b0:   0000009f000000ef 0000009f000000ef
0x000000000f93e9c0:   0000009e000000f0 0000000000010000
0x000000000f93e9d0:   0000000000000040 000000001ba47bd0
0x000000000f93e9e0:   000000001ba47c50 000000001ba47c78
0x000000000f93e9f0:   000000001ba47c70 000000001ba47cf0
0x000000000f93ea00:   0000000700000000 000000001ba47ce8
0x000000000f93ea10:   0000000242ff4005 0000001000000000
0x000000000f93ea20:   0000000000000030 000000001ba9d0a0
0x000000000f93ea30:   000000001ba9d120 0000000000000000
0x000000000f93ea40:   0000000000000000 000000001ba9d940
0x000000000f93ea50:   000000000f93ea18 0000000032af0910
0x000000000f93ea60:   0000000000000040 0000000000000004 

Instructions: (pc=0x000007fee71dffa2)
0x000007fee71dff82:   01 00 00 00 e8 53 8f 16 00 48 8b 45 c8 48 3b 45
0x000007fee71dff92:   d8 72 0d 48 8d 4d b0 e8 3a 8f 16 00 48 8b 45 c8
0x000007fee71dffa2:   48 89 18 48 83 45 c8 08 41 83 7f 28 00 0f 85 1b
0x000007fee71dffb2:   fe ff ff 44 0f 28 84 24 60 01 00 00 0f 28 bc 24 


Register to memory mapping:

RAX=0x0000000000000000 is an unknown value
RBX=0x0000009e000000f0 is an unknown value
RCX=0xd1660c3aca2e0000 is an unknown value
RDX=0x0000000000000000 is an unknown value
RSP=0x000000000f93e970 is pointing into the stack for thread: 0x000000000e651000
RBP=0x000000000f93ea70 is pointing into the stack for thread: 0x000000000e651000
RSI=0x0000000000000001 is an unknown value
RDI=0x0000009f000000ef is an unknown value
R8 =0x0000000000009af0 is an unknown value
R9 =0x0000000000000000 is an unknown value
R10=0x000000001ba47c70 is an unknown value
R11=0x000000000f93e960 is pointing into the stack for thread: 0x000000000e651000
R12=0x00000000000000f0 is an unknown value
R13=0x000000000000009e is an unknown value
R14=0x0000000000000000 is an unknown value
R15=0x000000001ba67180 is an unknown value


Stack: [0x000000000f840000,0x000000000f940000],  sp=0x000000000f93e970,  free space=1018k
Native frames: (J=compiled Java code, j=interpreted, Vv=VM code, C=native code)
C  [opencv_imgproc243.dll+0xffa2]  cv::Point_<int>::operator=+0x4b2

Java frames: (J=compiled Java code, j=interpreted, Vv=VM code)
J  com.googlecode.javacv.cpp.opencv_imgproc.cvApproxPoly(Lcom/googlecode/javacpp/Pointer;ILcom/googlecode/javacv/cpp/opencv_core$CvMemStorage;IDI)Lcom/googlecode/javacv/cpp/opencv_core$CvSeq;
J  jhandcontrol.utils.CvSeqUtils.getHandStatus(Ljhandcontrol/data/JHandDetection;)Ljhandcontrol/data/HandStatus;
J  jhandcontrol.calibrator.Calibrator.run()V
v  ~StubRoutines::call_stub

---------------  P R O C E S S  ---------------

Java Threads: ( => current thread )
  0x0000000014e44800 JavaThread "TimerQueue" daemon [_thread_blocked, id=7704, stack(0x00000000380b0000,0x00000000381b0000)]
  0x000000000e964000 JavaThread "AWT-EventQueue-0" [_thread_blocked, id=8860, stack(0x000000000fc40000,0x000000000fd40000)]
  0x000000000da5a000 JavaThread "AWT-Shutdown" [_thread_blocked, id=8852, stack(0x0000000011230000,0x0000000011330000)]
  0x000000000dbc3800 JavaThread "Thread-0" [_thread_in_Java, id=8872, stack(0x0000000011060000,0x0000000011160000)]
=>0x000000000e651000 JavaThread "Thread-3" [_thread_in_native, id=8824, stack(0x000000000f840000,0x000000000f940000)]
  0x000000000da5b000 JavaThread "AWT-Windows" daemon [_thread_in_native, id=8796, stack(0x000000000f1d0000,0x000000000f2d0000)]
  0x000000000d96d000 JavaThread "Java2D Disposer" daemon [_thread_blocked, id=8804, stack(0x000000000ee60000,0x000000000ef60000)]
  0x000000000d82d000 JavaThread "Service Thread" daemon [_thread_blocked, id=8812, stack(0x000000000e360000,0x000000000e460000)]
  0x000000000d828800 JavaThread "C2 CompilerThread1" daemon [_thread_blocked, id=8820, stack(0x000000000e0e0000,0x000000000e1e0000)]
  0x000000000d81d800 JavaThread "C2 CompilerThread0" daemon [_thread_blocked, id=6512, stack(0x000000000df80000,0x000000000e080000)]
  0x000000000d81c000 JavaThread "Attach Listener" daemon [_thread_blocked, id=2084, stack(0x000000000de40000,0x000000000df40000)]
  0x000000000d81b800 JavaThread "Signal Dispatcher" daemon [_thread_blocked, id=2828, stack(0x000000000dc60000,0x000000000dd60000)]
  0x000000000b9e6800 JavaThread "Finalizer" daemon [_thread_blocked, id=308, stack(0x000000000d3a0000,0x000000000d4a0000)]
  0x000000000b9dd800 JavaThread "Reference Handler" daemon [_thread_blocked, id=6192, stack(0x000000000d6d0000,0x000000000d7d0000)]
  0x000000000037d000 JavaThread "main" [_thread_in_native, id=8552, stack(0x0000000002260000,0x0000000002360000)]

Other Threads:
  0x000000000b9d7800 VMThread [stack: 0x000000000d570000,0x000000000d670000] [id=4920]
  0x000000000d83e000 WatcherThread [stack: 0x000000000e4c0000,0x000000000e5c0000] [id=8800]

VM state:not at safepoint (normal execution)

VM Mutex/Monitor currently owned by a thread: None

Heap
 PSYoungGen      total 189120K, used 152837K [0x00000007d60b0000, 0x00000007e8990000, 0x0000000800000000)
  eden space 113728K, 83% used [0x00000007d60b0000,0x00000007dbdc4290,0x00000007dcfc0000)
  from space 75392K, 76% used [0x00000007dcfc0000,0x00000007e07ed350,0x00000007e1960000)
  to   space 80896K, 0% used [0x00000007e3a90000,0x00000007e3a90000,0x00000007e8990000)
 ParOldGen       total 136128K, used 73268K [0x0000000782200000, 0x000000078a6f0000, 0x00000007d60b0000)
  object space 136128K, 53% used [0x0000000782200000,0x000000078698d260,0x000000078a6f0000)
 PSPermGen       total 26368K, used 12068K [0x000000077d000000, 0x000000077e9c0000, 0x0000000782200000)
  object space 26368K, 45% used [0x000000077d000000,0x000000077dbc9300,0x000000077e9c0000)

Card table byte_map: [0x0000000005360000,0x0000000005780000] byte_map_base: 0x0000000001778000

Polling page: 0x00000000000a0000

Code Cache  [0x0000000002360000, 0x00000000025d0000, 0x0000000005360000)
 total_blobs=1034 nmethods=552 adapters=433 free_code_cache=47496Kb largest_free_block=48598976

Compilation events (10 events):
Event: 107.875 Thread 0x000000000d81d800 nmethod 606 0x00000000024fe810 code [0x00000000024fe960, 0x00000000024fea28]
Event: 107.880 Thread 0x000000000d828800 nmethod 607 0x00000000024fd750 code [0x00000000024fd940, 0x00000000024fdca0]
Event: 107.961 Thread 0x000000000d81d800  608             java.util.IdentityHashMap::get (60 bytes)
Event: 107.966 Thread 0x000000000d81d800 nmethod 608 0x00000000024fb910 code [0x00000000024fba60, 0x00000000024fbc78]
Event: 109.591 Thread 0x000000000d828800  609             javax.swing.text.AbstractDocument$LeafElement::isLeaf (2 bytes)
Event: 109.591 Thread 0x000000000d828800 nmethod 609 0x00000000024fe590 code [0x00000000024fe6c0, 0x00000000024fe718]
Event: 109.686 Thread 0x000000000d81d800  610  s!         javax.swing.text.AbstractDocument::readLock (50 bytes)
Event: 109.687 Thread 0x000000000d828800  611  s          javax.swing.text.AbstractDocument::readUnlock (43 bytes)
Event: 109.690 Thread 0x000000000d81d800 nmethod 610 0x00000000024fd090 code [0x00000000024fd1e0, 0x00000000024fd628]
Event: 109.690 Thread 0x000000000d828800 nmethod 611 0x00000000024fcad0 code [0x00000000024fcc20, 0x00000000024fcf88]

GC Heap History (10 events):
Event: 80.095 GC heap before
{Heap before GC invocations=18 (full 3):
 PSYoungGen      total 110336K, used 37740K [0x00000007d60b0000, 0x00000007e2710000, 0x0000000800000000)
  eden space 72576K, 0% used [0x00000007d60b0000,0x00000007d60b0000,0x00000007da790000)
  from space 37760K, 99% used [0x00000007da790000,0x00000007dcc6b230,0x00000007dcc70000)
  to   space 49024K, 0% used [0x00000007df730000,0x00000007df730000,0x00000007e2710000)
 ParOldGen       total 104896K, used 91084K [0x0000000782200000, 0x0000000788870000, 0x00000007d60b0000)
  object space 104896K, 86% used [0x0000000782200000,0x0000000787af31c8,0x0000000788870000)
 PSPermGen       total 27008K, used 11995K [0x000000077d000000, 0x000000077ea60000, 0x0000000782200000)
  object space 27008K, 44% used [0x000000077d000000,0x000000077dbb6cd0,0x000000077ea60000)
Event: 80.208 GC heap after
Heap after GC invocations=18 (full 3):
 PSYoungGen      total 110336K, used 0K [0x00000007d60b0000, 0x00000007e2710000, 0x0000000800000000)
  eden space 72576K, 0% used [0x00000007d60b0000,0x00000007d60b0000,0x00000007da790000)
  from space 37760K, 0% used [0x00000007da790000,0x00000007da790000,0x00000007dcc70000)
  to   space 49024K, 0% used [0x00000007df730000,0x00000007df730000,0x00000007e2710000)
 ParOldGen       total 136128K, used 64719K [0x0000000782200000, 0x000000078a6f0000, 0x00000007d60b0000)
  object space 136128K, 47% used [0x0000000782200000,0x0000000786133d30,0x000000078a6f0000)
 PSPermGen       total 26368K, used 11995K [0x000000077d000000, 0x000000077e9c0000, 0x0000000782200000)
  object space 26368K, 45% used [0x000000077d000000,0x000000077dbb6c30,0x000000077e9c0000)
}
Event: 83.665 GC heap before
{Heap before GC invocations=19 (full 3):
 PSYoungGen      total 110336K, used 72576K [0x00000007d60b0000, 0x00000007e2710000, 0x0000000800000000)
  eden space 72576K, 100% used [0x00000007d60b0000,0x00000007da790000,0x00000007da790000)
  from space 37760K, 0% used [0x00000007da790000,0x00000007da790000,0x00000007dcc70000)
  to   space 49024K, 0% used [0x00000007df730000,0x00000007df730000,0x00000007e2710000)
 ParOldGen       total 136128K, used 64722K [0x0000000782200000, 0x000000078a6f0000, 0x00000007d60b0000)
  object space 136128K, 47% used [0x0000000782200000,0x0000000786134b60,0x000000078a6f0000)
 PSPermGen       total 26368K, used 11997K [0x000000077d000000, 0x000000077e9c0000, 0x0000000782200000)
  object space 26368K, 45% used [0x000000077d000000,0x000000077dbb7728,0x000000077e9c0000)
Event: 83.727 GC heap after
Heap after GC invocations=19 (full 3):
 PSYoungGen      total 146816K, used 48136K [0x00000007d60b0000, 0x00000007e32a0000, 0x0000000800000000)
  eden space 97792K, 0% used [0x00000007d60b0000,0x00000007d60b0000,0x00000007dc030000)
  from space 49024K, 98% used [0x00000007df730000,0x00000007e26322a0,0x00000007e2710000)
  to   space 56320K, 0% used [0x00000007dc030000,0x00000007dc030000,0x00000007df730000)
 ParOldGen       total 136128K, used 65622K [0x0000000782200000, 0x000000078a6f0000, 0x00000007d60b0000)
  object space 136128K, 48% used [0x0000000782200000,0x0000000786215b70,0x000000078a6f0000)
 PSPermGen       total 26368K, used 11997K [0x000000077d000000, 0x000000077e9c0000, 0x0000000782200000)
  object space 26368K, 45% used [0x000000077d000000,0x000000077dbb7728,0x000000077e9c0000)
}
Event: 89.872 GC heap before
{Heap before GC invocations=20 (full 3):
 PSYoungGen      total 146816K, used 145866K [0x00000007d60b0000, 0x00000007e32a0000, 0x0000000800000000)
  eden space 97792K, 99% used [0x00000007d60b0000,0x00000007dc020698,0x00000007dc030000)
  from space 49024K, 98% used [0x00000007df730000,0x00000007e26322a0,0x00000007e2710000)
  to   space 56320K, 0% used [0x00000007dc030000,0x00000007dc030000,0x00000007df730000)
 ParOldGen       total 136128K, used 65922K [0x0000000782200000, 0x000000078a6f0000, 0x00000007d60b0000)
  object space 136128K, 48% used [0x0000000782200000,0x0000000786260b80,0x000000078a6f0000)
 PSPermGen       total 26368K, used 12013K [0x000000077d000000, 0x000000077e9c0000, 0x0000000782200000)
  object space 26368K, 45% used [0x000000077d000000,0x000000077dbbb7c0,0x000000077e9c0000)
Event: 89.933 GC heap after
Heap after GC invocations=20 (full 3):
 PSYoungGen      total 154112K, used 56261K [0x00000007d60b0000, 0x00000007e5910000, 0x0000000800000000)
  eden space 97792K, 0% used [0x00000007d60b0000,0x00000007d60b0000,0x00000007dc030000)
  from space 56320K, 99% used [0x00000007dc030000,0x00000007df721510,0x00000007df730000)
  to   space 65216K, 0% used [0x00000007e1960000,0x00000007e1960000,0x00000007e5910000)
 ParOldGen       total 136128K, used 72255K [0x0000000782200000, 0x000000078a6f0000, 0x00000007d60b0000)
  object space 136128K, 53% used [0x0000000782200000,0x000000078688fc30,0x000000078a6f0000)
 PSPermGen       total 26368K, used 12013K [0x000000077d000000, 0x000000077e9c0000, 0x0000000782200000)
  object space 26368K, 45% used [0x000000077d000000,0x000000077dbbb7c0,0x000000077e9c0000)
}
Event: 96.717 GC heap before
{Heap before GC invocations=21 (full 3):
 PSYoungGen      total 154112K, used 154053K [0x00000007d60b0000, 0x00000007e5910000, 0x0000000800000000)
  eden space 97792K, 100% used [0x00000007d60b0000,0x00000007dc030000,0x00000007dc030000)
  from space 56320K, 99% used [0x00000007dc030000,0x00000007df721510,0x00000007df730000)
  to   space 65216K, 0% used [0x00000007e1960000,0x00000007e1960000,0x00000007e5910000)
 ParOldGen       total 136128K, used 73156K [0x0000000782200000, 0x000000078a6f0000, 0x00000007d60b0000)
  object space 136128K, 53% used [0x0000000782200000,0x0000000786971260,0x000000078a6f0000)
 PSPermGen       total 26368K, used 12036K [0x000000077d000000, 0x000000077e9c0000, 0x0000000782200000)
  object space 26368K, 45% used [0x000000077d000000,0x000000077dbc1290,0x000000077e9c0000)
Event: 96.785 GC heap after
Heap after GC invocations=21 (full 3):
 PSYoungGen      total 178944K, used 64753K [0x00000007d60b0000, 0x00000007e6c70000, 0x0000000800000000)
  eden space 113728K, 0% used [0x00000007d60b0000,0x00000007d60b0000,0x00000007dcfc0000)
  from space 65216K, 99% used [0x00000007e1960000,0x00000007e589c600,0x00000007e5910000)
  to   space 75392K, 0% used [0x00000007dcfc0000,0x00000007dcfc0000,0x00000007e1960000)
 ParOldGen       total 136128K, used 73180K [0x0000000782200000, 0x000000078a6f0000, 0x00000007d60b0000)
  object space 136128K, 53% used [0x0000000782200000,0x0000000786977260,0x000000078a6f0000)
 PSPermGen       total 26368K, used 12036K [0x000000077d000000, 0x000000077e9c0000, 0x0000000782200000)
  object space 26368K, 45% used [0x000000077d000000,0x000000077dbc1290,0x000000077e9c0000)
}
Event: 104.302 GC heap before
{Heap before GC invocations=22 (full 3):
 PSYoungGen      total 178944K, used 178481K [0x00000007d60b0000, 0x00000007e6c70000, 0x0000000800000000)
  eden space 113728K, 100% used [0x00000007d60b0000,0x00000007dcfc0000,0x00000007dcfc0000)
  from space 65216K, 99% used [0x00000007e1960000,0x00000007e589c600,0x00000007e5910000)
  to   space 75392K, 0% used [0x00000007dcfc0000,0x00000007dcfc0000,0x00000007e1960000)
 ParOldGen       total 136128K, used 73180K [0x0000000782200000, 0x000000078a6f0000, 0x00000007d60b0000)
  object space 136128K, 53% used [0x0000000782200000,0x0000000786977260,0x000000078a6f0000)
 PSPermGen       total 26368K, used 12054K [0x000000077d000000, 0x000000077e9c0000, 0x0000000782200000)
  object space 26368K, 45% used [0x000000077d000000,0x000000077dbc59a8,0x000000077e9c0000)
Event: 104.352 GC heap after
Heap after GC invocations=22 (full 3):
 PSYoungGen      total 189120K, used 57524K [0x00000007d60b0000, 0x00000007e8990000, 0x0000000800000000)
  eden space 113728K, 0% used [0x00000007d60b0000,0x00000007d60b0000,0x00000007dcfc0000)
  from space 75392K, 76% used [0x00000007dcfc0000,0x00000007e07ed350,0x00000007e1960000)
  to   space 80896K, 0% used [0x00000007e3a90000,0x00000007e3a90000,0x00000007e8990000)
 ParOldGen       total 136128K, used 73268K [0x0000000782200000, 0x000000078a6f0000, 0x00000007d60b0000)
  object space 136128K, 53% used [0x0000000782200000,0x000000078698d260,0x000000078a6f0000)
 PSPermGen       total 26368K, used 12054K [0x000000077d000000, 0x000000077e9c0000, 0x0000000782200000)
  object space 26368K, 45% used [0x000000077d000000,0x000000077dbc59a8,0x000000077e9c0000)
}

Deoptimization events (10 events):
Event: 59.737 Thread 0x000000000037d000 Uncommon trap -83 fr.pc 0x0000000002464e44
Event: 59.739 Thread 0x000000000037d000 Uncommon trap -83 fr.pc 0x0000000002423ad0
Event: 59.739 Thread 0x000000000037d000 Uncommon trap -83 fr.pc 0x0000000002423790
Event: 64.257 Thread 0x000000000e964000 Uncommon trap -122 fr.pc 0x00000000024a5f28
Event: 64.878 Thread 0x000000000e964000 Uncommon trap -122 fr.pc 0x00000000024938cc
Event: 92.919 Thread 0x000000000e651000 Uncommon trap -122 fr.pc 0x0000000002472c20
Event: 92.919 Thread 0x000000000e651000 Uncommon trap -34 fr.pc 0x000000000246f180
Event: 92.920 Thread 0x000000000e651000 Uncommon trap -34 fr.pc 0x000000000246f180
Event: 92.921 Thread 0x000000000e651000 Uncommon trap -34 fr.pc 0x000000000246f180
Event: 92.921 Thread 0x000000000e651000 Uncommon trap -34 fr.pc 0x000000000246f180

Internal exceptions (10 events):
Event: 59.243 Thread 0x000000000e964000 Implicit null exception at 0x0000000002410eb9 to 0x00000000024112a1
Event: 59.293 Thread 0x000000000e964000 Implicit null exception at 0x0000000002425538 to 0x0000000002426815
Event: 59.293 Thread 0x000000000e964000 Implicit null exception at 0x000000000241ee7f to 0x000000000241f1d5
Event: 59.297 Thread 0x000000000e964000 Implicit null exception at 0x000000000243f325 to 0x0000000002440335
Event: 59.332 Thread 0x000000000e964000 Implicit null exception at 0x0000000002422e39 to 0x0000000002422fc9
Event: 59.422 Thread 0x000000000e651000 Implicit null exception at 0x000000000241da57 to 0x000000000241dc9d
Event: 59.423 Thread 0x000000000e651000 Implicit null exception at 0x00000000023f3f62 to 0x00000000023f4391
Event: 63.803 Thread 0x000000000e651000 Threw 0x00000007d64380e0 at C:\jdk7u1_64p\jdk7u9\hotspot\src\share\vm\prims\jvm.cpp:1166
Event: 63.807 Thread 0x000000000e651000 Threw 0x00000007d6440ad0 at C:\jdk7u1_64p\jdk7u9\hotspot\src\share\vm\prims\jvm.cpp:1166
Event: 63.830 Thread 0x000000000e651000 Threw 0x00000007d64a0b00 at C:\jdk7u1_64p\jdk7u9\hotspot\src\share\vm\prims\jvm.cpp:1166

Events (10 events):
Event: 94.602 loading class 0x000000000da70b40
Event: 94.602 loading class 0x000000000da70b40 done
Event: 94.602 loading class 0x000000000dab2a00
Event: 94.603 loading class 0x000000000dab2a00 done
Event: 94.603 loading class 0x000000000da83ee0
Event: 94.603 loading class 0x000000000da83ee0 done
Event: 96.716 Executing VM operation: ParallelGCFailedAllocation
Event: 96.785 Executing VM operation: ParallelGCFailedAllocation done
Event: 104.302 Executing VM operation: ParallelGCFailedAllocation
Event: 104.352 Executing VM operation: ParallelGCFailedAllocation done


Dynamic libraries:
0x000000013f420000 - 0x000000013f453000 	C:\Program Files\Java\jdk1.7.0_09\bin\java.exe
0x00000000771c0000 - 0x0000000077369000 	C:\Windows\SYSTEM32\ntdll.dll
0x0000000076ae0000 - 0x0000000076bff000 	C:\Windows\system32\kernel32.dll
0x000007fefd840000 - 0x000007fefd8ac000 	C:\Windows\system32\KERNELBASE.dll
0x000007fefec70000 - 0x000007fefed4b000 	C:\Windows\system32\ADVAPI32.dll
0x000007fefdc50000 - 0x000007fefdcef000 	C:\Windows\system32\msvcrt.dll
0x000007fefdc30000 - 0x000007fefdc4f000 	C:\Windows\SYSTEM32\sechost.dll
0x000007fefed50000 - 0x000007fefee7d000 	C:\Windows\system32\RPCRT4.dll
0x0000000076f60000 - 0x000000007705a000 	C:\Windows\system32\USER32.dll
0x000007fefeb40000 - 0x000007fefeba7000 	C:\Windows\system32\GDI32.dll
0x000007fefeb30000 - 0x000007fefeb3e000 	C:\Windows\system32\LPK.dll
0x000007fefda80000 - 0x000007fefdb49000 	C:\Windows\system32\USP10.dll
0x000007fefc040000 - 0x000007fefc234000 	C:\Windows\WinSxS\amd64_microsoft.windows.common-controls_6595b64144ccf1df_6.0.7601.17514_none_fa396087175ac9ac\COMCTL32.dll
0x000007fefd9f0000 - 0x000007fefda61000 	C:\Windows\system32\SHLWAPI.dll
0x000007fefef00000 - 0x000007fefef2e000 	C:\Windows\system32\IMM32.DLL
0x000007fefef30000 - 0x000007feff039000 	C:\Windows\system32\MSCTF.dll
0x000007fefd5e0000 - 0x000007fefd620000 	C:\Windows\system32\nvinitx.dll
0x0000000067ea0000 - 0x0000000067f71000 	C:\Program Files\Java\jdk1.7.0_09\jre\bin\msvcr100.dll
0x0000000067f80000 - 0x000000006869f000 	C:\Program Files\Java\jdk1.7.0_09\jre\bin\server\jvm.dll
0x000007fef89b0000 - 0x000007fef89b9000 	C:\Windows\system32\WSOCK32.dll
0x000007fefdd50000 - 0x000007fefdd9d000 	C:\Windows\system32\WS2_32.dll
0x000007fefda70000 - 0x000007fefda78000 	C:\Windows\system32\NSI.dll
0x000007fefb1a0000 - 0x000007fefb1db000 	C:\Windows\system32\WINMM.dll
0x0000000077390000 - 0x0000000077397000 	C:\Windows\system32\PSAPI.DLL
0x0000000067e90000 - 0x0000000067e9f000 	C:\Program Files\Java\jdk1.7.0_09\jre\bin\verify.dll
0x0000000067e60000 - 0x0000000067e88000 	C:\Program Files\Java\jdk1.7.0_09\jre\bin\java.dll
0x0000000067de0000 - 0x0000000067df5000 	C:\Program Files\Java\jdk1.7.0_09\jre\bin\zip.dll
0x0000000072280000 - 0x0000000072318000 	C:\Windows\System32\msvcp100.dll
0x000007fee9090000 - 0x000007fee92e8000 	C:\opencv\build\x64\vc10\bin\opencv_core243.dll
0x000007fefae40000 - 0x000007fefaed5000 	C:\Users\Fernando\AppData\Local\Temp\javacpp4157343200543\jniopencv_core.dll
0x00000000653e0000 - 0x0000000065573000 	C:\Program Files\Java\jdk1.7.0_09\jre\bin\awt.dll
0x000007fefdb50000 - 0x000007fefdc27000 	C:\Windows\system32\OLEAUT32.dll
0x000007feff040000 - 0x000007feff243000 	C:\Windows\system32\ole32.dll
0x000007fefbf10000 - 0x000007fefbf28000 	C:\Windows\system32\DWMAPI.DLL
0x000007fefbf90000 - 0x000007fefbfe6000 	C:\Windows\system32\uxtheme.dll
0x000007fef84a0000 - 0x000007fef84a7000 	c:\PROGRA~2\mcafee\SITEAD~1\x64\saHook.dll
0x000007fefd510000 - 0x000007fefd51f000 	C:\Windows\system32\CRYPTBASE.dll
0x000007fefdda0000 - 0x000007fefeb28000 	C:\Windows\system32\SHELL32.dll
0x0000000064260000 - 0x0000000064294000 	C:\Program Files\Java\jdk1.7.0_09\jre\bin\fontmanager.dll
0x0000000067e00000 - 0x0000000067e19000 	C:\Program Files\Java\jdk1.7.0_09\jre\bin\net.dll
0x000007fefce10000 - 0x000007fefce65000 	C:\Windows\system32\mswsock.dll
0x000007fefcdf0000 - 0x000007fefcdf7000 	C:\Windows\System32\wship6.dll
0x0000000067da0000 - 0x0000000067db1000 	C:\Program Files\Java\jdk1.7.0_09\jre\bin\nio.dll
0x00000000673c0000 - 0x0000000067401000 	C:\Program Files\Java\jdk1.7.0_09\jre\bin\t2k.dll
0x000007fefae20000 - 0x000007fefae3e000 	C:\Users\Fernando\AppData\Local\Temp\javacpp4157343200543\jnivideoInputLib.dll
0x000007feff430000 - 0x000007feff4c9000 	C:\Windows\system32\CLBCatQ.DLL
0x000007fefc320000 - 0x000007fefc336000 	C:\Windows\system32\devenum.dll
0x000007feff250000 - 0x000007feff427000 	C:\Windows\system32\setupapi.dll
0x000007fefd8b0000 - 0x000007fefd8e6000 	C:\Windows\system32\CFGMGR32.dll
0x000007fefd8f0000 - 0x000007fefd90a000 	C:\Windows\system32\DEVOBJ.dll
0x000007fefb1e0000 - 0x000007fefb20d000 	C:\Windows\system32\ntmarta.dll
0x000007fefdcf0000 - 0x000007fefdd42000 	C:\Windows\system32\WLDAP32.dll
0x000007fefd9b0000 - 0x000007fefd9e9000 	C:\Windows\system32\WINTRUST.dll
0x000007fefd6d0000 - 0x000007fefd83a000 	C:\Windows\system32\CRYPT32.dll
0x000007fefd6c0000 - 0x000007fefd6cf000 	C:\Windows\system32\MSASN1.dll
0x000007fefc310000 - 0x000007fefc31d000 	C:\Windows\system32\msdmo.dll
0x000007fef7040000 - 0x000007fef706f000 	C:\Windows\system32\qcap.dll
0x000007fee9530000 - 0x000007fee96e2000 	C:\Windows\system32\quartz.dll
0x000007fee94e0000 - 0x000007fee9521000 	C:\Windows\system32\ksproxy.ax
0x0000000074590000 - 0x0000000074596000 	C:\Windows\system32\ksuser.dll
0x000007feed630000 - 0x000007feed82f000 	C:\Windows\system32\d3d9.dll
0x000007fefc6d0000 - 0x000007fefc6dc000 	C:\Windows\system32\VERSION.dll
0x000007fefb6e0000 - 0x000007fefb6e7000 	C:\Windows\system32\d3d8thk.dll
0x000007fefadf0000 - 0x000007fefadfb000 	C:\Windows\system32\vidcap.ax
0x000007fef7070000 - 0x000007fef7094000 	C:\Windows\system32\kswdmcap.ax
0x000007fee7480000 - 0x000007fee75dc000 	C:\Windows\system32\MFC42.dll
0x000007fee7680000 - 0x000007fee7731000 	C:\Windows\system32\ODBC32.dll
0x00000000744a0000 - 0x00000000744d8000 	C:\Windows\system32\odbcint.dll
0x000007fee8ff0000 - 0x000007fee908b000 	C:\Windows\System32\qedit.dll
0x000007feebf80000 - 0x000007feebfa9000 	C:\Windows\System32\MSVFW32.dll
0x000007fefebd0000 - 0x000007fefec67000 	C:\Windows\system32\COMDLG32.dll
0x000007fefbbc0000 - 0x000007fefbdd6000 	C:\Windows\WinSxS\amd64_microsoft.windows.gdiplus_6595b64144ccf1df_1.1.7601.17825_none_2b253c8271ec7765\gdiplus.dll
0x000007feedd80000 - 0x000007feede71000 	C:\Windows\system32\DDRAW.dll
0x000007fefb7a0000 - 0x000007fefb7a8000 	C:\Windows\system32\DCIMAN32.dll
0x000007fefade0000 - 0x000007fefadeb000 	C:\Windows\system32\msyuv.dll
0x000007fee71d0000 - 0x000007fee7475000 	C:\opencv\build\x64\vc10\bin\opencv_imgproc243.dll
0x000007feebf30000 - 0x000007feebf78000 	C:\Users\Fernando\AppData\Local\Temp\javacpp4157343200543\jniopencv_imgproc.dll
0x000007fefb8c0000 - 0x000007fefb9ea000 	C:\Windows\system32\WindowsCodecs.dll
0x000007fefd4b0000 - 0x000007fefd507000 	C:\Windows\system32\apphelp.dll
0x0000000005d40000 - 0x0000000005d5c000 	C:\Users\Fernando\AppData\Roaming\Dropbox\bin\DropboxExt64.14.dll
0x000007fef6680000 - 0x000007fef67a5000 	C:\Windows\system32\dbghelp.dll
0x000007fefc490000 - 0x000007fefc526000 	C:\Windows\system32\msvcp60.dll
0x000007fefc450000 - 0x000007fefc485000 	C:\Windows\system32\EhStorShell.dll
0x000007fefbde0000 - 0x000007fefbf0c000 	C:\Windows\system32\PROPSYS.dll
0x000007fef6520000 - 0x000007fef65a0000 	C:\Windows\system32\ntshrui.dll
0x000007fefd210000 - 0x000007fefd233000 	C:\Windows\system32\srvcli.dll
0x000007fef7300000 - 0x000007fef730f000 	C:\Windows\system32\cscapi.dll
0x000007fefaf50000 - 0x000007fefaf5b000 	C:\Windows\system32\slc.dll
0x000000005fe80000 - 0x000000005feaa000 	C:\Program Files\Java\jdk1.7.0_09\jre\bin\dcpr.dll

VM Arguments:
jvm_args: -Dfile.encoding=UTF-8 
java_command: jhandcontrol.demo.Demonstration
Launcher Type: SUN_STANDARD

Environment Variables:
PATH=C:\Perl\site\bin;C:\Perl\bin;C:\Program Files\Common Files\Microsoft Shared\Windows Live;C:\Program Files (x86)\Common Files\Microsoft Shared\Windows Live;C:\Program Files (x86)\Intel\iCLS Client\;C:\Program Files\Intel\iCLS Client\;C:\Windows\system32;C:\Windows;C:\Windows\System32\Wbem;C:\Windows\System32\WindowsPowerShell\v1.0\;C:\Program Files (x86)\Windows Live\Shared;C:\vagrant\vagrant\bin;C:\Python27\;C:\Python27\Scripts\;C:\cygwin\bin\;C:\cygwin\usr\bin\;C:\cygwin\usr\local\bin\;C:\mongodb\bin\;C:\Program Files\nodejs\;C:\Ruby192\bin;C:\Users\Fernando\AppData\Roaming\npm\
USERNAME=Fernando
OS=Windows_NT
PROCESSOR_IDENTIFIER=Intel64 Family 6 Model 58 Stepping 9, GenuineIntel



---------------  S Y S T E M  ---------------

OS: Windows 7 , 64 bit Build 7601 Service Pack 1

CPU:total 8 (4 cores per cpu, 2 threads per core) family 6 model 58 stepping 9, cmov, cx8, fxsr, mmx, sse, sse2, sse3, ssse3, sse4.1, sse4.2, popcnt, avx, ht, tsc, tscinvbit, tscinv

Memory: 4k page, physical 8244064k(4699312k free), swap 16486276k(11152368k free)

vm_info: Java HotSpot(TM) 64-Bit Server VM (23.5-b02) for windows-amd64 JRE (1.7.0_09-b05), built on Sep 24 2012 21:45:04 by "java_re" with unknown MS VC++:1600

time: Mon Dec 03 13:09:41 2012
elapsed time: 110 seconds

