#
# A fatal error has been detected by the Java Runtime Environment:
#
#  EXCEPTION_ACCESS_VIOLATION (0xc0000005) at pc=0x000007fee2d03550, pid=7476, tid=3192
#
# JRE version: 6.0_37-b06
# Java VM: Java HotSpot(TM) 64-Bit Server VM (20.12-b01 mixed mode windows-amd64 compressed oops)
# Problematic frame:
# C  [opencv_core243.dll+0x63550]
#
# If you would like to submit a bug report, please visit:
#   http://java.sun.com/webapps/bugreport/crash.jsp
# The crash happened outside the Java Virtual Machine in native code.
# See problematic frame for where to report the bug.
#

---------------  T H R E A D  ---------------

Current thread (0x000000000795c000):  JavaThread "Thread-0" [_thread_in_native, id=3192, stack(0x000000000a650000,0x000000000a750000)]

siginfo: ExceptionCode=0xc0000005, reading address 0x000000f20000009f

Registers:
RAX=0x0e4a8c6c0f0fd195, RBX=0x0000000000000000, RCX=0x0000000000000008, RDX=0x0000000000000000
RSP=0x000000000a74ee20, RBP=0x000000000a74ef20, RSI=0x0000000000000002, RDI=0x000000000a74f210
R8 =0x0000000022223748, R9 =0x000000f20000008b, R10=0x000000f20000008b, R11=0x000000000a74f150
R12=0x00000000000000f1, R13=0x0000000000000000, R14=0x0000000000000000, R15=0x00000000221f6030
RIP=0x000007fee2d03550, EFLAGS=0x0000000000010203

Top of Stack: (sp=0x000000000a74ee20)
0x000000000a74ee20:   fffffffffffffffe 0000000007c60000
0x000000000a74ee30:   fffffffffffffffe 0000000000000040
0x000000000a74ee40:   0000000007c602c8 00000000771a3488
0x000000000a74ee50:   fffffffffffffffe 0000000000000040
0x000000000a74ee60:   8f7faea800070017 0000000007b60470
0x000000000a74ee70:   fffffffffffffffe 000000000647a5e8
0x000000000a74ee80:   000000000a74f298 fffffffffffffffe
0x000000000a74ee90:   0000000242ff4005 0000000200000000
0x000000000a74eea0:   0000000000000000 0000000000000000
0x000000000a74eeb0:   0000000000000000 0000000000000000
0x000000000a74eec0:   0000000000000000 0000000000000000
0x000000000a74eed0:   000000000a74ee98 000000000a74eee0
0x000000000a74eee0:   0000000000000040 0000000000000004
0x000000000a74eef0:   0000000242ff4005 0000000200000000
0x000000000a74ef00:   0000000000000000 0000000000000000
0x000000000a74ef10:   0000000000000000 0000000000000000 

Instructions: (pc=0x000007fee2d03550)
0x000007fee2d03530:   4c 8b 50 58 4d 8b ca 4c 8b 47 10 48 8b 47 18 49
0x000007fee2d03540:   2b 40 18 48 63 49 2c 48 99 48 f7 f9 41 89 40 14
0x000007fee2d03550:   41 03 59 14 4d 8b 49 08 4d 3b ca 75 f3 48 8b 47
0x000007fee2d03560:   08 89 58 28 48 8b 8d 80 00 00 00 48 33 cc e8 5d 


Register to memory mapping:

RAX=0x0e4a8c6c0f0fd195 is an unknown value
RBX=0x0000000000000000 is an unknown value
RCX=0x0000000000000008 is an unknown value
RDX=0x0000000000000000 is an unknown value
RSP=0x000000000a74ee20 is pointing into the stack for thread: 0x000000000795c000
RBP=0x000000000a74ef20 is pointing into the stack for thread: 0x000000000795c000
RSI=0x0000000000000002 is an unknown value
RDI=0x000000000a74f210 is pointing into the stack for thread: 0x000000000795c000
R8 =0x0000000022223748 is an unknown value
R9 =0x000000f20000008b is an unknown value
R10=0x000000f20000008b is an unknown value
R11=0x000000000a74f150 is pointing into the stack for thread: 0x000000000795c000
R12=0x00000000000000f1 is an unknown value
R13=0x0000000000000000 is an unknown value
R14=0x0000000000000000 is an unknown value
R15=0x00000000221f6030 is an unknown value


Stack: [0x000000000a650000,0x000000000a750000],  sp=0x000000000a74ee20,  free space=1019k
Native frames: (J=compiled Java code, j=interpreted, Vv=VM code, C=native code)
C  [opencv_core243.dll+0x63550]  cvFlushSeqWriter+0x190

Java frames: (J=compiled Java code, j=interpreted, Vv=VM code)
J  com.googlecode.javacv.cpp.opencv_imgproc.cvApproxPoly(Lcom/googlecode/javacpp/Pointer;ILcom/googlecode/javacv/cpp/opencv_core$CvMemStorage;IDI)Lcom/googlecode/javacv/cpp/opencv_core$CvSeq;
J  jhandcontrol.data.JHandDetection.getStatus()Ljhandcontrol/data/HandStatus;
j  jhandcontrol.demo.HandListener.frameEvent(Ljhandcontrol/data/JFrameHand;)V+40
j  jhandcontrol.JHandControl.run()V+151
v  ~StubRoutines::call_stub

---------------  P R O C E S S  ---------------

Java Threads: ( => current thread )
  0x00000000079e2000 JavaThread "TimerQueue" daemon [_thread_blocked, id=7580, stack(0x0000000010390000,0x0000000010490000)]
  0x0000000007960000 JavaThread "AWT-EventQueue-0" [_thread_blocked, id=6240, stack(0x000000000a850000,0x000000000a950000)]
  0x000000000795c800 JavaThread "AWT-Shutdown" [_thread_blocked, id=6956, stack(0x000000000a750000,0x000000000a850000)]
=>0x000000000795c000 JavaThread "Thread-0" [_thread_in_native, id=3192, stack(0x000000000a650000,0x000000000a750000)]
  0x000000000659a000 JavaThread "AWT-Windows" daemon [_thread_in_native, id=7408, stack(0x0000000008160000,0x0000000008260000)]
  0x00000000065bb800 JavaThread "Java2D Disposer" daemon [_thread_blocked, id=1832, stack(0x0000000007f60000,0x0000000008060000)]
  0x000000000648f800 JavaThread "Low Memory Detector" daemon [_thread_blocked, id=3208, stack(0x0000000007560000,0x0000000007660000)]
  0x0000000006479000 JavaThread "C2 CompilerThread1" daemon [_thread_blocked, id=1144, stack(0x0000000007460000,0x0000000007560000)]
  0x0000000006470000 JavaThread "C2 CompilerThread0" daemon [_thread_blocked, id=4196, stack(0x0000000007360000,0x0000000007460000)]
  0x000000000646f000 JavaThread "Attach Listener" daemon [_thread_blocked, id=728, stack(0x0000000007260000,0x0000000007360000)]
  0x000000000646e000 JavaThread "Signal Dispatcher" daemon [_thread_blocked, id=7384, stack(0x0000000007160000,0x0000000007260000)]
  0x000000000641c800 JavaThread "Finalizer" daemon [_thread_blocked, id=6740, stack(0x0000000007060000,0x0000000007160000)]
  0x0000000006416800 JavaThread "Reference Handler" daemon [_thread_blocked, id=7016, stack(0x0000000006f60000,0x0000000007060000)]
  0x000000000022b800 JavaThread "main" [_thread_blocked, id=176, stack(0x00000000021d0000,0x00000000022d0000)]

Other Threads:
  0x000000000640b000 VMThread [stack: 0x0000000006e60000,0x0000000006f60000] [id=2888]
  0x0000000006491000 WatcherThread [stack: 0x0000000007660000,0x0000000007760000] [id=7424]

VM state:not at safepoint (normal execution)

VM Mutex/Monitor currently owned by a thread: None

Heap
 PSYoungGen      total 316672K, used 180976K [0x00000007d60b0000, 0x00000007f3460000, 0x0000000800000000)
  eden space 162368K, 51% used [0x00000007d60b0000,0x00000007db2fadd8,0x00000007dff40000)
  from space 154304K, 62% used [0x00000007e98e0000,0x00000007ef751590,0x00000007f2f90000)
  to   space 157312K, 0% used [0x00000007dff40000,0x00000007dff40000,0x00000007e98e0000)
 PSOldGen        total 151296K, used 89059K [0x0000000782200000, 0x000000078b5c0000, 0x00000007d60b0000)
  object space 151296K, 58% used [0x0000000782200000,0x00000007878f8db8,0x000000078b5c0000)
 PSPermGen       total 30464K, used 13607K [0x000000077d000000, 0x000000077edc0000, 0x0000000782200000)
  object space 30464K, 44% used [0x000000077d000000,0x000000077dd49e20,0x000000077edc0000)

Code Cache  [0x00000000022d0000, 0x0000000002540000, 0x00000000052d0000)
 total_blobs=891 nmethods=427 adapters=417 free_code_cache=48590208 largest_free_block=86016

Dynamic libraries:
0x0000000000400000 - 0x000000000042f000 	C:\Program Files\Java\jdk1.6.0_37\bin\java.exe
0x0000000077150000 - 0x00000000772f9000 	C:\Windows\SYSTEM32\ntdll.dll
0x0000000076a70000 - 0x0000000076b8f000 	C:\Windows\system32\kernel32.dll
0x000007fefd660000 - 0x000007fefd6cc000 	C:\Windows\system32\KERNELBASE.dll
0x000007fefde60000 - 0x000007fefdf3b000 	C:\Windows\system32\ADVAPI32.dll
0x000007fefe610000 - 0x000007fefe6af000 	C:\Windows\system32\msvcrt.dll
0x000007fefdba0000 - 0x000007fefdbbf000 	C:\Windows\SYSTEM32\sechost.dll
0x000007fefdbc0000 - 0x000007fefdced000 	C:\Windows\system32\RPCRT4.dll
0x000000006d8b0000 - 0x000000006e06b000 	C:\Program Files\Java\jdk1.6.0_37\jre\bin\server\jvm.dll
0x0000000076f00000 - 0x0000000076ffa000 	C:\Windows\system32\USER32.dll
0x000007fefdd90000 - 0x000007fefddf7000 	C:\Windows\system32\GDI32.dll
0x000007fefe400000 - 0x000007fefe40e000 	C:\Windows\system32\LPK.dll
0x000007fefe410000 - 0x000007fefe4d9000 	C:\Windows\system32\USP10.dll
0x000007fefb250000 - 0x000007fefb28b000 	C:\Windows\system32\WINMM.dll
0x000007fefe060000 - 0x000007fefe08e000 	C:\Windows\system32\IMM32.DLL
0x000007fefe2f0000 - 0x000007fefe3f9000 	C:\Windows\system32\MSCTF.dll
0x000007fefd570000 - 0x000007fefd5b0000 	C:\Windows\system32\nvinitx.dll
0x000000006d820000 - 0x000000006d82e000 	C:\Program Files\Java\jdk1.6.0_37\jre\bin\verify.dll
0x000000006d450000 - 0x000000006d477000 	C:\Program Files\Java\jdk1.6.0_37\jre\bin\java.dll
0x000000006d870000 - 0x000000006d882000 	C:\Program Files\Java\jdk1.6.0_37\jre\bin\zip.dll
0x00000000746d0000 - 0x00000000747a2000 	C:\Windows\System32\msvcr100.dll
0x00000000723b0000 - 0x0000000072448000 	C:\Windows\System32\msvcp100.dll
0x000007fee2ca0000 - 0x000007fee2ef8000 	C:\opencv\build\x64\vc10\bin\opencv_core243.dll
0x000007fefadd0000 - 0x000007fefae65000 	C:\Users\Fernando\AppData\Local\Temp\javacpp2366130765069\jniopencv_core.dll
0x000000006d0a0000 - 0x000000006d264000 	C:\Program Files\Java\jdk1.6.0_37\jre\bin\awt.dll
0x000007fefa200000 - 0x000007fefa271000 	C:\Windows\system32\WINSPOOL.DRV
0x000007fefd990000 - 0x000007fefdb93000 	C:\Windows\system32\ole32.dll
0x000007fefe6b0000 - 0x000007feff438000 	C:\Windows\system32\SHELL32.dll
0x000007fefe090000 - 0x000007fefe101000 	C:\Windows\system32\SHLWAPI.dll
0x000007fefbfd0000 - 0x000007fefc1c4000 	C:\Windows\WinSxS\amd64_microsoft.windows.common-controls_6595b64144ccf1df_6.0.7601.17514_none_fa396087175ac9ac\COMCTL32.dll
0x000007fefb9c0000 - 0x000007fefb9d8000 	C:\Windows\system32\DWMAPI.DLL
0x000007fefbdf0000 - 0x000007fefbe46000 	C:\Windows\system32\uxtheme.dll
0x000000006d340000 - 0x000000006d3a7000 	C:\Program Files\Java\jdk1.6.0_37\jre\bin\fontmanager.dll
0x000007fef8430000 - 0x000007fef8437000 	c:\PROGRA~2\mcafee\SITEAD~1\x64\saHook.dll
0x000007fefe4e0000 - 0x000007fefe5b7000 	C:\Windows\system32\OLEAUT32.dll
0x000007fefd460000 - 0x000007fefd46f000 	C:\Windows\system32\CRYPTBASE.dll
0x000000006d6b0000 - 0x000000006d6c7000 	C:\Program Files\Java\jdk1.6.0_37\jre\bin\net.dll
0x000007fefe5c0000 - 0x000007fefe60d000 	C:\Windows\system32\WS2_32.dll
0x000007fefd980000 - 0x000007fefd988000 	C:\Windows\system32\NSI.dll
0x000007fefcda0000 - 0x000007fefcdf5000 	C:\Windows\system32\mswsock.dll
0x000007fefcd90000 - 0x000007fefcd97000 	C:\Windows\System32\wship6.dll
0x000000006d6d0000 - 0x000000006d6db000 	C:\Program Files\Java\jdk1.6.0_37\jre\bin\nio.dll
0x000007fefb450000 - 0x000007fefb46e000 	C:\Users\Fernando\AppData\Local\Temp\javacpp2366130765069\jnivideoInputLib.dll
0x000007fefdcf0000 - 0x000007fefdd89000 	C:\Windows\system32\CLBCatQ.DLL
0x000007fef6c30000 - 0x000007fef6c46000 	C:\Windows\system32\devenum.dll
0x000007fefe110000 - 0x000007fefe2e7000 	C:\Windows\system32\setupapi.dll
0x000007fefd940000 - 0x000007fefd976000 	C:\Windows\system32\CFGMGR32.dll
0x000007fefd920000 - 0x000007fefd93a000 	C:\Windows\system32\DEVOBJ.dll
0x000007fefb290000 - 0x000007fefb2bd000 	C:\Windows\system32\ntmarta.dll
0x000007fefde00000 - 0x000007fefde52000 	C:\Windows\system32\WLDAP32.dll
0x000007fefd6d0000 - 0x000007fefd709000 	C:\Windows\system32\WINTRUST.dll
0x000007fefd7b0000 - 0x000007fefd91a000 	C:\Windows\system32\CRYPT32.dll
0x000007fefd650000 - 0x000007fefd65f000 	C:\Windows\system32\MSASN1.dll
0x000007fef71a0000 - 0x000007fef71ad000 	C:\Windows\system32\msdmo.dll
0x000007fefad80000 - 0x000007fefadaf000 	C:\Windows\system32\qcap.dll
0x000007fee2fa0000 - 0x000007fee3152000 	C:\Windows\system32\quartz.dll
0x000007feec3e0000 - 0x000007feec421000 	C:\Windows\system32\ksproxy.ax
0x0000000074520000 - 0x0000000074526000 	C:\Windows\system32\ksuser.dll
0x000007fee9490000 - 0x000007fee968f000 	C:\Windows\system32\d3d9.dll
0x000007fefc660000 - 0x000007fefc66c000 	C:\Windows\system32\VERSION.dll
0x000007feec230000 - 0x000007feec237000 	C:\Windows\system32\d3d8thk.dll
0x000007fefad70000 - 0x000007fefad7b000 	C:\Windows\system32\vidcap.ax
0x000007fef7240000 - 0x000007fef7264000 	C:\Windows\system32\kswdmcap.ax
0x000007fee2b40000 - 0x000007fee2c9c000 	C:\Windows\system32\MFC42.dll
0x000007fee7f90000 - 0x000007fee8041000 	C:\Windows\system32\ODBC32.dll
0x000000005b670000 - 0x000000005b6a8000 	C:\Windows\system32\odbcint.dll
0x000007fee2f00000 - 0x000007fee2f9b000 	C:\Windows\System32\qedit.dll
0x000007feec3b0000 - 0x000007feec3d9000 	C:\Windows\System32\MSVFW32.dll
0x000007fefdf40000 - 0x000007fefdfd7000 	C:\Windows\system32\COMDLG32.dll
0x000007fefbbd0000 - 0x000007fefbde6000 	C:\Windows\WinSxS\amd64_microsoft.windows.gdiplus_6595b64144ccf1df_1.1.7601.17825_none_2b253c8271ec7765\gdiplus.dll
0x000007feee140000 - 0x000007feee231000 	C:\Windows\system32\DDRAW.dll
0x000007fefb580000 - 0x000007fefb588000 	C:\Windows\system32\DCIMAN32.dll
0x000007fef6fe0000 - 0x000007fef6feb000 	C:\Windows\system32\msyuv.dll
0x000007fee2890000 - 0x000007fee2b35000 	C:\opencv\build\x64\vc10\bin\opencv_imgproc243.dll
0x000007fee8330000 - 0x000007fee8378000 	C:\Users\Fernando\AppData\Local\Temp\javacpp2366130765069\jniopencv_imgproc.dll
0x000007fefce00000 - 0x000007fefce17000 	C:\Windows\system32\CRYPTSP.dll
0x000007fefcb00000 - 0x000007fefcb47000 	C:\Windows\system32\rsaenh.dll
0x000007fefd550000 - 0x000007fefd564000 	C:\Windows\system32\RpcRtRemote.dll
0x000000006d2b0000 - 0x000000006d2d8000 	C:\Program Files\Java\jdk1.6.0_37\jre\bin\dcpr.dll
0x0000000077310000 - 0x0000000077317000 	C:\Windows\system32\PSAPI.DLL

VM Arguments:
jvm_args: -Dfile.encoding=UTF-8 
java_command: jhandcontrol.demo.Demonstration
Launcher Type: SUN_STANDARD

Environment Variables:
PATH=C:\Perl\site\bin;C:\Perl\bin;C:\Program Files\Common Files\Microsoft Shared\Windows Live;C:\Program Files (x86)\Common Files\Microsoft Shared\Windows Live;C:\Program Files (x86)\Intel\iCLS Client\;C:\Program Files\Intel\iCLS Client\;C:\Windows\system32;C:\Windows;C:\Windows\System32\Wbem;C:\Windows\System32\WindowsPowerShell\v1.0\;C:\Program Files (x86)\Windows Live\Shared;C:\vagrant\vagrant\bin;C:\Python27\;C:\Python27\Scripts\;C:\cygwin\bin\;C:\cygwin\usr\bin\;C:\cygwin\usr\local\bin\;C:\mongodb\bin\;C:\Program Files\nodejs\;C:\Ruby192\bin;C:\Users\Fernando\AppData\Roaming\npm\
USERNAME=Fernando
OS=Windows_NT
PROCESSOR_IDENTIFIER=Intel64 Family 6 Model 58 Stepping 9, GenuineIntel



---------------  S Y S T E M  ---------------

OS: Windows 7 , 64 bit Build 7601 Service Pack 1

CPU:total 8 (4 cores per cpu, 2 threads per core) family 6 model 58 stepping 9, cmov, cx8, fxsr, mmx, sse, sse2, sse3, ssse3, sse4.1, sse4.2, popcnt, ht

Memory: 4k page, physical 8244064k(4398212k free), swap 16486276k(10808464k free)

vm_info: Java HotSpot(TM) 64-Bit Server VM (20.12-b01) for windows-amd64 JRE (1.6.0_37-b06), built on Sep 24 2012 11:45:14 by "java_re" with MS VC++ 8.0 (VS2005)

time: Tue Dec 04 23:28:53 2012
elapsed time: 51 seconds

