#
# A fatal error has been detected by the Java Runtime Environment:
#
#  EXCEPTION_ACCESS_VIOLATION (0xc0000005) at pc=0x000007fee5493550, pid=6724, tid=7624
#
# JRE version: 6.0_37-b06
# Java VM: Java HotSpot(TM) 64-Bit Server VM (20.12-b01 mixed mode windows-amd64 compressed oops)
# Problematic frame:
# C  [opencv_core243.dll+0x63550]
#
# If you would like to submit a bug report, please visit:
#   http://java.sun.com/webapps/bugreport/crash.jsp
# The crash happened outside the Java Virtual Machine in native code.
# See problematic frame for where to report the bug.
#

---------------  T H R E A D  ---------------

Current thread (0x000000000790b800):  JavaThread "Thread-3" [_thread_in_native, id=7624, stack(0x0000000008a50000,0x0000000008b50000)]

siginfo: ExceptionCode=0xc0000005, reading address 0x0000000000000014

Registers:
RAX=0x000000000d1f8e82, RBX=0x000000000d1f8e82, RCX=0x0000000000000008, RDX=0x0000000000000000
RSP=0x0000000008b4ed60, RBP=0x0000000008b4ee60, RSI=0x0000000000000006, RDI=0x0000000008b4f150
R8 =0x0000000068fc73c0, R9 =0x0000000000000000, R10=0x0000000068fc73c0, R11=0x0000000008b4f090
R12=0x00000000000001b4, R13=0x00000000000001d2, R14=0x0000000000000000, R15=0x00000000350d73c0
RIP=0x000007fee5493550, EFLAGS=0x0000000000010283

Top of Stack: (sp=0x0000000008b4ed60)
0x0000000008b4ed60:   fffffffffffffffe 0000000007da0000
0x0000000008b4ed70:   fffffffffffffffe 0000000000000040
0x0000000008b4ed80:   0000000007da02c8 0000000076f13488
0x0000000008b4ed90:   fffffffffffffffe 0000000000000040
0x0000000008b4eda0:   0000007500070017 0000000007be0470
0x0000000008b4edb0:   0000000000000000 0000000000000000
0x0000000008b4edc0:   0000000000000000 0000000000000000
0x0000000008b4edd0:   0000000008b4ed98 0000000008b4ede0
0x0000000008b4ede0:   0000000000000040 0000000000000004
0x0000000008b4edf0:   0000000242ff4005 0000000600000000
0x0000000008b4ee00:   0000000000000000 0000000000000000
0x0000000008b4ee10:   0000000000000000 0000000000000000
0x0000000008b4ee20:   0000000000000000 0000000000000000
0x0000000008b4ee30:   0000000008b4edf8 0000000008b4ee40
0x0000000008b4ee40:   0000000000000040 0000000000000004
0x0000000008b4ee50:   0000000000000001 000007fee554d1ef 

Instructions: (pc=0x000007fee5493550)
0x000007fee5493530:   4c 8b 50 58 4d 8b ca 4c 8b 47 10 48 8b 47 18 49
0x000007fee5493540:   2b 40 18 48 63 49 2c 48 99 48 f7 f9 41 89 40 14
0x000007fee5493550:   41 03 59 14 4d 8b 49 08 4d 3b ca 75 f3 48 8b 47
0x000007fee5493560:   08 89 58 28 48 8b 8d 80 00 00 00 48 33 cc e8 5d 


Register to memory mapping:

RAX=0x000000000d1f8e82 is an unknown value
RBX=0x000000000d1f8e82 is an unknown value
RCX=0x0000000000000008 is an unknown value
RDX=0x0000000000000000 is an unknown value
RSP=0x0000000008b4ed60 is pointing into the stack for thread: 0x000000000790b800
RBP=0x0000000008b4ee60 is pointing into the stack for thread: 0x000000000790b800
RSI=0x0000000000000006 is an unknown value
RDI=0x0000000008b4f150 is pointing into the stack for thread: 0x000000000790b800
R8 =0x0000000068fc73c0 is an unknown value
R9 =0x0000000000000000 is an unknown value
R10=0x0000000068fc73c0 is an unknown value
R11=0x0000000008b4f090 is pointing into the stack for thread: 0x000000000790b800
R12=0x00000000000001b4 is an unknown value
R13=0x00000000000001d2 is an unknown value
R14=0x0000000000000000 is an unknown value
R15=0x00000000350d73c0 is an unknown value


Stack: [0x0000000008a50000,0x0000000008b50000],  sp=0x0000000008b4ed60,  free space=1019k
Native frames: (J=compiled Java code, j=interpreted, Vv=VM code, C=native code)
C  [opencv_core243.dll+0x63550]  cvFlushSeqWriter+0x190

Java frames: (J=compiled Java code, j=interpreted, Vv=VM code)
j  com.googlecode.javacv.cpp.opencv_imgproc.cvApproxPoly(Lcom/googlecode/javacpp/Pointer;ILcom/googlecode/javacv/cpp/opencv_core$CvMemStorage;IDI)Lcom/googlecode/javacv/cpp/opencv_core$CvSeq;+0
j  jhandcontrol.data.JHandDetection.getSimplifiedContour()Lcom/googlecode/javacv/cpp/opencv_core$CvSeq;+37
j  jhandcontrol.data.JHandDetection.getStatus()Ljhandcontrol/data/HandStatus;+36
j  jhandcontrol.calibrator.Calibrator.run()V+397
v  ~StubRoutines::call_stub

---------------  P R O C E S S  ---------------

Java Threads: ( => current thread )
  0x0000000019dc3000 JavaThread "TimerQueue" daemon [_thread_blocked, id=3276, stack(0x000000001a330000,0x000000001a430000)]
  0x0000000007856800 JavaThread "AWT-EventQueue-0" [_thread_blocked, id=3728, stack(0x000000000a7d0000,0x000000000a8d0000)]
  0x0000000007855800 JavaThread "AWT-Shutdown" [_thread_blocked, id=7356, stack(0x000000000a6d0000,0x000000000a7d0000)]
  0x0000000007855000 JavaThread "Thread-0" [_thread_in_native, id=7508, stack(0x000000000a5d0000,0x000000000a6d0000)]
=>0x000000000790b800 JavaThread "Thread-3" [_thread_in_native, id=7624, stack(0x0000000008a50000,0x0000000008b50000)]
  0x00000000078eb800 JavaThread "AWT-Windows" daemon [_thread_in_native, id=5660, stack(0x0000000008250000,0x0000000008350000)]
  0x000000000658c800 JavaThread "Java2D Disposer" daemon [_thread_blocked, id=6820, stack(0x0000000008050000,0x0000000008150000)]
  0x0000000006508000 JavaThread "Low Memory Detector" daemon [_thread_blocked, id=6616, stack(0x00000000075e0000,0x00000000076e0000)]
  0x00000000064f7800 JavaThread "C2 CompilerThread1" daemon [_thread_blocked, id=3656, stack(0x00000000074e0000,0x00000000075e0000)]
  0x00000000064ec800 JavaThread "C2 CompilerThread0" daemon [_thread_blocked, id=5200, stack(0x00000000073e0000,0x00000000074e0000)]
  0x00000000064eb000 JavaThread "Attach Listener" daemon [_thread_blocked, id=6564, stack(0x00000000072e0000,0x00000000073e0000)]
  0x00000000064e9800 JavaThread "Signal Dispatcher" daemon [_thread_blocked, id=2644, stack(0x00000000071e0000,0x00000000072e0000)]
  0x0000000006493800 JavaThread "Finalizer" daemon [_thread_blocked, id=8080, stack(0x00000000070e0000,0x00000000071e0000)]
  0x0000000006492000 JavaThread "Reference Handler" daemon [_thread_blocked, id=4308, stack(0x0000000006fe0000,0x00000000070e0000)]
  0x000000000025b800 JavaThread "main" [_thread_blocked, id=7192, stack(0x0000000002250000,0x0000000002350000)]

Other Threads:
  0x0000000006486000 VMThread [stack: 0x0000000006ee0000,0x0000000006fe0000] [id=7096]
  0x0000000006519800 WatcherThread [stack: 0x00000000076e0000,0x00000000077e0000] [id=720]

VM state:not at safepoint (normal execution)

VM Mutex/Monitor currently owned by a thread: None

Heap
 PSYoungGen      total 257472K, used 42291K [0x00000007d60b0000, 0x00000007e61f0000, 0x0000000800000000)
  eden space 252096K, 16% used [0x00000007d60b0000,0x00000007d89fcc70,0x00000007e56e0000)
  from space 5376K, 0% used [0x00000007e5c30000,0x00000007e5c30000,0x00000007e6170000)
  to   space 5440K, 0% used [0x00000007e56e0000,0x00000007e56e0000,0x00000007e5c30000)
 PSOldGen        total 595136K, used 181189K [0x0000000782200000, 0x00000007a6730000, 0x00000007d60b0000)
  object space 595136K, 30% used [0x0000000782200000,0x000000078d2f1470,0x00000007a6730000)
 PSPermGen       total 22976K, used 13579K [0x000000077d000000, 0x000000077e670000, 0x0000000782200000)
  object space 22976K, 59% used [0x000000077d000000,0x000000077dd42ee0,0x000000077e670000)

Code Cache  [0x0000000002350000, 0x00000000025c0000, 0x0000000005350000)
 total_blobs=881 nmethods=417 adapters=417 free_code_cache=48743936 largest_free_block=11456

Dynamic libraries:
0x0000000000400000 - 0x000000000042f000 	C:\Program Files\Java\jdk1.6.0_37\bin\java.exe
0x0000000076ec0000 - 0x0000000077069000 	C:\Windows\SYSTEM32\ntdll.dll
0x0000000076b40000 - 0x0000000076c5f000 	C:\Windows\system32\kernel32.dll
0x000007fefd3f0000 - 0x000007fefd45c000 	C:\Windows\system32\KERNELBASE.dll
0x000007fefd750000 - 0x000007fefd82b000 	C:\Windows\system32\ADVAPI32.dll
0x000007feff130000 - 0x000007feff1cf000 	C:\Windows\system32\msvcrt.dll
0x000007feff030000 - 0x000007feff04f000 	C:\Windows\SYSTEM32\sechost.dll
0x000007fefee20000 - 0x000007fefef4d000 	C:\Windows\system32\RPCRT4.dll
0x000000006d8b0000 - 0x000000006e06b000 	C:\Program Files\Java\jdk1.6.0_37\jre\bin\server\jvm.dll
0x0000000076c60000 - 0x0000000076d5a000 	C:\Windows\system32\USER32.dll
0x000007fefe610000 - 0x000007fefe677000 	C:\Windows\system32\GDI32.dll
0x000007fefe980000 - 0x000007fefe98e000 	C:\Windows\system32\LPK.dll
0x000007fefe990000 - 0x000007fefea59000 	C:\Windows\system32\USP10.dll
0x000007fefb050000 - 0x000007fefb08b000 	C:\Windows\system32\WINMM.dll
0x000007feff0f0000 - 0x000007feff11e000 	C:\Windows\system32\IMM32.DLL
0x000007fefed10000 - 0x000007fefee19000 	C:\Windows\system32\MSCTF.dll
0x000007fefd2a0000 - 0x000007fefd2e0000 	C:\Windows\system32\nvinitx.dll
0x000000006d820000 - 0x000000006d82e000 	C:\Program Files\Java\jdk1.6.0_37\jre\bin\verify.dll
0x000000006d450000 - 0x000000006d477000 	C:\Program Files\Java\jdk1.6.0_37\jre\bin\java.dll
0x000000006d870000 - 0x000000006d882000 	C:\Program Files\Java\jdk1.6.0_37\jre\bin\zip.dll
0x0000000074240000 - 0x0000000074312000 	C:\Windows\System32\msvcr100.dll
0x0000000071970000 - 0x0000000071a08000 	C:\Windows\System32\msvcp100.dll
0x000007fee5430000 - 0x000007fee5688000 	C:\opencv\build\x64\vc10\bin\opencv_core243.dll
0x000007fee6540000 - 0x000007fee65d5000 	C:\Users\Fernando\AppData\Local\Temp\javacpp2238135571236\jniopencv_core.dll
0x000000006d0a0000 - 0x000000006d264000 	C:\Program Files\Java\jdk1.6.0_37\jre\bin\awt.dll
0x000007fef9c60000 - 0x000007fef9cd1000 	C:\Windows\system32\WINSPOOL.DRV
0x000007fefeae0000 - 0x000007fefece3000 	C:\Windows\system32\ole32.dll
0x000007fefd880000 - 0x000007fefe608000 	C:\Windows\system32\SHELL32.dll
0x000007fefea60000 - 0x000007fefead1000 	C:\Windows\system32\SHLWAPI.dll
0x000007fefbd40000 - 0x000007fefbf34000 	C:\Windows\WinSxS\amd64_microsoft.windows.common-controls_6595b64144ccf1df_6.0.7601.17514_none_fa396087175ac9ac\COMCTL32.dll
0x000007fefb730000 - 0x000007fefb748000 	C:\Windows\system32\DWMAPI.DLL
0x000007fefbb60000 - 0x000007fefbbb6000 	C:\Windows\system32\uxtheme.dll
0x000000006d340000 - 0x000000006d3a7000 	C:\Program Files\Java\jdk1.6.0_37\jre\bin\fontmanager.dll
0x000007fef7ff0000 - 0x000007fef7ff7000 	c:\PROGRA~2\mcafee\SITEAD~1\x64\saHook.dll
0x000007fefef50000 - 0x000007feff027000 	C:\Windows\system32\OLEAUT32.dll
0x000007fefd1d0000 - 0x000007fefd1df000 	C:\Windows\system32\CRYPTBASE.dll
0x000000006d6b0000 - 0x000000006d6c7000 	C:\Program Files\Java\jdk1.6.0_37\jre\bin\net.dll
0x000007fefd830000 - 0x000007fefd87d000 	C:\Windows\system32\WS2_32.dll
0x000007feff120000 - 0x000007feff128000 	C:\Windows\system32\NSI.dll
0x000007fefcb10000 - 0x000007fefcb65000 	C:\Windows\system32\mswsock.dll
0x000007fefcb00000 - 0x000007fefcb07000 	C:\Windows\System32\wship6.dll
0x000000006d6d0000 - 0x000000006d6db000 	C:\Program Files\Java\jdk1.6.0_37\jre\bin\nio.dll
0x000007fef9880000 - 0x000007fef989e000 	C:\Users\Fernando\AppData\Local\Temp\javacpp2238135571236\jnivideoInputLib.dll
0x000007feff050000 - 0x000007feff0e9000 	C:\Windows\system32\CLBCatQ.DLL
0x000007fef4600000 - 0x000007fef4616000 	C:\Windows\system32\devenum.dll
0x000007fefe700000 - 0x000007fefe8d7000 	C:\Windows\system32\setupapi.dll
0x000007fefd460000 - 0x000007fefd496000 	C:\Windows\system32\CFGMGR32.dll
0x000007fefd3d0000 - 0x000007fefd3ea000 	C:\Windows\system32\DEVOBJ.dll
0x000007fefb0a0000 - 0x000007fefb0cd000 	C:\Windows\system32\ntmarta.dll
0x000007fefd6f0000 - 0x000007fefd742000 	C:\Windows\system32\WLDAP32.dll
0x000007fefd6b0000 - 0x000007fefd6e9000 	C:\Windows\system32\WINTRUST.dll
0x000007fefd540000 - 0x000007fefd6aa000 	C:\Windows\system32\CRYPT32.dll
0x000007fefd3c0000 - 0x000007fefd3cf000 	C:\Windows\system32\MSASN1.dll
0x000007fef6a50000 - 0x000007fef6a5d000 	C:\Windows\system32\msdmo.dll
0x000007fee7a40000 - 0x000007fee7a6f000 	C:\Windows\system32\qcap.dll
0x000007fee5270000 - 0x000007fee5422000 	C:\Windows\system32\quartz.dll
0x000007fee6dd0000 - 0x000007fee6e11000 	C:\Windows\system32\ksproxy.ax
0x0000000074230000 - 0x0000000074236000 	C:\Windows\system32\ksuser.dll
0x000007fee9ab0000 - 0x000007fee9caf000 	C:\Windows\system32\d3d9.dll
0x000007fefc3d0000 - 0x000007fefc3dc000 	C:\Windows\system32\VERSION.dll
0x000007fef7090000 - 0x000007fef7097000 	C:\Windows\system32\d3d8thk.dll
0x000007fef9950000 - 0x000007fef995b000 	C:\Windows\system32\vidcap.ax
0x000007fee7a10000 - 0x000007fee7a34000 	C:\Windows\system32\kswdmcap.ax
0x000007fee5110000 - 0x000007fee526c000 	C:\Windows\system32\MFC42.dll
0x000007fee6480000 - 0x000007fee6531000 	C:\Windows\system32\ODBC32.dll
0x000000005f1b0000 - 0x000000005f1e8000 	C:\Windows\system32\odbcint.dll
0x000007fee5070000 - 0x000007fee510b000 	C:\Windows\System32\qedit.dll
0x000007fee68b0000 - 0x000007fee68d9000 	C:\Windows\System32\MSVFW32.dll
0x000007fefe8e0000 - 0x000007fefe977000 	C:\Windows\system32\COMDLG32.dll
0x000007fefb940000 - 0x000007fefbb56000 	C:\Windows\WinSxS\amd64_microsoft.windows.gdiplus_6595b64144ccf1df_1.1.7601.17825_none_2b253c8271ec7765\gdiplus.dll
0x000007feede30000 - 0x000007feedf21000 	C:\Windows\system32\DDRAW.dll
0x000007fefb360000 - 0x000007fefb368000 	C:\Windows\system32\DCIMAN32.dll
0x000007fef7310000 - 0x000007fef731b000 	C:\Windows\system32\msyuv.dll
0x000007fee4dc0000 - 0x000007fee5065000 	C:\opencv\build\x64\vc10\bin\opencv_imgproc243.dll
0x000007fee6860000 - 0x000007fee68a8000 	C:\Users\Fernando\AppData\Local\Temp\javacpp2238135571236\jniopencv_imgproc.dll
0x000007fefcb70000 - 0x000007fefcb87000 	C:\Windows\system32\CRYPTSP.dll
0x000007fefc870000 - 0x000007fefc8b7000 	C:\Windows\system32\rsaenh.dll
0x000007fefd280000 - 0x000007fefd294000 	C:\Windows\system32\RpcRtRemote.dll
0x000000006d2b0000 - 0x000000006d2d8000 	C:\Program Files\Java\jdk1.6.0_37\jre\bin\dcpr.dll
0x00000000004c0000 - 0x00000000004c7000 	C:\Windows\system32\PSAPI.DLL

VM Arguments:
jvm_args: -Dfile.encoding=UTF-8 
java_command: jhandcontrol.demo.Demonstration
Launcher Type: SUN_STANDARD

Environment Variables:
PATH=C:\Perl\site\bin;C:\Perl\bin;C:\Program Files\Common Files\Microsoft Shared\Windows Live;C:\Program Files (x86)\Common Files\Microsoft Shared\Windows Live;C:\Program Files (x86)\Intel\iCLS Client\;C:\Program Files\Intel\iCLS Client\;C:\Windows\system32;C:\Windows;C:\Windows\System32\Wbem;C:\Windows\System32\WindowsPowerShell\v1.0\;C:\Program Files (x86)\Windows Live\Shared;C:\vagrant\vagrant\bin;C:\Python27\;C:\Python27\Scripts\;C:\cygwin\bin\;C:\cygwin\usr\bin\;C:\cygwin\usr\local\bin\;C:\mongodb\bin\;C:\Program Files\nodejs\;C:\Ruby192\bin;C:\Users\Fernando\AppData\Roaming\npm\
USERNAME=Fernando
OS=Windows_NT
PROCESSOR_IDENTIFIER=Intel64 Family 6 Model 58 Stepping 9, GenuineIntel



---------------  S Y S T E M  ---------------

OS: Windows 7 , 64 bit Build 7601 Service Pack 1

CPU:total 8 (4 cores per cpu, 2 threads per core) family 6 model 58 stepping 9, cmov, cx8, fxsr, mmx, sse, sse2, sse3, ssse3, sse4.1, sse4.2, popcnt, ht

Memory: 4k page, physical 8244064k(2216624k free), swap 16486276k(8528872k free)

vm_info: Java HotSpot(TM) 64-Bit Server VM (20.12-b01) for windows-amd64 JRE (1.6.0_37-b06), built on Sep 24 2012 11:45:14 by "java_re" with MS VC++ 8.0 (VS2005)

time: Wed Dec 05 06:47:44 2012
elapsed time: 48 seconds

