#
# A fatal error has been detected by the Java Runtime Environment:
#
#  EXCEPTION_ACCESS_VIOLATION (0xc0000005) at pc=0x000007fee43598a5, pid=12680, tid=8916
#
# JRE version: 6.0_37-b06
# Java VM: Java HotSpot(TM) 64-Bit Server VM (20.12-b01 mixed mode windows-amd64 compressed oops)
# Problematic frame:
# C  [opencv_imgproc243.dll+0x298a5]
#
# If you would like to submit a bug report, please visit:
#   http://java.sun.com/webapps/bugreport/crash.jsp
# The crash happened outside the Java Virtual Machine in native code.
# See problematic frame for where to report the bug.
#

---------------  T H R E A D  ---------------

Current thread (0x0000000005e51800):  JavaThread "Thread-3" [_thread_in_native, id=8916, stack(0x0000000006e40000,0x0000000006f40000)]

siginfo: ExceptionCode=0xc0000005, writing address 0x000000000a47a890

Registers:
RAX=0x00000000000000ff, RBX=0x0000000000000003, RCX=0x000000000000007f, RDX=0x0000000000000082
RSP=0x0000000006f39f00, RBP=0x0000000000002591, RSI=0x0000000000000000, RDI=0x0000000000000002
R8 =0x000000000a47a891, R9 =0x0000000000000089, R10=0x00000000079d0fe1, R11=0x0000000000000280
R12=0x0000000000002da2, R13=0x0000000000001323, R14=0x000000000000074c, R15=0x0000000000200000
RIP=0x000007fee43598a5, EFLAGS=0x0000000000010293

Top of Stack: (sp=0x0000000006f39f00)
0x0000000006f39f00:   0000000000000000 0000000000000000
0x0000000006f39f10:   00000011fa080cfe 0000000000000000
0x0000000006f39f20:   0000132300002591 0000241900002da2
0x0000000006f39f30:   00000000079d0fe0 000000000a47a890
0x0000000006f39f40:   0000000000000000 0000000000000000
0x0000000006f39f50:   0000000000000000 0000000000000004
0x0000000006f39f60:   0000000000000003 0000000000000002
0x0000000006f39f70:   0000000006f3a5c0 0000000006f3a508
0x0000000006f39f80:   0000000000000000 0000000006f3a320
0x0000000006f39f90:   0000000006f39ff0 000007fee53a9d4c
0x0000000006f39fa0:   0000000006f3a618 0000000006f39fd0
0x0000000006f39fb0:   00000000000000c0 000000000000074c
0x0000000006f39fc0:   0000000000000002 000007fee53aa3df
0x0000000006f39fd0:   00000120000000c0 0000000006f3a348
0x0000000006f39fe0:   0000000000000000 0000000000000000
0x0000000006f39ff0:   0000000000000000 000000000a390000 

Instructions: (pc=0x000007fee43598a5)
0x000007fee4359885:   00 b8 ff 00 00 00 c1 fa 0e 44 3b c8 76 12 33 c0
0x000007fee4359895:   45 85 c9 41 b9 ff 00 00 00 41 0f 4f c1 44 8b c8
0x000007fee43598a5:   45 88 48 ff 41 b9 ff 00 00 00 41 3b c9 76 0a 33
0x000007fee43598b5:   c0 85 c9 41 0f 4f c1 8b c8 41 88 08 41 3b d1 76 


Register to memory mapping:

RAX=0x00000000000000ff is an unknown value
RBX=0x0000000000000003 is an unknown value
RCX=0x000000000000007f is an unknown value
RDX=0x0000000000000082 is an unknown value
RSP=0x0000000006f39f00 is pointing into the stack for thread: 0x0000000005e51800
RBP=0x0000000000002591 is an unknown value
RSI=0x0000000000000000 is an unknown value
RDI=0x0000000000000002 is an unknown value
R8 =0x000000000a47a891 is an unknown value
R9 =0x0000000000000089 is an unknown value
R10=0x00000000079d0fe1 is an unknown value
R11=0x0000000000000280 is an unknown value
R12=0x0000000000002da2 is an unknown value
R13=0x0000000000001323 is an unknown value
R14=0x000000000000074c is an unknown value
R15=0x0000000000200000 is an unknown value


Stack: [0x0000000006e40000,0x0000000006f40000],  sp=0x0000000006f39f00,  free space=999k
Native frames: (J=compiled Java code, j=interpreted, Vv=VM code, C=native code)
C  [opencv_imgproc243.dll+0x298a5]  cv::AutoBuffer<unsigned short,2056>::~AutoBuffer<unsigned short,2056>+0x3ce5

Java frames: (J=compiled Java code, j=interpreted, Vv=VM code)
j  com.googlecode.javacv.cpp.opencv_imgproc.cvCvtColor(Lcom/googlecode/javacv/cpp/opencv_core$CvArr;Lcom/googlecode/javacv/cpp/opencv_core$CvArr;I)V+0
j  jhandcontrol.data.JFrameHand.getYCrCbImage()Lcom/googlecode/javacv/cpp/opencv_core$IplImage;+28
j  jhandcontrol.data.JFrameHand.getBinaryImage()Lcom/googlecode/javacv/cpp/opencv_core$IplImage;+20
j  jhandcontrol.data.JHandDetection.detect(Ljhandcontrol/data/JFrameHand;)Ljava/util/ArrayList;+25
j  jhandcontrol.data.JFrameHand.getHands()Ljava/util/ArrayList;+8
j  jhandcontrol.calibrator.Calibrator.updateImage(Ljhandcontrol/data/JFrameHand;Z)V+324
j  jhandcontrol.calibrator.Calibrator.run()V+58
v  ~StubRoutines::call_stub

---------------  P R O C E S S  ---------------

Java Threads: ( => current thread )
  0x0000000005e56000 JavaThread "TimerQueue" daemon [_thread_blocked, id=6464, stack(0x000000000b490000,0x000000000b590000)]
  0x0000000005e55800 JavaThread "AWT-EventQueue-0" [_thread_blocked, id=9956, stack(0x00000000092d0000,0x00000000093d0000)]
  0x0000000005e54800 JavaThread "AWT-Windows" daemon [_thread_blocked, id=10292, stack(0x00000000091d0000,0x00000000092d0000)]
  0x0000000005e54000 JavaThread "AWT-Shutdown" [_thread_blocked, id=9196, stack(0x00000000090d0000,0x00000000091d0000)]
  0x0000000005e53000 JavaThread "Java2D Disposer" daemon [_thread_blocked, id=12576, stack(0x0000000008fd0000,0x00000000090d0000)]
  0x0000000005e52800 JavaThread "Thread-0" [_thread_blocked, id=10176, stack(0x0000000008df0000,0x0000000008ef0000)]
=>0x0000000005e51800 JavaThread "Thread-3" [_thread_in_native, id=8916, stack(0x0000000006e40000,0x0000000006f40000)]
  0x0000000005e51000 JavaThread "Low Memory Detector" daemon [_thread_blocked, id=8760, stack(0x00000000066c0000,0x00000000067c0000)]
  0x0000000005e40800 JavaThread "C2 CompilerThread1" daemon [_thread_blocked, id=12484, stack(0x00000000065c0000,0x00000000066c0000)]
  0x0000000005e3b800 JavaThread "C2 CompilerThread0" daemon [_thread_blocked, id=9204, stack(0x00000000064c0000,0x00000000065c0000)]
  0x0000000005e3a000 JavaThread "Attach Listener" daemon [_thread_blocked, id=9124, stack(0x00000000063c0000,0x00000000064c0000)]
  0x0000000005e36000 JavaThread "Signal Dispatcher" daemon [_thread_blocked, id=5248, stack(0x00000000062c0000,0x00000000063c0000)]
  0x0000000005de2000 JavaThread "Finalizer" daemon [_thread_blocked, id=6044, stack(0x00000000061c0000,0x00000000062c0000)]
  0x0000000005dda800 JavaThread "Reference Handler" daemon [_thread_blocked, id=9572, stack(0x00000000060c0000,0x00000000061c0000)]
  0x00000000001eb800 JavaThread "main" [_thread_blocked, id=6800, stack(0x0000000002600000,0x0000000002700000)]

Other Threads:
  0x0000000005dd4000 VMThread [stack: 0x0000000005fc0000,0x00000000060c0000] [id=12616]
  0x0000000005e6d000 WatcherThread [stack: 0x00000000067c0000,0x00000000068c0000] [id=12844]

VM state:at safepoint (normal execution)

VM Mutex/Monitor currently owned by a thread:  ([mutex/lock_event])
[0x00000000001e9cf0] Threads_lock - owner thread: 0x0000000005dd4000
[0x00000000001ea1f0] Heap_lock - owner thread: 0x0000000005e52800

Heap
 def new generation   total 38720K, used 688K [0x000000077d000000, 0x000000077fa00000, 0x00000007a6f50000)
  eden space 34432K,   2% used [0x000000077d000000, 0x000000077d0ac2a8, 0x000000077f1a0000)
  from space 4288K,   0% used [0x000000077f1a0000, 0x000000077f1a0000, 0x000000077f5d0000)
  to   space 4288K,   0% used [0x000000077f5d0000, 0x000000077f5d0000, 0x000000077fa00000)
 tenured generation   total 85888K, used 12672K [0x00000007a6f50000, 0x00000007ac330000, 0x00000007fae00000)
   the space 85888K,  14% used [0x00000007a6f50000, 0x00000007a7bb0040, 0x00000007a6fa8000, 0x00000007ac330000)
 compacting perm gen  total 21248K, used 13414K [0x00000007fae00000, 0x00000007fc2c0000, 0x0000000800000000)
   the space 21248K,  63% used [0x00000007fae00000, 0x00000007fbb19978, 0x00000007fbb19a00, 0x00000007fc2c0000)
No shared spaces configured.

Code Cache  [0x0000000002700000, 0x0000000002970000, 0x0000000005700000)
 total_blobs=493 nmethods=37 adapters=417 free_code_cache=49702848 largest_free_block=12096

Dynamic libraries:
0x0000000000400000 - 0x000000000042f000 	C:\Program Files\Java\jdk1.6.0_37\bin\java.exe
0x0000000077040000 - 0x00000000771e9000 	C:\Windows\SYSTEM32\ntdll.dll
0x0000000076960000 - 0x0000000076a7f000 	C:\Windows\system32\kernel32.dll
0x000007fefd800000 - 0x000007fefd86c000 	C:\Windows\system32\KERNELBASE.dll
0x000007fefede0000 - 0x000007fefeebb000 	C:\Windows\system32\ADVAPI32.dll
0x000007fefec70000 - 0x000007fefed0f000 	C:\Windows\system32\msvcrt.dll
0x000007fefec40000 - 0x000007fefec5f000 	C:\Windows\SYSTEM32\sechost.dll
0x000007feff0d0000 - 0x000007feff1fd000 	C:\Windows\system32\RPCRT4.dll
0x000000006d8b0000 - 0x000000006e06b000 	C:\Program Files\Java\jdk1.6.0_37\jre\bin\server\jvm.dll
0x0000000076df0000 - 0x0000000076eea000 	C:\Windows\system32\USER32.dll
0x000007feff220000 - 0x000007feff287000 	C:\Windows\system32\GDI32.dll
0x000007feff310000 - 0x000007feff31e000 	C:\Windows\system32\LPK.dll
0x000007fefed10000 - 0x000007fefedd9000 	C:\Windows\system32\USP10.dll
0x000007fefaff0000 - 0x000007fefb02b000 	C:\Windows\system32\WINMM.dll
0x000007feff320000 - 0x000007feff34e000 	C:\Windows\system32\IMM32.DLL
0x000007fefdb20000 - 0x000007fefdc29000 	C:\Windows\system32\MSCTF.dll
0x000007fefd460000 - 0x000007fefd4a0000 	C:\Windows\system32\nvinitx.dll
0x000000006d820000 - 0x000000006d82e000 	C:\Program Files\Java\jdk1.6.0_37\jre\bin\verify.dll
0x000000006d450000 - 0x000000006d477000 	C:\Program Files\Java\jdk1.6.0_37\jre\bin\java.dll
0x000000006d870000 - 0x000000006d882000 	C:\Program Files\Java\jdk1.6.0_37\jre\bin\zip.dll
0x0000000074470000 - 0x0000000074542000 	C:\Windows\System32\msvcr100.dll
0x0000000072590000 - 0x0000000072628000 	C:\Windows\System32\msvcp100.dll
0x000007fee5270000 - 0x000007fee54c8000 	C:\Users\Fernando\AppData\Local\Temp\javacpp33804721051456\opencv_core243.dll
0x000007fef5510000 - 0x000007fef55a5000 	C:\Users\Fernando\AppData\Local\Temp\javacpp33804721051456\jniopencv_core.dll
0x000007fefd870000 - 0x000007fefda73000 	C:\Windows\System32\ole32.dll
0x000007fefef40000 - 0x000007feff017000 	C:\Windows\System32\oleaut32.dll
0x000007fef7670000 - 0x000007fef768e000 	C:\Users\Fernando\AppData\Local\Temp\javacpp33804721051456\jnivideoInputLib.dll
0x000007fefd350000 - 0x000007fefd35f000 	C:\Windows\system32\CRYPTBASE.dll
0x000007fefda80000 - 0x000007fefdb19000 	C:\Windows\system32\CLBCatQ.DLL
0x000007fefdc30000 - 0x000007fefde07000 	C:\Windows\system32\setupapi.dll
0x000007fefd550000 - 0x000007fefd586000 	C:\Windows\system32\CFGMGR32.dll
0x000007fefd590000 - 0x000007fefd5aa000 	C:\Windows\system32\DEVOBJ.dll
0x000007fefb160000 - 0x000007fefb18d000 	C:\Windows\system32\ntmarta.dll
0x000007feff020000 - 0x000007feff072000 	C:\Windows\system32\WLDAP32.dll
0x000007fefd5b0000 - 0x000007fefd5e9000 	C:\Windows\system32\WINTRUST.dll
0x000007fefd690000 - 0x000007fefd7fa000 	C:\Windows\system32\CRYPT32.dll
0x000007fefd540000 - 0x000007fefd54f000 	C:\Windows\system32\MSASN1.dll
0x000007fef71d0000 - 0x000007fef71dd000 	C:\Windows\system32\msdmo.dll
0x000007fef7030000 - 0x000007fef7046000 	C:\Windows\system32\devenum.dll
0x000007fef75b0000 - 0x000007fef75df000 	C:\Windows\system32\qcap.dll
0x000007fee50b0000 - 0x000007fee5262000 	C:\Windows\system32\quartz.dll
0x000007fefde10000 - 0x000007fefeb98000 	C:\Windows\system32\SHELL32.dll
0x000007fefeec0000 - 0x000007fefef31000 	C:\Windows\system32\SHLWAPI.dll
0x000007fefbc00000 - 0x000007fefbc56000 	C:\Windows\system32\uxtheme.dll
0x000007fef7050000 - 0x000007fef7057000 	c:\PROGRA~2\mcafee\SITEAD~1\x64\saHook.dll
0x000007fefbc80000 - 0x000007fefbc98000 	C:\Windows\system32\dwmapi.dll
0x000007feeb280000 - 0x000007feeb2c1000 	C:\Windows\system32\ksproxy.ax
0x0000000074410000 - 0x0000000074416000 	C:\Windows\system32\ksuser.dll
0x000007fee6540000 - 0x000007fee673f000 	C:\Windows\system32\d3d9.dll
0x000007fefc550000 - 0x000007fefc55c000 	C:\Windows\system32\VERSION.dll
0x000007fee6530000 - 0x000007fee6537000 	C:\Windows\system32\d3d8thk.dll
0x000007fef7630000 - 0x000007fef763b000 	C:\Windows\system32\vidcap.ax
0x000007feeb250000 - 0x000007feeb274000 	C:\Windows\system32\kswdmcap.ax
0x000007fee5880000 - 0x000007fee59dc000 	C:\Windows\system32\MFC42.dll
0x000007fee7170000 - 0x000007fee7221000 	C:\Windows\system32\ODBC32.dll
0x000007fefbe60000 - 0x000007fefc054000 	C:\Windows\WinSxS\amd64_microsoft.windows.common-controls_6595b64144ccf1df_6.0.7601.17514_none_fa396087175ac9ac\COMCTL32.dll
0x00000000588a0000 - 0x00000000588d8000 	C:\Windows\system32\odbcint.dll
0x000007fee45e0000 - 0x000007fee467b000 	C:\Windows\System32\qedit.dll
0x000007feeb0f0000 - 0x000007feeb119000 	C:\Windows\System32\MSVFW32.dll
0x000007fefeba0000 - 0x000007fefec37000 	C:\Windows\system32\COMDLG32.dll
0x000007fefb900000 - 0x000007fefbb16000 	C:\Windows\WinSxS\amd64_microsoft.windows.gdiplus_6595b64144ccf1df_1.1.7601.17825_none_2b253c8271ec7765\gdiplus.dll
0x000007fef5930000 - 0x000007fef5a21000 	C:\Windows\system32\DDRAW.dll
0x000007fefb6a0000 - 0x000007fefb6a8000 	C:\Windows\system32\DCIMAN32.dll
0x000007fef7620000 - 0x000007fef762b000 	C:\Windows\system32\msyuv.dll
0x000000006d0a0000 - 0x000000006d264000 	C:\Program Files\Java\jdk1.6.0_37\jre\bin\awt.dll
0x000007fefa700000 - 0x000007fefa771000 	C:\Windows\system32\WINSPOOL.DRV
0x000000006d340000 - 0x000000006d3a7000 	C:\Program Files\Java\jdk1.6.0_37\jre\bin\fontmanager.dll
0x000007fee4330000 - 0x000007fee45d5000 	C:\Users\Fernando\AppData\Local\Temp\javacpp33804721051456\opencv_imgproc243.dll
0x000007feeb0a0000 - 0x000007feeb0e8000 	C:\Users\Fernando\AppData\Local\Temp\javacpp33804721051456\jniopencv_imgproc.dll
0x000000006d6b0000 - 0x000000006d6c7000 	C:\Program Files\Java\jdk1.6.0_37\jre\bin\net.dll
0x000007feff080000 - 0x000007feff0cd000 	C:\Windows\system32\WS2_32.dll
0x000007fefec60000 - 0x000007fefec68000 	C:\Windows\system32\NSI.dll
0x000007fefcc90000 - 0x000007fefcce5000 	C:\Windows\system32\mswsock.dll
0x000007fefcc80000 - 0x000007fefcc87000 	C:\Windows\System32\wship6.dll
0x000000006d6d0000 - 0x000000006d6db000 	C:\Program Files\Java\jdk1.6.0_37\jre\bin\nio.dll
0x000007fefccf0000 - 0x000007fefcd07000 	C:\Windows\system32\CRYPTSP.dll
0x000007fefc9f0000 - 0x000007fefca37000 	C:\Windows\system32\rsaenh.dll
0x000007fefd400000 - 0x000007fefd414000 	C:\Windows\system32\RpcRtRemote.dll
0x000000006d2b0000 - 0x000000006d2d8000 	C:\Program Files\Java\jdk1.6.0_37\jre\bin\dcpr.dll
0x0000000077210000 - 0x0000000077217000 	C:\Windows\system32\PSAPI.DLL

VM Arguments:
jvm_args: -Dfile.encoding=UTF-8 -Xcheck:jni -XX:-UseParallelGC -XX:-UseConcMarkSweepGC 
java_command: jhandcontrol.demo.Demonstration
Launcher Type: SUN_STANDARD

Environment Variables:
PATH=C:\Perl\site\bin;C:\Perl\bin;C:\Program Files\Common Files\Microsoft Shared\Windows Live;C:\Program Files (x86)\Common Files\Microsoft Shared\Windows Live;C:\Program Files (x86)\Intel\iCLS Client\;C:\Program Files\Intel\iCLS Client\;C:\Windows\system32;C:\Windows;C:\Windows\System32\Wbem;C:\Windows\System32\WindowsPowerShell\v1.0\;C:\Program Files (x86)\Windows Live\Shared;C:\vagrant\vagrant\bin;C:\Python27\;C:\Python27\Scripts\;C:\cygwin\bin\;C:\cygwin\usr\bin\;C:\cygwin\usr\local\bin\;C:\mongodb\bin\;C:\Program Files\nodejs\;C:\Ruby192\bin;C:\Users\Fernando\AppData\Roaming\npm\
USERNAME=Fernando
OS=Windows_NT
PROCESSOR_IDENTIFIER=Intel64 Family 6 Model 58 Stepping 9, GenuineIntel



---------------  S Y S T E M  ---------------

OS: Windows 7 , 64 bit Build 7601 Service Pack 1

CPU:total 8 (4 cores per cpu, 2 threads per core) family 6 model 58 stepping 9, cmov, cx8, fxsr, mmx, sse, sse2, sse3, ssse3, sse4.1, sse4.2, popcnt, ht

Memory: 4k page, physical 8244064k(2840576k free), swap 16486276k(8853732k free)

vm_info: Java HotSpot(TM) 64-Bit Server VM (20.12-b01) for windows-amd64 JRE (1.6.0_37-b06), built on Sep 24 2012 11:45:14 by "java_re" with MS VC++ 8.0 (VS2005)

time: Sun Dec 09 20:20:56 2012
elapsed time: 46 seconds

