#
# A fatal error has been detected by the Java Runtime Environment:
#
#  EXCEPTION_ACCESS_VIOLATION (0xc0000005) at pc=0x000007fee2613906, pid=8316, tid=8428
#
# JRE version: 6.0_37-b06
# Java VM: Java HotSpot(TM) 64-Bit Server VM (20.12-b01 mixed mode windows-amd64 compressed oops)
# Problematic frame:
# C  [opencv_core243.dll+0x63906]
#
# If you would like to submit a bug report, please visit:
#   http://java.sun.com/webapps/bugreport/crash.jsp
# The crash happened outside the Java Virtual Machine in native code.
# See problematic frame for where to report the bug.
#

---------------  T H R E A D  ---------------

Current thread (0x000000000656f800):  JavaThread "Thread-3" [_thread_in_native, id=8428, stack(0x0000000007d20000,0x0000000007e20000)]

siginfo: ExceptionCode=0xc0000005, reading address 0x0000008042995020

Registers:
RAX=0x0000d3aea3dc0c3e, RBX=0x0000000007e1ee90, RCX=0x000000000fe9ff18, RDX=0x000000000fe9ff98
RSP=0x0000000007e1ec80, RBP=0x0000000007e1ed80, RSI=0x0000000000000001, RDI=0x000000000fe9ff18
R8 =0x0000000000000001, R9 =0x000000804299500c, R10=0x000000000fe9ffb8, R11=0x0000000007e1ee20
R12=0x0000000000000000, R13=0x0000000000000117, R14=0x0000000000000000, R15=0x0000000013e0d2c0
RIP=0x000007fee2613906, EFLAGS=0x0000000000010202

Top of Stack: (sp=0x0000000007e1ec80)
0x0000000007e1ec80:   0000000007e1ed90 000007fee2613745
0x0000000007e1ec90:   0000000000000008 0000000007e1eee0
0x0000000007e1eca0:   0000000000000000 0000000007e1eee0
0x0000000007e1ecb0:   fffffffffffffffe 000007fee2626c3f
0x0000000007e1ecc0:   fffffffffffffffe 000000000fe9fd00
0x0000000007e1ecd0:   0000000007e1ef08 000000006d942613
0x0000000007e1ece0:   0000011600000170 0000011600000002
0x0000000007e1ecf0:   0000000007e1ed98 000000000656f800
0x0000000007e1ed00:   0000000007e1ee28 0000000002372e8c
0x0000000007e1ed10:   0000000002364ed0 0000000000000000
0x0000000007e1ed20:   0000000007e1ee68 0000000007e1ee28
0x0000000007e1ed30:   000000000656f800 0000000002372e8c
0x0000000007e1ed40:   0000d3aea3dc0aae 0000000000000000
0x0000000007e1ed50:   3fe0000000000000 0000000000000000
0x0000000007e1ed60:   000000003f800000 0000000000000000
0x0000000007e1ed70:   000000003f800000 0000000000000000 

Instructions: (pc=0x000007fee2613906)
0x000007fee26138e6:   60 00 c7 03 40 00 00 00 48 89 7b 08 48 8b 57 58
0x000007fee26138f6:   48 85 d2 74 5f 4c 8b 0a 4c 8b 52 18 4c 89 53 18
0x000007fee2613906:   41 8b 41 14 ff c8 0f af 47 2c 4c 63 c0 4d 03 41
0x000007fee2613916:   18 4c 89 43 38 48 8b 47 58 8b 48 10 89 4b 30 85 


Register to memory mapping:

RAX=0x0000d3aea3dc0c3e is an unknown value
RBX=0x0000000007e1ee90 is pointing into the stack for thread: 0x000000000656f800
RCX=0x000000000fe9ff18 is an unknown value
RDX=0x000000000fe9ff98 is an unknown value
RSP=0x0000000007e1ec80 is pointing into the stack for thread: 0x000000000656f800
RBP=0x0000000007e1ed80 is pointing into the stack for thread: 0x000000000656f800
RSI=0x0000000000000001 is an unknown value
RDI=0x000000000fe9ff18 is an unknown value
R8 =0x0000000000000001 is an unknown value
R9 =0x000000804299500c is an unknown value
R10=0x000000000fe9ffb8 is an unknown value
R11=0x0000000007e1ee20 is pointing into the stack for thread: 0x000000000656f800
R12=0x0000000000000000 is an unknown value
R13=0x0000000000000117 is an unknown value
R14=0x0000000000000000 is an unknown value
R15=0x0000000013e0d2c0 is an unknown value


Stack: [0x0000000007d20000,0x0000000007e20000],  sp=0x0000000007e1ec80,  free space=1019k
Native frames: (J=compiled Java code, j=interpreted, Vv=VM code, C=native code)
C  [opencv_core243.dll+0x63906]  cvStartReadSeq+0x1a6

Java frames: (J=compiled Java code, j=interpreted, Vv=VM code)
j  com.googlecode.javacv.cpp.opencv_imgproc.cvApproxPoly(Lcom/googlecode/javacpp/Pointer;ILcom/googlecode/javacv/cpp/opencv_core$CvMemStorage;IDI)Lcom/googlecode/javacv/cpp/opencv_core$CvSeq;+0
j  jhandcontrol.data.JHandDetection.getSimplifiedContour()Lcom/googlecode/javacv/cpp/opencv_core$CvSeq;+39
j  jhandcontrol.data.JHandDetection.getStatus()Ljhandcontrol/data/HandStatus;+36
j  jhandcontrol.calibrator.Calibrator.updateImage(Ljhandcontrol/data/JFrameHand;Z)V+348
j  jhandcontrol.calibrator.Calibrator.run()V+28
v  ~StubRoutines::call_stub

---------------  P R O C E S S  ---------------

Java Threads: ( => current thread )
  0x0000000007ad1000 JavaThread "TimerQueue" daemon [_thread_blocked, id=8580, stack(0x000000000f060000,0x000000000f160000)]
  0x00000000078a4000 JavaThread "AWT-EventQueue-0" [_thread_blocked, id=8528, stack(0x000000000a140000,0x000000000a240000)]
  0x00000000077ce800 JavaThread "AWT-Windows" daemon [_thread_in_native, id=8524, stack(0x000000000a040000,0x000000000a140000)]
  0x00000000077ce000 JavaThread "AWT-Shutdown" [_thread_blocked, id=8520, stack(0x0000000009f40000,0x000000000a040000)]
  0x0000000007899800 JavaThread "Java2D Disposer" daemon [_thread_blocked, id=8516, stack(0x0000000009da0000,0x0000000009ea0000)]
  0x0000000007738800 JavaThread "Thread-0" [_thread_in_native, id=8512, stack(0x0000000009ca0000,0x0000000009da0000)]
=>0x000000000656f800 JavaThread "Thread-3" [_thread_in_native, id=8428, stack(0x0000000007d20000,0x0000000007e20000)]
  0x0000000006468800 JavaThread "Low Memory Detector" daemon [_thread_blocked, id=8412, stack(0x0000000007530000,0x0000000007630000)]
  0x0000000006458000 JavaThread "C2 CompilerThread1" daemon [_thread_blocked, id=8408, stack(0x0000000007430000,0x0000000007530000)]
  0x0000000006442000 JavaThread "C2 CompilerThread0" daemon [_thread_blocked, id=8404, stack(0x0000000007330000,0x0000000007430000)]
  0x000000000643d000 JavaThread "Attach Listener" daemon [_thread_blocked, id=8400, stack(0x0000000007230000,0x0000000007330000)]
  0x000000000643b800 JavaThread "Signal Dispatcher" daemon [_thread_blocked, id=8396, stack(0x0000000007130000,0x0000000007230000)]
  0x00000000063ea800 JavaThread "Finalizer" daemon [_thread_blocked, id=8392, stack(0x0000000007030000,0x0000000007130000)]
  0x00000000063e4000 JavaThread "Reference Handler" daemon [_thread_blocked, id=8388, stack(0x0000000006f30000,0x0000000007030000)]
  0x000000000058b800 JavaThread "main" [_thread_blocked, id=8348, stack(0x0000000002260000,0x0000000002360000)]

Other Threads:
  0x00000000063d8000 VMThread [stack: 0x0000000006e30000,0x0000000006f30000] [id=8384]
  0x000000000647a000 WatcherThread [stack: 0x0000000007630000,0x0000000007730000] [id=8416]

VM state:not at safepoint (normal execution)

VM Mutex/Monitor currently owned by a thread: None

Heap
 PSYoungGen      total 37632K, used 35320K [0x00000007d60b0000, 0x00000007d9bb0000, 0x0000000800000000)
  eden space 32320K, 92% used [0x00000007d60b0000,0x00000007d7dff628,0x00000007d8040000)
  from space 5312K, 99% used [0x00000007d8040000,0x00000007d856ed80,0x00000007d8570000)
  to   space 5312K, 0% used [0x00000007d9680000,0x00000007d9680000,0x00000007d9bb0000)
 PSOldGen        total 120512K, used 63735K [0x0000000782200000, 0x00000007897b0000, 0x00000007d60b0000)
  object space 120512K, 52% used [0x0000000782200000,0x000000078603dff8,0x00000007897b0000)
 PSPermGen       total 26944K, used 13336K [0x000000077d000000, 0x000000077ea50000, 0x0000000782200000)
  object space 26944K, 49% used [0x000000077d000000,0x000000077dd061b8,0x000000077ea50000)

Code Cache  [0x0000000002360000, 0x00000000025d0000, 0x0000000005360000)
 total_blobs=501 nmethods=36 adapters=418 free_code_cache=49704768 largest_free_block=14464

Dynamic libraries:
0x0000000000400000 - 0x000000000042f000 	C:\Program Files\Java\jdk1.6.0_37\bin\java.exe
0x0000000076f70000 - 0x0000000077119000 	C:\Windows\SYSTEM32\ntdll.dll
0x0000000076ba0000 - 0x0000000076cbf000 	C:\Windows\system32\kernel32.dll
0x000007fefd480000 - 0x000007fefd4ec000 	C:\Windows\system32\KERNELBASE.dll
0x000007fefd870000 - 0x000007fefd94b000 	C:\Windows\system32\ADVAPI32.dll
0x000007fefdb50000 - 0x000007fefdbef000 	C:\Windows\system32\msvcrt.dll
0x000007fefd9d0000 - 0x000007fefd9ef000 	C:\Windows\SYSTEM32\sechost.dll
0x000007fefda20000 - 0x000007fefdb4d000 	C:\Windows\system32\RPCRT4.dll
0x000000006d8b0000 - 0x000000006e06b000 	C:\Program Files\Java\jdk1.6.0_37\jre\bin\server\jvm.dll
0x0000000076aa0000 - 0x0000000076b9a000 	C:\Windows\system32\USER32.dll
0x000007fefea30000 - 0x000007fefea97000 	C:\Windows\system32\GDI32.dll
0x000007fefec90000 - 0x000007fefec9e000 	C:\Windows\system32\LPK.dll
0x000007fefd7a0000 - 0x000007fefd869000 	C:\Windows\system32\USP10.dll
0x000007fefaf80000 - 0x000007fefafbb000 	C:\Windows\system32\WINMM.dll
0x000007fefd9f0000 - 0x000007fefda1e000 	C:\Windows\system32\IMM32.DLL
0x000007fefeaa0000 - 0x000007fefeba9000 	C:\Windows\system32\MSCTF.dll
0x000007fefd350000 - 0x000007fefd390000 	C:\Windows\system32\nvinitx.dll
0x000000006d820000 - 0x000000006d82e000 	C:\Program Files\Java\jdk1.6.0_37\jre\bin\verify.dll
0x000000006d450000 - 0x000000006d477000 	C:\Program Files\Java\jdk1.6.0_37\jre\bin\java.dll
0x000000006d870000 - 0x000000006d882000 	C:\Program Files\Java\jdk1.6.0_37\jre\bin\zip.dll
0x0000000074390000 - 0x0000000074462000 	C:\Windows\System32\msvcr100.dll
0x0000000072100000 - 0x0000000072198000 	C:\Windows\System32\msvcp100.dll
0x000007fee25b0000 - 0x000007fee2808000 	C:\opencv\build\x64\vc10\bin\opencv_core243.dll
0x000007fef9970000 - 0x000007fef9a05000 	C:\Users\Fernando\AppData\Local\Temp\javacpp1693248085579\jniopencv_core.dll
0x000007feff070000 - 0x000007feff273000 	C:\Windows\System32\ole32.dll
0x000007fefebb0000 - 0x000007fefec87000 	C:\Windows\System32\oleaut32.dll
0x000007fef9950000 - 0x000007fef996e000 	C:\Users\Fernando\AppData\Local\Temp\javacpp1693248085579\jnivideoInputLib.dll
0x000007fefd280000 - 0x000007fefd28f000 	C:\Windows\system32\CRYPTBASE.dll
0x000007fefed90000 - 0x000007fefee29000 	C:\Windows\system32\CLBCatQ.DLL
0x000007fefee90000 - 0x000007feff067000 	C:\Windows\system32\setupapi.dll
0x000007fefd760000 - 0x000007fefd796000 	C:\Windows\system32\CFGMGR32.dll
0x000007fefd740000 - 0x000007fefd75a000 	C:\Windows\system32\DEVOBJ.dll
0x000007fefb240000 - 0x000007fefb26d000 	C:\Windows\system32\ntmarta.dll
0x000007fefee30000 - 0x000007fefee82000 	C:\Windows\system32\WLDAP32.dll
0x000007fefd590000 - 0x000007fefd5c9000 	C:\Windows\system32\WINTRUST.dll
0x000007fefd5d0000 - 0x000007fefd73a000 	C:\Windows\system32\CRYPT32.dll
0x000007fefd470000 - 0x000007fefd47f000 	C:\Windows\system32\MSASN1.dll
0x000007feed630000 - 0x000007feed63d000 	C:\Windows\system32\msdmo.dll
0x000007feed660000 - 0x000007feed676000 	C:\Windows\system32\devenum.dll
0x000007fef9920000 - 0x000007fef994f000 	C:\Windows\system32\qcap.dll
0x000007fee9c40000 - 0x000007fee9df2000 	C:\Windows\system32\quartz.dll
0x000007fefdca0000 - 0x000007fefea28000 	C:\Windows\system32\SHELL32.dll
0x000007fefdbf0000 - 0x000007fefdc61000 	C:\Windows\system32\SHLWAPI.dll
0x000007fefbb90000 - 0x000007fefbbe6000 	C:\Windows\system32\uxtheme.dll
0x000007fef8070000 - 0x000007fef8077000 	c:\PROGRA~2\mcafee\SITEAD~1\x64\saHook.dll
0x000007fefb760000 - 0x000007fefb778000 	C:\Windows\system32\dwmapi.dll
0x000007feeac50000 - 0x000007feeac91000 	C:\Windows\system32\ksproxy.ax
0x0000000074490000 - 0x0000000074496000 	C:\Windows\system32\ksuser.dll
0x000007feea720000 - 0x000007feea91f000 	C:\Windows\system32\d3d9.dll
0x000007fefc480000 - 0x000007fefc48c000 	C:\Windows\system32\VERSION.dll
0x000007fef7570000 - 0x000007fef7577000 	C:\Windows\system32\d3d8thk.dll
0x000007fef9f70000 - 0x000007fef9f7b000 	C:\Windows\system32\vidcap.ax
0x000007fee9c10000 - 0x000007fee9c34000 	C:\Windows\system32\kswdmcap.ax
0x000007fee5520000 - 0x000007fee567c000 	C:\Windows\system32\MFC42.dll
0x000007fee6d30000 - 0x000007fee6de1000 	C:\Windows\system32\ODBC32.dll
0x000007fefbd70000 - 0x000007fefbf64000 	C:\Windows\WinSxS\amd64_microsoft.windows.common-controls_6595b64144ccf1df_6.0.7601.17514_none_fa396087175ac9ac\COMCTL32.dll
0x0000000073620000 - 0x0000000073658000 	C:\Windows\system32\odbcint.dll
0x000007fee6c90000 - 0x000007fee6d2b000 	C:\Windows\System32\qedit.dll
0x000007fee8aa0000 - 0x000007fee8ac9000 	C:\Windows\System32\MSVFW32.dll
0x000007fefecf0000 - 0x000007fefed87000 	C:\Windows\system32\COMDLG32.dll
0x000007fefb970000 - 0x000007fefbb86000 	C:\Windows\WinSxS\amd64_microsoft.windows.gdiplus_6595b64144ccf1df_1.1.7601.17825_none_2b253c8271ec7765\gdiplus.dll
0x000007feee7e0000 - 0x000007feee8d1000 	C:\Windows\system32\DDRAW.dll
0x000007fefb550000 - 0x000007fefb558000 	C:\Windows\system32\DCIMAN32.dll
0x000007fef9910000 - 0x000007fef991b000 	C:\Windows\system32\msyuv.dll
0x000000006d0a0000 - 0x000000006d264000 	C:\Program Files\Java\jdk1.6.0_37\jre\bin\awt.dll
0x000007fefa650000 - 0x000007fefa6c1000 	C:\Windows\system32\WINSPOOL.DRV
0x000000006d340000 - 0x000000006d3a7000 	C:\Program Files\Java\jdk1.6.0_37\jre\bin\fontmanager.dll
0x000007fee4d30000 - 0x000007fee4fd5000 	C:\opencv\build\x64\vc10\bin\opencv_imgproc243.dll
0x000007fee78b0000 - 0x000007fee78f8000 	C:\Users\Fernando\AppData\Local\Temp\javacpp1693248085579\jniopencv_imgproc.dll
0x000000006d6b0000 - 0x000000006d6c7000 	C:\Program Files\Java\jdk1.6.0_37\jre\bin\net.dll
0x000007fefeca0000 - 0x000007fefeced000 	C:\Windows\system32\WS2_32.dll
0x000007fefdc70000 - 0x000007fefdc78000 	C:\Windows\system32\NSI.dll
0x000007fefcbc0000 - 0x000007fefcc15000 	C:\Windows\system32\mswsock.dll
0x000007fefcbb0000 - 0x000007fefcbb7000 	C:\Windows\System32\wship6.dll
0x000000006d6d0000 - 0x000000006d6db000 	C:\Program Files\Java\jdk1.6.0_37\jre\bin\nio.dll
0x000007fefcc20000 - 0x000007fefcc37000 	C:\Windows\system32\CRYPTSP.dll
0x000007fefc920000 - 0x000007fefc967000 	C:\Windows\system32\rsaenh.dll
0x000007fefd330000 - 0x000007fefd344000 	C:\Windows\system32\RpcRtRemote.dll
0x000000006d2b0000 - 0x000000006d2d8000 	C:\Program Files\Java\jdk1.6.0_37\jre\bin\dcpr.dll
0x0000000077140000 - 0x0000000077147000 	C:\Windows\system32\PSAPI.DLL

VM Arguments:
jvm_args: -Dfile.encoding=UTF-8 
java_command: jhandcontrol.demo.Demonstration
Launcher Type: SUN_STANDARD

Environment Variables:
PATH=C:\Perl\site\bin;C:\Perl\bin;C:\Program Files\Common Files\Microsoft Shared\Windows Live;C:\Program Files (x86)\Common Files\Microsoft Shared\Windows Live;C:\Program Files (x86)\Intel\iCLS Client\;C:\Program Files\Intel\iCLS Client\;C:\Windows\system32;C:\Windows;C:\Windows\System32\Wbem;C:\Windows\System32\WindowsPowerShell\v1.0\;C:\Program Files (x86)\Windows Live\Shared;C:\vagrant\vagrant\bin;C:\Python27\;C:\Python27\Scripts\;C:\cygwin\bin\;C:\cygwin\usr\bin\;C:\cygwin\usr\local\bin\;C:\mongodb\bin\;C:\Program Files\nodejs\;C:\Ruby192\bin;C:\Users\Fernando\AppData\Roaming\npm\
USERNAME=Fernando
OS=Windows_NT
PROCESSOR_IDENTIFIER=Intel64 Family 6 Model 58 Stepping 9, GenuineIntel



---------------  S Y S T E M  ---------------

OS: Windows 7 , 64 bit Build 7601 Service Pack 1

CPU:total 8 (4 cores per cpu, 2 threads per core) family 6 model 58 stepping 9, cmov, cx8, fxsr, mmx, sse, sse2, sse3, ssse3, sse4.1, sse4.2, popcnt, ht

Memory: 4k page, physical 8244064k(4521760k free), swap 16486276k(11340716k free)

vm_info: Java HotSpot(TM) 64-Bit Server VM (20.12-b01) for windows-amd64 JRE (1.6.0_37-b06), built on Sep 24 2012 11:45:14 by "java_re" with MS VC++ 8.0 (VS2005)

time: Thu Dec 06 10:37:21 2012
elapsed time: 8 seconds

