#
# A fatal error has been detected by the Java Runtime Environment:
#
#  EXCEPTION_ACCESS_VIOLATION (0xc0000005) at pc=0x000007feeb11946b, pid=3860, tid=12492
#
# JRE version: 6.0_37-b06
# Java VM: Java HotSpot(TM) 64-Bit Server VM (20.12-b01 mixed mode windows-amd64 compressed oops)
# Problematic frame:
# C  [opencv_core243.dll+0x6946b]
#
# If you would like to submit a bug report, please visit:
#   http://java.sun.com/webapps/bugreport/crash.jsp
# The crash happened outside the Java Virtual Machine in native code.
# See problematic frame for where to report the bug.
#

---------------  T H R E A D  ---------------

Current thread (0x0000000005f28000):  JavaThread "Thread-3" [_thread_in_native, id=12492, stack(0x0000000006f20000,0x0000000007020000)]

siginfo: ExceptionCode=0xc0000005, reading address 0x00000119000001a2

Registers:
RAX=0x0000011900000182, RBX=0x000000000701f198, RCX=0x0000000000000001, RDX=0x0000000000000000
RSP=0x000000000701eeb0, RBP=0x000000000701efb0, RSI=0x0000000000000000, RDI=0x0000000000000000
R8 =0x0000000000000000, R9 =0x0000011900000182, R10=0x0000000000000000, R11=0x000000000701f030
R12=0x00000000093d6628, R13=0x00000000ffffffff, R14=0x0000000000000000, R15=0x00000000093d6628
RIP=0x000007feeb11946b, EFLAGS=0x0000000000010206

Top of Stack: (sp=0x000000000701eeb0)
0x000000000701eeb0:   000000077d0c8048 00000000027f15a8
0x000000000701eec0:   fffffffffffffffe 0000000005ef5008
0x000000000701eed0:   fffffffffffffffe 000000006d99acaa
0x000000000701eee0:   fffffffffffffffe 000000077d0c8048
0x000000000701eef0:   000000000701f0d8 00000000027dbdc8
0x000000000701ef00:   0000000000000001 0000000000000000
0x000000000701ef10:   000000077d0c8048 00000000027945e4
0x000000000701ef20:   000007feeb011b30 00000000026f5b22
0x000000000701ef30:   0000000007a64a30 00000000026f5b22
0x000000000701ef40:   000000006da9a9c0 000000006da9a9a5
0x000000000701ef50:   000000000701efd0 00000000026f0524
0x000000000701ef60:   00000000026f0524 000007feeb011b30
0x000000000701ef70:   000000006da912d2 0000000000000001
0x000000000701ef80:   0000000007a64a30 0000000006d70620
0x000000000701ef90:   000000077d0c8048 0000000000000006
0x000000000701efa0:   000000000701f330 0000000005ef4c68 

Instructions: (pc=0x000007feeb11946b)
0x000007feeb11944b:   c7 44 24 78 0f 00 00 00 48 89 7c 24 70 c6 44 24
0x000007feeb11945b:   60 00 48 8b 03 4c 8b c8 8b 4b 08 48 85 c0 74 43
0x000007feeb11946b:   48 8b 50 20 48 85 d2 74 12 44 8d 41 01 44 3b 43
0x000007feeb11947b:   0c 7d 08 48 8b c2 41 8b c8 eb 28 48 83 78 10 00 


Register to memory mapping:

RAX=0x0000011900000182 is an unknown value
RBX=0x000000000701f198 is pointing into the stack for thread: 0x0000000005f28000
RCX=0x0000000000000001 is an unknown value
RDX=0x0000000000000000 is an unknown value
RSP=0x000000000701eeb0 is pointing into the stack for thread: 0x0000000005f28000
RBP=0x000000000701efb0 is pointing into the stack for thread: 0x0000000005f28000
RSI=0x0000000000000000 is an unknown value
RDI=0x0000000000000000 is an unknown value
R8 =0x0000000000000000 is an unknown value
R9 =0x0000011900000182 is an unknown value
R10=0x0000000000000000 is an unknown value
R11=0x000000000701f030 is pointing into the stack for thread: 0x0000000005f28000
R12=0x00000000093d6628 is an unknown value
R13=0x00000000ffffffff is an unknown value
R14=0x0000000000000000 is an unknown value
R15=0x00000000093d6628 is an unknown value


Stack: [0x0000000006f20000,0x0000000007020000],  sp=0x000000000701eeb0,  free space=1019k
Native frames: (J=compiled Java code, j=interpreted, Vv=VM code, C=native code)
C  [opencv_core243.dll+0x6946b]  cvNextTreeNode+0x16b

Java frames: (J=compiled Java code, j=interpreted, Vv=VM code)
j  com.googlecode.javacv.cpp.opencv_core.cvDrawContours(Lcom/googlecode/javacv/cpp/opencv_core$CvArr;Lcom/googlecode/javacv/cpp/opencv_core$CvSeq;Lcom/googlecode/javacv/cpp/opencv_core$CvScalar;Lcom/googlecode/javacv/cpp/opencv_core$CvScalar;IIILcom/googlecode/javacv/cpp/opencv_core$CvPoint;)V+0
j  com.googlecode.javacv.cpp.opencv_core.cvDrawContours(Lcom/googlecode/javacv/cpp/opencv_core$CvArr;Lcom/googlecode/javacv/cpp/opencv_core$CvSeq;Lcom/googlecode/javacv/cpp/opencv_core$CvScalar;Lcom/googlecode/javacv/cpp/opencv_core$CvScalar;III)V+13
j  jhandcontrol.calibrator.Calibrator.updateImage(Ljhandcontrol/data/JFrameHand;Z)V+558
j  jhandcontrol.calibrator.Calibrator.run()V+58
v  ~StubRoutines::call_stub

---------------  P R O C E S S  ---------------

Java Threads: ( => current thread )
  0x000000000ab73000 JavaThread "TimerQueue" daemon [_thread_blocked, id=10968, stack(0x000000000b2c0000,0x000000000b3c0000)]
  0x00000000069d2000 JavaThread "AWT-EventQueue-0" [_thread_blocked, id=10944, stack(0x0000000009ad0000,0x0000000009bd0000)]
  0x0000000006aab000 JavaThread "AWT-Windows" daemon [_thread_in_native, id=9232, stack(0x00000000099d0000,0x0000000009ad0000)]
  0x0000000006ab0000 JavaThread "AWT-Shutdown" [_thread_blocked, id=10592, stack(0x00000000098d0000,0x00000000099d0000)]
  0x0000000006049800 JavaThread "Java2D Disposer" daemon [_thread_blocked, id=6428, stack(0x0000000008ee0000,0x0000000008fe0000)]
  0x0000000006b27800 JavaThread "Thread-0" [_thread_in_native, id=13288, stack(0x0000000008de0000,0x0000000008ee0000)]
=>0x0000000005f28000 JavaThread "Thread-3" [_thread_in_native, id=12492, stack(0x0000000006f20000,0x0000000007020000)]
  0x0000000005efa800 JavaThread "Low Memory Detector" daemon [_thread_blocked, id=12676, stack(0x0000000006770000,0x0000000006870000)]
  0x0000000005ef2000 JavaThread "C2 CompilerThread1" daemon [_thread_blocked, id=10756, stack(0x0000000006670000,0x0000000006770000)]
  0x0000000005eed000 JavaThread "C2 CompilerThread0" daemon [_thread_blocked, id=11184, stack(0x0000000006570000,0x0000000006670000)]
  0x0000000005eeb800 JavaThread "Attach Listener" daemon [_thread_blocked, id=6212, stack(0x0000000006470000,0x0000000006570000)]
  0x0000000005ee8000 JavaThread "Signal Dispatcher" daemon [_thread_blocked, id=2396, stack(0x0000000006370000,0x0000000006470000)]
  0x0000000005e94000 JavaThread "Finalizer" daemon [_thread_blocked, id=10056, stack(0x0000000006270000,0x0000000006370000)]
  0x0000000005e8a800 JavaThread "Reference Handler" daemon [_thread_blocked, id=8656, stack(0x0000000006170000,0x0000000006270000)]
  0x00000000005eb800 JavaThread "main" [_thread_blocked, id=13276, stack(0x00000000025f0000,0x00000000026f0000)]

Other Threads:
  0x0000000005e84000 VMThread [stack: 0x0000000006070000,0x0000000006170000] [id=12324]
  0x0000000005f15800 WatcherThread [stack: 0x0000000006870000,0x0000000006970000] [id=7144]

VM state:not at safepoint (normal execution)

VM Mutex/Monitor currently owned by a thread: None

Heap
 def new generation   total 38720K, used 3443K [0x000000077d000000, 0x000000077fa00000, 0x00000007a6f50000)
  eden space 34432K,  10% used [0x000000077d000000, 0x000000077d35ce20, 0x000000077f1a0000)
  from space 4288K,   0% used [0x000000077f5d0000, 0x000000077f5d0000, 0x000000077fa00000)
  to   space 4288K,   0% used [0x000000077f1a0000, 0x000000077f1a0000, 0x000000077f5d0000)
 tenured generation   total 85888K, used 12774K [0x00000007a6f50000, 0x00000007ac330000, 0x00000007fae00000)
   the space 85888K,  14% used [0x00000007a6f50000, 0x00000007a7bc98c8, 0x00000007a7bc9a00, 0x00000007ac330000)
 compacting perm gen  total 21248K, used 13424K [0x00000007fae00000, 0x00000007fc2c0000, 0x0000000800000000)
   the space 21248K,  63% used [0x00000007fae00000, 0x00000007fbb1c2f0, 0x00000007fbb1c400, 0x00000007fc2c0000)
No shared spaces configured.

Code Cache  [0x00000000026f0000, 0x0000000002960000, 0x00000000056f0000)
 total_blobs=591 nmethods=135 adapters=417 free_code_cache=49427520 largest_free_block=190656

Dynamic libraries:
0x0000000000400000 - 0x000000000042f000 	C:\Program Files\Java\jdk1.6.0_37\bin\java.exe
0x0000000077040000 - 0x00000000771e9000 	C:\Windows\SYSTEM32\ntdll.dll
0x0000000076960000 - 0x0000000076a7f000 	C:\Windows\system32\kernel32.dll
0x000007fefd800000 - 0x000007fefd86c000 	C:\Windows\system32\KERNELBASE.dll
0x000007fefede0000 - 0x000007fefeebb000 	C:\Windows\system32\ADVAPI32.dll
0x000007fefec70000 - 0x000007fefed0f000 	C:\Windows\system32\msvcrt.dll
0x000007fefec40000 - 0x000007fefec5f000 	C:\Windows\SYSTEM32\sechost.dll
0x000007feff0d0000 - 0x000007feff1fd000 	C:\Windows\system32\RPCRT4.dll
0x000000006d8b0000 - 0x000000006e06b000 	C:\Program Files\Java\jdk1.6.0_37\jre\bin\server\jvm.dll
0x0000000076df0000 - 0x0000000076eea000 	C:\Windows\system32\USER32.dll
0x000007feff220000 - 0x000007feff287000 	C:\Windows\system32\GDI32.dll
0x000007feff310000 - 0x000007feff31e000 	C:\Windows\system32\LPK.dll
0x000007fefed10000 - 0x000007fefedd9000 	C:\Windows\system32\USP10.dll
0x000007fefaff0000 - 0x000007fefb02b000 	C:\Windows\system32\WINMM.dll
0x000007feff320000 - 0x000007feff34e000 	C:\Windows\system32\IMM32.DLL
0x000007fefdb20000 - 0x000007fefdc29000 	C:\Windows\system32\MSCTF.dll
0x000007fefd460000 - 0x000007fefd4a0000 	C:\Windows\system32\nvinitx.dll
0x000000006d820000 - 0x000000006d82e000 	C:\Program Files\Java\jdk1.6.0_37\jre\bin\verify.dll
0x000000006d450000 - 0x000000006d477000 	C:\Program Files\Java\jdk1.6.0_37\jre\bin\java.dll
0x000000006d870000 - 0x000000006d882000 	C:\Program Files\Java\jdk1.6.0_37\jre\bin\zip.dll
0x0000000074470000 - 0x0000000074542000 	C:\Windows\System32\msvcr100.dll
0x0000000072590000 - 0x0000000072628000 	C:\Windows\System32\msvcp100.dll
0x000007feeb0b0000 - 0x000007feeb308000 	C:\Users\Fernando\AppData\Local\Temp\javacpp35573104643212\opencv_core243.dll
0x000007feeb010000 - 0x000007feeb0a5000 	C:\Users\Fernando\AppData\Local\Temp\javacpp35573104643212\jniopencv_core.dll
0x000007fefd870000 - 0x000007fefda73000 	C:\Windows\System32\ole32.dll
0x000007fefef40000 - 0x000007feff017000 	C:\Windows\System32\oleaut32.dll
0x000007fef5510000 - 0x000007fef552e000 	C:\Users\Fernando\AppData\Local\Temp\javacpp35573104643212\jnivideoInputLib.dll
0x000007fefd350000 - 0x000007fefd35f000 	C:\Windows\system32\CRYPTBASE.dll
0x000007fefda80000 - 0x000007fefdb19000 	C:\Windows\system32\CLBCatQ.DLL
0x000007fefdc30000 - 0x000007fefde07000 	C:\Windows\system32\setupapi.dll
0x000007fefd550000 - 0x000007fefd586000 	C:\Windows\system32\CFGMGR32.dll
0x000007fefd590000 - 0x000007fefd5aa000 	C:\Windows\system32\DEVOBJ.dll
0x000007fefb160000 - 0x000007fefb18d000 	C:\Windows\system32\ntmarta.dll
0x000007feff020000 - 0x000007feff072000 	C:\Windows\system32\WLDAP32.dll
0x000007fefd5b0000 - 0x000007fefd5e9000 	C:\Windows\system32\WINTRUST.dll
0x000007fefd690000 - 0x000007fefd7fa000 	C:\Windows\system32\CRYPT32.dll
0x000007fefd540000 - 0x000007fefd54f000 	C:\Windows\system32\MSASN1.dll
0x000007fef71d0000 - 0x000007fef71dd000 	C:\Windows\system32\msdmo.dll
0x000007fef7030000 - 0x000007fef7046000 	C:\Windows\system32\devenum.dll
0x000007feeafe0000 - 0x000007feeb00f000 	C:\Windows\system32\qcap.dll
0x000007feeae20000 - 0x000007feeafd2000 	C:\Windows\system32\quartz.dll
0x000007fefde10000 - 0x000007fefeb98000 	C:\Windows\system32\SHELL32.dll
0x000007fefeec0000 - 0x000007fefef31000 	C:\Windows\system32\SHLWAPI.dll
0x000007fefbc00000 - 0x000007fefbc56000 	C:\Windows\system32\uxtheme.dll
0x000007fef7050000 - 0x000007fef7057000 	c:\PROGRA~2\mcafee\SITEAD~1\x64\saHook.dll
0x000007fefbc80000 - 0x000007fefbc98000 	C:\Windows\system32\dwmapi.dll
0x000007feeadd0000 - 0x000007feeae11000 	C:\Windows\system32\ksproxy.ax
0x0000000074410000 - 0x0000000074416000 	C:\Windows\system32\ksuser.dll
0x000007fee6540000 - 0x000007fee673f000 	C:\Windows\system32\d3d9.dll
0x000007fefc550000 - 0x000007fefc55c000 	C:\Windows\system32\VERSION.dll
0x000007fee6530000 - 0x000007fee6537000 	C:\Windows\system32\d3d8thk.dll
0x000007fef7680000 - 0x000007fef768b000 	C:\Windows\system32\vidcap.ax
0x000007feeada0000 - 0x000007feeadc4000 	C:\Windows\system32\kswdmcap.ax
0x000007feeac40000 - 0x000007feead9c000 	C:\Windows\system32\MFC42.dll
0x000007feeab80000 - 0x000007feeac31000 	C:\Windows\system32\ODBC32.dll
0x000007fefbe60000 - 0x000007fefc054000 	C:\Windows\WinSxS\amd64_microsoft.windows.common-controls_6595b64144ccf1df_6.0.7601.17514_none_fa396087175ac9ac\COMCTL32.dll
0x000000005f580000 - 0x000000005f5b8000 	C:\Windows\system32\odbcint.dll
0x000007feeaae0000 - 0x000007feeab7b000 	C:\Windows\System32\qedit.dll
0x000007feeaab0000 - 0x000007feeaad9000 	C:\Windows\System32\MSVFW32.dll
0x000007fefeba0000 - 0x000007fefec37000 	C:\Windows\system32\COMDLG32.dll
0x000007fefb900000 - 0x000007fefbb16000 	C:\Windows\WinSxS\amd64_microsoft.windows.gdiplus_6595b64144ccf1df_1.1.7601.17825_none_2b253c8271ec7765\gdiplus.dll
0x000007fef5930000 - 0x000007fef5a21000 	C:\Windows\system32\DDRAW.dll
0x000007fefb6a0000 - 0x000007fefb6a8000 	C:\Windows\system32\DCIMAN32.dll
0x000007fef75b0000 - 0x000007fef75bb000 	C:\Windows\system32\msyuv.dll
0x000000006d0a0000 - 0x000000006d264000 	C:\Program Files\Java\jdk1.6.0_37\jre\bin\awt.dll
0x000007fefa700000 - 0x000007fefa771000 	C:\Windows\system32\WINSPOOL.DRV
0x000000006d340000 - 0x000000006d3a7000 	C:\Program Files\Java\jdk1.6.0_37\jre\bin\fontmanager.dll
0x000007fee7320000 - 0x000007fee75c5000 	C:\Users\Fernando\AppData\Local\Temp\javacpp35573104643212\opencv_imgproc243.dll
0x000007feeaa60000 - 0x000007feeaaa8000 	C:\Users\Fernando\AppData\Local\Temp\javacpp35573104643212\jniopencv_imgproc.dll
0x000000006d6b0000 - 0x000000006d6c7000 	C:\Program Files\Java\jdk1.6.0_37\jre\bin\net.dll
0x000007feff080000 - 0x000007feff0cd000 	C:\Windows\system32\WS2_32.dll
0x000007fefec60000 - 0x000007fefec68000 	C:\Windows\system32\NSI.dll
0x000007fefcc90000 - 0x000007fefcce5000 	C:\Windows\system32\mswsock.dll
0x000007fefcc80000 - 0x000007fefcc87000 	C:\Windows\System32\wship6.dll
0x000000006d6d0000 - 0x000000006d6db000 	C:\Program Files\Java\jdk1.6.0_37\jre\bin\nio.dll
0x000007fefccf0000 - 0x000007fefcd07000 	C:\Windows\system32\CRYPTSP.dll
0x000007fefc9f0000 - 0x000007fefca37000 	C:\Windows\system32\rsaenh.dll
0x000007fefd400000 - 0x000007fefd414000 	C:\Windows\system32\RpcRtRemote.dll
0x000000006d2b0000 - 0x000000006d2d8000 	C:\Program Files\Java\jdk1.6.0_37\jre\bin\dcpr.dll
0x0000000077210000 - 0x0000000077217000 	C:\Windows\system32\PSAPI.DLL

VM Arguments:
jvm_args: -Dfile.encoding=UTF-8 -Xcheck:jni -XX:-UseParallelGC -XX:-UseConcMarkSweepGC 
java_command: jhandcontrol.demo.Demonstration
Launcher Type: SUN_STANDARD

Environment Variables:
PATH=C:\Perl\site\bin;C:\Perl\bin;C:\Program Files\Common Files\Microsoft Shared\Windows Live;C:\Program Files (x86)\Common Files\Microsoft Shared\Windows Live;C:\Program Files (x86)\Intel\iCLS Client\;C:\Program Files\Intel\iCLS Client\;C:\Windows\system32;C:\Windows;C:\Windows\System32\Wbem;C:\Windows\System32\WindowsPowerShell\v1.0\;C:\Program Files (x86)\Windows Live\Shared;C:\vagrant\vagrant\bin;C:\Python27\;C:\Python27\Scripts\;C:\cygwin\bin\;C:\cygwin\usr\bin\;C:\cygwin\usr\local\bin\;C:\mongodb\bin\;C:\Program Files\nodejs\;C:\Ruby192\bin;C:\Users\Fernando\AppData\Roaming\npm\
USERNAME=Fernando
OS=Windows_NT
PROCESSOR_IDENTIFIER=Intel64 Family 6 Model 58 Stepping 9, GenuineIntel



---------------  S Y S T E M  ---------------

OS: Windows 7 , 64 bit Build 7601 Service Pack 1

CPU:total 8 (4 cores per cpu, 2 threads per core) family 6 model 58 stepping 9, cmov, cx8, fxsr, mmx, sse, sse2, sse3, ssse3, sse4.1, sse4.2, popcnt, ht

Memory: 4k page, physical 8244064k(4813452k free), swap 16486276k(11629056k free)

vm_info: Java HotSpot(TM) 64-Bit Server VM (20.12-b01) for windows-amd64 JRE (1.6.0_37-b06), built on Sep 24 2012 11:45:14 by "java_re" with MS VC++ 8.0 (VS2005)

time: Sun Dec 09 20:52:42 2012
elapsed time: 183 seconds

