#
# A fatal error has been detected by the Java Runtime Environment:
#
#  EXCEPTION_ACCESS_VIOLATION (0xc0000005) at pc=0x000007fee587ffa2, pid=8832, tid=5588
#
# JRE version: 7.0_09-b05
# Java VM: Java HotSpot(TM) 64-Bit Server VM (23.5-b02 mixed mode windows-amd64 compressed oops)
# Problematic frame:
# C  [opencv_imgproc243.dll+0xffa2]  cv::Point_<int>::operator=+0x4b2
#
# Failed to write core dump. Minidumps are not enabled by default on client versions of Windows
#
# If you would like to submit a bug report, please visit:
#   http://bugreport.sun.com/bugreport/crash.jsp
# The crash happened outside the Java Virtual Machine in native code.
# See problematic frame for where to report the bug.
#

---------------  T H R E A D  ---------------

Current thread (0x000000000dee8800):  JavaThread "Thread-3" [_thread_in_native, id=5588, stack(0x000000000ff20000,0x0000000010020000)]

siginfo: ExceptionCode=0xc0000005, writing address 0x0000000000000000

Registers:
RAX=0x0000000000000000, RBX=0x0000017d0000026c, RCX=0xd19edf54522f0000, RDX=0x00000000485b9b88
RSP=0x000000001001eb70, RBP=0x000000001001ec70, RSI=0x0000000000000001, RDI=0x0000017e0000026c
R8 =0x0000000000000000, R9 =0x0000000000000000, R10=0x00000000485b9ba8, R11=0x00000000485b9bb0
R12=0x000000000000026c, R13=0x000000000000017d, R14=0x0000000000000000, R15=0x00000000497bbfc0
RIP=0x000007fee587ffa2, EFLAGS=0x0000000000010297

Top of Stack: (sp=0x000000001001eb70)
0x000000001001eb70:   0000017d0000026c 0000017d0000026c
0x000000001001eb80:   0000000000000001 0000000000000002
0x000000001001eb90:   000000001001ec20 000007fee6a7acc8
0x000000001001eba0:   0000000100000000 0000000200000001
0x000000001001ebb0:   0000017e0000026c 0000017e0000026c
0x000000001001ebc0:   0000017d0000026c 0000000000010000
0x000000001001ebd0:   0000000000000040 00000000485b9b08
0x000000001001ebe0:   00000000485b9b88 00000000485b9bb0
0x000000001001ebf0:   00000000485b9ba8 00000000485b9bc8
0x000000001001ec00:   0000000000000000 00000000485b9bc0
0x000000001001ec10:   0000000242ff4005 0000000400000000
0x000000001001ec20:   0000000000000030 000000004976c378
0x000000001001ec30:   0000000000000000 0000000000000000
0x000000001001ec40:   0000000000000000 0000007f00000066
0x000000001001ec50:   000000001001ec18 0000000016c6e530
0x000000001001ec60:   0000000000000040 0000000000000004 

Instructions: (pc=0x000007fee587ffa2)
0x000007fee587ff82:   01 00 00 00 e8 53 8f 16 00 48 8b 45 c8 48 3b 45
0x000007fee587ff92:   d8 72 0d 48 8d 4d b0 e8 3a 8f 16 00 48 8b 45 c8
0x000007fee587ffa2:   48 89 18 48 83 45 c8 08 41 83 7f 28 00 0f 85 1b
0x000007fee587ffb2:   fe ff ff 44 0f 28 84 24 60 01 00 00 0f 28 bc 24 


Register to memory mapping:

RAX=0x0000000000000000 is an unknown value
RBX=0x0000017d0000026c is an unknown value
RCX=0xd19edf54522f0000 is an unknown value
RDX=0x00000000485b9b88 is an unknown value
RSP=0x000000001001eb70 is pointing into the stack for thread: 0x000000000dee8800
RBP=0x000000001001ec70 is pointing into the stack for thread: 0x000000000dee8800
RSI=0x0000000000000001 is an unknown value
RDI=0x0000017e0000026c is an unknown value
R8 =0x0000000000000000 is an unknown value
R9 =0x0000000000000000 is an unknown value
R10=0x00000000485b9ba8 is an unknown value
R11=0x00000000485b9bb0 is an unknown value
R12=0x000000000000026c is an unknown value
R13=0x000000000000017d is an unknown value
R14=0x0000000000000000 is an unknown value
R15=0x00000000497bbfc0 is an unknown value


Stack: [0x000000000ff20000,0x0000000010020000],  sp=0x000000001001eb70,  free space=1018k
Native frames: (J=compiled Java code, j=interpreted, Vv=VM code, C=native code)
C  [opencv_imgproc243.dll+0xffa2]  cv::Point_<int>::operator=+0x4b2

Java frames: (J=compiled Java code, j=interpreted, Vv=VM code)
J  com.googlecode.javacv.cpp.opencv_imgproc.cvApproxPoly(Lcom/googlecode/javacpp/Pointer;ILcom/googlecode/javacv/cpp/opencv_core$CvMemStorage;IDI)Lcom/googlecode/javacv/cpp/opencv_core$CvSeq;
J  jhandcontrol.utils.CvSeqUtils.getHandStatus(Ljhandcontrol/data/JHandDetection;)Ljhandcontrol/data/HandStatus;
J  jhandcontrol.calibrator.Calibrator.run()V
v  ~StubRoutines::call_stub

---------------  P R O C E S S  ---------------

Java Threads: ( => current thread )
  0x000000000fc64000 JavaThread "TimerQueue" daemon [_thread_blocked, id=1240, stack(0x0000000014f50000,0x0000000015050000)]
  0x000000000f80c800 JavaThread "AWT-EventQueue-0" [_thread_blocked, id=9132, stack(0x0000000011ab0000,0x0000000011bb0000)]
  0x000000000dd11000 JavaThread "AWT-Shutdown" [_thread_blocked, id=8060, stack(0x00000000118e0000,0x00000000119e0000)]
  0x000000000f4f0000 JavaThread "Thread-0" [_thread_in_native, id=8544, stack(0x0000000011720000,0x0000000011820000)]
=>0x000000000dee8800 JavaThread "Thread-3" [_thread_in_native, id=5588, stack(0x000000000ff20000,0x0000000010020000)]
  0x000000000de15000 JavaThread "AWT-Windows" daemon [_thread_in_native, id=8904, stack(0x000000000eab0000,0x000000000ebb0000)]
  0x000000000dd10000 JavaThread "Java2D Disposer" daemon [_thread_blocked, id=8376, stack(0x000000000d8d0000,0x000000000d9d0000)]
  0x000000000db53800 JavaThread "Service Thread" daemon [_thread_blocked, id=7456, stack(0x000000000e540000,0x000000000e640000)]
  0x000000000db4f000 JavaThread "C2 CompilerThread1" daemon [_thread_blocked, id=9156, stack(0x000000000e410000,0x000000000e510000)]
  0x000000000db39800 JavaThread "C2 CompilerThread0" daemon [_thread_blocked, id=9116, stack(0x0000000005de0000,0x0000000005ee0000)]
  0x000000000db38800 JavaThread "Attach Listener" daemon [_thread_blocked, id=7320, stack(0x000000000e1b0000,0x000000000e2b0000)]
  0x000000000db37800 JavaThread "Signal Dispatcher" daemon [_thread_blocked, id=8956, stack(0x000000000df10000,0x000000000e010000)]
  0x000000000daf5800 JavaThread "Finalizer" daemon [_thread_blocked, id=5028, stack(0x000000000e010000,0x000000000e110000)]
  0x000000000ba4a000 JavaThread "Reference Handler" daemon [_thread_blocked, id=8476, stack(0x000000000d9f0000,0x000000000daf0000)]
  0x00000000003bd000 JavaThread "main" [_thread_in_native, id=3360, stack(0x0000000002120000,0x0000000002220000)]

Other Threads:
  0x000000000ba43800 VMThread [stack: 0x000000000d790000,0x000000000d890000] [id=7084]
  0x000000000db70800 WatcherThread [stack: 0x000000000e730000,0x000000000e830000] [id=9172]

VM state:not at safepoint (normal execution)

VM Mutex/Monitor currently owned by a thread: None

Heap
 PSYoungGen      total 248768K, used 206080K [0x00000007d60b0000, 0x00000007e9c80000, 0x0000000800000000)
  eden space 204416K, 79% used [0x00000007d60b0000,0x00000007dfea2d28,0x00000007e2850000)
  from space 44352K, 99% used [0x00000007e5f00000,0x00000007e8a4d610,0x00000007e8a50000)
  to   space 56000K, 0% used [0x00000007e2850000,0x00000007e2850000,0x00000007e5f00000)
 ParOldGen       total 180608K, used 122069K [0x0000000782200000, 0x000000078d260000, 0x00000007d60b0000)
  object space 180608K, 67% used [0x0000000782200000,0x0000000789935638,0x000000078d260000)
 PSPermGen       total 27072K, used 12005K [0x000000077d000000, 0x000000077ea70000, 0x0000000782200000)
  object space 27072K, 44% used [0x000000077d000000,0x000000077dbb9590,0x000000077ea70000)

Card table byte_map: [0x00000000052f0000,0x0000000005710000] byte_map_base: 0x0000000001708000

Polling page: 0x0000000000110000

Code Cache  [0x00000000022f0000, 0x0000000002560000, 0x00000000052f0000)
 total_blobs=1023 nmethods=541 adapters=433 free_code_cache=47449Kb largest_free_block=48539008

Compilation events (10 events):
Event: 83.232 Thread 0x000000000db4f000  539             sun.awt.SunToolkit::getAppContext (42 bytes)
Event: 83.232 Thread 0x000000000db39800  538             sun.awt.SunToolkit::targetToAppContext (36 bytes)
Event: 83.234 Thread 0x000000000db4f000 nmethod 539 0x0000000002495c90 code [0x0000000002495de0, 0x0000000002495e98]
Event: 83.236 Thread 0x000000000db39800 nmethod 538 0x0000000002497250 code [0x00000000024973a0, 0x00000000024977d8]
Event: 84.071 Thread 0x000000000db4f000  540             java.util.ArrayList$Itr::<init> (6 bytes)
Event: 84.071 Thread 0x000000000db39800  541             java.util.ArrayList$Itr::<init> (26 bytes)
Event: 84.071 Thread 0x000000000db4f000 nmethod 540 0x000000000249aa50 code [0x000000000249ab80, 0x000000000249ac18]
Event: 84.072 Thread 0x000000000db39800 nmethod 541 0x000000000249a7d0 code [0x000000000249a900, 0x000000000249a998]
Event: 89.092 Thread 0x000000000db4f000  542             jhandcontrol.utils.Line::intersects (20 bytes)
Event: 89.093 Thread 0x000000000db4f000 nmethod 542 0x000000000249a510 code [0x000000000249a660, 0x000000000249a708]

GC Heap History (10 events):
Event: 13.514 GC heap before
{Heap before GC invocations=8 (full 2):
 PSYoungGen      total 69952K, used 64640K [0x00000007d60b0000, 0x00000007df180000, 0x0000000800000000)
  eden space 64640K, 100% used [0x00000007d60b0000,0x00000007d9fd0000,0x00000007d9fd0000)
  from space 5312K, 0% used [0x00000007d9fd0000,0x00000007d9fd0000,0x00000007da500000)
  to   space 15936K, 0% used [0x00000007de1f0000,0x00000007de1f0000,0x00000007df180000)
 ParOldGen       total 180608K, used 72114K [0x0000000782200000, 0x000000078d260000, 0x00000007d60b0000)
  object space 180608K, 39% used [0x0000000782200000,0x000000078686cae0,0x000000078d260000)
 PSPermGen       total 27072K, used 11899K [0x000000077d000000, 0x000000077ea70000, 0x0000000782200000)
  object space 27072K, 43% used [0x000000077d000000,0x000000077db9efa0,0x000000077ea70000)
Event: 13.531 GC heap after
Heap after GC invocations=8 (full 2):
 PSYoungGen      total 120000K, used 15904K [0x00000007d60b0000, 0x00000007e02b0000, 0x0000000800000000)
  eden space 104064K, 0% used [0x00000007d60b0000,0x00000007d60b0000,0x00000007dc650000)
  from space 15936K, 99% used [0x00000007de1f0000,0x00000007df178100,0x00000007df180000)
  to   space 28288K, 0% used [0x00000007dc650000,0x00000007dc650000,0x00000007de1f0000)
 ParOldGen       total 180608K, used 87534K [0x0000000782200000, 0x000000078d260000, 0x00000007d60b0000)
  object space 180608K, 48% used [0x0000000782200000,0x000000078777bbf0,0x000000078d260000)
 PSPermGen       total 27072K, used 11899K [0x000000077d000000, 0x000000077ea70000, 0x0000000782200000)
  object space 27072K, 43% used [0x000000077d000000,0x000000077db9efa0,0x000000077ea70000)
}
Event: 26.865 GC heap before
{Heap before GC invocations=9 (full 2):
 PSYoungGen      total 120000K, used 119335K [0x00000007d60b0000, 0x00000007e02b0000, 0x0000000800000000)
  eden space 104064K, 99% used [0x00000007d60b0000,0x00000007dc5b1d40,0x00000007dc650000)
  from space 15936K, 99% used [0x00000007de1f0000,0x00000007df178100,0x00000007df180000)
  to   space 28288K, 0% used [0x00000007dc650000,0x00000007dc650000,0x00000007de1f0000)
 ParOldGen       total 180608K, used 88435K [0x0000000782200000, 0x000000078d260000, 0x00000007d60b0000)
  object space 180608K, 48% used [0x0000000782200000,0x000000078785cc00,0x000000078d260000)
 PSPermGen       total 27072K, used 11911K [0x000000077d000000, 0x000000077ea70000, 0x0000000782200000)
  object space 27072K, 43% used [0x000000077d000000,0x000000077dba1cc0,0x000000077ea70000)
Event: 26.892 GC heap after
Heap after GC invocations=9 (full 2):
 PSYoungGen      total 132352K, used 22516K [0x00000007d60b0000, 0x00000007e44e0000, 0x0000000800000000)
  eden space 104064K, 0% used [0x00000007d60b0000,0x00000007d60b0000,0x00000007dc650000)
  from space 28288K, 79% used [0x00000007dc650000,0x00000007ddc4d150,0x00000007de1f0000)
  to   space 31744K, 0% used [0x00000007e25e0000,0x00000007e25e0000,0x00000007e44e0000)
 ParOldGen       total 180608K, used 88443K [0x0000000782200000, 0x000000078d260000, 0x00000007d60b0000)
  object space 180608K, 48% used [0x0000000782200000,0x000000078785ec00,0x000000078d260000)
 PSPermGen       total 27072K, used 11911K [0x000000077d000000, 0x000000077ea70000, 0x0000000782200000)
  object space 27072K, 43% used [0x000000077d000000,0x000000077dba1cc0,0x000000077ea70000)
}
Event: 35.824 GC heap before
{Heap before GC invocations=10 (full 2):
 PSYoungGen      total 132352K, used 126580K [0x00000007d60b0000, 0x00000007e44e0000, 0x0000000800000000)
  eden space 104064K, 100% used [0x00000007d60b0000,0x00000007dc650000,0x00000007dc650000)
  from space 28288K, 79% used [0x00000007dc650000,0x00000007ddc4d150,0x00000007de1f0000)
  to   space 31744K, 0% used [0x00000007e25e0000,0x00000007e25e0000,0x00000007e44e0000)
 ParOldGen       total 180608K, used 88449K [0x0000000782200000, 0x000000078d260000, 0x00000007d60b0000)
  object space 180608K, 48% used [0x0000000782200000,0x0000000787860670,0x000000078d260000)
 PSPermGen       total 27072K, used 11937K [0x000000077d000000, 0x000000077ea70000, 0x0000000782200000)
  object space 27072K, 44% used [0x000000077d000000,0x000000077dba8658,0x000000077ea70000)
Event: 35.847 GC heap after
Heap after GC invocations=10 (full 2):
 PSYoungGen      total 195968K, used 31296K [0x00000007d60b0000, 0x00000007e4b20000, 0x0000000800000000)
  eden space 164224K, 0% used [0x00000007d60b0000,0x00000007d60b0000,0x00000007e0110000)
  from space 31744K, 98% used [0x00000007e25e0000,0x00000007e4470200,0x00000007e44e0000)
  to   space 37696K, 0% used [0x00000007e0110000,0x00000007e0110000,0x00000007e25e0000)
 ParOldGen       total 180608K, used 105557K [0x0000000782200000, 0x000000078d260000, 0x00000007d60b0000)
  object space 180608K, 58% used [0x0000000782200000,0x00000007889157a0,0x000000078d260000)
 PSPermGen       total 27072K, used 11937K [0x000000077d000000, 0x000000077ea70000, 0x0000000782200000)
  object space 27072K, 44% used [0x000000077d000000,0x000000077dba8658,0x000000077ea70000)
}
Event: 55.653 GC heap before
{Heap before GC invocations=11 (full 2):
 PSYoungGen      total 195968K, used 195520K [0x00000007d60b0000, 0x00000007e4b20000, 0x0000000800000000)
  eden space 164224K, 100% used [0x00000007d60b0000,0x00000007e0110000,0x00000007e0110000)
  from space 31744K, 98% used [0x00000007e25e0000,0x00000007e4470200,0x00000007e44e0000)
  to   space 37696K, 0% used [0x00000007e0110000,0x00000007e0110000,0x00000007e25e0000)
 ParOldGen       total 180608K, used 105600K [0x0000000782200000, 0x000000078d260000, 0x00000007d60b0000)
  object space 180608K, 58% used [0x0000000782200000,0x00000007889202a8,0x000000078d260000)
 PSPermGen       total 27072K, used 11941K [0x000000077d000000, 0x000000077ea70000, 0x0000000782200000)
  object space 27072K, 44% used [0x000000077d000000,0x000000077dba96d0,0x000000077ea70000)
Event: 55.691 GC heap after
Heap after GC invocations=11 (full 2):
 PSYoungGen      total 201920K, used 37392K [0x00000007d60b0000, 0x00000007e8a50000, 0x0000000800000000)
  eden space 164224K, 0% used [0x00000007d60b0000,0x00000007d60b0000,0x00000007e0110000)
  from space 37696K, 99% used [0x00000007e0110000,0x00000007e2594240,0x00000007e25e0000)
  to   space 44352K, 0% used [0x00000007e5f00000,0x00000007e5f00000,0x00000007e8a50000)
 ParOldGen       total 180608K, used 110300K [0x0000000782200000, 0x000000078d260000, 0x00000007d60b0000)
  object space 180608K, 61% used [0x0000000782200000,0x0000000788db72f8,0x000000078d260000)
 PSPermGen       total 27072K, used 11941K [0x000000077d000000, 0x000000077ea70000, 0x0000000782200000)
  object space 27072K, 44% used [0x000000077d000000,0x000000077dba96d0,0x000000077ea70000)
}
Event: 73.428 GC heap before
{Heap before GC invocations=12 (full 2):
 PSYoungGen      total 201920K, used 201616K [0x00000007d60b0000, 0x00000007e8a50000, 0x0000000800000000)
  eden space 164224K, 100% used [0x00000007d60b0000,0x00000007e0110000,0x00000007e0110000)
  from space 37696K, 99% used [0x00000007e0110000,0x00000007e2594240,0x00000007e25e0000)
  to   space 44352K, 0% used [0x00000007e5f00000,0x00000007e5f00000,0x00000007e8a50000)
 ParOldGen       total 180608K, used 110305K [0x0000000782200000, 0x000000078d260000, 0x00000007d60b0000)
  object space 180608K, 61% used [0x0000000782200000,0x0000000788db84a8,0x000000078d260000)
 PSPermGen       total 27072K, used 11984K [0x000000077d000000, 0x000000077ea70000, 0x0000000782200000)
  object space 27072K, 44% used [0x000000077d000000,0x000000077dbb40f0,0x000000077ea70000)
Event: 73.473 GC heap after
Heap after GC invocations=12 (full 2):
 PSYoungGen      total 248768K, used 44341K [0x00000007d60b0000, 0x00000007e9c80000, 0x0000000800000000)
  eden space 204416K, 0% used [0x00000007d60b0000,0x00000007d60b0000,0x00000007e2850000)
  from space 44352K, 99% used [0x00000007e5f00000,0x00000007e8a4d610,0x00000007e8a50000)
  to   space 56000K, 0% used [0x00000007e2850000,0x00000007e2850000,0x00000007e5f00000)
 ParOldGen       total 180608K, used 122069K [0x0000000782200000, 0x000000078d260000, 0x00000007d60b0000)
  object space 180608K, 67% used [0x0000000782200000,0x0000000789935638,0x000000078d260000)
 PSPermGen       total 27072K, used 11984K [0x000000077d000000, 0x000000077ea70000, 0x0000000782200000)
  object space 27072K, 44% used [0x000000077d000000,0x000000077dbb40f0,0x000000077ea70000)
}

Deoptimization events (10 events):
Event: 6.112 Thread 0x000000000f80c800 Uncommon trap -83 fr.pc 0x00000000023ae128
Event: 6.113 Thread 0x000000000f80c800 Uncommon trap -58 fr.pc 0x00000000023b1b6c
Event: 6.113 Thread 0x000000000f80c800 Uncommon trap -58 fr.pc 0x00000000023b1b6c
Event: 6.113 Thread 0x000000000f80c800 Uncommon trap -58 fr.pc 0x00000000023b1b6c
Event: 6.113 Thread 0x000000000f80c800 Uncommon trap -58 fr.pc 0x00000000023b1b6c
Event: 12.125 Thread 0x000000000dee8800 Uncommon trap -83 fr.pc 0x00000000023da5a0
Event: 69.162 Thread 0x000000000f80c800 Uncommon trap -83 fr.pc 0x00000000023ab54c
Event: 69.708 Thread 0x000000000f80c800 Uncommon trap -83 fr.pc 0x000000000243be14
Event: 69.953 Thread 0x000000000dee8800 Uncommon trap -83 fr.pc 0x0000000002398154
Event: 69.953 Thread 0x000000000dee8800 Uncommon trap -83 fr.pc 0x00000000023a8ec8

Internal exceptions (10 events):
Event: 1.802 Thread 0x000000000f4f0000 Threw 0x00000007d6fd3a58 at C:\jdk7u1_64p\jdk7u9\hotspot\src\share\vm\prims\jvm.cpp:1166
Event: 1.802 Thread 0x000000000f4f0000 Threw 0x00000007d6fd9048 at C:\jdk7u1_64p\jdk7u9\hotspot\src\share\vm\prims\jvm.cpp:1166
Event: 1.806 Thread 0x000000000f4f0000 Threw 0x00000007d6fdccc0 at C:\jdk7u1_64p\jdk7u9\hotspot\src\share\vm\prims\jvm.cpp:1166
Event: 2.761 Thread 0x000000000dee8800 Implicit null exception at 0x0000000002380e62 to 0x0000000002381291
Event: 8.474 Thread 0x000000000dee8800 Threw 0x00000007d8022150 at C:\jdk7u1_64p\jdk7u9\hotspot\src\share\vm\prims\jvm.cpp:1166
Event: 8.476 Thread 0x000000000dee8800 Threw 0x00000007d802bed8 at C:\jdk7u1_64p\jdk7u9\hotspot\src\share\vm\prims\jvm.cpp:1166
Event: 12.125 Thread 0x000000000dee8800 Implicit null exception at 0x00000000023da480 to 0x00000000023da589
Event: 12.703 Thread 0x000000000dee8800 Threw 0x00000007d9aff188 at C:\jdk7u1_64p\jdk7u9\hotspot\src\share\vm\prims\jvm.cpp:1166
Event: 69.953 Thread 0x000000000dee8800 Implicit null exception at 0x0000000002397d30 to 0x000000000239813a
Event: 69.953 Thread 0x000000000dee8800 Implicit null exception at 0x00000000023a8a00 to 0x00000000023a8e45

Events (10 events):
Event: 73.428 Executing VM operation: ParallelGCFailedAllocation
Event: 73.473 Executing VM operation: ParallelGCFailedAllocation done
Event: 78.594 loading class 0x000000000de58f50
Event: 78.594 loading class 0x000000000de58f50 done
Event: 78.594 loading class 0x000000000de555e0
Event: 78.594 loading class 0x000000000de555e0 done
Event: 78.594 loading class 0x000000000dde8f40
Event: 78.594 loading class 0x000000000dde8f40 done
Event: 84.071 loading class 0x000000000b91ad20
Event: 84.071 loading class 0x000000000b91ad20 done


Dynamic libraries:
0x000000013f560000 - 0x000000013f593000 	C:\Program Files\Java\jdk1.7.0_09\bin\java.exe
0x0000000077610000 - 0x00000000777b9000 	C:\Windows\SYSTEM32\ntdll.dll
0x0000000076f30000 - 0x000000007704f000 	C:\Windows\system32\kernel32.dll
0x000007fefdd30000 - 0x000007fefdd9c000 	C:\Windows\system32\KERNELBASE.dll
0x000007feff720000 - 0x000007feff7fb000 	C:\Windows\system32\ADVAPI32.dll
0x000007fefef40000 - 0x000007fefefdf000 	C:\Windows\system32\msvcrt.dll
0x000007feff120000 - 0x000007feff13f000 	C:\Windows\SYSTEM32\sechost.dll
0x000007feff5f0000 - 0x000007feff71d000 	C:\Windows\system32\RPCRT4.dll
0x00000000771a0000 - 0x000000007729a000 	C:\Windows\system32\USER32.dll
0x000007fefe140000 - 0x000007fefe1a7000 	C:\Windows\system32\GDI32.dll
0x000007feff800000 - 0x000007feff80e000 	C:\Windows\system32\LPK.dll
0x000007fefe070000 - 0x000007fefe139000 	C:\Windows\system32\USP10.dll
0x000007fefc3c0000 - 0x000007fefc5b4000 	C:\Windows\WinSxS\amd64_microsoft.windows.common-controls_6595b64144ccf1df_6.0.7601.17514_none_fa396087175ac9ac\COMCTL32.dll
0x000007feff380000 - 0x000007feff3f1000 	C:\Windows\system32\SHLWAPI.dll
0x000007feff140000 - 0x000007feff16e000 	C:\Windows\system32\IMM32.DLL
0x000007feff810000 - 0x000007feff919000 	C:\Windows\system32\MSCTF.dll
0x000007fefda30000 - 0x000007fefda70000 	C:\Windows\system32\nvinitx.dll
0x000000006daf0000 - 0x000000006dbc1000 	C:\Program Files\Java\jdk1.7.0_09\jre\bin\msvcr100.dll
0x00000000643e0000 - 0x0000000064aff000 	C:\Program Files\Java\jdk1.7.0_09\jre\bin\server\jvm.dll
0x000007fef9310000 - 0x000007fef9319000 	C:\Windows\system32\WSOCK32.dll
0x000007fefde40000 - 0x000007fefde8d000 	C:\Windows\system32\WS2_32.dll
0x000007feff5e0000 - 0x000007feff5e8000 	C:\Windows\system32\NSI.dll
0x000007fefbd60000 - 0x000007fefbd9b000 	C:\Windows\system32\WINMM.dll
0x00000000777e0000 - 0x00000000777e7000 	C:\Windows\system32\PSAPI.DLL
0x0000000073da0000 - 0x0000000073daf000 	C:\Program Files\Java\jdk1.7.0_09\jre\bin\verify.dll
0x0000000072b70000 - 0x0000000072b98000 	C:\Program Files\Java\jdk1.7.0_09\jre\bin\java.dll
0x000000006f310000 - 0x000000006f325000 	C:\Program Files\Java\jdk1.7.0_09\jre\bin\zip.dll
0x00000000729b0000 - 0x0000000072a48000 	C:\Windows\System32\msvcp100.dll
0x000007fee68c0000 - 0x000007fee6b18000 	C:\opencv\build\x64\vc10\bin\opencv_core243.dll
0x000007fee6dd0000 - 0x000007fee6e65000 	C:\Users\Fernando\AppData\Local\Temp\javacpp3924579037831\jniopencv_core.dll
0x00000000639f0000 - 0x0000000063b83000 	C:\Program Files\Java\jdk1.7.0_09\jre\bin\awt.dll
0x000007feff460000 - 0x000007feff537000 	C:\Windows\system32\OLEAUT32.dll
0x000007feff170000 - 0x000007feff373000 	C:\Windows\system32\ole32.dll
0x000007fefbb80000 - 0x000007fefbb98000 	C:\Windows\system32\DWMAPI.DLL
0x000007fefc1e0000 - 0x000007fefc236000 	C:\Windows\system32\uxtheme.dll
0x000007fef8740000 - 0x000007fef8747000 	c:\PROGRA~2\mcafee\SITEAD~1\x64\saHook.dll
0x000007fefd960000 - 0x000007fefd96f000 	C:\Windows\system32\CRYPTBASE.dll
0x000007fefe1b0000 - 0x000007fefef38000 	C:\Windows\system32\SHELL32.dll
0x0000000061f50000 - 0x0000000061f84000 	C:\Program Files\Java\jdk1.7.0_09\jre\bin\fontmanager.dll
0x000000006eec0000 - 0x000000006eed9000 	C:\Program Files\Java\jdk1.7.0_09\jre\bin\net.dll
0x000007fefd260000 - 0x000007fefd2b5000 	C:\Windows\system32\mswsock.dll
0x000007fefd250000 - 0x000007fefd257000 	C:\Windows\System32\wship6.dll
0x000000006eb10000 - 0x000000006eb21000 	C:\Program Files\Java\jdk1.7.0_09\jre\bin\nio.dll
0x0000000061ea0000 - 0x0000000061ee1000 	C:\Program Files\Java\jdk1.7.0_09\jre\bin\t2k.dll
0x000007fef7c10000 - 0x000007fef7c2e000 	C:\Users\Fernando\AppData\Local\Temp\javacpp3924579037831\jnivideoInputLib.dll
0x000007fefefe0000 - 0x000007feff079000 	C:\Windows\system32\CLBCatQ.DLL
0x000007feec7c0000 - 0x000007feec7d6000 	C:\Windows\system32\devenum.dll
0x000007fefde90000 - 0x000007fefe067000 	C:\Windows\system32\setupapi.dll
0x000007fefdda0000 - 0x000007fefddd6000 	C:\Windows\system32\CFGMGR32.dll
0x000007fefde20000 - 0x000007fefde3a000 	C:\Windows\system32\DEVOBJ.dll
0x000007fefbda0000 - 0x000007fefbdcd000 	C:\Windows\system32\ntmarta.dll
0x000007feff400000 - 0x000007feff452000 	C:\Windows\system32\WLDAP32.dll
0x000007fefdde0000 - 0x000007fefde19000 	C:\Windows\system32\WINTRUST.dll
0x000007fefdbc0000 - 0x000007fefdd2a000 	C:\Windows\system32\CRYPT32.dll
0x000007fefdb10000 - 0x000007fefdb1f000 	C:\Windows\system32\MSASN1.dll
0x000007feee030000 - 0x000007feee03d000 	C:\Windows\system32\msdmo.dll
0x000007fef5fa0000 - 0x000007fef5fcf000 	C:\Windows\system32\qcap.dll
0x000007fee6c10000 - 0x000007fee6dc2000 	C:\Windows\system32\quartz.dll
0x000007fee79a0000 - 0x000007fee79e1000 	C:\Windows\system32\ksproxy.ax
0x0000000074ad0000 - 0x0000000074ad6000 	C:\Windows\system32\ksuser.dll
0x000007fee7e00000 - 0x000007fee7fff000 	C:\Windows\system32\d3d9.dll
0x000007fefcb20000 - 0x000007fefcb2c000 	C:\Windows\system32\VERSION.dll
0x000007fef75a0000 - 0x000007fef75a7000 	C:\Windows\system32\d3d8thk.dll
0x000007fef7a30000 - 0x000007fef7a3b000 	C:\Windows\system32\vidcap.ax
0x000007fef7440000 - 0x000007fef7464000 	C:\Windows\system32\kswdmcap.ax
0x000007fee6600000 - 0x000007fee675c000 	C:\Windows\system32\MFC42.dll
0x000007fee6800000 - 0x000007fee68b1000 	C:\Windows\system32\ODBC32.dll
0x000000005dab0000 - 0x000000005dae8000 	C:\Windows\system32\odbcint.dll
0x000007fee6760000 - 0x000007fee67fb000 	C:\Windows\System32\qedit.dll
0x000007fee8cd0000 - 0x000007fee8cf9000 	C:\Windows\System32\MSVFW32.dll
0x000007feff540000 - 0x000007feff5d7000 	C:\Windows\system32\COMDLG32.dll
0x000007fefbf20000 - 0x000007fefc136000 	C:\Windows\WinSxS\amd64_microsoft.windows.gdiplus_6595b64144ccf1df_1.1.7601.17825_none_2b253c8271ec7765\gdiplus.dll
0x000007fef5790000 - 0x000007fef5881000 	C:\Windows\system32\DDRAW.dll
0x000007fef6a30000 - 0x000007fef6a38000 	C:\Windows\system32\DCIMAN32.dll
0x000007fefb990000 - 0x000007fefb99b000 	C:\Windows\system32\msyuv.dll
0x000007fee5870000 - 0x000007fee5b15000 	C:\opencv\build\x64\vc10\bin\opencv_imgproc243.dll
0x000007fee65b0000 - 0x000007fee65f8000 	C:\Users\Fernando\AppData\Local\Temp\javacpp3924579037831\jniopencv_imgproc.dll
0x000007fefb7f0000 - 0x000007fefb91a000 	C:\Windows\system32\WindowsCodecs.dll
0x000007fefd900000 - 0x000007fefd957000 	C:\Windows\system32\apphelp.dll
0x0000000002220000 - 0x000000000223c000 	C:\Users\Fernando\AppData\Roaming\Dropbox\bin\DropboxExt64.14.dll
0x000007fef6620000 - 0x000007fef6745000 	C:\Windows\system32\dbghelp.dll
0x000007fef6580000 - 0x000007fef6616000 	C:\Windows\system32\msvcp60.dll
0x000007fef6540000 - 0x000007fef6575000 	C:\Windows\system32\EhStorShell.dll
0x000007fefc240000 - 0x000007fefc36c000 	C:\Windows\system32\PROPSYS.dll
0x000007fef64c0000 - 0x000007fef6540000 	C:\Windows\system32\ntshrui.dll
0x000007fefd620000 - 0x000007fefd643000 	C:\Windows\system32\srvcli.dll
0x000007fef7880000 - 0x000007fef788f000 	C:\Windows\system32\cscapi.dll
0x000007fefb010000 - 0x000007fefb01b000 	C:\Windows\system32\slc.dll
0x000000005e500000 - 0x000000005e52a000 	C:\Program Files\Java\jdk1.7.0_09\jre\bin\dcpr.dll

VM Arguments:
jvm_args: -Dfile.encoding=UTF-8 
java_command: jhandcontrol.demo.Demonstration
Launcher Type: SUN_STANDARD

Environment Variables:
PATH=C:\Perl\site\bin;C:\Perl\bin;C:\Program Files\Common Files\Microsoft Shared\Windows Live;C:\Program Files (x86)\Common Files\Microsoft Shared\Windows Live;C:\Program Files (x86)\Intel\iCLS Client\;C:\Program Files\Intel\iCLS Client\;C:\Windows\system32;C:\Windows;C:\Windows\System32\Wbem;C:\Windows\System32\WindowsPowerShell\v1.0\;C:\Program Files (x86)\Windows Live\Shared;C:\vagrant\vagrant\bin;C:\Python27\;C:\Python27\Scripts\;C:\cygwin\bin\;C:\cygwin\usr\bin\;C:\cygwin\usr\local\bin\;C:\mongodb\bin\;C:\Program Files\nodejs\;C:\Ruby192\bin;C:\Users\Fernando\AppData\Roaming\npm\
USERNAME=Fernando
OS=Windows_NT
PROCESSOR_IDENTIFIER=Intel64 Family 6 Model 58 Stepping 9, GenuineIntel



---------------  S Y S T E M  ---------------

OS: Windows 7 , 64 bit Build 7601 Service Pack 1

CPU:total 8 (4 cores per cpu, 2 threads per core) family 6 model 58 stepping 9, cmov, cx8, fxsr, mmx, sse, sse2, sse3, ssse3, sse4.1, sse4.2, popcnt, avx, ht, tsc, tscinvbit, tscinv

Memory: 4k page, physical 8244064k(3490164k free), swap 16486276k(9029348k free)

vm_info: Java HotSpot(TM) 64-Bit Server VM (23.5-b02) for windows-amd64 JRE (1.7.0_09-b05), built on Sep 24 2012 21:45:04 by "java_re" with unknown MS VC++:1600

time: Mon Dec 03 19:43:25 2012
elapsed time: 92 seconds

