#
# A fatal error has been detected by the Java Runtime Environment:
#
#  EXCEPTION_ACCESS_VIOLATION (0xc0000005) at pc=0x000007fee4bfba32, pid=9252, tid=7536
#
# JRE version: 6.0_37-b06
# Java VM: Java HotSpot(TM) 64-Bit Server VM (20.12-b01 mixed mode windows-amd64 compressed oops)
# Problematic frame:
# C  [opencv_core243.dll+0x6ba32]
#
# If you would like to submit a bug report, please visit:
#   http://java.sun.com/webapps/bugreport/crash.jsp
# The crash happened outside the Java Virtual Machine in native code.
# See problematic frame for where to report the bug.
#

---------------  T H R E A D  ---------------

Current thread (0x00000000064d0000):  JavaThread "Thread-0" [_thread_in_native, id=7536, stack(0x0000000008da0000,0x0000000008ea0000)]

siginfo: ExceptionCode=0xc0000005, reading address 0x0000016200000250

Registers:
RAX=0x00000000000008ac, RBX=0x0000000013af51f0, RCX=0x0000000013af51f0, RDX=0x0000000000000000
RSP=0x0000000008e9eaf0, RBP=0x0000000008e9ebf0, RSI=0x000001620000022c, RDI=0x0000000008e9ef00
R8 =0x0000000000000000, R9 =0x0000000000000000, R10=0x000000001cc0a3e0, R11=0x0000000008e9eca0
R12=0x000000000000022b, R13=0x0000000000000162, R14=0x0000000000000000, R15=0x0000000000000000
RIP=0x000007fee4bfba32, EFLAGS=0x0000000000010202

Top of Stack: (sp=0x0000000008e9eaf0)
0x0000000008e9eaf0:   00000000104a12d0 0000000000000420
0x0000000008e9eb00:   0000000000000000 000007fee4bf3573
0x0000000008e9eb10:   fffffffffffffffe 00000000003f0000
0x0000000008e9eb20:   fffffffffffffffe 0000000000000040
0x0000000008e9eb30:   00000000003f02c8 0000000076fc3488
0x0000000008e9eb40:   fffffffffffffffe 0000000000000040
0x0000000008e9eb50:   000006da002f000f 0000000007b30470
0x0000000008e9eb60:   0000000000000000 0000000000000000
0x0000000008e9eb70:   0000000000000000 0000000000000000
0x0000000008e9eb80:   0000000008e9eb48 0000000008e9eb90
0x0000000008e9eb90:   0000000000000040 0000000000000004
0x0000000008e9eba0:   0000000242ff4005 0000000400000000
0x0000000008e9ebb0:   0000000000000000 0000000000000000
0x0000000008e9ebc0:   0000000000000000 0000000000000000
0x0000000008e9ebd0:   0000000000000000 0000000000000000
0x0000000008e9ebe0:   0000000008e9eba8 0000000008e9ebf0 

Instructions: (pc=0x000007fee4bfba32)
0x000007fee4bfba12:   48 83 7d a0 10 72 09 48 8b 4d 88 e8 0a dd 11 00
0x000007fee4bfba22:   48 c7 45 a0 0f 00 00 00 4c 89 7d 98 c6 45 88 00
0x000007fee4bfba32:   44 8b 46 24 8b 4e 10 41 2b c8 2b 4b 30 03 4e 20
0x000007fee4bfba42:   83 f9 08 73 37 44 3b 43 2c 7c 31 45 85 f6 75 2c 


Register to memory mapping:

RAX=0x00000000000008ac is an unknown value
RBX=0x0000000013af51f0 is an unknown value
RCX=0x0000000013af51f0 is an unknown value
RDX=0x0000000000000000 is an unknown value
RSP=0x0000000008e9eaf0 is pointing into the stack for thread: 0x00000000064d0000
RBP=0x0000000008e9ebf0 is pointing into the stack for thread: 0x00000000064d0000
RSI=0x000001620000022c is an unknown value
RDI=0x0000000008e9ef00 is pointing into the stack for thread: 0x00000000064d0000
R8 =0x0000000000000000 is an unknown value
R9 =0x0000000000000000 is an unknown value
R10=0x000000001cc0a3e0 is an unknown value
R11=0x0000000008e9eca0 is pointing into the stack for thread: 0x00000000064d0000
R12=0x000000000000022b is an unknown value
R13=0x0000000000000162 is an unknown value
R14=0x0000000000000000 is an unknown value
R15=0x0000000000000000 is an unknown value


Stack: [0x0000000008da0000,0x0000000008ea0000],  sp=0x0000000008e9eaf0,  free space=1018k
Native frames: (J=compiled Java code, j=interpreted, Vv=VM code, C=native code)
C  [opencv_core243.dll+0x6ba32]  cvCvtSeqToArray+0x512

Java frames: (J=compiled Java code, j=interpreted, Vv=VM code)
j  com.googlecode.javacv.cpp.opencv_imgproc.cvApproxPoly(Lcom/googlecode/javacpp/Pointer;ILcom/googlecode/javacv/cpp/opencv_core$CvMemStorage;IDI)Lcom/googlecode/javacv/cpp/opencv_core$CvSeq;+0
j  jhandcontrol.data.JHandDetection.getSimplifiedContour()Lcom/googlecode/javacv/cpp/opencv_core$CvSeq;+32
j  jhandcontrol.data.JHandDetection.getStatus()Ljhandcontrol/data/HandStatus;+36
j  jhandcontrol.demo.HandListener.frameEvent(Ljhandcontrol/data/JFrameHand;)V+40
j  jhandcontrol.JHandControl.run()V+182
v  ~StubRoutines::call_stub

---------------  P R O C E S S  ---------------

Java Threads: ( => current thread )
  0x0000000007a9e800 JavaThread "TimerQueue" daemon [_thread_blocked, id=9844, stack(0x000000000c220000,0x000000000c320000)]
  0x0000000007854800 JavaThread "AWT-EventQueue-0" [_thread_blocked, id=7488, stack(0x000000000a4d0000,0x000000000a5d0000)]
  0x000000000784f000 JavaThread "AWT-Windows" daemon [_thread_in_native, id=10084, stack(0x0000000009fc0000,0x000000000a0c0000)]
  0x00000000064d5800 JavaThread "AWT-Shutdown" [_thread_blocked, id=9992, stack(0x0000000009ec0000,0x0000000009fc0000)]
  0x00000000078b8000 JavaThread "Java2D Disposer" daemon [_thread_blocked, id=9708, stack(0x0000000008ea0000,0x0000000008fa0000)]
=>0x00000000064d0000 JavaThread "Thread-0" [_thread_in_native, id=7536, stack(0x0000000008da0000,0x0000000008ea0000)]
  0x0000000006554000 JavaThread "Thread-3" [_thread_in_native, id=7772, stack(0x0000000007c30000,0x0000000007d30000)]
  0x0000000006458000 JavaThread "Low Memory Detector" daemon [_thread_blocked, id=8904, stack(0x0000000007530000,0x0000000007630000)]
  0x0000000006443800 JavaThread "C2 CompilerThread1" daemon [_thread_blocked, id=8916, stack(0x0000000007430000,0x0000000007530000)]
  0x000000000643c000 JavaThread "C2 CompilerThread0" daemon [_thread_blocked, id=8824, stack(0x0000000007330000,0x0000000007430000)]
  0x000000000643b000 JavaThread "Attach Listener" daemon [_thread_blocked, id=7820, stack(0x0000000007230000,0x0000000007330000)]
  0x000000000643a000 JavaThread "Signal Dispatcher" daemon [_thread_blocked, id=8664, stack(0x0000000007130000,0x0000000007230000)]
  0x00000000063e8800 JavaThread "Finalizer" daemon [_thread_blocked, id=1280, stack(0x0000000007030000,0x0000000007130000)]
  0x00000000063e2000 JavaThread "Reference Handler" daemon [_thread_blocked, id=9508, stack(0x0000000006f30000,0x0000000007030000)]
  0x000000000035b800 JavaThread "main" [_thread_blocked, id=8592, stack(0x00000000021a0000,0x00000000022a0000)]

Other Threads:
  0x00000000063d6000 VMThread [stack: 0x0000000006e30000,0x0000000006f30000] [id=8364]
  0x0000000006469800 WatcherThread [stack: 0x0000000007630000,0x0000000007730000] [id=3568]

VM state:not at safepoint (normal execution)

VM Mutex/Monitor currently owned by a thread: None

Heap
 PSYoungGen      total 116160K, used 69000K [0x00000007d60b0000, 0x00000007df700000, 0x0000000800000000)
  eden space 110848K, 62% used [0x00000007d60b0000,0x00000007da412368,0x00000007dccf0000)
  from space 5312K, 0% used [0x00000007dccf0000,0x00000007dccf0000,0x00000007dd220000)
  to   space 5312K, 0% used [0x00000007df1d0000,0x00000007df1d0000,0x00000007df700000)
 PSOldGen        total 358336K, used 118371K [0x0000000782200000, 0x0000000797ff0000, 0x00000007d60b0000)
  object space 358336K, 33% used [0x0000000782200000,0x0000000789598f20,0x0000000797ff0000)
 PSPermGen       total 26176K, used 13322K [0x000000077d000000, 0x000000077e990000, 0x0000000782200000)
  object space 26176K, 50% used [0x000000077d000000,0x000000077dd02af0,0x000000077e990000)

Code Cache  [0x00000000022a0000, 0x0000000002510000, 0x00000000052a0000)
 total_blobs=522 nmethods=66 adapters=417 free_code_cache=49669248 largest_free_block=7232

Dynamic libraries:
0x0000000000400000 - 0x000000000042f000 	C:\Program Files\Java\jdk1.6.0_37\bin\java.exe
0x0000000076f70000 - 0x0000000077119000 	C:\Windows\SYSTEM32\ntdll.dll
0x0000000076ba0000 - 0x0000000076cbf000 	C:\Windows\system32\kernel32.dll
0x000007fefd480000 - 0x000007fefd4ec000 	C:\Windows\system32\KERNELBASE.dll
0x000007fefd870000 - 0x000007fefd94b000 	C:\Windows\system32\ADVAPI32.dll
0x000007fefdb50000 - 0x000007fefdbef000 	C:\Windows\system32\msvcrt.dll
0x000007fefd9d0000 - 0x000007fefd9ef000 	C:\Windows\SYSTEM32\sechost.dll
0x000007fefda20000 - 0x000007fefdb4d000 	C:\Windows\system32\RPCRT4.dll
0x000000006d8b0000 - 0x000000006e06b000 	C:\Program Files\Java\jdk1.6.0_37\jre\bin\server\jvm.dll
0x0000000076aa0000 - 0x0000000076b9a000 	C:\Windows\system32\USER32.dll
0x000007fefea30000 - 0x000007fefea97000 	C:\Windows\system32\GDI32.dll
0x000007fefec90000 - 0x000007fefec9e000 	C:\Windows\system32\LPK.dll
0x000007fefd7a0000 - 0x000007fefd869000 	C:\Windows\system32\USP10.dll
0x000007fefaf80000 - 0x000007fefafbb000 	C:\Windows\system32\WINMM.dll
0x000007fefd9f0000 - 0x000007fefda1e000 	C:\Windows\system32\IMM32.DLL
0x000007fefeaa0000 - 0x000007fefeba9000 	C:\Windows\system32\MSCTF.dll
0x000007fefd350000 - 0x000007fefd390000 	C:\Windows\system32\nvinitx.dll
0x000000006d820000 - 0x000000006d82e000 	C:\Program Files\Java\jdk1.6.0_37\jre\bin\verify.dll
0x000000006d450000 - 0x000000006d477000 	C:\Program Files\Java\jdk1.6.0_37\jre\bin\java.dll
0x000000006d870000 - 0x000000006d882000 	C:\Program Files\Java\jdk1.6.0_37\jre\bin\zip.dll
0x0000000074390000 - 0x0000000074462000 	C:\Windows\System32\msvcr100.dll
0x0000000072100000 - 0x0000000072198000 	C:\Windows\System32\msvcp100.dll
0x000007fee4b90000 - 0x000007fee4de8000 	C:\opencv\build\x64\vc10\bin\opencv_core243.dll
0x000007fee9c80000 - 0x000007fee9d15000 	C:\Users\Fernando\AppData\Local\Temp\javacpp9211913926969\jniopencv_core.dll
0x000007feff070000 - 0x000007feff273000 	C:\Windows\System32\ole32.dll
0x000007fefebb0000 - 0x000007fefec87000 	C:\Windows\System32\oleaut32.dll
0x000007fef9f70000 - 0x000007fef9f8e000 	C:\Users\Fernando\AppData\Local\Temp\javacpp9211913926969\jnivideoInputLib.dll
0x000007fefd280000 - 0x000007fefd28f000 	C:\Windows\system32\CRYPTBASE.dll
0x000007fefed90000 - 0x000007fefee29000 	C:\Windows\system32\CLBCatQ.DLL
0x000007fefee90000 - 0x000007feff067000 	C:\Windows\system32\setupapi.dll
0x000007fefd760000 - 0x000007fefd796000 	C:\Windows\system32\CFGMGR32.dll
0x000007fefd740000 - 0x000007fefd75a000 	C:\Windows\system32\DEVOBJ.dll
0x000007fefb240000 - 0x000007fefb26d000 	C:\Windows\system32\ntmarta.dll
0x000007fefee30000 - 0x000007fefee82000 	C:\Windows\system32\WLDAP32.dll
0x000007fefd590000 - 0x000007fefd5c9000 	C:\Windows\system32\WINTRUST.dll
0x000007fefd5d0000 - 0x000007fefd73a000 	C:\Windows\system32\CRYPT32.dll
0x000007fefd470000 - 0x000007fefd47f000 	C:\Windows\system32\MSASN1.dll
0x000007feed630000 - 0x000007feed63d000 	C:\Windows\system32\msdmo.dll
0x000007feed660000 - 0x000007feed676000 	C:\Windows\system32\devenum.dll
0x000007fef6d50000 - 0x000007fef6d7f000 	C:\Windows\system32\qcap.dll
0x000007fee5cb0000 - 0x000007fee5e62000 	C:\Windows\system32\quartz.dll
0x000007fefdca0000 - 0x000007fefea28000 	C:\Windows\system32\SHELL32.dll
0x000007fefdbf0000 - 0x000007fefdc61000 	C:\Windows\system32\SHLWAPI.dll
0x000007fefbb90000 - 0x000007fefbbe6000 	C:\Windows\system32\uxtheme.dll
0x000007fef8070000 - 0x000007fef8077000 	c:\PROGRA~2\mcafee\SITEAD~1\x64\saHook.dll
0x000007fefb760000 - 0x000007fefb778000 	C:\Windows\system32\dwmapi.dll
0x000007feeac50000 - 0x000007feeac91000 	C:\Windows\system32\ksproxy.ax
0x0000000074490000 - 0x0000000074496000 	C:\Windows\system32\ksuser.dll
0x000007feea720000 - 0x000007feea91f000 	C:\Windows\system32\d3d9.dll
0x000007fefc480000 - 0x000007fefc48c000 	C:\Windows\system32\VERSION.dll
0x000007fef7570000 - 0x000007fef7577000 	C:\Windows\system32\d3d8thk.dll
0x000007fef9970000 - 0x000007fef997b000 	C:\Windows\system32\vidcap.ax
0x000007fef9910000 - 0x000007fef9934000 	C:\Windows\system32\kswdmcap.ax
0x000007fee4a30000 - 0x000007fee4b8c000 	C:\Windows\system32\MFC42.dll
0x000007fee6c80000 - 0x000007fee6d31000 	C:\Windows\system32\ODBC32.dll
0x000007fefbd70000 - 0x000007fefbf64000 	C:\Windows\WinSxS\amd64_microsoft.windows.common-controls_6595b64144ccf1df_6.0.7601.17514_none_fa396087175ac9ac\COMCTL32.dll
0x000000005c6e0000 - 0x000000005c718000 	C:\Windows\system32\odbcint.dll
0x000007fee61d0000 - 0x000007fee626b000 	C:\Windows\System32\qedit.dll
0x000007fee9c50000 - 0x000007fee9c79000 	C:\Windows\System32\MSVFW32.dll
0x000007fefecf0000 - 0x000007fefed87000 	C:\Windows\system32\COMDLG32.dll
0x000007fefb970000 - 0x000007fefbb86000 	C:\Windows\WinSxS\amd64_microsoft.windows.gdiplus_6595b64144ccf1df_1.1.7601.17825_none_2b253c8271ec7765\gdiplus.dll
0x000007feee7e0000 - 0x000007feee8d1000 	C:\Windows\system32\DDRAW.dll
0x000007fefb550000 - 0x000007fefb558000 	C:\Windows\system32\DCIMAN32.dll
0x000007fef9fc0000 - 0x000007fef9fcb000 	C:\Windows\system32\msyuv.dll
0x000000006d0a0000 - 0x000000006d264000 	C:\Program Files\Java\jdk1.6.0_37\jre\bin\awt.dll
0x000007fefa650000 - 0x000007fefa6c1000 	C:\Windows\system32\WINSPOOL.DRV
0x000000006d340000 - 0x000000006d3a7000 	C:\Program Files\Java\jdk1.6.0_37\jre\bin\fontmanager.dll
0x000000006d6b0000 - 0x000000006d6c7000 	C:\Program Files\Java\jdk1.6.0_37\jre\bin\net.dll
0x000007fefeca0000 - 0x000007fefeced000 	C:\Windows\system32\WS2_32.dll
0x000007fefdc70000 - 0x000007fefdc78000 	C:\Windows\system32\NSI.dll
0x000007fefcbc0000 - 0x000007fefcc15000 	C:\Windows\system32\mswsock.dll
0x000007fefcbb0000 - 0x000007fefcbb7000 	C:\Windows\System32\wship6.dll
0x000000006d6d0000 - 0x000000006d6db000 	C:\Program Files\Java\jdk1.6.0_37\jre\bin\nio.dll
0x000007fee3cd0000 - 0x000007fee3f75000 	C:\opencv\build\x64\vc10\bin\opencv_imgproc243.dll
0x000007fee9c00000 - 0x000007fee9c48000 	C:\Users\Fernando\AppData\Local\Temp\javacpp9211913926969\jniopencv_imgproc.dll
0x000007fefcc20000 - 0x000007fefcc37000 	C:\Windows\system32\CRYPTSP.dll
0x000007fefc920000 - 0x000007fefc967000 	C:\Windows\system32\rsaenh.dll
0x000007fefd330000 - 0x000007fefd344000 	C:\Windows\system32\RpcRtRemote.dll
0x000000006d2b0000 - 0x000000006d2d8000 	C:\Program Files\Java\jdk1.6.0_37\jre\bin\dcpr.dll
0x0000000077140000 - 0x0000000077147000 	C:\Windows\system32\PSAPI.DLL

VM Arguments:
jvm_args: -Dfile.encoding=UTF-8 -Xcheck:jni 
java_command: jhandcontrol.demo.Demonstration
Launcher Type: SUN_STANDARD

Environment Variables:
PATH=C:\Perl\site\bin;C:\Perl\bin;C:\Program Files\Common Files\Microsoft Shared\Windows Live;C:\Program Files (x86)\Common Files\Microsoft Shared\Windows Live;C:\Program Files (x86)\Intel\iCLS Client\;C:\Program Files\Intel\iCLS Client\;C:\Windows\system32;C:\Windows;C:\Windows\System32\Wbem;C:\Windows\System32\WindowsPowerShell\v1.0\;C:\Program Files (x86)\Windows Live\Shared;C:\vagrant\vagrant\bin;C:\Python27\;C:\Python27\Scripts\;C:\cygwin\bin\;C:\cygwin\usr\bin\;C:\cygwin\usr\local\bin\;C:\mongodb\bin\;C:\Program Files\nodejs\;C:\Ruby192\bin;C:\Users\Fernando\AppData\Roaming\npm\
USERNAME=Fernando
OS=Windows_NT
PROCESSOR_IDENTIFIER=Intel64 Family 6 Model 58 Stepping 9, GenuineIntel



---------------  S Y S T E M  ---------------

OS: Windows 7 , 64 bit Build 7601 Service Pack 1

CPU:total 8 (4 cores per cpu, 2 threads per core) family 6 model 58 stepping 9, cmov, cx8, fxsr, mmx, sse, sse2, sse3, ssse3, sse4.1, sse4.2, popcnt, ht

Memory: 4k page, physical 8244064k(4748052k free), swap 16486276k(9922560k free)

vm_info: Java HotSpot(TM) 64-Bit Server VM (20.12-b01) for windows-amd64 JRE (1.6.0_37-b06), built on Sep 24 2012 11:45:14 by "java_re" with MS VC++ 8.0 (VS2005)

time: Thu Dec 06 12:42:55 2012
elapsed time: 23 seconds

