#
# A fatal error has been detected by the Java Runtime Environment:
#
#  EXCEPTION_ACCESS_VIOLATION (0xc0000005) at pc=0x000007fee73c946b, pid=7092, tid=4320
#
# JRE version: 6.0_37-b06
# Java VM: Java HotSpot(TM) 64-Bit Server VM (20.12-b01 mixed mode windows-amd64 compressed oops)
# Problematic frame:
# C  [opencv_core243.dll+0x6946b]
#
# If you would like to submit a bug report, please visit:
#   http://java.sun.com/webapps/bugreport/crash.jsp
# The crash happened outside the Java Virtual Machine in native code.
# See problematic frame for where to report the bug.
#

---------------  T H R E A D  ---------------

Current thread (0x0000000006402000):  JavaThread "Thread-3" [_thread_in_native, id=4320, stack(0x0000000007b60000,0x0000000007c60000)]

siginfo: ExceptionCode=0xc0000005, reading address 0x0000000400000020

Registers:
RAX=0x0000000400000000, RBX=0x0000000007c5f198, RCX=0x0000000000000001, RDX=0x0000000000000000
RSP=0x0000000007c5eeb0, RBP=0x0000000007c5efb0, RSI=0x0000000000000000, RDI=0x0000000000000000
R8 =0x0000000000000000, R9 =0x0000000400000000, R10=0x000000002a147408, R11=0x0000000007c5f030
R12=0x000000002a147368, R13=0x0000000000000001, R14=0x0000000000000000, R15=0x0000000019db9f00
RIP=0x000007fee73c946b, EFLAGS=0x0000000000010206

Top of Stack: (sp=0x0000000007c5eeb0)
0x0000000007c5eeb0:   00000007d6ecb0d0 000000000227d328
0x0000000007c5eec0:   fffffffffffffffe 000000001e04ea50
0x0000000007c5eed0:   fffffffffffffffe 0000000200000001
0x0000000007c5eee0:   fffffffffffffffe 00000007d6ecb0d0
0x0000000007c5eef0:   0000000000000004 0000000007c5f3a0
0x0000000007c5ef00:   0000000000000003 0000000007c5f118
0x0000000007c5ef10:   00000007d6ecb0d0 000000000227a6a4
0x0000000007c5ef20:   000007fee7b61b30 000007fee73dad94
0x0000000007c5ef30:   000000001e3875d0 0000003f00000046
0x0000000007c5ef40:   000000006da9a9c0 000000006da9a9a5
0x0000000007c5ef50:   0000000007c5efd0 00000000021d0524
0x0000000007c5ef60:   00000000021d0524 000007fee7b61b30
0x0000000007c5ef70:   0000028000000000 0000000200000001
0x0000000007c5ef80:   000000001e3875d0 0000000007a60620
0x0000000007c5ef90:   00000007d6ecb0d0 0000000000000006
0x0000000007c5efa0:   0000000007c5f330 0000000006376728 

Instructions: (pc=0x000007fee73c946b)
0x000007fee73c944b:   c7 44 24 78 0f 00 00 00 48 89 7c 24 70 c6 44 24
0x000007fee73c945b:   60 00 48 8b 03 4c 8b c8 8b 4b 08 48 85 c0 74 43
0x000007fee73c946b:   48 8b 50 20 48 85 d2 74 12 44 8d 41 01 44 3b 43
0x000007fee73c947b:   0c 7d 08 48 8b c2 41 8b c8 eb 28 48 83 78 10 00 


Register to memory mapping:

RAX=0x0000000400000000 is an unknown value
RBX=0x0000000007c5f198 is pointing into the stack for thread: 0x0000000006402000
RCX=0x0000000000000001 is an unknown value
RDX=0x0000000000000000 is an unknown value
RSP=0x0000000007c5eeb0 is pointing into the stack for thread: 0x0000000006402000
RBP=0x0000000007c5efb0 is pointing into the stack for thread: 0x0000000006402000
RSI=0x0000000000000000 is an unknown value
RDI=0x0000000000000000 is an unknown value
R8 =0x0000000000000000 is an unknown value
R9 =0x0000000400000000 is an unknown value
R10=0x000000002a147408 is an unknown value
R11=0x0000000007c5f030 is pointing into the stack for thread: 0x0000000006402000
R12=0x000000002a147368 is an unknown value
R13=0x0000000000000001 is an unknown value
R14=0x0000000000000000 is an unknown value
R15=0x0000000019db9f00 is an unknown value


Stack: [0x0000000007b60000,0x0000000007c60000],  sp=0x0000000007c5eeb0,  free space=1019k
Native frames: (J=compiled Java code, j=interpreted, Vv=VM code, C=native code)
C  [opencv_core243.dll+0x6946b]  cvNextTreeNode+0x16b

Java frames: (J=compiled Java code, j=interpreted, Vv=VM code)
j  com.googlecode.javacv.cpp.opencv_core.cvDrawContours(Lcom/googlecode/javacv/cpp/opencv_core$CvArr;Lcom/googlecode/javacv/cpp/opencv_core$CvSeq;Lcom/googlecode/javacv/cpp/opencv_core$CvScalar;Lcom/googlecode/javacv/cpp/opencv_core$CvScalar;IIILcom/googlecode/javacv/cpp/opencv_core$CvPoint;)V+0
j  com.googlecode.javacv.cpp.opencv_core.cvDrawContours(Lcom/googlecode/javacv/cpp/opencv_core$CvArr;Lcom/googlecode/javacv/cpp/opencv_core$CvSeq;Lcom/googlecode/javacv/cpp/opencv_core$CvScalar;Lcom/googlecode/javacv/cpp/opencv_core$CvScalar;III)V+13
j  jhandcontrol.calibrator.Calibrator.updateImage(Ljhandcontrol/data/JFrameHand;Z)V+552
j  jhandcontrol.calibrator.Calibrator.run()V+38
v  ~StubRoutines::call_stub

---------------  P R O C E S S  ---------------

Java Threads: ( => current thread )
  0x0000000007a2a000 JavaThread "TimerQueue" daemon [_thread_blocked, id=7828, stack(0x0000000011540000,0x0000000011640000)]
  0x00000000077b9000 JavaThread "AWT-EventQueue-0" [_thread_blocked, id=7484, stack(0x000000000a420000,0x000000000a520000)]
  0x000000000771c800 JavaThread "AWT-Windows" daemon [_thread_in_native, id=7708, stack(0x000000000a320000,0x000000000a420000)]
  0x000000000771c000 JavaThread "AWT-Shutdown" [_thread_blocked, id=7644, stack(0x000000000a220000,0x000000000a320000)]
  0x000000000771b000 JavaThread "Java2D Disposer" daemon [_thread_blocked, id=4720, stack(0x000000000a120000,0x000000000a220000)]
  0x0000000007792800 JavaThread "Thread-0" [_thread_in_Java, id=7608, stack(0x0000000009f40000,0x000000000a040000)]
=>0x0000000006402000 JavaThread "Thread-3" [_thread_in_native, id=4320, stack(0x0000000007b60000,0x0000000007c60000)]
  0x0000000006388000 JavaThread "Low Memory Detector" daemon [_thread_blocked, id=7868, stack(0x0000000007460000,0x0000000007560000)]
  0x0000000006373800 JavaThread "C2 CompilerThread1" daemon [_thread_blocked, id=5264, stack(0x0000000007360000,0x0000000007460000)]
  0x000000000636c800 JavaThread "C2 CompilerThread0" daemon [_thread_blocked, id=2740, stack(0x0000000007260000,0x0000000007360000)]
  0x000000000636b000 JavaThread "Attach Listener" daemon [_thread_blocked, id=1388, stack(0x0000000007160000,0x0000000007260000)]
  0x000000000636a000 JavaThread "Signal Dispatcher" daemon [_thread_blocked, id=7964, stack(0x0000000007060000,0x0000000007160000)]
  0x0000000006318800 JavaThread "Finalizer" daemon [_thread_blocked, id=6292, stack(0x0000000006f60000,0x0000000007060000)]
  0x0000000006312000 JavaThread "Reference Handler" daemon [_thread_blocked, id=8160, stack(0x0000000006e60000,0x0000000006f60000)]
  0x00000000005db800 JavaThread "main" [_thread_blocked, id=1784, stack(0x00000000020d0000,0x00000000021d0000)]

Other Threads:
  0x0000000006306000 VMThread [stack: 0x0000000006d60000,0x0000000006e60000] [id=7336]
  0x0000000006399800 WatcherThread [stack: 0x0000000007560000,0x0000000007660000] [id=7380]

VM state:not at safepoint (normal execution)

VM Mutex/Monitor currently owned by a thread: None

Heap
 PSYoungGen      total 107712K, used 20533K [0x00000007d60b0000, 0x00000007deae0000, 0x0000000800000000)
  eden space 102592K, 15% used [0x00000007d60b0000,0x00000007d6fe84e0,0x00000007dc4e0000)
  from space 5120K, 96% used [0x00000007dc4e0000,0x00000007dc9b5050,0x00000007dc9e0000)
  to   space 5120K, 0% used [0x00000007de5e0000,0x00000007de5e0000,0x00000007deae0000)
 PSOldGen        total 275904K, used 174091K [0x0000000782200000, 0x0000000792f70000, 0x00000007d60b0000)
  object space 275904K, 63% used [0x0000000782200000,0x000000078cc02d70,0x0000000792f70000)
 PSPermGen       total 27968K, used 13352K [0x000000077d000000, 0x000000077eb50000, 0x0000000782200000)
  object space 27968K, 47% used [0x000000077d000000,0x000000077dd0a1f8,0x000000077eb50000)

Code Cache  [0x00000000021d0000, 0x0000000002440000, 0x00000000051d0000)
 total_blobs=579 nmethods=123 adapters=417 free_code_cache=49470912 largest_free_block=17408

Dynamic libraries:
0x0000000000400000 - 0x000000000042f000 	C:\Program Files\Java\jdk1.6.0_37\bin\java.exe
0x0000000077ad0000 - 0x0000000077c79000 	C:\Windows\SYSTEM32\ntdll.dll
0x00000000773f0000 - 0x000000007750f000 	C:\Windows\system32\kernel32.dll
0x000007fefe290000 - 0x000007fefe2fc000 	C:\Windows\system32\KERNELBASE.dll
0x000007fefed20000 - 0x000007fefedfb000 	C:\Windows\system32\ADVAPI32.dll
0x000007fefe8f0000 - 0x000007fefe98f000 	C:\Windows\system32\msvcrt.dll
0x000007fefe990000 - 0x000007fefe9af000 	C:\Windows\SYSTEM32\sechost.dll
0x000007fefe610000 - 0x000007fefe73d000 	C:\Windows\system32\RPCRT4.dll
0x000000006d8b0000 - 0x000000006e06b000 	C:\Program Files\Java\jdk1.6.0_37\jre\bin\server\jvm.dll
0x00000000779d0000 - 0x0000000077aca000 	C:\Windows\system32\USER32.dll
0x000007fefeea0000 - 0x000007fefef07000 	C:\Windows\system32\GDI32.dll
0x000007fefe740000 - 0x000007fefe74e000 	C:\Windows\system32\LPK.dll
0x000007fefe820000 - 0x000007fefe8e9000 	C:\Windows\system32\USP10.dll
0x000007fefc040000 - 0x000007fefc07b000 	C:\Windows\system32\WINMM.dll
0x000007fefe750000 - 0x000007fefe77e000 	C:\Windows\system32\IMM32.DLL
0x000007fefef20000 - 0x000007feff029000 	C:\Windows\system32\MSCTF.dll
0x000007fefdef0000 - 0x000007fefdf30000 	C:\Windows\system32\nvinitx.dll
0x000000006d820000 - 0x000000006d82e000 	C:\Program Files\Java\jdk1.6.0_37\jre\bin\verify.dll
0x000000006d450000 - 0x000000006d477000 	C:\Program Files\Java\jdk1.6.0_37\jre\bin\java.dll
0x000000006d870000 - 0x000000006d882000 	C:\Program Files\Java\jdk1.6.0_37\jre\bin\zip.dll
0x0000000074d00000 - 0x0000000074dd2000 	C:\Windows\System32\msvcr100.dll
0x0000000072b90000 - 0x0000000072c28000 	C:\Windows\System32\msvcp100.dll
0x000007fee7360000 - 0x000007fee75b8000 	C:\opencv\build\x64\vc10\bin\opencv_core243.dll
0x000007fee7b60000 - 0x000007fee7bf5000 	C:\Users\Fernando\AppData\Local\Temp\javacpp4122858118328\jniopencv_core.dll
0x000007fefea90000 - 0x000007fefec93000 	C:\Windows\System32\ole32.dll
0x000007fefe530000 - 0x000007fefe607000 	C:\Windows\System32\oleaut32.dll
0x000007fefbcf0000 - 0x000007fefbd0e000 	C:\Users\Fernando\AppData\Local\Temp\javacpp4122858118328\jnivideoInputLib.dll
0x000007fefde20000 - 0x000007fefde2f000 	C:\Windows\system32\CRYPTBASE.dll
0x000007fefe780000 - 0x000007fefe819000 	C:\Windows\system32\CLBCatQ.DLL
0x000007fefe300000 - 0x000007fefe4d7000 	C:\Windows\system32\setupapi.dll
0x000007fefdfe0000 - 0x000007fefe016000 	C:\Windows\system32\CFGMGR32.dll
0x000007fefe270000 - 0x000007fefe28a000 	C:\Windows\system32\DEVOBJ.dll
0x000007fefc080000 - 0x000007fefc0ad000 	C:\Windows\system32\ntmarta.dll
0x000007fefea30000 - 0x000007fefea82000 	C:\Windows\system32\WLDAP32.dll
0x000007fefe190000 - 0x000007fefe1c9000 	C:\Windows\system32\WINTRUST.dll
0x000007fefe020000 - 0x000007fefe18a000 	C:\Windows\system32\CRYPT32.dll
0x000007fefdfd0000 - 0x000007fefdfdf000 	C:\Windows\system32\MSASN1.dll
0x000007fef23c0000 - 0x000007fef23cd000 	C:\Windows\system32\msdmo.dll
0x000007feeb2c0000 - 0x000007feeb2d6000 	C:\Windows\system32\devenum.dll
0x000007fefbcc0000 - 0x000007fefbcef000 	C:\Windows\system32\qcap.dll
0x000007fee6110000 - 0x000007fee62c2000 	C:\Windows\system32\quartz.dll
0x000007feff050000 - 0x000007feffdd8000 	C:\Windows\system32\SHELL32.dll
0x000007fefeca0000 - 0x000007fefed11000 	C:\Windows\system32\SHLWAPI.dll
0x000007fefc770000 - 0x000007fefc7c6000 	C:\Windows\system32\uxtheme.dll
0x000007fef8580000 - 0x000007fef8587000 	c:\PROGRA~2\mcafee\SITEAD~1\x64\saHook.dll
0x000007fefc340000 - 0x000007fefc358000 	C:\Windows\system32\dwmapi.dll
0x000007fef7a50000 - 0x000007fef7a91000 	C:\Windows\system32\ksproxy.ax
0x0000000074f90000 - 0x0000000074f96000 	C:\Windows\system32\ksuser.dll
0x000007feec860000 - 0x000007feeca5f000 	C:\Windows\system32\d3d9.dll
0x000007fefcfe0000 - 0x000007fefcfec000 	C:\Windows\system32\VERSION.dll
0x000007feeda00000 - 0x000007feeda07000 	C:\Windows\system32\d3d8thk.dll
0x000007fefc1c0000 - 0x000007fefc1cb000 	C:\Windows\system32\vidcap.ax
0x000007fefbc90000 - 0x000007fefbcb4000 	C:\Windows\system32\kswdmcap.ax
0x000007fee5400000 - 0x000007fee555c000 	C:\Windows\system32\MFC42.dll
0x000007fee79f0000 - 0x000007fee7aa1000 	C:\Windows\system32\ODBC32.dll
0x000007fefc950000 - 0x000007fefcb44000 	C:\Windows\WinSxS\amd64_microsoft.windows.common-controls_6595b64144ccf1df_6.0.7601.17514_none_fa396087175ac9ac\COMCTL32.dll
0x000000005e010000 - 0x000000005e048000 	C:\Windows\system32\odbcint.dll
0x000007fee6070000 - 0x000007fee610b000 	C:\Windows\System32\qedit.dll
0x000007fef75c0000 - 0x000007fef75e9000 	C:\Windows\System32\MSVFW32.dll
0x000007fefee00000 - 0x000007fefee97000 	C:\Windows\system32\COMDLG32.dll
0x000007fefc550000 - 0x000007fefc766000 	C:\Windows\WinSxS\amd64_microsoft.windows.gdiplus_6595b64144ccf1df_1.1.7601.17825_none_2b253c8271ec7765\gdiplus.dll
0x000007feef2a0000 - 0x000007feef391000 	C:\Windows\system32\DDRAW.dll
0x000007fef2410000 - 0x000007fef2418000 	C:\Windows\system32\DCIMAN32.dll
0x000007fefbd60000 - 0x000007fefbd6b000 	C:\Windows\system32\msyuv.dll
0x000000006d0a0000 - 0x000000006d264000 	C:\Program Files\Java\jdk1.6.0_37\jre\bin\awt.dll
0x000007fefae20000 - 0x000007fefae91000 	C:\Windows\system32\WINSPOOL.DRV
0x000000006d340000 - 0x000000006d3a7000 	C:\Program Files\Java\jdk1.6.0_37\jre\bin\fontmanager.dll
0x000000006d6b0000 - 0x000000006d6c7000 	C:\Program Files\Java\jdk1.6.0_37\jre\bin\net.dll
0x000007fefe4e0000 - 0x000007fefe52d000 	C:\Windows\system32\WS2_32.dll
0x000007fefef10000 - 0x000007fefef18000 	C:\Windows\system32\NSI.dll
0x000007fefd720000 - 0x000007fefd775000 	C:\Windows\system32\mswsock.dll
0x000007fefd710000 - 0x000007fefd717000 	C:\Windows\System32\wship6.dll
0x000000006d6d0000 - 0x000000006d6db000 	C:\Program Files\Java\jdk1.6.0_37\jre\bin\nio.dll
0x000007fee5150000 - 0x000007fee53f5000 	C:\opencv\build\x64\vc10\bin\opencv_imgproc243.dll
0x000007feec230000 - 0x000007feec278000 	C:\Users\Fernando\AppData\Local\Temp\javacpp4122858118328\jniopencv_imgproc.dll
0x000007fefd780000 - 0x000007fefd797000 	C:\Windows\system32\CRYPTSP.dll
0x000007fefd480000 - 0x000007fefd4c7000 	C:\Windows\system32\rsaenh.dll
0x000007fefded0000 - 0x000007fefdee4000 	C:\Windows\system32\RpcRtRemote.dll
0x000000006d2b0000 - 0x000000006d2d8000 	C:\Program Files\Java\jdk1.6.0_37\jre\bin\dcpr.dll
0x0000000077c90000 - 0x0000000077c97000 	C:\Windows\system32\PSAPI.DLL

VM Arguments:
jvm_args: -Dfile.encoding=UTF-8 -Xcheck:jni 
java_command: jhandcontrol.demo.Demonstration
Launcher Type: SUN_STANDARD

Environment Variables:
PATH=C:\Perl\site\bin;C:\Perl\bin;C:\Program Files\Common Files\Microsoft Shared\Windows Live;C:\Program Files (x86)\Common Files\Microsoft Shared\Windows Live;C:\Program Files (x86)\Intel\iCLS Client\;C:\Program Files\Intel\iCLS Client\;C:\Windows\system32;C:\Windows;C:\Windows\System32\Wbem;C:\Windows\System32\WindowsPowerShell\v1.0\;C:\Program Files (x86)\Windows Live\Shared;C:\vagrant\vagrant\bin;C:\Python27\;C:\Python27\Scripts\;C:\cygwin\bin\;C:\cygwin\usr\bin\;C:\cygwin\usr\local\bin\;C:\mongodb\bin\;C:\Program Files\nodejs\;C:\Ruby192\bin;C:\Users\Fernando\AppData\Roaming\npm\
USERNAME=Fernando
OS=Windows_NT
PROCESSOR_IDENTIFIER=Intel64 Family 6 Model 58 Stepping 9, GenuineIntel



---------------  S Y S T E M  ---------------

OS: Windows 7 , 64 bit Build 7601 Service Pack 1

CPU:total 8 (4 cores per cpu, 2 threads per core) family 6 model 58 stepping 9, cmov, cx8, fxsr, mmx, sse, sse2, sse3, ssse3, sse4.1, sse4.2, popcnt, ht

Memory: 4k page, physical 8244064k(5334180k free), swap 16486276k(12247660k free)

vm_info: Java HotSpot(TM) 64-Bit Server VM (20.12-b01) for windows-amd64 JRE (1.6.0_37-b06), built on Sep 24 2012 11:45:14 by "java_re" with MS VC++ 8.0 (VS2005)

time: Thu Dec 06 14:54:02 2012
elapsed time: 19 seconds

