#
# A fatal error has been detected by the Java Runtime Environment:
#
#  EXCEPTION_ACCESS_VIOLATION (0xc0000005) at pc=0x000007fefd3fcaed, pid=4376, tid=4612
#
# JRE version: 6.0_37-b06
# Java VM: Java HotSpot(TM) 64-Bit Server VM (20.12-b01 mixed mode windows-amd64 compressed oops)
# Problematic frame:
# C  [KERNELBASE.dll+0xcaed]
#
# If you would like to submit a bug report, please visit:
#   http://java.sun.com/webapps/bugreport/crash.jsp
# The crash happened outside the Java Virtual Machine in native code.
# See problematic frame for where to report the bug.
#

---------------  T H R E A D  ---------------

Current thread (0x000000000779e800):  JavaThread "Thread-0" [_thread_in_native, id=4612, stack(0x000000000a500000,0x000000000a600000)]

siginfo: ExceptionCode=0xc0000005, reading address 0x0000000000000014

Registers:
RAX=0x000000007c959fd1, RBX=0x000000000a5fe400, RCX=0x000000000a5fc050, RDX=0x0000000000002270
RSP=0x000000000a5fc660, RBP=0x000000000a5fccf0, RSI=0x000000000a5fe8f0, RDI=0x000000000a5fd450
R8 =0x0000000000000000, R9 =0x0000000000000000, R10=0x0000000000092888, R11=0x000000000a5fc6a0
R12=0x000000000a5fdaa8, R13=0x0000000000000000, R14=0x000000000a5fc7a0, R15=0x000007fee4edd1a0
RIP=0x000007fefd3fcaed, EFLAGS=0x0000000000000206

Top of Stack: (sp=0x000000000a5fc660)
0x000000000a5fc660:   000000000a5fe400 000000000a5fe8f0
0x000000000a5fc670:   000000000a5fd450 0000000000000000
0x000000000a5fc680:   00000000c0000005 0000000000000000
0x000000000a5fc690:   000007fefd3fcaed 0000000000000002
0x000000000a5fc6a0:   0000000000000000 0000000000000014
0x000000000a5fc6b0:   000000000a5ff1e0 000007fee4edd1c6
0x000000000a5fc6c0:   0000000000000000 00000000742620da
0x000000000a5fc6d0:   000000000a5fd450 000000000a5fd450
0x000000000a5fc6e0:   00b7590f00bb8200 0000000000000998
0x000000000a5fc6f0:   000000000a5fd450 00000000742620fb
0x000000000a5fc700:   000000000a5fe400 000000000a5ff1e0
0x000000000a5fc710:   000000000a5ff1e0 0000000700000000
0x000000000a5fc720:   000000000a5fe400 00000000742a04d6
0x000000000a5fc730:   000007fee4edd1a0 000000000a5fdaa8
0x000000000a5fc740:   0000000700000100 000000000aa0a150
0x000000000a5fc750:   0000000000000001 000000000a5fc5a0 

Instructions: (pc=0x000007fefd3fcaed)
0x000007fefd3fcacd:   54 24 24 48 89 4c 24 28 4d 85 c9 0f 85 e0 06 00
0x000007fefd3fcadd:   00 89 4c 24 38 48 8d 4c 24 20 ff 15 b3 e7 03 00
0x000007fefd3fcaed:   48 81 c4 c8 00 00 00 c3 90 90 90 90 90 90 90 90
0x000007fefd3fcafd:   90 90 90 48 89 5c 24 18 55 41 54 41 55 41 56 41 


Register to memory mapping:

RAX=0x000000007c959fd1 is an unknown value
RBX=0x000000000a5fe400 is pointing into the stack for thread: 0x000000000779e800
RCX=0x000000000a5fc050 is pointing into the stack for thread: 0x000000000779e800
RDX=0x0000000000002270 is an unknown value
RSP=0x000000000a5fc660 is pointing into the stack for thread: 0x000000000779e800
RBP=0x000000000a5fccf0 is pointing into the stack for thread: 0x000000000779e800
RSI=0x000000000a5fe8f0 is pointing into the stack for thread: 0x000000000779e800
RDI=0x000000000a5fd450 is pointing into the stack for thread: 0x000000000779e800
R8 =0x0000000000000000 is an unknown value
R9 =0x0000000000000000 is an unknown value
R10=0x0000000000092888 is an unknown value
R11=0x000000000a5fc6a0 is pointing into the stack for thread: 0x000000000779e800
R12=0x000000000a5fdaa8 is pointing into the stack for thread: 0x000000000779e800
R13=0x0000000000000000 is an unknown value
R14=0x000000000a5fc7a0 is pointing into the stack for thread: 0x000000000779e800
R15=0x000007fee4edd1a0 is an unknown value


Stack: [0x000000000a500000,0x000000000a600000],  sp=0x000000000a5fc660,  free space=1009k
Native frames: (J=compiled Java code, j=interpreted, Vv=VM code, C=native code)
C  [KERNELBASE.dll+0xcaed]  RaiseException+0x3d
C  0x000000000a5fcd98

Java frames: (J=compiled Java code, j=interpreted, Vv=VM code)
j  com.googlecode.javacv.cpp.opencv_imgproc.cvFindContours(Lcom/googlecode/javacv/cpp/opencv_core$CvArr;Lcom/googlecode/javacv/cpp/opencv_core$CvMemStorage;Lcom/googlecode/javacv/cpp/opencv_core$CvSeq;IIILcom/googlecode/javacv/cpp/opencv_core$CvPoint;)I+0
j  com.googlecode.javacv.cpp.opencv_imgproc.cvFindContours(Lcom/googlecode/javacv/cpp/opencv_core$CvArr;Lcom/googlecode/javacv/cpp/opencv_core$CvMemStorage;Lcom/googlecode/javacv/cpp/opencv_core$CvSeq;III)I+11
j  jhandcontrol.data.JHandDetection.detect(Lcom/googlecode/javacv/cpp/opencv_core$IplImage;)Ljava/util/ArrayList;+66
j  jhandcontrol.data.JFrameHand.getHands()Ljava/util/ArrayList;+20
j  jhandcontrol.demo.HandListener.frameEvent(Ljhandcontrol/data/JFrameHand;)V+1
j  jhandcontrol.JHandControl.run()V+135
v  ~StubRoutines::call_stub

---------------  P R O C E S S  ---------------

Java Threads: ( => current thread )
  0x000000000ab2d000 JavaThread "TimerQueue" daemon [_thread_blocked, id=3636, stack(0x0000000011210000,0x0000000011310000)]
  0x00000000077a2800 JavaThread "AWT-EventQueue-0" [_thread_blocked, id=1700, stack(0x000000000a700000,0x000000000a800000)]
  0x000000000779f800 JavaThread "AWT-Shutdown" [_thread_blocked, id=7548, stack(0x000000000a600000,0x000000000a700000)]
=>0x000000000779e800 JavaThread "Thread-0" [_thread_in_native, id=4612, stack(0x000000000a500000,0x000000000a600000)]
  0x00000000077ba800 JavaThread "Thread-3" [_thread_in_native, id=8124, stack(0x0000000008970000,0x0000000008a70000)]
  0x00000000077e0800 JavaThread "AWT-Windows" daemon [_thread_in_native, id=6256, stack(0x00000000081e0000,0x00000000082e0000)]
  0x00000000064b5800 JavaThread "Java2D Disposer" daemon [_thread_blocked, id=8144, stack(0x0000000007fe0000,0x00000000080e0000)]
  0x0000000006439000 JavaThread "Low Memory Detector" daemon [_thread_blocked, id=7356, stack(0x0000000007500000,0x0000000007600000)]
  0x0000000006426800 JavaThread "C2 CompilerThread1" daemon [_thread_blocked, id=1584, stack(0x0000000007400000,0x0000000007500000)]
  0x000000000640c000 JavaThread "C2 CompilerThread0" daemon [_thread_blocked, id=1524, stack(0x0000000007300000,0x0000000007400000)]
  0x000000000640b000 JavaThread "Attach Listener" daemon [_thread_blocked, id=3412, stack(0x0000000007200000,0x0000000007300000)]
  0x000000000640a000 JavaThread "Signal Dispatcher" daemon [_thread_blocked, id=3084, stack(0x0000000007100000,0x0000000007200000)]
  0x00000000063b8800 JavaThread "Finalizer" daemon [_thread_blocked, id=8028, stack(0x0000000007000000,0x0000000007100000)]
  0x00000000063b2000 JavaThread "Reference Handler" daemon [_thread_blocked, id=6916, stack(0x0000000006f00000,0x0000000007000000)]
  0x00000000002ab800 JavaThread "main" [_thread_blocked, id=6996, stack(0x0000000002230000,0x0000000002330000)]

Other Threads:
  0x00000000063a6000 VMThread [stack: 0x0000000006e00000,0x0000000006f00000] [id=2536]
  0x000000000644a800 WatcherThread [stack: 0x0000000007600000,0x0000000007700000] [id=4696]

VM state:not at safepoint (normal execution)

VM Mutex/Monitor currently owned by a thread: None

Heap
 PSYoungGen      total 56896K, used 40927K [0x00000007d60b0000, 0x00000007d9eb0000, 0x0000000800000000)
  eden space 51584K, 79% used [0x00000007d60b0000,0x00000007d88a7d58,0x00000007d9310000)
  from space 5312K, 0% used [0x00000007d9840000,0x00000007d9840000,0x00000007d9d70000)
  to   space 5312K, 0% used [0x00000007d9310000,0x00000007d9310000,0x00000007d9840000)
 PSOldGen        total 166656K, used 63594K [0x0000000782200000, 0x000000078c4c0000, 0x00000007d60b0000)
  object space 166656K, 38% used [0x0000000782200000,0x000000078601ab38,0x000000078c4c0000)
 PSPermGen       total 30208K, used 13353K [0x000000077d000000, 0x000000077ed80000, 0x0000000782200000)
  object space 30208K, 44% used [0x000000077d000000,0x000000077dd0a740,0x000000077ed80000)

Code Cache  [0x0000000002330000, 0x00000000025a0000, 0x0000000005330000)
 total_blobs=563 nmethods=99 adapters=417 free_code_cache=49595584 largest_free_block=6336

Dynamic libraries:
0x0000000000400000 - 0x000000000042f000 	C:\Program Files\Java\jdk1.6.0_37\bin\java.exe
0x0000000076ec0000 - 0x0000000077069000 	C:\Windows\SYSTEM32\ntdll.dll
0x0000000076b40000 - 0x0000000076c5f000 	C:\Windows\system32\kernel32.dll
0x000007fefd3f0000 - 0x000007fefd45c000 	C:\Windows\system32\KERNELBASE.dll
0x000007fefd750000 - 0x000007fefd82b000 	C:\Windows\system32\ADVAPI32.dll
0x000007feff130000 - 0x000007feff1cf000 	C:\Windows\system32\msvcrt.dll
0x000007feff030000 - 0x000007feff04f000 	C:\Windows\SYSTEM32\sechost.dll
0x000007fefee20000 - 0x000007fefef4d000 	C:\Windows\system32\RPCRT4.dll
0x000000006d8b0000 - 0x000000006e06b000 	C:\Program Files\Java\jdk1.6.0_37\jre\bin\server\jvm.dll
0x0000000076c60000 - 0x0000000076d5a000 	C:\Windows\system32\USER32.dll
0x000007fefe610000 - 0x000007fefe677000 	C:\Windows\system32\GDI32.dll
0x000007fefe980000 - 0x000007fefe98e000 	C:\Windows\system32\LPK.dll
0x000007fefe990000 - 0x000007fefea59000 	C:\Windows\system32\USP10.dll
0x000007fefb050000 - 0x000007fefb08b000 	C:\Windows\system32\WINMM.dll
0x000007feff0f0000 - 0x000007feff11e000 	C:\Windows\system32\IMM32.DLL
0x000007fefed10000 - 0x000007fefee19000 	C:\Windows\system32\MSCTF.dll
0x000007fefd2a0000 - 0x000007fefd2e0000 	C:\Windows\system32\nvinitx.dll
0x000000006d820000 - 0x000000006d82e000 	C:\Program Files\Java\jdk1.6.0_37\jre\bin\verify.dll
0x000000006d450000 - 0x000000006d477000 	C:\Program Files\Java\jdk1.6.0_37\jre\bin\java.dll
0x000000006d870000 - 0x000000006d882000 	C:\Program Files\Java\jdk1.6.0_37\jre\bin\zip.dll
0x0000000074240000 - 0x0000000074312000 	C:\Windows\System32\msvcr100.dll
0x0000000071970000 - 0x0000000071a08000 	C:\Windows\System32\msvcp100.dll
0x000007fee6600000 - 0x000007fee6858000 	C:\opencv\build\x64\vc10\bin\opencv_core243.dll
0x000007fef6c80000 - 0x000007fef6d15000 	C:\Users\Fernando\AppData\Local\Temp\javacpp3537218790333\jniopencv_core.dll
0x000000006d0a0000 - 0x000000006d264000 	C:\Program Files\Java\jdk1.6.0_37\jre\bin\awt.dll
0x000007fef9c60000 - 0x000007fef9cd1000 	C:\Windows\system32\WINSPOOL.DRV
0x000007fefeae0000 - 0x000007fefece3000 	C:\Windows\system32\ole32.dll
0x000007fefd880000 - 0x000007fefe608000 	C:\Windows\system32\SHELL32.dll
0x000007fefea60000 - 0x000007fefead1000 	C:\Windows\system32\SHLWAPI.dll
0x000007fefbd40000 - 0x000007fefbf34000 	C:\Windows\WinSxS\amd64_microsoft.windows.common-controls_6595b64144ccf1df_6.0.7601.17514_none_fa396087175ac9ac\COMCTL32.dll
0x000007fefb730000 - 0x000007fefb748000 	C:\Windows\system32\DWMAPI.DLL
0x000007fefbb60000 - 0x000007fefbbb6000 	C:\Windows\system32\uxtheme.dll
0x000000006d340000 - 0x000000006d3a7000 	C:\Program Files\Java\jdk1.6.0_37\jre\bin\fontmanager.dll
0x000007fef7ff0000 - 0x000007fef7ff7000 	c:\PROGRA~2\mcafee\SITEAD~1\x64\saHook.dll
0x000007fefef50000 - 0x000007feff027000 	C:\Windows\system32\OLEAUT32.dll
0x000007fefd1d0000 - 0x000007fefd1df000 	C:\Windows\system32\CRYPTBASE.dll
0x000000006d6b0000 - 0x000000006d6c7000 	C:\Program Files\Java\jdk1.6.0_37\jre\bin\net.dll
0x000007fefd830000 - 0x000007fefd87d000 	C:\Windows\system32\WS2_32.dll
0x000007feff120000 - 0x000007feff128000 	C:\Windows\system32\NSI.dll
0x000007fefcb10000 - 0x000007fefcb65000 	C:\Windows\system32\mswsock.dll
0x000007fefcb00000 - 0x000007fefcb07000 	C:\Windows\System32\wship6.dll
0x000000006d6d0000 - 0x000000006d6db000 	C:\Program Files\Java\jdk1.6.0_37\jre\bin\nio.dll
0x000007fef98a0000 - 0x000007fef98be000 	C:\Users\Fernando\AppData\Local\Temp\javacpp3537218790333\jnivideoInputLib.dll
0x000007feff050000 - 0x000007feff0e9000 	C:\Windows\system32\CLBCatQ.DLL
0x000007fef4600000 - 0x000007fef4616000 	C:\Windows\system32\devenum.dll
0x000007fefe700000 - 0x000007fefe8d7000 	C:\Windows\system32\setupapi.dll
0x000007fefd460000 - 0x000007fefd496000 	C:\Windows\system32\CFGMGR32.dll
0x000007fefd3d0000 - 0x000007fefd3ea000 	C:\Windows\system32\DEVOBJ.dll
0x000007fefb0a0000 - 0x000007fefb0cd000 	C:\Windows\system32\ntmarta.dll
0x000007fefd6f0000 - 0x000007fefd742000 	C:\Windows\system32\WLDAP32.dll
0x000007fefd6b0000 - 0x000007fefd6e9000 	C:\Windows\system32\WINTRUST.dll
0x000007fefd540000 - 0x000007fefd6aa000 	C:\Windows\system32\CRYPT32.dll
0x000007fefd3c0000 - 0x000007fefd3cf000 	C:\Windows\system32\MSASN1.dll
0x000007fef6a50000 - 0x000007fef6a5d000 	C:\Windows\system32\msdmo.dll
0x000007fef6c50000 - 0x000007fef6c7f000 	C:\Windows\system32\qcap.dll
0x000007fee52d0000 - 0x000007fee5482000 	C:\Windows\system32\quartz.dll
0x000007fee65b0000 - 0x000007fee65f1000 	C:\Windows\system32\ksproxy.ax
0x0000000074230000 - 0x0000000074236000 	C:\Windows\system32\ksuser.dll
0x000007fee9ab0000 - 0x000007fee9caf000 	C:\Windows\system32\d3d9.dll
0x000007fefc3d0000 - 0x000007fefc3dc000 	C:\Windows\system32\VERSION.dll
0x000007fef7090000 - 0x000007fef7097000 	C:\Windows\system32\d3d8thk.dll
0x000007fef7310000 - 0x000007fef731b000 	C:\Windows\system32\vidcap.ax
0x000007fee7a40000 - 0x000007fee7a64000 	C:\Windows\system32\kswdmcap.ax
0x000007fee5170000 - 0x000007fee52cc000 	C:\Windows\system32\MFC42.dll
0x000007fee50b0000 - 0x000007fee5161000 	C:\Windows\system32\ODBC32.dll
0x000000005f1b0000 - 0x000000005f1e8000 	C:\Windows\system32\odbcint.dll
0x000007fee5010000 - 0x000007fee50ab000 	C:\Windows\System32\qedit.dll
0x000007fee6580000 - 0x000007fee65a9000 	C:\Windows\System32\MSVFW32.dll
0x000007fefe8e0000 - 0x000007fefe977000 	C:\Windows\system32\COMDLG32.dll
0x000007fefb940000 - 0x000007fefbb56000 	C:\Windows\WinSxS\amd64_microsoft.windows.gdiplus_6595b64144ccf1df_1.1.7601.17825_none_2b253c8271ec7765\gdiplus.dll
0x000007feede30000 - 0x000007feedf21000 	C:\Windows\system32\DDRAW.dll
0x000007fefb360000 - 0x000007fefb368000 	C:\Windows\system32\DCIMAN32.dll
0x000007fef9950000 - 0x000007fef995b000 	C:\Windows\system32\msyuv.dll
0x000007fee4d60000 - 0x000007fee5005000 	C:\opencv\build\x64\vc10\bin\opencv_imgproc243.dll
0x000007fee4d10000 - 0x000007fee4d58000 	C:\Users\Fernando\AppData\Local\Temp\javacpp3537218790333\jniopencv_imgproc.dll
0x000007fefcb70000 - 0x000007fefcb87000 	C:\Windows\system32\CRYPTSP.dll
0x000007fefc870000 - 0x000007fefc8b7000 	C:\Windows\system32\rsaenh.dll
0x000007fefd280000 - 0x000007fefd294000 	C:\Windows\system32\RpcRtRemote.dll
0x000000006d2b0000 - 0x000000006d2d8000 	C:\Program Files\Java\jdk1.6.0_37\jre\bin\dcpr.dll
0x0000000077090000 - 0x0000000077097000 	C:\Windows\system32\PSAPI.DLL

VM Arguments:
jvm_args: -Dfile.encoding=UTF-8 
java_command: jhandcontrol.demo.Demonstration
Launcher Type: SUN_STANDARD

Environment Variables:
PATH=C:\Perl\site\bin;C:\Perl\bin;C:\Program Files\Common Files\Microsoft Shared\Windows Live;C:\Program Files (x86)\Common Files\Microsoft Shared\Windows Live;C:\Program Files (x86)\Intel\iCLS Client\;C:\Program Files\Intel\iCLS Client\;C:\Windows\system32;C:\Windows;C:\Windows\System32\Wbem;C:\Windows\System32\WindowsPowerShell\v1.0\;C:\Program Files (x86)\Windows Live\Shared;C:\vagrant\vagrant\bin;C:\Python27\;C:\Python27\Scripts\;C:\cygwin\bin\;C:\cygwin\usr\bin\;C:\cygwin\usr\local\bin\;C:\mongodb\bin\;C:\Program Files\nodejs\;C:\Ruby192\bin;C:\Users\Fernando\AppData\Roaming\npm\
USERNAME=Fernando
OS=Windows_NT
PROCESSOR_IDENTIFIER=Intel64 Family 6 Model 58 Stepping 9, GenuineIntel



---------------  S Y S T E M  ---------------

OS: Windows 7 , 64 bit Build 7601 Service Pack 1

CPU:total 8 (4 cores per cpu, 2 threads per core) family 6 model 58 stepping 9, cmov, cx8, fxsr, mmx, sse, sse2, sse3, ssse3, sse4.1, sse4.2, popcnt, ht

Memory: 4k page, physical 8244064k(4997376k free), swap 16486276k(11387892k free)

vm_info: Java HotSpot(TM) 64-Bit Server VM (20.12-b01) for windows-amd64 JRE (1.6.0_37-b06), built on Sep 24 2012 11:45:14 by "java_re" with MS VC++ 8.0 (VS2005)

time: Wed Dec 05 07:08:41 2012
elapsed time: 6 seconds

