#
# A fatal error has been detected by the Java Runtime Environment:
#
#  EXCEPTION_ACCESS_VIOLATION (0xc0000005) at pc=0x000007fee5930025, pid=5328, tid=6592
#
# JRE version: 7.0_09-b05
# Java VM: Java HotSpot(TM) 64-Bit Server VM (23.5-b02 mixed mode windows-amd64 compressed oops)
# Problematic frame:
# C  [opencv_imgproc243.dll+0x10025]  cv::Point_<int>::operator=+0x535
#
# Failed to write core dump. Minidumps are not enabled by default on client versions of Windows
#
# If you would like to submit a bug report, please visit:
#   http://bugreport.sun.com/bugreport/crash.jsp
# The crash happened outside the Java Virtual Machine in native code.
# See problematic frame for where to report the bug.
#

---------------  T H R E A D  ---------------

Current thread (0x000000000e8ca000):  JavaThread "Thread-0" [_thread_in_native, id=6592, stack(0x0000000010160000,0x0000000010260000)]

siginfo: ExceptionCode=0xc0000005, reading address 0x0000012f00000aee

Registers:
RAX=0x0000000000000970, RBX=0x0000000000000001, RCX=0xd1672698392e0000, RDX=0x0000012f00000186
RSP=0x000000001025e810, RBP=0x000000001025e910, RSI=0x0000000027fe8428, RDI=0x000000250000001e
R8 =0x0000012f00000aee, R9 =0x000000004299500c, R10=0x0000000000000000, R11=0x0000012f00000aee
R12=0x0000000000000020, R13=0x0000000000000026, R14=0x0000000000000000, R15=0x0000000027fd5ba0
RIP=0x000007fee5930025, EFLAGS=0x0000000000010246

Top of Stack: (sp=0x000000001025e810)
0x000000001025e810:   0000000000000001 0000000000000001
0x000000001025e820:   0000000027fe8428 000000250000001e
0x000000001025e830:   000000001025e8c0 000007fee769acc8
0x000000001025e840:   0000000400000003 0000000400000003
0x000000001025e850:   0000002500000020 000000250000001e
0x000000001025e860:   0000002500000020 0000000000010000
0x000000001025e870:   0000000000000040 0000000027fe8428
0x000000001025e880:   000000004299500c 0000012f00000aee
0x000000001025e890:   0000012f00000186 0000012f00000af6
0x000000001025e8a0:   0000000727fe8360 0000000000000000
0x000000001025e8b0:   0000000242ff4005 0000000400000001
0x000000001025e8c0:   0000000000000030 0000000027fe8428
0x000000001025e8d0:   0000000027fe84a8 0000000000000000
0x000000001025e8e0:   0000000000000000 0000000027fe88c8
0x000000001025e8f0:   0000000027fe8428 000000000dab6190
0x000000001025e900:   0000000000000040 0000000000000004 

Instructions: (pc=0x000007fee5930025)
0x000007fee5930005:   f9 8e 16 00 48 8d 54 24 60 44 8b c3 48 8b c8 48
0x000007fee5930015:   8b f0 48 89 45 e0 e8 d0 8e 16 00 4c 8b 5c 24 78
0x000007fee5930025:   49 8b 0b 49 83 c3 08 48 89 4c 24 50 4c 89 5c 24
0x000007fee5930035:   78 4c 3b 5d 88 72 14 48 8d 4c 24 60 ba 01 00 00 


Register to memory mapping:

RAX=0x0000000000000970 is an unknown value
RBX=0x0000000000000001 is an unknown value
RCX=0xd1672698392e0000 is an unknown value
RDX=0x0000012f00000186 is an unknown value
RSP=0x000000001025e810 is pointing into the stack for thread: 0x000000000e8ca000
RBP=0x000000001025e910 is pointing into the stack for thread: 0x000000000e8ca000
RSI=0x0000000027fe8428 is an unknown value
RDI=0x000000250000001e is an unknown value
R8 =0x0000012f00000aee is an unknown value
R9 =0x000000004299500c is an unknown value
R10=0x0000000000000000 is an unknown value
R11=0x0000012f00000aee is an unknown value
R12=0x0000000000000020 is an unknown value
R13=0x0000000000000026 is an unknown value
R14=0x0000000000000000 is an unknown value
R15=0x0000000027fd5ba0 is an unknown value


Stack: [0x0000000010160000,0x0000000010260000],  sp=0x000000001025e810,  free space=1018k
Native frames: (J=compiled Java code, j=interpreted, Vv=VM code, C=native code)
C  [opencv_imgproc243.dll+0x10025]  cv::Point_<int>::operator=+0x535

Java frames: (J=compiled Java code, j=interpreted, Vv=VM code)
J  com.googlecode.javacv.cpp.opencv_imgproc.cvApproxPoly(Lcom/googlecode/javacpp/Pointer;ILcom/googlecode/javacv/cpp/opencv_core$CvMemStorage;IDI)Lcom/googlecode/javacv/cpp/opencv_core$CvSeq;
J  jhandcontrol.utils.CvSeqUtils.getHandStatus(Ljhandcontrol/data/JHandDetection;)Ljhandcontrol/data/HandStatus;
j  jhandcontrol.data.JHandDetection.getStatus()Ljhandcontrol/data/HandStatus;+9
j  jhandcontrol.JHandControl.run()V+146
v  ~StubRoutines::call_stub

---------------  P R O C E S S  ---------------

Java Threads: ( => current thread )
  0x000000001d17e800 JavaThread "TimerQueue" daemon [_thread_blocked, id=3972, stack(0x0000000035fe0000,0x00000000360e0000)]
  0x000000000dd6f800 JavaThread "AWT-EventQueue-0" [_thread_blocked, id=6588, stack(0x0000000011450000,0x0000000011550000)]
  0x000000000dbf5000 JavaThread "AWT-Shutdown" [_thread_blocked, id=5352, stack(0x00000000112f0000,0x00000000113f0000)]
=>0x000000000e8ca000 JavaThread "Thread-0" [_thread_in_native, id=6592, stack(0x0000000010160000,0x0000000010260000)]
  0x000000000e8ca800 JavaThread "Thread-3" [_thread_in_native, id=1368, stack(0x000000000f7f0000,0x000000000f8f0000)]
  0x000000000dbb6000 JavaThread "AWT-Windows" daemon [_thread_in_native, id=2800, stack(0x000000000e5e0000,0x000000000e6e0000)]
  0x000000000e860800 JavaThread "Java2D Disposer" daemon [_thread_blocked, id=7636, stack(0x000000000f100000,0x000000000f200000)]
  0x000000000d9f2800 JavaThread "Service Thread" daemon [_thread_blocked, id=2952, stack(0x000000000e490000,0x000000000e590000)]
  0x000000000d9d6800 JavaThread "C2 CompilerThread1" daemon [_thread_blocked, id=4040, stack(0x000000000dd90000,0x000000000de90000)]
  0x000000000d9c2000 JavaThread "C2 CompilerThread0" daemon [_thread_blocked, id=3400, stack(0x000000000e2a0000,0x000000000e3a0000)]
  0x000000000d9bc000 JavaThread "Attach Listener" daemon [_thread_blocked, id=1808, stack(0x000000000e0f0000,0x000000000e1f0000)]
  0x000000000d9bb800 JavaThread "Signal Dispatcher" daemon [_thread_blocked, id=6048, stack(0x000000000df50000,0x000000000e050000)]
  0x000000000ba66800 JavaThread "Finalizer" daemon [_thread_blocked, id=7892, stack(0x000000000d870000,0x000000000d970000)]
  0x000000000ba5d800 JavaThread "Reference Handler" daemon [_thread_blocked, id=6416, stack(0x000000000d730000,0x000000000d830000)]
  0x00000000021cd000 JavaThread "main" [_thread_in_native, id=3472, stack(0x0000000002520000,0x0000000002620000)]

Other Threads:
  0x000000000ba57800 VMThread [stack: 0x000000000d570000,0x000000000d670000] [id=7456]
  0x000000000d9fb800 WatcherThread [stack: 0x000000000e720000,0x000000000e820000] [id=7000]

VM state:not at safepoint (normal execution)

VM Mutex/Monitor currently owned by a thread: None

Heap
 PSYoungGen      total 309184K, used 159898K [0x00000007d60b0000, 0x00000007f17a0000, 0x0000000800000000)
  eden space 178304K, 42% used [0x00000007d60b0000,0x00000007dab2b5d8,0x00000007e0ed0000)
  from space 130880K, 63% used [0x00000007e91b0000,0x00000007ee35b430,0x00000007f1180000)
  to   space 134016K, 0% used [0x00000007e0ed0000,0x00000007e0ed0000,0x00000007e91b0000)
 ParOldGen       total 120256K, used 92941K [0x0000000782200000, 0x0000000789770000, 0x00000007d60b0000)
  object space 120256K, 77% used [0x0000000782200000,0x0000000787cc3680,0x0000000789770000)
 PSPermGen       total 27008K, used 12110K [0x000000077d000000, 0x000000077ea60000, 0x0000000782200000)
  object space 27008K, 44% used [0x000000077d000000,0x000000077dbd3970,0x000000077ea60000)

Card table byte_map: [0x0000000005620000,0x0000000005a40000] byte_map_base: 0x0000000001a38000

Polling page: 0x00000000001a0000

Code Cache  [0x0000000002620000, 0x0000000002890000, 0x0000000005620000)
 total_blobs=1082 nmethods=600 adapters=433 free_code_cache=47265Kb largest_free_block=48329600

Compilation events (10 events):
Event: 102.846 Thread 0x000000000d9d6800  655             jhandcontrol.utils.Line::intersects (20 bytes)
Event: 102.847 Thread 0x000000000d9d6800 nmethod 655 0x00000000027e3f90 code [0x00000000027e40e0, 0x00000000027e4188]
Event: 103.778 Thread 0x000000000d9c2000  656             com.googlecode.javacpp.Pointer::<init> (86 bytes)
Event: 103.779 Thread 0x000000000d9c2000 nmethod 656 0x00000000027d5190 code [0x00000000027d52c0, 0x00000000027d5378]
Event: 105.137 Thread 0x000000000d9d6800  657   !         javax.swing.UIDefaults::getFromResourceBundle (69 bytes)
Event: 105.143 Thread 0x000000000d9d6800 nmethod 657 0x00000000027d4790 code [0x00000000027d4900, 0x00000000027d4f38]
Event: 108.772 Thread 0x000000000d9c2000  658             jhandcontrol.utils.Line::isXDifNegative (20 bytes)
Event: 108.772 Thread 0x000000000d9d6800  659             jhandcontrol.utils.Line::isYDifNegative (20 bytes)
Event: 108.773 Thread 0x000000000d9d6800 nmethod 659 0x00000000027e4290 code [0x00000000027e43c0, 0x00000000027e4438]
Event: 108.773 Thread 0x000000000d9c2000 nmethod 658 0x00000000027d4590 code [0x00000000027d46c0, 0x00000000027d4738]

GC Heap History (10 events):
Event: 72.361 GC heap before
{Heap before GC invocations=20 (full 2):
 PSYoungGen      total 188672K, used 184845K [0x00000007d60b0000, 0x00000007e9ea0000, 0x0000000800000000)
  eden space 102272K, 100% used [0x00000007d60b0000,0x00000007dc490000,0x00000007dc490000)
  from space 86400K, 95% used [0x00000007dc490000,0x00000007e1533530,0x00000007e18f0000)
  to   space 99200K, 0% used [0x00000007e3dc0000,0x00000007e3dc0000,0x00000007e9ea0000)
 ParOldGen       total 120256K, used 89196K [0x0000000782200000, 0x0000000789770000, 0x00000007d60b0000)
  object space 120256K, 74% used [0x0000000782200000,0x000000078791b328,0x0000000789770000)
 PSPermGen       total 27008K, used 12046K [0x000000077d000000, 0x000000077ea60000, 0x0000000782200000)
  object space 27008K, 44% used [0x000000077d000000,0x000000077dbc3b18,0x000000077ea60000)
Event: 72.462 GC heap after
Heap after GC invocations=20 (full 2):
 PSYoungGen      total 216768K, used 80941K [0x00000007d60b0000, 0x00000007eb2b0000, 0x0000000800000000)
  eden space 117568K, 0% used [0x00000007d60b0000,0x00000007d60b0000,0x00000007dd380000)
  from space 99200K, 81% used [0x00000007e3dc0000,0x00000007e8ccb470,0x00000007e9ea0000)
  to   space 108800K, 0% used [0x00000007dd380000,0x00000007dd380000,0x00000007e3dc0000)
 ParOldGen       total 120256K, used 89228K [0x0000000782200000, 0x0000000789770000, 0x00000007d60b0000)
  object space 120256K, 74% used [0x0000000782200000,0x0000000787923328,0x0000000789770000)
 PSPermGen       total 27008K, used 12046K [0x000000077d000000, 0x000000077ea60000, 0x0000000782200000)
  object space 27008K, 44% used [0x000000077d000000,0x000000077dbc3b18,0x000000077ea60000)
}
Event: 77.625 GC heap before
{Heap before GC invocations=21 (full 2):
 PSYoungGen      total 216768K, used 198509K [0x00000007d60b0000, 0x00000007eb2b0000, 0x0000000800000000)
  eden space 117568K, 100% used [0x00000007d60b0000,0x00000007dd380000,0x00000007dd380000)
  from space 99200K, 81% used [0x00000007e3dc0000,0x00000007e8ccb470,0x00000007e9ea0000)
  to   space 108800K, 0% used [0x00000007dd380000,0x00000007dd380000,0x00000007e3dc0000)
 ParOldGen       total 120256K, used 90128K [0x0000000782200000, 0x0000000789770000, 0x00000007d60b0000)
  object space 120256K, 74% used [0x0000000782200000,0x0000000787a04338,0x0000000789770000)
 PSPermGen       total 27008K, used 12051K [0x000000077d000000, 0x000000077ea60000, 0x0000000782200000)
  object space 27008K, 44% used [0x000000077d000000,0x000000077dbc4c48,0x000000077ea60000)
Event: 77.717 GC heap after
Heap after GC invocations=21 (full 2):
 PSYoungGen      total 226368K, used 93977K [0x00000007d60b0000, 0x00000007eddc0000, 0x0000000800000000)
  eden space 117568K, 0% used [0x00000007d60b0000,0x00000007d60b0000,0x00000007dd380000)
  from space 108800K, 86% used [0x00000007dd380000,0x00000007e2f465e0,0x00000007e3dc0000)
  to   space 121088K, 0% used [0x00000007e6780000,0x00000007e6780000,0x00000007eddc0000)
 ParOldGen       total 120256K, used 90152K [0x0000000782200000, 0x0000000789770000, 0x00000007d60b0000)
  object space 120256K, 74% used [0x0000000782200000,0x0000000787a0a338,0x0000000789770000)
 PSPermGen       total 27008K, used 12051K [0x000000077d000000, 0x000000077ea60000, 0x0000000782200000)
  object space 27008K, 44% used [0x000000077d000000,0x000000077dbc4c48,0x000000077ea60000)
}
Event: 87.080 GC heap before
{Heap before GC invocations=22 (full 2):
 PSYoungGen      total 226368K, used 211545K [0x00000007d60b0000, 0x00000007eddc0000, 0x0000000800000000)
  eden space 117568K, 100% used [0x00000007d60b0000,0x00000007dd380000,0x00000007dd380000)
  from space 108800K, 86% used [0x00000007dd380000,0x00000007e2f465e0,0x00000007e3dc0000)
  to   space 121088K, 0% used [0x00000007e6780000,0x00000007e6780000,0x00000007eddc0000)
 ParOldGen       total 120256K, used 91057K [0x0000000782200000, 0x0000000789770000, 0x00000007d60b0000)
  object space 120256K, 75% used [0x0000000782200000,0x0000000787aec4d8,0x0000000789770000)
 PSPermGen       total 27008K, used 12076K [0x000000077d000000, 0x000000077ea60000, 0x0000000782200000)
  object space 27008K, 44% used [0x000000077d000000,0x000000077dbcb1f8,0x000000077ea60000)
Event: 87.138 GC heap after
Heap after GC invocations=22 (full 2):
 PSYoungGen      total 267072K, used 73226K [0x00000007d60b0000, 0x00000007ee000000, 0x0000000800000000)
  eden space 145984K, 0% used [0x00000007d60b0000,0x00000007d60b0000,0x00000007def40000)
  from space 121088K, 60% used [0x00000007e6780000,0x00000007eaf02a40,0x00000007eddc0000)
  to   space 123136K, 0% used [0x00000007def40000,0x00000007def40000,0x00000007e6780000)
 ParOldGen       total 120256K, used 91081K [0x0000000782200000, 0x0000000789770000, 0x00000007d60b0000)
  object space 120256K, 75% used [0x0000000782200000,0x0000000787af24d8,0x0000000789770000)
 PSPermGen       total 27008K, used 12076K [0x000000077d000000, 0x000000077ea60000, 0x0000000782200000)
  object space 27008K, 44% used [0x000000077d000000,0x000000077dbcb1f8,0x000000077ea60000)
}
Event: 95.043 GC heap before
{Heap before GC invocations=23 (full 2):
 PSYoungGen      total 267072K, used 218863K [0x00000007d60b0000, 0x00000007ee000000, 0x0000000800000000)
  eden space 145984K, 99% used [0x00000007d60b0000,0x00000007deee91c0,0x00000007def40000)
  from space 121088K, 60% used [0x00000007e6780000,0x00000007eaf02a40,0x00000007eddc0000)
  to   space 123136K, 0% used [0x00000007def40000,0x00000007def40000,0x00000007e6780000)
 ParOldGen       total 120256K, used 91981K [0x0000000782200000, 0x0000000789770000, 0x00000007d60b0000)
  object space 120256K, 76% used [0x0000000782200000,0x0000000787bd34e8,0x0000000789770000)
 PSPermGen       total 27008K, used 12100K [0x000000077d000000, 0x000000077ea60000, 0x0000000782200000)
  object space 27008K, 44% used [0x000000077d000000,0x000000077dbd1290,0x000000077ea60000)
Event: 95.145 GC heap after
Heap after GC invocations=23 (full 2):
 PSYoungGen      total 269120K, used 91089K [0x00000007d60b0000, 0x00000007f1180000, 0x0000000800000000)
  eden space 145984K, 0% used [0x00000007d60b0000,0x00000007d60b0000,0x00000007def40000)
  from space 123136K, 73% used [0x00000007def40000,0x00000007e48344c0,0x00000007e6780000)
  to   space 130880K, 0% used [0x00000007e91b0000,0x00000007e91b0000,0x00000007f1180000)
 ParOldGen       total 120256K, used 92013K [0x0000000782200000, 0x0000000789770000, 0x00000007d60b0000)
  object space 120256K, 76% used [0x0000000782200000,0x0000000787bdb4e8,0x0000000789770000)
 PSPermGen       total 27008K, used 12100K [0x000000077d000000, 0x000000077ea60000, 0x0000000782200000)
  object space 27008K, 44% used [0x000000077d000000,0x000000077dbd1290,0x000000077ea60000)
}
Event: 103.995 GC heap before
{Heap before GC invocations=24 (full 2):
 PSYoungGen      total 269120K, used 237073K [0x00000007d60b0000, 0x00000007f1180000, 0x0000000800000000)
  eden space 145984K, 100% used [0x00000007d60b0000,0x00000007def40000,0x00000007def40000)
  from space 123136K, 73% used [0x00000007def40000,0x00000007e48344c0,0x00000007e6780000)
  to   space 130880K, 0% used [0x00000007e91b0000,0x00000007e91b0000,0x00000007f1180000)
 ParOldGen       total 120256K, used 92917K [0x0000000782200000, 0x0000000789770000, 0x00000007d60b0000)
  object space 120256K, 77% used [0x0000000782200000,0x0000000787cbd680,0x0000000789770000)
 PSPermGen       total 27008K, used 12104K [0x000000077d000000, 0x000000077ea60000, 0x0000000782200000)
  object space 27008K, 44% used [0x000000077d000000,0x000000077dbd21c8,0x000000077ea60000)
Event: 104.114 GC heap after
Heap after GC invocations=24 (full 2):
 PSYoungGen      total 309184K, used 83629K [0x00000007d60b0000, 0x00000007f17a0000, 0x0000000800000000)
  eden space 178304K, 0% used [0x00000007d60b0000,0x00000007d60b0000,0x00000007e0ed0000)
  from space 130880K, 63% used [0x00000007e91b0000,0x00000007ee35b430,0x00000007f1180000)
  to   space 134016K, 0% used [0x00000007e0ed0000,0x00000007e0ed0000,0x00000007e91b0000)
 ParOldGen       total 120256K, used 92941K [0x0000000782200000, 0x0000000789770000, 0x00000007d60b0000)
  object space 120256K, 77% used [0x0000000782200000,0x0000000787cc3680,0x0000000789770000)
 PSPermGen       total 27008K, used 12104K [0x000000077d000000, 0x000000077ea60000, 0x0000000782200000)
  object space 27008K, 44% used [0x000000077d000000,0x000000077dbd21c8,0x000000077ea60000)
}

Deoptimization events (10 events):
Event: 72.676 Thread 0x000000000e8ca800 Uncommon trap -34 fr.pc 0x000000000272e880
Event: 97.454 Thread 0x000000000e8ca800 Uncommon trap -83 fr.pc 0x00000000026e9310
Event: 108.539 Thread 0x000000000dd6f800 Uncommon trap -83 fr.pc 0x00000000026d12c0
Event: 108.560 Thread 0x00000000021cd000 Uncommon trap -83 fr.pc 0x0000000002729280
Event: 108.560 Thread 0x00000000021cd000 Uncommon trap -83 fr.pc 0x0000000002711898
Event: 108.560 Thread 0x00000000021cd000 Uncommon trap -34 fr.pc 0x0000000002790418
Event: 108.560 Thread 0x00000000021cd000 Uncommon trap -83 fr.pc 0x00000000026b2520
Event: 108.562 Thread 0x00000000021cd000 Uncommon trap -34 fr.pc 0x0000000002790418
Event: 108.563 Thread 0x00000000021cd000 Uncommon trap -34 fr.pc 0x0000000002790418
Event: 108.565 Thread 0x00000000021cd000 Uncommon trap -34 fr.pc 0x0000000002790418

Internal exceptions (10 events):
Event: 30.540 Thread 0x000000000dd6f800 Implicit null exception at 0x00000000026d24f9 to 0x00000000026d28e1
Event: 30.558 Thread 0x000000000dd6f800 Implicit null exception at 0x00000000026e3df8 to 0x00000000026e50d5
Event: 30.558 Thread 0x000000000dd6f800 Implicit null exception at 0x00000000026e2a7f to 0x00000000026e2dd5
Event: 30.562 Thread 0x000000000dd6f800 Implicit null exception at 0x00000000026fa725 to 0x00000000026fb735
Event: 30.593 Thread 0x000000000dd6f800 Implicit null exception at 0x00000000026e0479 to 0x00000000026e0609
Event: 30.645 Thread 0x000000000e8ca800 Implicit null exception at 0x00000000026df9d7 to 0x00000000026dfc1d
Event: 30.646 Thread 0x000000000e8ca800 Implicit null exception at 0x00000000026b3f62 to 0x00000000026b4391
Event: 35.965 Thread 0x000000000e8ca800 Threw 0x00000007d7b05fc0 at C:\jdk7u1_64p\jdk7u9\hotspot\src\share\vm\prims\jvm.cpp:1166
Event: 35.969 Thread 0x000000000e8ca800 Threw 0x00000007d7b0e9b0 at C:\jdk7u1_64p\jdk7u9\hotspot\src\share\vm\prims\jvm.cpp:1166
Event: 36.191 Thread 0x000000000e8ca800 Threw 0x00000007d7ec44b0 at C:\jdk7u1_64p\jdk7u9\hotspot\src\share\vm\prims\jvm.cpp:1166

Events (10 events):
Event: 108.560 Thread 0x00000000021cd000 DEOPT PACKING pc=0x0000000002790418 sp=0x000000000261f5b0
Event: 108.560 Thread 0x00000000021cd000 DEOPT UNPACKING pc=0x0000000002659164 sp=0x000000000261f578 mode 2
Event: 108.560 Thread 0x00000000021cd000 DEOPT PACKING pc=0x00000000026b2520 sp=0x000000000261f280
Event: 108.560 Thread 0x00000000021cd000 DEOPT UNPACKING pc=0x0000000002659164 sp=0x000000000261f230 mode 2
Event: 108.562 Thread 0x00000000021cd000 DEOPT PACKING pc=0x0000000002790418 sp=0x000000000261f5b0
Event: 108.562 Thread 0x00000000021cd000 DEOPT UNPACKING pc=0x0000000002659164 sp=0x000000000261f578 mode 2
Event: 108.563 Thread 0x00000000021cd000 DEOPT PACKING pc=0x0000000002790418 sp=0x000000000261f5b0
Event: 108.563 Thread 0x00000000021cd000 DEOPT UNPACKING pc=0x0000000002659164 sp=0x000000000261f578 mode 2
Event: 108.565 Thread 0x00000000021cd000 DEOPT PACKING pc=0x0000000002790418 sp=0x000000000261f5b0
Event: 108.565 Thread 0x00000000021cd000 DEOPT UNPACKING pc=0x0000000002659164 sp=0x000000000261f578 mode 2


Dynamic libraries:
0x000000013fc50000 - 0x000000013fc83000 	C:\Program Files\Java\jdk1.7.0_09\bin\java.exe
0x00000000771c0000 - 0x0000000077369000 	C:\Windows\SYSTEM32\ntdll.dll
0x0000000076ae0000 - 0x0000000076bff000 	C:\Windows\system32\kernel32.dll
0x000007fefd840000 - 0x000007fefd8ac000 	C:\Windows\system32\KERNELBASE.dll
0x000007fefec70000 - 0x000007fefed4b000 	C:\Windows\system32\ADVAPI32.dll
0x000007fefdc50000 - 0x000007fefdcef000 	C:\Windows\system32\msvcrt.dll
0x000007fefdc30000 - 0x000007fefdc4f000 	C:\Windows\SYSTEM32\sechost.dll
0x000007fefed50000 - 0x000007fefee7d000 	C:\Windows\system32\RPCRT4.dll
0x0000000076f60000 - 0x000000007705a000 	C:\Windows\system32\USER32.dll
0x000007fefeb40000 - 0x000007fefeba7000 	C:\Windows\system32\GDI32.dll
0x000007fefeb30000 - 0x000007fefeb3e000 	C:\Windows\system32\LPK.dll
0x000007fefda80000 - 0x000007fefdb49000 	C:\Windows\system32\USP10.dll
0x000007fefc040000 - 0x000007fefc234000 	C:\Windows\WinSxS\amd64_microsoft.windows.common-controls_6595b64144ccf1df_6.0.7601.17514_none_fa396087175ac9ac\COMCTL32.dll
0x000007fefd9f0000 - 0x000007fefda61000 	C:\Windows\system32\SHLWAPI.dll
0x000007fefef00000 - 0x000007fefef2e000 	C:\Windows\system32\IMM32.DLL
0x000007fefef30000 - 0x000007feff039000 	C:\Windows\system32\MSCTF.dll
0x000007fefd5e0000 - 0x000007fefd620000 	C:\Windows\system32\nvinitx.dll
0x0000000067ea0000 - 0x0000000067f71000 	C:\Program Files\Java\jdk1.7.0_09\jre\bin\msvcr100.dll
0x0000000067f80000 - 0x000000006869f000 	C:\Program Files\Java\jdk1.7.0_09\jre\bin\server\jvm.dll
0x000007fef89b0000 - 0x000007fef89b9000 	C:\Windows\system32\WSOCK32.dll
0x000007fefdd50000 - 0x000007fefdd9d000 	C:\Windows\system32\WS2_32.dll
0x000007fefda70000 - 0x000007fefda78000 	C:\Windows\system32\NSI.dll
0x000007fefb1a0000 - 0x000007fefb1db000 	C:\Windows\system32\WINMM.dll
0x0000000077390000 - 0x0000000077397000 	C:\Windows\system32\PSAPI.DLL
0x0000000067e90000 - 0x0000000067e9f000 	C:\Program Files\Java\jdk1.7.0_09\jre\bin\verify.dll
0x0000000067e60000 - 0x0000000067e88000 	C:\Program Files\Java\jdk1.7.0_09\jre\bin\java.dll
0x0000000067de0000 - 0x0000000067df5000 	C:\Program Files\Java\jdk1.7.0_09\jre\bin\zip.dll
0x0000000072280000 - 0x0000000072318000 	C:\Windows\System32\msvcp100.dll
0x000007fee74e0000 - 0x000007fee7738000 	C:\opencv\build\x64\vc10\bin\opencv_core243.dll
0x000007fee9780000 - 0x000007fee9815000 	C:\Users\Fernando\AppData\Local\Temp\javacpp3696619590933\jniopencv_core.dll
0x00000000653e0000 - 0x0000000065573000 	C:\Program Files\Java\jdk1.7.0_09\jre\bin\awt.dll
0x000007fefdb50000 - 0x000007fefdc27000 	C:\Windows\system32\OLEAUT32.dll
0x000007feff040000 - 0x000007feff243000 	C:\Windows\system32\ole32.dll
0x000007fefbf10000 - 0x000007fefbf28000 	C:\Windows\system32\DWMAPI.DLL
0x000007fefbf90000 - 0x000007fefbfe6000 	C:\Windows\system32\uxtheme.dll
0x000007fef84a0000 - 0x000007fef84a7000 	c:\PROGRA~2\mcafee\SITEAD~1\x64\saHook.dll
0x000007fefd510000 - 0x000007fefd51f000 	C:\Windows\system32\CRYPTBASE.dll
0x000007fefdda0000 - 0x000007fefeb28000 	C:\Windows\system32\SHELL32.dll
0x0000000064260000 - 0x0000000064294000 	C:\Program Files\Java\jdk1.7.0_09\jre\bin\fontmanager.dll
0x0000000067e00000 - 0x0000000067e19000 	C:\Program Files\Java\jdk1.7.0_09\jre\bin\net.dll
0x000007fefce10000 - 0x000007fefce65000 	C:\Windows\system32\mswsock.dll
0x000007fefcdf0000 - 0x000007fefcdf7000 	C:\Windows\System32\wship6.dll
0x0000000067da0000 - 0x0000000067db1000 	C:\Program Files\Java\jdk1.7.0_09\jre\bin\nio.dll
0x00000000673c0000 - 0x0000000067401000 	C:\Program Files\Java\jdk1.7.0_09\jre\bin\t2k.dll
0x000007fefaec0000 - 0x000007fefaede000 	C:\Users\Fernando\AppData\Local\Temp\javacpp3696619590933\jnivideoInputLib.dll
0x000007feff430000 - 0x000007feff4c9000 	C:\Windows\system32\CLBCatQ.DLL
0x000007fefc320000 - 0x000007fefc336000 	C:\Windows\system32\devenum.dll
0x000007feff250000 - 0x000007feff427000 	C:\Windows\system32\setupapi.dll
0x000007fefd8b0000 - 0x000007fefd8e6000 	C:\Windows\system32\CFGMGR32.dll
0x000007fefd8f0000 - 0x000007fefd90a000 	C:\Windows\system32\DEVOBJ.dll
0x000007fefb1e0000 - 0x000007fefb20d000 	C:\Windows\system32\ntmarta.dll
0x000007fefdcf0000 - 0x000007fefdd42000 	C:\Windows\system32\WLDAP32.dll
0x000007fefd9b0000 - 0x000007fefd9e9000 	C:\Windows\system32\WINTRUST.dll
0x000007fefd6d0000 - 0x000007fefd83a000 	C:\Windows\system32\CRYPT32.dll
0x000007fefd6c0000 - 0x000007fefd6cf000 	C:\Windows\system32\MSASN1.dll
0x000007fefc310000 - 0x000007fefc31d000 	C:\Windows\system32\msdmo.dll
0x000007fefae30000 - 0x000007fefae5f000 	C:\Windows\system32\qcap.dll
0x000007fee8fb0000 - 0x000007fee9162000 	C:\Windows\system32\quartz.dll
0x000007fee9730000 - 0x000007fee9771000 	C:\Windows\system32\ksproxy.ax
0x0000000074590000 - 0x0000000074596000 	C:\Windows\system32\ksuser.dll
0x000007feed630000 - 0x000007feed82f000 	C:\Windows\system32\d3d9.dll
0x000007fefc6d0000 - 0x000007fefc6dc000 	C:\Windows\system32\VERSION.dll
0x000007fefb6e0000 - 0x000007fefb6e7000 	C:\Windows\system32\d3d8thk.dll
0x000007fefaeb0000 - 0x000007fefaebb000 	C:\Windows\system32\vidcap.ax
0x000007fef7070000 - 0x000007fef7094000 	C:\Windows\system32\kswdmcap.ax
0x000007fee7380000 - 0x000007fee74dc000 	C:\Windows\system32\MFC42.dll
0x000007fee72c0000 - 0x000007fee7371000 	C:\Windows\system32\ODBC32.dll
0x00000000744a0000 - 0x00000000744d8000 	C:\Windows\system32\odbcint.dll
0x000007fee7220000 - 0x000007fee72bb000 	C:\Windows\System32\qedit.dll
0x000007fef7040000 - 0x000007fef7069000 	C:\Windows\System32\MSVFW32.dll
0x000007fefebd0000 - 0x000007fefec67000 	C:\Windows\system32\COMDLG32.dll
0x000007fefbbc0000 - 0x000007fefbdd6000 	C:\Windows\WinSxS\amd64_microsoft.windows.gdiplus_6595b64144ccf1df_1.1.7601.17825_none_2b253c8271ec7765\gdiplus.dll
0x000007feedd80000 - 0x000007feede71000 	C:\Windows\system32\DDRAW.dll
0x000007fefb7a0000 - 0x000007fefb7a8000 	C:\Windows\system32\DCIMAN32.dll
0x000007fefaea0000 - 0x000007fefaeab000 	C:\Windows\system32\msyuv.dll
0x000007fee5920000 - 0x000007fee5bc5000 	C:\opencv\build\x64\vc10\bin\opencv_imgproc243.dll
0x000007fee94b0000 - 0x000007fee94f8000 	C:\Users\Fernando\AppData\Local\Temp\javacpp3696619590933\jniopencv_imgproc.dll
0x000007fefb8c0000 - 0x000007fefb9ea000 	C:\Windows\system32\WindowsCodecs.dll
0x000007fefd4b0000 - 0x000007fefd507000 	C:\Windows\system32\apphelp.dll
0x00000000023a0000 - 0x00000000023bc000 	C:\Users\Fernando\AppData\Roaming\Dropbox\bin\DropboxExt64.14.dll
0x000007fef6680000 - 0x000007fef67a5000 	C:\Windows\system32\dbghelp.dll
0x000007fefc490000 - 0x000007fefc526000 	C:\Windows\system32\msvcp60.dll
0x000007fefc450000 - 0x000007fefc485000 	C:\Windows\system32\EhStorShell.dll
0x000007fefbde0000 - 0x000007fefbf0c000 	C:\Windows\system32\PROPSYS.dll
0x000007fef6520000 - 0x000007fef65a0000 	C:\Windows\system32\ntshrui.dll
0x000007fefd210000 - 0x000007fefd233000 	C:\Windows\system32\srvcli.dll
0x000007fef7300000 - 0x000007fef730f000 	C:\Windows\system32\cscapi.dll
0x000007fefaf50000 - 0x000007fefaf5b000 	C:\Windows\system32\slc.dll
0x000000005fe80000 - 0x000000005feaa000 	C:\Program Files\Java\jdk1.7.0_09\jre\bin\dcpr.dll

VM Arguments:
jvm_args: -Dfile.encoding=UTF-8 
java_command: jhandcontrol.demo.Demonstration
Launcher Type: SUN_STANDARD

Environment Variables:
PATH=C:\Perl\site\bin;C:\Perl\bin;C:\Program Files\Common Files\Microsoft Shared\Windows Live;C:\Program Files (x86)\Common Files\Microsoft Shared\Windows Live;C:\Program Files (x86)\Intel\iCLS Client\;C:\Program Files\Intel\iCLS Client\;C:\Windows\system32;C:\Windows;C:\Windows\System32\Wbem;C:\Windows\System32\WindowsPowerShell\v1.0\;C:\Program Files (x86)\Windows Live\Shared;C:\vagrant\vagrant\bin;C:\Python27\;C:\Python27\Scripts\;C:\cygwin\bin\;C:\cygwin\usr\bin\;C:\cygwin\usr\local\bin\;C:\mongodb\bin\;C:\Program Files\nodejs\;C:\Ruby192\bin;C:\Users\Fernando\AppData\Roaming\npm\
USERNAME=Fernando
OS=Windows_NT
PROCESSOR_IDENTIFIER=Intel64 Family 6 Model 58 Stepping 9, GenuineIntel



---------------  S Y S T E M  ---------------

OS: Windows 7 , 64 bit Build 7601 Service Pack 1

CPU:total 8 (4 cores per cpu, 2 threads per core) family 6 model 58 stepping 9, cmov, cx8, fxsr, mmx, sse, sse2, sse3, ssse3, sse4.1, sse4.2, popcnt, avx, ht, tsc, tscinvbit, tscinv

Memory: 4k page, physical 8244064k(4307852k free), swap 16486276k(10664288k free)

vm_info: Java HotSpot(TM) 64-Bit Server VM (23.5-b02) for windows-amd64 JRE (1.7.0_09-b05), built on Sep 24 2012 21:45:04 by "java_re" with unknown MS VC++:1600

time: Mon Dec 03 13:02:00 2012
elapsed time: 108 seconds

