#
# A fatal error has been detected by the Java Runtime Environment:
#
#  EXCEPTION_ACCESS_VIOLATION (0xc0000005) at pc=0x000007fef5763550, pid=7980, tid=3468
#
# JRE version: 6.0_37-b06
# Java VM: Java HotSpot(TM) 64-Bit Server VM (20.12-b01 mixed mode windows-amd64 compressed oops)
# Problematic frame:
# C  [opencv_core243.dll+0x63550]
#
# If you would like to submit a bug report, please visit:
#   http://java.sun.com/webapps/bugreport/crash.jsp
# The crash happened outside the Java Virtual Machine in native code.
# See problematic frame for where to report the bug.
#

---------------  T H R E A D  ---------------

Current thread (0x0000000007732800):  JavaThread "Thread-3" [_thread_in_native, id=3468, stack(0x00000000085a0000,0x00000000086a0000)]

siginfo: ExceptionCode=0xc0000005, reading address 0x0000000000000014

Registers:
RAX=0x0000000007d54906, RBX=0x0000000007d54906, RCX=0x0000000000000008, RDX=0x0000000000000000
RSP=0x000000000869ed60, RBP=0x000000000869ee60, RSI=0x000000000000000a, RDI=0x000000000869f150
R8 =0x000000003eaa47a8, R9 =0x0000000000000000, R10=0x000000003eaa47a8, R11=0x000000008fc14310
R12=0x000000000000013b, R13=0x0000000000000162, R14=0x0000000000000000, R15=0x0000000042990050
RIP=0x000007fef5763550, EFLAGS=0x0000000000010293

Top of Stack: (sp=0x000000000869ed60)
0x000000000869ed60:   fffffffffffffffe 0000000007bd0000
0x000000000869ed70:   fffffffffffffffe 0000000000000040
0x000000000869ed80:   0000000007bd02c8 00000000775b3518
0x000000000869ed90:   fffffffffffffffe 0000000000000002
0x000000000869eda0:   0000000000000040 0000000000000050
0x000000000869edb0:   0000000007bd02c8 000000000869eea0
0x000000000869edc0:   000000000869ed88 000000000869edd0
0x000000000869edd0:   0000000000000040 0000000000000004
0x000000000869ede0:   0000000242ff4005 0000000d00000000
0x000000000869edf0:   0000000000000000 0000000000000000
0x000000000869ee00:   0000000000000000 0000000000000000
0x000000000869ee10:   0000000000000000 0000000000000000
0x000000000869ee20:   000000000869ede8 000000000869ee30
0x000000000869ee30:   0000000000000040 0000000000000004
0x000000000869ee40:   0000000000000001 0000000000000088
0x000000000869ee50:   fffffffffffffffe 000000000869f150 

Instructions: (pc=0x000007fef5763550)
0x000007fef5763530:   4c 8b 50 58 4d 8b ca 4c 8b 47 10 48 8b 47 18 49
0x000007fef5763540:   2b 40 18 48 63 49 2c 48 99 48 f7 f9 41 89 40 14
0x000007fef5763550:   41 03 59 14 4d 8b 49 08 4d 3b ca 75 f3 48 8b 47
0x000007fef5763560:   08 89 58 28 48 8b 8d 80 00 00 00 48 33 cc e8 5d 


Register to memory mapping:

RAX=0x0000000007d54906 is an unknown value
RBX=0x0000000007d54906 is an unknown value
RCX=0x0000000000000008 is an unknown value
RDX=0x0000000000000000 is an unknown value
RSP=0x000000000869ed60 is pointing into the stack for thread: 0x0000000007732800
RBP=0x000000000869ee60 is pointing into the stack for thread: 0x0000000007732800
RSI=0x000000000000000a is an unknown value
RDI=0x000000000869f150 is pointing into the stack for thread: 0x0000000007732800
R8 =0x000000003eaa47a8 is an unknown value
R9 =0x0000000000000000 is an unknown value
R10=0x000000003eaa47a8 is an unknown value
R11=0x000000008fc14310 is an unknown value
R12=0x000000000000013b is an unknown value
R13=0x0000000000000162 is an unknown value
R14=0x0000000000000000 is an unknown value
R15=0x0000000042990050 is an unknown value


Stack: [0x00000000085a0000,0x00000000086a0000],  sp=0x000000000869ed60,  free space=1019k
Native frames: (J=compiled Java code, j=interpreted, Vv=VM code, C=native code)
C  [opencv_core243.dll+0x63550]  cvFlushSeqWriter+0x190

Java frames: (J=compiled Java code, j=interpreted, Vv=VM code)
j  com.googlecode.javacv.cpp.opencv_imgproc.cvApproxPoly(Lcom/googlecode/javacpp/Pointer;ILcom/googlecode/javacv/cpp/opencv_core$CvMemStorage;IDI)Lcom/googlecode/javacv/cpp/opencv_core$CvSeq;+0
j  jhandcontrol.data.JHandDetection.getSimplifiedContour()Lcom/googlecode/javacv/cpp/opencv_core$CvSeq;+39
j  jhandcontrol.data.JHandDetection.getStatus()Ljhandcontrol/data/HandStatus;+36
j  jhandcontrol.calibrator.Calibrator.run()V+412
v  ~StubRoutines::call_stub

---------------  P R O C E S S  ---------------

Java Threads: ( => current thread )
  0x000000006cb0c800 JavaThread "TimerQueue" daemon [_thread_blocked, id=6188, stack(0x000000006cf40000,0x000000006d040000)]
  0x0000000007909800 JavaThread "AWT-EventQueue-0" [_thread_blocked, id=6180, stack(0x000000000a1a0000,0x000000000a2a0000)]
  0x00000000078c6800 JavaThread "Thread-0" [_thread_in_native, id=4676, stack(0x000000000a0a0000,0x000000000a1a0000)]
  0x00000000064c2000 JavaThread "AWT-Shutdown" [_thread_blocked, id=7612, stack(0x0000000008030000,0x0000000008130000)]
=>0x0000000007732800 JavaThread "Thread-3" [_thread_in_native, id=3468, stack(0x00000000085a0000,0x00000000086a0000)]
  0x00000000064c3000 JavaThread "AWT-Windows" daemon [_thread_in_native, id=6508, stack(0x0000000008130000,0x0000000008230000)]
  0x0000000006460800 JavaThread "Java2D Disposer" daemon [_thread_blocked, id=4744, stack(0x0000000007f30000,0x0000000008030000)]
  0x00000000063e9000 JavaThread "Low Memory Detector" daemon [_thread_blocked, id=7220, stack(0x00000000074b0000,0x00000000075b0000)]
  0x00000000063da800 JavaThread "C2 CompilerThread1" daemon [_thread_blocked, id=6152, stack(0x00000000073b0000,0x00000000074b0000)]
  0x00000000063bc800 JavaThread "C2 CompilerThread0" daemon [_thread_blocked, id=6844, stack(0x00000000072b0000,0x00000000073b0000)]
  0x00000000063bb000 JavaThread "Attach Listener" daemon [_thread_blocked, id=6832, stack(0x00000000071b0000,0x00000000072b0000)]
  0x00000000063ba000 JavaThread "Signal Dispatcher" daemon [_thread_blocked, id=7324, stack(0x00000000070b0000,0x00000000071b0000)]
  0x0000000006368800 JavaThread "Finalizer" daemon [_thread_blocked, id=3540, stack(0x0000000006fb0000,0x00000000070b0000)]
  0x0000000006362000 JavaThread "Reference Handler" daemon [_thread_blocked, id=7320, stack(0x0000000006eb0000,0x0000000006fb0000)]
  0x000000000062b800 JavaThread "main" [_thread_in_native, id=7580, stack(0x0000000002120000,0x0000000002220000)]

Other Threads:
  0x0000000006356000 VMThread [stack: 0x0000000006db0000,0x0000000006eb0000] [id=6268]
  0x00000000063f2800 WatcherThread [stack: 0x00000000075b0000,0x00000000076b0000] [id=2324]

VM state:not at safepoint (normal execution)

VM Mutex/Monitor currently owned by a thread: None

Heap
 PSYoungGen      total 189120K, used 111543K [0x00000007d60b0000, 0x00000007e8ca0000, 0x0000000800000000)
  eden space 116992K, 34% used [0x00000007d60b0000,0x00000007d87c6810,0x00000007dd2f0000)
  from space 72128K, 99% used [0x00000007e2820000,0x00000007e6df74f0,0x00000007e6e90000)
  to   space 87232K, 0% used [0x00000007dd2f0000,0x00000007dd2f0000,0x00000007e2820000)
 PSOldGen        total 226432K, used 101364K [0x0000000782200000, 0x000000078ff20000, 0x00000007d60b0000)
  object space 226432K, 44% used [0x0000000782200000,0x00000007884fd048,0x000000078ff20000)
 PSPermGen       total 28032K, used 13543K [0x000000077d000000, 0x000000077eb60000, 0x0000000782200000)
  object space 28032K, 48% used [0x000000077d000000,0x000000077dd39f58,0x000000077eb60000)

Code Cache  [0x0000000002220000, 0x0000000002490000, 0x0000000005220000)
 total_blobs=738 nmethods=282 adapters=417 free_code_cache=49084032 largest_free_block=28160

Dynamic libraries:
0x0000000000400000 - 0x000000000042f000 	C:\Program Files\Java\jdk1.6.0_37\bin\java.exe
0x0000000077560000 - 0x0000000077709000 	C:\Windows\SYSTEM32\ntdll.dll
0x0000000076e80000 - 0x0000000076f9f000 	C:\Windows\system32\kernel32.dll
0x000007fefdab0000 - 0x000007fefdb1c000 	C:\Windows\system32\KERNELBASE.dll
0x000007feff430000 - 0x000007feff50b000 	C:\Windows\system32\ADVAPI32.dll
0x000007feff660000 - 0x000007feff6ff000 	C:\Windows\system32\msvcrt.dll
0x000007feff230000 - 0x000007feff24f000 	C:\Windows\SYSTEM32\sechost.dll
0x000007feff530000 - 0x000007feff65d000 	C:\Windows\system32\RPCRT4.dll
0x000000006d8b0000 - 0x000000006e06b000 	C:\Program Files\Java\jdk1.6.0_37\jre\bin\server\jvm.dll
0x0000000076fa0000 - 0x000000007709a000 	C:\Windows\system32\USER32.dll
0x000007feff0f0000 - 0x000007feff157000 	C:\Windows\system32\GDI32.dll
0x000007fefdda0000 - 0x000007fefddae000 	C:\Windows\system32\LPK.dll
0x000007feff330000 - 0x000007feff3f9000 	C:\Windows\system32\USP10.dll
0x000007fefb540000 - 0x000007fefb57b000 	C:\Windows\system32\WINMM.dll
0x000007feff400000 - 0x000007feff42e000 	C:\Windows\system32\IMM32.DLL
0x000007feff700000 - 0x000007feff809000 	C:\Windows\system32\MSCTF.dll
0x000007fefd980000 - 0x000007fefd9c0000 	C:\Windows\system32\nvinitx.dll
0x000000006d820000 - 0x000000006d82e000 	C:\Program Files\Java\jdk1.6.0_37\jre\bin\verify.dll
0x000000006d450000 - 0x000000006d477000 	C:\Program Files\Java\jdk1.6.0_37\jre\bin\java.dll
0x000000006d870000 - 0x000000006d882000 	C:\Program Files\Java\jdk1.6.0_37\jre\bin\zip.dll
0x0000000074d20000 - 0x0000000074df2000 	C:\Windows\System32\msvcr100.dll
0x0000000072620000 - 0x00000000726b8000 	C:\Windows\System32\msvcp100.dll
0x000007fef5700000 - 0x000007fef5958000 	C:\opencv\build\x64\vc10\bin\opencv_core243.dll
0x000007fefb080000 - 0x000007fefb115000 	C:\Users\Fernando\AppData\Local\Temp\javacpp2508373746866\jniopencv_core.dll
0x000000006d0a0000 - 0x000000006d264000 	C:\Program Files\Java\jdk1.6.0_37\jre\bin\awt.dll
0x000007fefade0000 - 0x000007fefae51000 	C:\Windows\system32\WINSPOOL.DRV
0x000007fefddb0000 - 0x000007fefdfb3000 	C:\Windows\system32\ole32.dll
0x000007fefe2c0000 - 0x000007feff048000 	C:\Windows\system32\SHELL32.dll
0x000007fefe240000 - 0x000007fefe2b1000 	C:\Windows\system32\SHLWAPI.dll
0x000007fefc360000 - 0x000007fefc554000 	C:\Windows\WinSxS\amd64_microsoft.windows.common-controls_6595b64144ccf1df_6.0.7601.17514_none_fa396087175ac9ac\COMCTL32.dll
0x000007fefc560000 - 0x000007fefc578000 	C:\Windows\system32\DWMAPI.DLL
0x000007fefc190000 - 0x000007fefc1e6000 	C:\Windows\system32\uxtheme.dll
0x000000006d340000 - 0x000000006d3a7000 	C:\Program Files\Java\jdk1.6.0_37\jre\bin\fontmanager.dll
0x000007fef8690000 - 0x000007fef8697000 	c:\PROGRA~2\mcafee\SITEAD~1\x64\saHook.dll
0x000007feff250000 - 0x000007feff327000 	C:\Windows\system32\OLEAUT32.dll
0x000007fefd8b0000 - 0x000007fefd8bf000 	C:\Windows\system32\CRYPTBASE.dll
0x000000006d6b0000 - 0x000000006d6c7000 	C:\Program Files\Java\jdk1.6.0_37\jre\bin\net.dll
0x000007feff1e0000 - 0x000007feff22d000 	C:\Windows\system32\WS2_32.dll
0x000007fefdd90000 - 0x000007fefdd98000 	C:\Windows\system32\NSI.dll
0x000007fefd1b0000 - 0x000007fefd205000 	C:\Windows\system32\mswsock.dll
0x000007fefd1a0000 - 0x000007fefd1a7000 	C:\Windows\System32\wship6.dll
0x000000006d6d0000 - 0x000000006d6db000 	C:\Program Files\Java\jdk1.6.0_37\jre\bin\nio.dll
0x000007fefb060000 - 0x000007fefb07e000 	C:\Users\Fernando\AppData\Local\Temp\javacpp2508373746866\jnivideoInputLib.dll
0x000007feff050000 - 0x000007feff0e9000 	C:\Windows\system32\CLBCatQ.DLL
0x000007feecf90000 - 0x000007feecfa6000 	C:\Windows\system32\devenum.dll
0x000007fefdfc0000 - 0x000007fefe197000 	C:\Windows\system32\setupapi.dll
0x000007fefda70000 - 0x000007fefdaa6000 	C:\Windows\system32\CFGMGR32.dll
0x000007fefdcd0000 - 0x000007fefdcea000 	C:\Windows\system32\DEVOBJ.dll
0x000007fefb580000 - 0x000007fefb5ad000 	C:\Windows\system32\ntmarta.dll
0x000007feff810000 - 0x000007feff862000 	C:\Windows\system32\WLDAP32.dll
0x000007fefdc90000 - 0x000007fefdcc9000 	C:\Windows\system32\WINTRUST.dll
0x000007fefdb20000 - 0x000007fefdc8a000 	C:\Windows\system32\CRYPT32.dll
0x000007fefda60000 - 0x000007fefda6f000 	C:\Windows\system32\MSASN1.dll
0x000007feed8f0000 - 0x000007feed8fd000 	C:\Windows\system32\msdmo.dll
0x000007fefb030000 - 0x000007fefb05f000 	C:\Windows\system32\qcap.dll
0x000007fef7bf0000 - 0x000007fef7da2000 	C:\Windows\system32\quartz.dll
0x000007fef7490000 - 0x000007fef74d1000 	C:\Windows\system32\ksproxy.ax
0x0000000074930000 - 0x0000000074936000 	C:\Windows\system32\ksuser.dll
0x000007feea1b0000 - 0x000007feea3af000 	C:\Windows\system32\d3d9.dll
0x000007fefca70000 - 0x000007fefca7c000 	C:\Windows\system32\VERSION.dll
0x000007fef6fb0000 - 0x000007fef6fb7000 	C:\Windows\system32\d3d8thk.dll
0x000007fefbc50000 - 0x000007fefbc5b000 	C:\Windows\system32\vidcap.ax
0x000007fef7bc0000 - 0x000007fef7be4000 	C:\Windows\system32\kswdmcap.ax
0x000007fef5a60000 - 0x000007fef5bbc000 	C:\Windows\system32\MFC42.dll
0x000007fef73d0000 - 0x000007fef7481000 	C:\Windows\system32\ODBC32.dll
0x0000000074780000 - 0x00000000747b8000 	C:\Windows\system32\odbcint.dll
0x000007fef6350000 - 0x000007fef63eb000 	C:\Windows\System32\qedit.dll
0x000007fef73a0000 - 0x000007fef73c9000 	C:\Windows\System32\MSVFW32.dll
0x000007fefe1a0000 - 0x000007fefe237000 	C:\Windows\system32\COMDLG32.dll
0x000007fefbf70000 - 0x000007fefc186000 	C:\Windows\WinSxS\amd64_microsoft.windows.gdiplus_6595b64144ccf1df_1.1.7601.17825_none_2b253c8271ec7765\gdiplus.dll
0x000007feee9e0000 - 0x000007feeead1000 	C:\Windows\system32\DDRAW.dll
0x000007fefba70000 - 0x000007fefba78000 	C:\Windows\system32\DCIMAN32.dll
0x000007fefb1c0000 - 0x000007fefb1cb000 	C:\Windows\system32\msyuv.dll
0x000007fee6590000 - 0x000007fee6835000 	C:\opencv\build\x64\vc10\bin\opencv_imgproc243.dll
0x000007fef5a10000 - 0x000007fef5a58000 	C:\Users\Fernando\AppData\Local\Temp\javacpp2508373746866\jniopencv_imgproc.dll
0x000007fefd210000 - 0x000007fefd227000 	C:\Windows\system32\CRYPTSP.dll
0x000007fefcf10000 - 0x000007fefcf57000 	C:\Windows\system32\rsaenh.dll
0x000007fefd960000 - 0x000007fefd974000 	C:\Windows\system32\RpcRtRemote.dll
0x000000006d2b0000 - 0x000000006d2d8000 	C:\Program Files\Java\jdk1.6.0_37\jre\bin\dcpr.dll
0x0000000007da0000 - 0x0000000007da7000 	C:\Windows\system32\PSAPI.DLL

VM Arguments:
jvm_args: -Dfile.encoding=UTF-8 -Xcheck:jni 
java_command: jhandcontrol.demo.Demonstration
Launcher Type: SUN_STANDARD

Environment Variables:
PATH=C:\Perl\site\bin;C:\Perl\bin;C:\Program Files\Common Files\Microsoft Shared\Windows Live;C:\Program Files (x86)\Common Files\Microsoft Shared\Windows Live;C:\Program Files (x86)\Intel\iCLS Client\;C:\Program Files\Intel\iCLS Client\;C:\Windows\system32;C:\Windows;C:\Windows\System32\Wbem;C:\Windows\System32\WindowsPowerShell\v1.0\;C:\Program Files (x86)\Windows Live\Shared;C:\vagrant\vagrant\bin;C:\Python27\;C:\Python27\Scripts\;C:\cygwin\bin\;C:\cygwin\usr\bin\;C:\cygwin\usr\local\bin\;C:\mongodb\bin\;C:\Program Files\nodejs\;C:\Ruby192\bin;C:\Users\Fernando\AppData\Roaming\npm\
USERNAME=Fernando
OS=Windows_NT
PROCESSOR_IDENTIFIER=Intel64 Family 6 Model 58 Stepping 9, GenuineIntel



---------------  S Y S T E M  ---------------

OS: Windows 7 , 64 bit Build 7601 Service Pack 1

CPU:total 8 (4 cores per cpu, 2 threads per core) family 6 model 58 stepping 9, cmov, cx8, fxsr, mmx, sse, sse2, sse3, ssse3, sse4.1, sse4.2, popcnt, ht

Memory: 4k page, physical 8244064k(4887420k free), swap 16486276k(11549744k free)

vm_info: Java HotSpot(TM) 64-Bit Server VM (20.12-b01) for windows-amd64 JRE (1.6.0_37-b06), built on Sep 24 2012 11:45:14 by "java_re" with MS VC++ 8.0 (VS2005)

time: Wed Dec 05 12:36:35 2012
elapsed time: 51 seconds

