#
# A fatal error has been detected by the Java Runtime Environment:
#
#  EXCEPTION_ACCESS_VIOLATION (0xc0000005) at pc=0x000007fee11f3b12, pid=7188, tid=8464
#
# JRE version: 6.0_37-b06
# Java VM: Java HotSpot(TM) 64-Bit Server VM (20.12-b01 mixed mode windows-amd64 compressed oops)
# Problematic frame:
# C  [opencv_core243.dll+0x63b12]
#
# If you would like to submit a bug report, please visit:
#   http://java.sun.com/webapps/bugreport/crash.jsp
# The crash happened outside the Java Virtual Machine in native code.
# See problematic frame for where to report the bug.
#

---------------  T H R E A D  ---------------

Current thread (0x00000000077fe800):  JavaThread "Thread-3" [_thread_in_native, id=8464, stack(0x00000000087b0000,0x00000000088b0000)]

siginfo: ExceptionCode=0xc0000005, reading address 0x0000000000000018

Registers:
RAX=0x0000000000000000, RBX=0x00000000088af0b0, RCX=0x00000000088af0b0, RDX=0x0000000000000001
RSP=0x00000000088aeeb0, RBP=0x00000000088aefb0, RSI=0x0000000038bf3f78, RDI=0x0000000000000001
R8 =0x0000000038bf4030, R9 =0x0000000038bf3ff8, R10=0x0000000038bf4018, R11=0x0000000038bf4020
R12=0x0000000000000000, R13=0x0000000000000000, R14=0x0000000000000000, R15=0x0000000000000000
RIP=0x000007fee11f3b12, EFLAGS=0x0000000000010202

Top of Stack: (sp=0x00000000088aeeb0)
0x00000000088aeeb0:   fffffffffffffffe 0000000076df3488
0x00000000088aeec0:   fffffffffffffffe 0000000000000040
0x00000000088aeed0:   fffffffffffffffe 0000000007b40470
0x00000000088aeee0:   fffffffffffffffe 0000000022cae810
0x00000000088aeef0:   00000000088af000 fffffffffffffffe
0x00000000088aef00:   0000000242ff4005 0000000400000000
0x00000000088aef10:   0000000000000000 0000000000000000
0x00000000088aef20:   0000000000000000 0000000000000000
0x00000000088aef30:   0000000000000000 0000000000000000
0x00000000088aef40:   00000000088aef08 00000000088aef50
0x00000000088aef50:   0000000000000040 0000000000000004
0x00000000088aef60:   0000000000000080 000000000000004f
0x00000000088aef70:   0000000000000004 000000000000004d
0x00000000088aef80:   00000000088af2b8 0000000000000000
0x00000000088aef90:   00000000088af130 000000007699300a
0x00000000088aefa0:   0000000000000000 0000000015ce90a0 

Instructions: (pc=0x000007fee11f3b12)
0x000007fee11f3af2:   24 78 0f 00 00 00 48 89 74 24 70 c6 44 24 60 00
0x000007fee11f3b02:   48 8b 43 10 85 ff 7e 0e 48 8b 40 08 48 89 43 10
0x000007fee11f3b12:   48 8b 40 18 eb 1b 48 8b 10 48 89 53 10 8b 4a 14
0x000007fee11f3b22:   ff c9 48 8b 43 08 0f af 48 2c 48 63 c1 48 03 42 


Register to memory mapping:

RAX=0x0000000000000000 is an unknown value
RBX=0x00000000088af0b0 is pointing into the stack for thread: 0x00000000077fe800
RCX=0x00000000088af0b0 is pointing into the stack for thread: 0x00000000077fe800
RDX=0x0000000000000001 is an unknown value
RSP=0x00000000088aeeb0 is pointing into the stack for thread: 0x00000000077fe800
RBP=0x00000000088aefb0 is pointing into the stack for thread: 0x00000000077fe800
RSI=0x0000000038bf3f78 is an unknown value
RDI=0x0000000000000001 is an unknown value
R8 =0x0000000038bf4030 is an unknown value
R9 =0x0000000038bf3ff8 is an unknown value
R10=0x0000000038bf4018 is an unknown value
R11=0x0000000038bf4020 is an unknown value
R12=0x0000000000000000 is an unknown value
R13=0x0000000000000000 is an unknown value
R14=0x0000000000000000 is an unknown value
R15=0x0000000000000000 is an unknown value


Stack: [0x00000000087b0000,0x00000000088b0000],  sp=0x00000000088aeeb0,  free space=1019k
Native frames: (J=compiled Java code, j=interpreted, Vv=VM code, C=native code)
C  [opencv_core243.dll+0x63b12]  cvChangeSeqBlock+0x172

Java frames: (J=compiled Java code, j=interpreted, Vv=VM code)
J  com.googlecode.javacv.cpp.opencv_imgproc.cvApproxPoly(Lcom/googlecode/javacpp/Pointer;ILcom/googlecode/javacv/cpp/opencv_core$CvMemStorage;IDI)Lcom/googlecode/javacv/cpp/opencv_core$CvSeq;
J  jhandcontrol.utils.CvSeqUtils.getHandStatus(Ljhandcontrol/data/JHandDetection;)Ljhandcontrol/data/HandStatus;
J  jhandcontrol.calibrator.Calibrator.run()V
v  ~StubRoutines::call_stub

---------------  P R O C E S S  ---------------

Java Threads: ( => current thread )
  0x0000000006465000 JavaThread "TimerQueue" daemon [_thread_blocked, id=2340, stack(0x000000000f810000,0x000000000f910000)]
  0x000000000773d000 JavaThread "AWT-EventQueue-0" [_thread_blocked, id=7260, stack(0x000000000a4d0000,0x000000000a5d0000)]
  0x00000000076e4000 JavaThread "AWT-Shutdown" [_thread_blocked, id=7296, stack(0x000000000a3d0000,0x000000000a4d0000)]
  0x00000000076e3800 JavaThread "Thread-0" [_thread_in_native, id=8480, stack(0x000000000a2d0000,0x000000000a3d0000)]
=>0x00000000077fe800 JavaThread "Thread-3" [_thread_in_native, id=8464, stack(0x00000000087b0000,0x00000000088b0000)]
  0x0000000006524000 JavaThread "AWT-Windows" daemon [_thread_in_native, id=1368, stack(0x00000000080a0000,0x00000000081a0000)]
  0x0000000006441800 JavaThread "Java2D Disposer" daemon [_thread_blocked, id=8276, stack(0x0000000007ea0000,0x0000000007fa0000)]
  0x00000000063cf800 JavaThread "Low Memory Detector" daemon [_thread_blocked, id=4112, stack(0x00000000074b0000,0x00000000075b0000)]
  0x00000000063c6800 JavaThread "C2 CompilerThread1" daemon [_thread_blocked, id=2216, stack(0x00000000073b0000,0x00000000074b0000)]
  0x00000000063c0000 JavaThread "C2 CompilerThread0" daemon [_thread_blocked, id=7924, stack(0x00000000072b0000,0x00000000073b0000)]
  0x00000000063bf000 JavaThread "Attach Listener" daemon [_thread_blocked, id=2296, stack(0x00000000071b0000,0x00000000072b0000)]
  0x00000000063bd800 JavaThread "Signal Dispatcher" daemon [_thread_blocked, id=7556, stack(0x00000000070b0000,0x00000000071b0000)]
  0x000000000636c800 JavaThread "Finalizer" daemon [_thread_blocked, id=8160, stack(0x0000000006fb0000,0x00000000070b0000)]
  0x0000000006366800 JavaThread "Reference Handler" daemon [_thread_blocked, id=7836, stack(0x0000000006eb0000,0x0000000006fb0000)]
  0x000000000019b800 JavaThread "main" [_thread_in_native, id=8368, stack(0x00000000021e0000,0x00000000022e0000)]

Other Threads:
  0x000000000635b000 VMThread [stack: 0x0000000006db0000,0x0000000006eb0000] [id=7460]
  0x00000000063e0800 WatcherThread [stack: 0x00000000075b0000,0x00000000076b0000] [id=4920]

VM state:not at safepoint (normal execution)

VM Mutex/Monitor currently owned by a thread: None

Heap
 PSYoungGen      total 458304K, used 266496K [0x00000007d60b0000, 0x0000000800000000, 0x0000000800000000)
  eden space 229184K, 50% used [0x00000007d60b0000,0x00000007dd1316b8,0x00000007e4080000)
  from space 229120K, 66% used [0x00000007f2040000,0x00000007fb3fe960,0x0000000800000000)
  to   space 229120K, 0% used [0x00000007e4080000,0x00000007e4080000,0x00000007f2040000)
 PSOldGen        total 258880K, used 159953K [0x0000000782200000, 0x0000000791ed0000, 0x00000007d60b0000)
  object space 258880K, 61% used [0x0000000782200000,0x000000078be345e8,0x0000000791ed0000)
 PSPermGen       total 27776K, used 13571K [0x000000077d000000, 0x000000077eb20000, 0x0000000782200000)
  object space 27776K, 48% used [0x000000077d000000,0x000000077dd40f98,0x000000077eb20000)

Code Cache  [0x00000000022e0000, 0x0000000002550000, 0x00000000052e0000)
 total_blobs=1010 nmethods=546 adapters=417 free_code_cache=48467136 largest_free_block=6016

Dynamic libraries:
0x0000000000400000 - 0x000000000042f000 	C:\Program Files\Java\jdk1.6.0_37\bin\java.exe
0x0000000076da0000 - 0x0000000076f49000 	C:\Windows\SYSTEM32\ntdll.dll
0x0000000076970000 - 0x0000000076a8f000 	C:\Windows\system32\kernel32.dll
0x000007fefd310000 - 0x000007fefd37c000 	C:\Windows\system32\KERNELBASE.dll
0x000007fefe550000 - 0x000007fefe62b000 	C:\Windows\system32\ADVAPI32.dll
0x000007fefec80000 - 0x000007fefed1f000 	C:\Windows\system32\msvcrt.dll
0x000007fefead0000 - 0x000007fefeaef000 	C:\Windows\SYSTEM32\sechost.dll
0x000007fefe420000 - 0x000007fefe54d000 	C:\Windows\system32\RPCRT4.dll
0x000000006d8b0000 - 0x000000006e06b000 	C:\Program Files\Java\jdk1.6.0_37\jre\bin\server\jvm.dll
0x0000000076a90000 - 0x0000000076b8a000 	C:\Windows\system32\USER32.dll
0x000007feff020000 - 0x000007feff087000 	C:\Windows\system32\GDI32.dll
0x000007fefe410000 - 0x000007fefe41e000 	C:\Windows\system32\LPK.dll
0x000007fefe820000 - 0x000007fefe8e9000 	C:\Windows\system32\USP10.dll
0x000007fefad80000 - 0x000007fefadbb000 	C:\Windows\system32\WINMM.dll
0x000007fefe360000 - 0x000007fefe38e000 	C:\Windows\system32\IMM32.DLL
0x000007fefe710000 - 0x000007fefe819000 	C:\Windows\system32\MSCTF.dll
0x000007fefd1c0000 - 0x000007fefd200000 	C:\Windows\system32\nvinitx.dll
0x000000006d820000 - 0x000000006d82e000 	C:\Program Files\Java\jdk1.6.0_37\jre\bin\verify.dll
0x000000006d450000 - 0x000000006d477000 	C:\Program Files\Java\jdk1.6.0_37\jre\bin\java.dll
0x000000006d870000 - 0x000000006d882000 	C:\Program Files\Java\jdk1.6.0_37\jre\bin\zip.dll
0x00000000743c0000 - 0x0000000074492000 	C:\Windows\System32\msvcr100.dll
0x0000000071e60000 - 0x0000000071ef8000 	C:\Windows\System32\msvcp100.dll
0x000007fee1190000 - 0x000007fee13e8000 	C:\opencv\build\x64\vc10\bin\opencv_core243.dll
0x000007fee6af0000 - 0x000007fee6b85000 	C:\Users\Fernando\AppData\Local\Temp\javacpp4487962321026\jniopencv_core.dll
0x000000006d0a0000 - 0x000000006d264000 	C:\Program Files\Java\jdk1.6.0_37\jre\bin\awt.dll
0x000007fef9eb0000 - 0x000007fef9f21000 	C:\Windows\system32\WINSPOOL.DRV
0x000007fefee10000 - 0x000007feff013000 	C:\Windows\system32\ole32.dll
0x000007fefd5d0000 - 0x000007fefe358000 	C:\Windows\system32\SHELL32.dll
0x000007fefebf0000 - 0x000007fefec61000 	C:\Windows\system32\SHLWAPI.dll
0x000007fefbbe0000 - 0x000007fefbdd4000 	C:\Windows\WinSxS\amd64_microsoft.windows.common-controls_6595b64144ccf1df_6.0.7601.17514_none_fa396087175ac9ac\COMCTL32.dll
0x000007fefbb10000 - 0x000007fefbb28000 	C:\Windows\system32\DWMAPI.DLL
0x000007fefb960000 - 0x000007fefb9b6000 	C:\Windows\system32\uxtheme.dll
0x000000006d340000 - 0x000000006d3a7000 	C:\Program Files\Java\jdk1.6.0_37\jre\bin\fontmanager.dll
0x000007fef74f0000 - 0x000007fef74f7000 	c:\PROGRA~2\mcafee\SITEAD~1\x64\saHook.dll
0x000007fefe630000 - 0x000007fefe707000 	C:\Windows\system32\OLEAUT32.dll
0x000007fefd0f0000 - 0x000007fefd0ff000 	C:\Windows\system32\CRYPTBASE.dll
0x000000006d6b0000 - 0x000000006d6c7000 	C:\Program Files\Java\jdk1.6.0_37\jre\bin\net.dll
0x000007fefedc0000 - 0x000007fefee0d000 	C:\Windows\system32\WS2_32.dll
0x000007fefec70000 - 0x000007fefec78000 	C:\Windows\system32\NSI.dll
0x000007fefca30000 - 0x000007fefca85000 	C:\Windows\system32\mswsock.dll
0x000007fefca20000 - 0x000007fefca27000 	C:\Windows\System32\wship6.dll
0x000000006d6d0000 - 0x000000006d6db000 	C:\Program Files\Java\jdk1.6.0_37\jre\bin\nio.dll
0x000007fef5250000 - 0x000007fef526e000 	C:\Users\Fernando\AppData\Local\Temp\javacpp4487962321026\jnivideoInputLib.dll
0x000007fefeb50000 - 0x000007fefebe9000 	C:\Windows\system32\CLBCatQ.DLL
0x000007fef75c0000 - 0x000007fef75d6000 	C:\Windows\system32\devenum.dll
0x000007fefe8f0000 - 0x000007fefeac7000 	C:\Windows\system32\setupapi.dll
0x000007fefd4f0000 - 0x000007fefd526000 	C:\Windows\system32\CFGMGR32.dll
0x000007fefd2b0000 - 0x000007fefd2ca000 	C:\Windows\system32\DEVOBJ.dll
0x000007fefadc0000 - 0x000007fefaded000 	C:\Windows\system32\ntmarta.dll
0x000007fefeaf0000 - 0x000007fefeb42000 	C:\Windows\system32\WLDAP32.dll
0x000007fefd2d0000 - 0x000007fefd309000 	C:\Windows\system32\WINTRUST.dll
0x000007fefd380000 - 0x000007fefd4ea000 	C:\Windows\system32\CRYPT32.dll
0x000007fefd2a0000 - 0x000007fefd2af000 	C:\Windows\system32\MSASN1.dll
0x000007fef75b0000 - 0x000007fef75bd000 	C:\Windows\system32\msdmo.dll
0x000007fef51a0000 - 0x000007fef51cf000 	C:\Windows\system32\qcap.dll
0x000007fee1490000 - 0x000007fee1642000 	C:\Windows\system32\quartz.dll
0x000007fee7480000 - 0x000007fee74c1000 	C:\Windows\system32\ksproxy.ax
0x0000000074170000 - 0x0000000074176000 	C:\Windows\system32\ksuser.dll
0x000007fee76d0000 - 0x000007fee78cf000 	C:\Windows\system32\d3d9.dll
0x000007fefc2b0000 - 0x000007fefc2bc000 	C:\Windows\system32\VERSION.dll
0x000007fee76c0000 - 0x000007fee76c7000 	C:\Windows\system32\d3d8thk.dll
0x000007fef53b0000 - 0x000007fef53bb000 	C:\Windows\system32\vidcap.ax
0x000007fef5170000 - 0x000007fef5194000 	C:\Windows\system32\kswdmcap.ax
0x000007fee4e80000 - 0x000007fee4fdc000 	C:\Windows\system32\MFC42.dll
0x000007fee6a30000 - 0x000007fee6ae1000 	C:\Windows\system32\ODBC32.dll
0x0000000066230000 - 0x0000000066268000 	C:\Windows\system32\odbcint.dll
0x000007fee65d0000 - 0x000007fee666b000 	C:\Windows\System32\qedit.dll
0x000007fee6a00000 - 0x000007fee6a29000 	C:\Windows\System32\MSVFW32.dll
0x000007fefed20000 - 0x000007fefedb7000 	C:\Windows\system32\COMDLG32.dll
0x000007fefb740000 - 0x000007fefb956000 	C:\Windows\WinSxS\amd64_microsoft.windows.gdiplus_6595b64144ccf1df_1.1.7601.17825_none_2b253c8271ec7765\gdiplus.dll
0x000007fef35c0000 - 0x000007fef36b1000 	C:\Windows\system32\DDRAW.dll
0x000007fef5820000 - 0x000007fef5828000 	C:\Windows\system32\DCIMAN32.dll
0x000007fef5650000 - 0x000007fef565b000 	C:\Windows\system32\msyuv.dll
0x000007fee0670000 - 0x000007fee0915000 	C:\opencv\build\x64\vc10\bin\opencv_imgproc243.dll
0x000007fee6580000 - 0x000007fee65c8000 	C:\Users\Fernando\AppData\Local\Temp\javacpp4487962321026\jniopencv_imgproc.dll
0x000007fefca90000 - 0x000007fefcaa7000 	C:\Windows\system32\CRYPTSP.dll
0x000007fefc790000 - 0x000007fefc7d7000 	C:\Windows\system32\rsaenh.dll
0x000007fefd1a0000 - 0x000007fefd1b4000 	C:\Windows\system32\RpcRtRemote.dll
0x000000006d2b0000 - 0x000000006d2d8000 	C:\Program Files\Java\jdk1.6.0_37\jre\bin\dcpr.dll
0x0000000076f60000 - 0x0000000076f67000 	C:\Windows\system32\PSAPI.DLL

VM Arguments:
jvm_args: -Dfile.encoding=UTF-8 
java_command: jhandcontrol.demo.Demonstration
Launcher Type: SUN_STANDARD

Environment Variables:
PATH=C:\Perl\site\bin;C:\Perl\bin;C:\Program Files\Common Files\Microsoft Shared\Windows Live;C:\Program Files (x86)\Common Files\Microsoft Shared\Windows Live;C:\Program Files (x86)\Intel\iCLS Client\;C:\Program Files\Intel\iCLS Client\;C:\Windows\system32;C:\Windows;C:\Windows\System32\Wbem;C:\Windows\System32\WindowsPowerShell\v1.0\;C:\Program Files (x86)\Windows Live\Shared;C:\vagrant\vagrant\bin;C:\Python27\;C:\Python27\Scripts\;C:\cygwin\bin\;C:\cygwin\usr\bin\;C:\cygwin\usr\local\bin\;C:\mongodb\bin\;C:\Program Files\nodejs\;C:\Ruby192\bin;C:\Users\Fernando\AppData\Roaming\npm\
USERNAME=Fernando
OS=Windows_NT
PROCESSOR_IDENTIFIER=Intel64 Family 6 Model 58 Stepping 9, GenuineIntel



---------------  S Y S T E M  ---------------

OS: Windows 7 , 64 bit Build 7601 Service Pack 1

CPU:total 8 (4 cores per cpu, 2 threads per core) family 6 model 58 stepping 9, cmov, cx8, fxsr, mmx, sse, sse2, sse3, ssse3, sse4.1, sse4.2, popcnt, ht

Memory: 4k page, physical 8244064k(2141952k free), swap 16486276k(8013772k free)

vm_info: Java HotSpot(TM) 64-Bit Server VM (20.12-b01) for windows-amd64 JRE (1.6.0_37-b06), built on Sep 24 2012 11:45:14 by "java_re" with MS VC++ 8.0 (VS2005)

time: Tue Dec 04 12:04:25 2012
elapsed time: 91 seconds

