#
# A fatal error has been detected by the Java Runtime Environment:
#
#  EXCEPTION_ACCESS_VIOLATION (0xc0000005) at pc=0x000007fee4852946, pid=1644, tid=9164
#
# JRE version: 6.0_37-b06
# Java VM: Java HotSpot(TM) 64-Bit Server VM (20.12-b01 mixed mode windows-amd64 compressed oops)
# Problematic frame:
# C  [opencv_core243.dll+0x62946]
#
# If you would like to submit a bug report, please visit:
#   http://java.sun.com/webapps/bugreport/crash.jsp
# The crash happened outside the Java Virtual Machine in native code.
# See problematic frame for where to report the bug.
#

---------------  T H R E A D  ---------------

Current thread (0x000000000648c800):  JavaThread "Thread-0" [_thread_in_native, id=9164, stack(0x0000000009d20000,0x0000000009e20000)]

siginfo: ExceptionCode=0xc0000005, reading address 0x0000000000000020

Registers:
RAX=0x0000000000000000, RBX=0x000000000ccef080, RCX=0x000000000ccef080, RDX=0x0000000000000080
RSP=0x0000000009e1e9e0, RBP=0x0000000009e1eae0, RSI=0x0000000000000000, RDI=0x0000000000000080
R8 =0x0000000000000000, R9 =0x0000000000000008, R10=0x000000000000000c, R11=0x0000000009e1eb70
R12=0x000000000000000c, R13=0x0000000000000080, R14=0x0000000000000000, R15=0x0000000000000080
RIP=0x000007fee4852946, EFLAGS=0x0000000000010202

Top of Stack: (sp=0x0000000009e1e9e0)
0x0000000009e1e9e0:   fffffffffffffffe fffffffffffffffe
0x0000000009e1e9f0:   fffffffffffffffe 0000028000000000
0x0000000009e1ea00:   fffffffffffffffe 0000000000000000
0x0000000009e1ea10:   fffffffffffffffe 0000000000000000
0x0000000009e1ea20:   0000000000000000 0000000000000000
0x0000000009e1ea30:   0000000009e1e9f8 0000000009e1ea40
0x0000000009e1ea40:   0000000000000280 0000000000000001
0x0000000009e1ea50:   0000000242ff4000 0000028000000000
0x0000000009e1ea60:   0000000000000000 0000000000000000
0x0000000009e1ea70:   0000000000000000 0000000000000000
0x0000000009e1ea80:   0000000000000000 0000000000000000
0x0000000009e1ea90:   0000000009e1ea58 0000000009e1eaa0
0x0000000009e1eaa0:   0000000000000280 0000000000000001
0x0000000009e1eab0:   0000000242ff4000 0000028000000000
0x0000000009e1eac0:   0000d3e4e1bcfc84 0000000000000000
0x0000000009e1ead0:   0000000000000000 0000000000000002 

Instructions: (pc=0x000007fee4852946)
0x000007fee4852926:   10 72 09 48 8b 4d 88 e8 fa 6d 12 00 48 c7 45 a0
0x000007fee4852936:   0f 00 00 00 48 89 75 98 c6 45 88 00 48 8b 43 48
0x000007fee4852946:   44 8b 48 20 41 83 e9 30 41 83 e1 f8 44 8b 53 2c
0x000007fee4852956:   85 ff 75 15 b8 00 04 00 00 99 41 f7 fa 8b f8 b8 


Register to memory mapping:

RAX=0x0000000000000000 is an unknown value
RBX=0x000000000ccef080 is an unknown value
RCX=0x000000000ccef080 is an unknown value
RDX=0x0000000000000080 is an unknown value
RSP=0x0000000009e1e9e0 is pointing into the stack for thread: 0x000000000648c800
RBP=0x0000000009e1eae0 is pointing into the stack for thread: 0x000000000648c800
RSI=0x0000000000000000 is an unknown value
RDI=0x0000000000000080 is an unknown value
R8 =0x0000000000000000 is an unknown value
R9 =0x0000000000000008 is an unknown value
R10=0x000000000000000c is an unknown value
R11=0x0000000009e1eb70 is pointing into the stack for thread: 0x000000000648c800
R12=0x000000000000000c is an unknown value
R13=0x0000000000000080 is an unknown value
R14=0x0000000000000000 is an unknown value
R15=0x0000000000000080 is an unknown value


Stack: [0x0000000009d20000,0x0000000009e20000],  sp=0x0000000009e1e9e0,  free space=1018k
Native frames: (J=compiled Java code, j=interpreted, Vv=VM code, C=native code)
C  [opencv_core243.dll+0x62946]  cvSetSeqBlockSize+0x296

Java frames: (J=compiled Java code, j=interpreted, Vv=VM code)
J  com.googlecode.javacv.cpp.opencv_imgproc.cvApproxPoly(Lcom/googlecode/javacpp/Pointer;ILcom/googlecode/javacv/cpp/opencv_core$CvMemStorage;IDI)Lcom/googlecode/javacv/cpp/opencv_core$CvSeq;
J  jhandcontrol.data.JHandDetection.detect(Lcom/googlecode/javacv/cpp/opencv_core$IplImage;)Ljava/util/ArrayList;
j  jhandcontrol.data.JFrameHand.getHands()Ljava/util/ArrayList;+36
j  jhandcontrol.demo.HandListener.frameEvent(Ljhandcontrol/data/JFrameHand;)V+6
j  jhandcontrol.JHandControl.run()V+185
v  ~StubRoutines::call_stub

---------------  P R O C E S S  ---------------

Java Threads: ( => current thread )
  0x0000000006490000 JavaThread "TimerQueue" daemon [_thread_blocked, id=3664, stack(0x000000000b980000,0x000000000ba80000)]
  0x000000000648f000 JavaThread "AWT-EventQueue-0" [_thread_blocked, id=1888, stack(0x000000000a200000,0x000000000a300000)]
  0x000000000648e800 JavaThread "AWT-Windows" daemon [_thread_in_native, id=4704, stack(0x000000000a100000,0x000000000a200000)]
  0x000000000648e000 JavaThread "AWT-Shutdown" [_thread_blocked, id=680, stack(0x000000000a000000,0x000000000a100000)]
  0x000000000648d000 JavaThread "Java2D Disposer" daemon [_thread_blocked, id=7644, stack(0x0000000009f00000,0x000000000a000000)]
=>0x000000000648c800 JavaThread "Thread-0" [_thread_in_native, id=9164, stack(0x0000000009d20000,0x0000000009e20000)]
  0x000000000648b800 JavaThread "Thread-3" [_thread_in_native, id=7432, stack(0x0000000007cd0000,0x0000000007dd0000)]
  0x0000000006464000 JavaThread "Low Memory Detector" daemon [_thread_blocked, id=3988, stack(0x0000000007540000,0x0000000007640000)]
  0x0000000006453800 JavaThread "C2 CompilerThread1" daemon [_thread_blocked, id=8100, stack(0x0000000007440000,0x0000000007540000)]
  0x000000000644c800 JavaThread "C2 CompilerThread0" daemon [_thread_blocked, id=5540, stack(0x0000000007340000,0x0000000007440000)]
  0x000000000644b000 JavaThread "Attach Listener" daemon [_thread_blocked, id=6932, stack(0x0000000007240000,0x0000000007340000)]
  0x0000000006449800 JavaThread "Signal Dispatcher" daemon [_thread_blocked, id=5268, stack(0x0000000007140000,0x0000000007240000)]
  0x00000000063f8800 JavaThread "Finalizer" daemon [_thread_blocked, id=7376, stack(0x0000000007040000,0x0000000007140000)]
  0x00000000063f2000 JavaThread "Reference Handler" daemon [_thread_blocked, id=3028, stack(0x0000000006f40000,0x0000000007040000)]
  0x00000000005bb800 JavaThread "main" [_thread_blocked, id=7004, stack(0x00000000021b0000,0x00000000022b0000)]

Other Threads:
  0x00000000063e6000 VMThread [stack: 0x0000000006e40000,0x0000000006f40000] [id=4048]
  0x000000000647d800 WatcherThread [stack: 0x0000000007640000,0x0000000007740000] [id=7352]

VM state:not at safepoint (normal execution)

VM Mutex/Monitor currently owned by a thread: None

Heap
 PSYoungGen      total 681152K, used 54266K [0x00000007d60b0000, 0x00000007ffcc0000, 0x0000000800000000)
  eden space 678336K, 8% used [0x00000007d60b0000,0x00000007d95aeb90,0x00000007ff720000)
  from space 2816K, 0% used [0x00000007ffa00000,0x00000007ffa00000,0x00000007ffcc0000)
  to   space 2880K, 0% used [0x00000007ff720000,0x00000007ff720000,0x00000007ff9f0000)
 PSOldGen        total 85888K, used 13766K [0x0000000782200000, 0x00000007875e0000, 0x00000007d60b0000)
  object space 85888K, 16% used [0x0000000782200000,0x0000000782f71a70,0x00000007875e0000)
 PSPermGen       total 21248K, used 13410K [0x000000077d000000, 0x000000077e4c0000, 0x0000000782200000)
  object space 21248K, 63% used [0x000000077d000000,0x000000077dd18a58,0x000000077e4c0000)

Code Cache  [0x00000000022b0000, 0x0000000002520000, 0x00000000052b0000)
 total_blobs=597 nmethods=141 adapters=417 free_code_cache=49463424 largest_free_block=24256

Dynamic libraries:
0x0000000000400000 - 0x000000000042f000 	C:\Program Files\Java\jdk1.6.0_37\bin\java.exe
0x0000000077ad0000 - 0x0000000077c79000 	C:\Windows\SYSTEM32\ntdll.dll
0x00000000773f0000 - 0x000000007750f000 	C:\Windows\system32\kernel32.dll
0x000007fefe290000 - 0x000007fefe2fc000 	C:\Windows\system32\KERNELBASE.dll
0x000007fefed20000 - 0x000007fefedfb000 	C:\Windows\system32\ADVAPI32.dll
0x000007fefe8f0000 - 0x000007fefe98f000 	C:\Windows\system32\msvcrt.dll
0x000007fefe990000 - 0x000007fefe9af000 	C:\Windows\SYSTEM32\sechost.dll
0x000007fefe610000 - 0x000007fefe73d000 	C:\Windows\system32\RPCRT4.dll
0x000000006d8b0000 - 0x000000006e06b000 	C:\Program Files\Java\jdk1.6.0_37\jre\bin\server\jvm.dll
0x00000000779d0000 - 0x0000000077aca000 	C:\Windows\system32\USER32.dll
0x000007fefeea0000 - 0x000007fefef07000 	C:\Windows\system32\GDI32.dll
0x000007fefe740000 - 0x000007fefe74e000 	C:\Windows\system32\LPK.dll
0x000007fefe820000 - 0x000007fefe8e9000 	C:\Windows\system32\USP10.dll
0x000007fefc040000 - 0x000007fefc07b000 	C:\Windows\system32\WINMM.dll
0x000007fefe750000 - 0x000007fefe77e000 	C:\Windows\system32\IMM32.DLL
0x000007fefef20000 - 0x000007feff029000 	C:\Windows\system32\MSCTF.dll
0x000007fefdef0000 - 0x000007fefdf30000 	C:\Windows\system32\nvinitx.dll
0x000000006d820000 - 0x000000006d82e000 	C:\Program Files\Java\jdk1.6.0_37\jre\bin\verify.dll
0x000000006d450000 - 0x000000006d477000 	C:\Program Files\Java\jdk1.6.0_37\jre\bin\java.dll
0x000000006d870000 - 0x000000006d882000 	C:\Program Files\Java\jdk1.6.0_37\jre\bin\zip.dll
0x0000000074d00000 - 0x0000000074dd2000 	C:\Windows\System32\msvcr100.dll
0x0000000072b90000 - 0x0000000072c28000 	C:\Windows\System32\msvcp100.dll
0x000007fee47f0000 - 0x000007fee4a48000 	C:\opencv\build\x64\vc10\bin\opencv_core243.dll
0x000007fee7500000 - 0x000007fee7595000 	C:\Users\Fernando\AppData\Local\Temp\javacpp10093138828682\jniopencv_core.dll
0x000007fefea90000 - 0x000007fefec93000 	C:\Windows\System32\ole32.dll
0x000007fefe530000 - 0x000007fefe607000 	C:\Windows\System32\oleaut32.dll
0x000007fefbd30000 - 0x000007fefbd4e000 	C:\Users\Fernando\AppData\Local\Temp\javacpp10093138828682\jnivideoInputLib.dll
0x000007fefde20000 - 0x000007fefde2f000 	C:\Windows\system32\CRYPTBASE.dll
0x000007fefe780000 - 0x000007fefe819000 	C:\Windows\system32\CLBCatQ.DLL
0x000007fefe300000 - 0x000007fefe4d7000 	C:\Windows\system32\setupapi.dll
0x000007fefdfe0000 - 0x000007fefe016000 	C:\Windows\system32\CFGMGR32.dll
0x000007fefe270000 - 0x000007fefe28a000 	C:\Windows\system32\DEVOBJ.dll
0x000007fefc080000 - 0x000007fefc0ad000 	C:\Windows\system32\ntmarta.dll
0x000007fefea30000 - 0x000007fefea82000 	C:\Windows\system32\WLDAP32.dll
0x000007fefe190000 - 0x000007fefe1c9000 	C:\Windows\system32\WINTRUST.dll
0x000007fefe020000 - 0x000007fefe18a000 	C:\Windows\system32\CRYPT32.dll
0x000007fefdfd0000 - 0x000007fefdfdf000 	C:\Windows\system32\MSASN1.dll
0x000007fef23c0000 - 0x000007fef23cd000 	C:\Windows\system32\msdmo.dll
0x000007feeb2c0000 - 0x000007feeb2d6000 	C:\Windows\system32\devenum.dll
0x000007fef7a30000 - 0x000007fef7a5f000 	C:\Windows\system32\qcap.dll
0x000007fee6b00000 - 0x000007fee6cb2000 	C:\Windows\system32\quartz.dll
0x000007feff050000 - 0x000007feffdd8000 	C:\Windows\system32\SHELL32.dll
0x000007fefeca0000 - 0x000007fefed11000 	C:\Windows\system32\SHLWAPI.dll
0x000007fefc770000 - 0x000007fefc7c6000 	C:\Windows\system32\uxtheme.dll
0x000007fef8580000 - 0x000007fef8587000 	c:\PROGRA~2\mcafee\SITEAD~1\x64\saHook.dll
0x000007fefc340000 - 0x000007fefc358000 	C:\Windows\system32\dwmapi.dll
0x000007feeb0e0000 - 0x000007feeb121000 	C:\Windows\system32\ksproxy.ax
0x0000000074f90000 - 0x0000000074f96000 	C:\Windows\system32\ksuser.dll
0x000007feec860000 - 0x000007feeca5f000 	C:\Windows\system32\d3d9.dll
0x000007fefcfe0000 - 0x000007fefcfec000 	C:\Windows\system32\VERSION.dll
0x000007feeda00000 - 0x000007feeda07000 	C:\Windows\system32\d3d8thk.dll
0x000007fefc920000 - 0x000007fefc92b000 	C:\Windows\system32\vidcap.ax
0x000007fef7b10000 - 0x000007fef7b34000 	C:\Windows\system32\kswdmcap.ax
0x000007fee4690000 - 0x000007fee47ec000 	C:\Windows\system32\MFC42.dll
0x000007fee5cc0000 - 0x000007fee5d71000 	C:\Windows\system32\ODBC32.dll
0x000007fefc950000 - 0x000007fefcb44000 	C:\Windows\WinSxS\amd64_microsoft.windows.common-controls_6595b64144ccf1df_6.0.7601.17514_none_fa396087175ac9ac\COMCTL32.dll
0x000000005eca0000 - 0x000000005ecd8000 	C:\Windows\system32\odbcint.dll
0x000007fee45f0000 - 0x000007fee468b000 	C:\Windows\System32\qedit.dll
0x000007fef75c0000 - 0x000007fef75e9000 	C:\Windows\System32\MSVFW32.dll
0x000007fefee00000 - 0x000007fefee97000 	C:\Windows\system32\COMDLG32.dll
0x000007fefc550000 - 0x000007fefc766000 	C:\Windows\WinSxS\amd64_microsoft.windows.gdiplus_6595b64144ccf1df_1.1.7601.17825_none_2b253c8271ec7765\gdiplus.dll
0x000007feef2a0000 - 0x000007feef391000 	C:\Windows\system32\DDRAW.dll
0x000007fef2410000 - 0x000007fef2418000 	C:\Windows\system32\DCIMAN32.dll
0x000007fefc1c0000 - 0x000007fefc1cb000 	C:\Windows\system32\msyuv.dll
0x000000006d0a0000 - 0x000000006d264000 	C:\Program Files\Java\jdk1.6.0_37\jre\bin\awt.dll
0x000007fefae20000 - 0x000007fefae91000 	C:\Windows\system32\WINSPOOL.DRV
0x000000006d340000 - 0x000000006d3a7000 	C:\Program Files\Java\jdk1.6.0_37\jre\bin\fontmanager.dll
0x000007fee4340000 - 0x000007fee45e5000 	C:\opencv\build\x64\vc10\bin\opencv_imgproc243.dll
0x000007fee7c90000 - 0x000007fee7cd8000 	C:\Users\Fernando\AppData\Local\Temp\javacpp10093138828682\jniopencv_imgproc.dll
0x000000006d6b0000 - 0x000000006d6c7000 	C:\Program Files\Java\jdk1.6.0_37\jre\bin\net.dll
0x000007fefe4e0000 - 0x000007fefe52d000 	C:\Windows\system32\WS2_32.dll
0x000007fefef10000 - 0x000007fefef18000 	C:\Windows\system32\NSI.dll
0x000007fefd720000 - 0x000007fefd775000 	C:\Windows\system32\mswsock.dll
0x000007fefd710000 - 0x000007fefd717000 	C:\Windows\System32\wship6.dll
0x000000006d6d0000 - 0x000000006d6db000 	C:\Program Files\Java\jdk1.6.0_37\jre\bin\nio.dll
0x000007fefd780000 - 0x000007fefd797000 	C:\Windows\system32\CRYPTSP.dll
0x000007fefd480000 - 0x000007fefd4c7000 	C:\Windows\system32\rsaenh.dll
0x000007fefded0000 - 0x000007fefdee4000 	C:\Windows\system32\RpcRtRemote.dll
0x000000006d2b0000 - 0x000000006d2d8000 	C:\Program Files\Java\jdk1.6.0_37\jre\bin\dcpr.dll
0x0000000077c90000 - 0x0000000077c97000 	C:\Windows\system32\PSAPI.DLL

VM Arguments:
jvm_args: -Dfile.encoding=UTF-8 -Xcheck:jni 
java_command: jhandcontrol.demo.Demonstration
Launcher Type: SUN_STANDARD

Environment Variables:
PATH=C:\Perl\site\bin;C:\Perl\bin;C:\Program Files\Common Files\Microsoft Shared\Windows Live;C:\Program Files (x86)\Common Files\Microsoft Shared\Windows Live;C:\Program Files (x86)\Intel\iCLS Client\;C:\Program Files\Intel\iCLS Client\;C:\Windows\system32;C:\Windows;C:\Windows\System32\Wbem;C:\Windows\System32\WindowsPowerShell\v1.0\;C:\Program Files (x86)\Windows Live\Shared;C:\vagrant\vagrant\bin;C:\Python27\;C:\Python27\Scripts\;C:\cygwin\bin\;C:\cygwin\usr\bin\;C:\cygwin\usr\local\bin\;C:\mongodb\bin\;C:\Program Files\nodejs\;C:\Ruby192\bin;C:\Users\Fernando\AppData\Roaming\npm\
USERNAME=Fernando
OS=Windows_NT
PROCESSOR_IDENTIFIER=Intel64 Family 6 Model 58 Stepping 9, GenuineIntel



---------------  S Y S T E M  ---------------

OS: Windows 7 , 64 bit Build 7601 Service Pack 1

CPU:total 8 (4 cores per cpu, 2 threads per core) family 6 model 58 stepping 9, cmov, cx8, fxsr, mmx, sse, sse2, sse3, ssse3, sse4.1, sse4.2, popcnt, ht

Memory: 4k page, physical 8244064k(6027976k free), swap 16486276k(12106424k free)

vm_info: Java HotSpot(TM) 64-Bit Server VM (20.12-b01) for windows-amd64 JRE (1.6.0_37-b06), built on Sep 24 2012 11:45:14 by "java_re" with MS VC++ 8.0 (VS2005)

time: Thu Dec 06 16:33:38 2012
elapsed time: 25 seconds

