#
# A fatal error has been detected by the Java Runtime Environment:
#
#  EXCEPTION_ACCESS_VIOLATION (0xc0000005) at pc=0x000007fefdd3caed, pid=9024, tid=8940
#
# JRE version: 7.0_09-b05
# Java VM: Java HotSpot(TM) 64-Bit Server VM (23.5-b02 mixed mode windows-amd64 compressed oops)
# Problematic frame:
# C  [KERNELBASE.dll+0xcaed]  RaiseException+0x3d
#
# Failed to write core dump. Minidumps are not enabled by default on client versions of Windows
#
# If you would like to submit a bug report, please visit:
#   http://bugreport.sun.com/bugreport/crash.jsp
# The crash happened outside the Java Virtual Machine in native code.
# See problematic frame for where to report the bug.
#

---------------  T H R E A D  ---------------

Current thread (0x000000000e5ec800):  JavaThread "Thread-0" [_thread_in_native, id=8940, stack(0x000000000fe80000,0x000000000ff80000)]

siginfo: ExceptionCode=0xc0000005, reading address 0x0000000000000018

Registers:
RAX=0x0000000078c8320e, RBX=0x000000000ff7e080, RCX=0x000000000ff7bcd0, RDX=0x0000000000002270
RSP=0x000000000ff7c2e0, RBP=0x000000000ff7c970, RSI=0x000000000ff7e570, RDI=0x000000000ff7d0d0
R8 =0x0000000000000000, R9 =0x0000000000000000, R10=0x0000000000091888, R11=0x000000000ff7c320
R12=0x000000000ff7d728, R13=0x0000000000000000, R14=0x000000000ff7c420, R15=0x000007fee59ed1a0
RIP=0x000007fefdd3caed, EFLAGS=0x0000000000000202

Top of Stack: (sp=0x000000000ff7c2e0)
0x000000000ff7c2e0:   000000000ff7e080 000000000ff7e570
0x000000000ff7c2f0:   000000000ff7d0d0 0000000000000000
0x000000000ff7c300:   00000000c0000005 0000000000000000
0x000000000ff7c310:   000007fefdd3caed 0000000000000002
0x000000000ff7c320:   0000000000000000 0000000000000018
0x000000000ff7c330:   000000000ff7f020 000007fee59ed1c6
0x000000000ff7c340:   0000000000000000 000000006db120f2
0x000000000ff7c350:   000000000ff7d0d0 000000000ff7d0d0
0x000000000ff7c360:   0000000000000000 000000007db85228
0x000000000ff7c370:   000000000ff7d0d0 000000006db12113
0x000000000ff7c380:   000000000ff7e080 000000000ff7f020
0x000000000ff7c390:   000000000ff7f020 0000000000000000
0x000000000ff7c3a0:   000000000ff7e080 000000006db50412
0x000000000ff7c3b0:   000007fee59ed1a0 000000000ff7d728
0x000000000ff7c3c0:   0000000000000100 0000000000000000
0x000000000ff7c3d0:   0000000000000001 000000000ff7c220 

Instructions: (pc=0x000007fefdd3caed)
0x000007fefdd3cacd:   54 24 24 48 89 4c 24 28 4d 85 c9 0f 85 e0 06 00
0x000007fefdd3cadd:   00 89 4c 24 38 48 8d 4c 24 20 ff 15 b3 e7 03 00
0x000007fefdd3caed:   48 81 c4 c8 00 00 00 c3 90 90 90 90 90 90 90 90
0x000007fefdd3cafd:   90 90 90 48 89 5c 24 18 55 41 54 41 55 41 56 41 


Register to memory mapping:

RAX=0x0000000078c8320e is an unknown value
RBX=0x000000000ff7e080 is pointing into the stack for thread: 0x000000000e5ec800
RCX=0x000000000ff7bcd0 is pointing into the stack for thread: 0x000000000e5ec800
RDX=0x0000000000002270 is an unknown value
RSP=0x000000000ff7c2e0 is pointing into the stack for thread: 0x000000000e5ec800
RBP=0x000000000ff7c970 is pointing into the stack for thread: 0x000000000e5ec800
RSI=0x000000000ff7e570 is pointing into the stack for thread: 0x000000000e5ec800
RDI=0x000000000ff7d0d0 is pointing into the stack for thread: 0x000000000e5ec800
R8 =0x0000000000000000 is an unknown value
R9 =0x0000000000000000 is an unknown value
R10=0x0000000000091888 is an unknown value
R11=0x000000000ff7c320 is pointing into the stack for thread: 0x000000000e5ec800
R12=0x000000000ff7d728 is pointing into the stack for thread: 0x000000000e5ec800
R13=0x0000000000000000 is an unknown value
R14=0x000000000ff7c420 is pointing into the stack for thread: 0x000000000e5ec800
R15=0x000007fee59ed1a0 is an unknown value


Stack: [0x000000000fe80000,0x000000000ff80000],  sp=0x000000000ff7c2e0,  free space=1008k
Native frames: (J=compiled Java code, j=interpreted, Vv=VM code, C=native code)
C  [KERNELBASE.dll+0xcaed]  RaiseException+0x3d
C  0x000000000ff7ca18
C  0x000000001b782250

Java frames: (J=compiled Java code, j=interpreted, Vv=VM code)
j  com.googlecode.javacv.cpp.opencv_imgproc.cvFindContours(Lcom/googlecode/javacv/cpp/opencv_core$CvArr;Lcom/googlecode/javacv/cpp/opencv_core$CvMemStorage;Lcom/googlecode/javacv/cpp/opencv_core$CvSeq;IIILcom/googlecode/javacv/cpp/opencv_core$CvPoint;)I+0
j  com.googlecode.javacv.cpp.opencv_imgproc.cvFindContours(Lcom/googlecode/javacv/cpp/opencv_core$CvArr;Lcom/googlecode/javacv/cpp/opencv_core$CvMemStorage;Lcom/googlecode/javacv/cpp/opencv_core$CvSeq;III)I+11
j  jhandcontrol.data.JHandDetection.detect(Lcom/googlecode/javacv/cpp/opencv_core$IplImage;)Ljava/util/ArrayList;+62
j  jhandcontrol.data.JFrameHand.getHands()Ljava/util/ArrayList;+12
j  jhandcontrol.JHandControl.run()V+117
v  ~StubRoutines::call_stub

---------------  P R O C E S S  ---------------

Java Threads: ( => current thread )
  0x000000000dd49000 JavaThread "TimerQueue" daemon [_thread_blocked, id=9112, stack(0x00000000187d0000,0x00000000188d0000)]
  0x000000000e917800 JavaThread "AWT-EventQueue-0" [_thread_blocked, id=8648, stack(0x0000000011a10000,0x0000000011b10000)]
  0x000000000e5b0800 JavaThread "AWT-Shutdown" [_thread_blocked, id=7492, stack(0x00000000118d0000,0x00000000119d0000)]
=>0x000000000e5ec800 JavaThread "Thread-0" [_thread_in_native, id=8940, stack(0x000000000fe80000,0x000000000ff80000)]
  0x000000000e5f4800 JavaThread "Thread-3" [_thread_in_native, id=4196, stack(0x000000000fcc0000,0x000000000fdc0000)]
  0x000000000dde5800 JavaThread "AWT-Windows" daemon [_thread_in_native, id=8228, stack(0x000000000f240000,0x000000000f340000)]
  0x000000000dc51000 JavaThread "Java2D Disposer" daemon [_thread_blocked, id=6924, stack(0x000000000eec0000,0x000000000efc0000)]
  0x000000000db3e800 JavaThread "Service Thread" daemon [_thread_blocked, id=2388, stack(0x000000000e470000,0x000000000e570000)]
  0x000000000db38000 JavaThread "C2 CompilerThread1" daemon [_thread_blocked, id=8320, stack(0x000000000e2c0000,0x000000000e3c0000)]
  0x000000000db1d800 JavaThread "C2 CompilerThread0" daemon [_thread_blocked, id=3960, stack(0x000000000df50000,0x000000000e050000)]
  0x000000000db1c000 JavaThread "Attach Listener" daemon [_thread_blocked, id=7760, stack(0x000000000e050000,0x000000000e150000)]
  0x000000000db1b800 JavaThread "Signal Dispatcher" daemon [_thread_blocked, id=8692, stack(0x000000000d850000,0x000000000d950000)]
  0x000000000ba36800 JavaThread "Finalizer" daemon [_thread_blocked, id=8096, stack(0x000000000d9d0000,0x000000000dad0000)]
  0x000000000ba2d800 JavaThread "Reference Handler" daemon [_thread_blocked, id=8244, stack(0x000000000d700000,0x000000000d800000)]
  0x000000000209d000 JavaThread "main" [_thread_in_native, id=6768, stack(0x0000000002160000,0x0000000002260000)]

Other Threads:
  0x000000000ba27800 VMThread [stack: 0x000000000d540000,0x000000000d640000] [id=2468]
  0x000000000db57800 WatcherThread [stack: 0x000000000e150000,0x000000000e250000] [id=7464]

VM state:not at safepoint (normal execution)

VM Mutex/Monitor currently owned by a thread: None

Heap
 PSYoungGen      total 37632K, used 14483K [0x00000007d60b0000, 0x00000007d9ec0000, 0x0000000800000000)
  eden space 32320K, 29% used [0x00000007d60b0000,0x00000007d6a20df8,0x00000007d8040000)
  from space 5312K, 90% used [0x00000007d8570000,0x00000007d8a24040,0x00000007d8aa0000)
  to   space 5312K, 0% used [0x00000007d8040000,0x00000007d8040000,0x00000007d8570000)
 ParOldGen       total 126272K, used 51352K [0x0000000782200000, 0x0000000789d50000, 0x00000007d60b0000)
  object space 126272K, 40% used [0x0000000782200000,0x0000000785426070,0x0000000789d50000)
 PSPermGen       total 23872K, used 11882K [0x000000077d000000, 0x000000077e750000, 0x0000000782200000)
  object space 23872K, 49% used [0x000000077d000000,0x000000077db9a800,0x000000077e750000)

Card table byte_map: [0x0000000005260000,0x0000000005680000] byte_map_base: 0x0000000001678000

Polling page: 0x0000000000120000

Code Cache  [0x0000000002260000, 0x00000000024d0000, 0x0000000005260000)
 total_blobs=805 nmethods=323 adapters=433 free_code_cache=47994Kb largest_free_block=49116800

Compilation events (10 events):
Event: 12.938 Thread 0x000000000db38000  318             sun.java2d.SunGraphics2D::setPaint (162 bytes)
Event: 12.942 Thread 0x000000000db38000 nmethod 318 0x0000000002380c50 code [0x0000000002380e00, 0x00000000023811a8]
Event: 12.947 Thread 0x000000000db1d800  319             sun.java2d.SunGraphics2D::clearRect (49 bytes)
Event: 12.947 Thread 0x000000000db38000  320             sun.java2d.SunGraphics2D::getBackground (5 bytes)
Event: 12.948 Thread 0x000000000db38000 nmethod 320 0x000000000237e250 code [0x000000000237e380, 0x000000000237e3f8]
Event: 12.956 Thread 0x000000000db1d800 nmethod 319 0x0000000002381bd0 code [0x0000000002381de0, 0x00000000023825c0]
Event: 12.968 Thread 0x000000000db1d800  322   !         java.util.ArrayList::clone (39 bytes)
Event: 12.968 Thread 0x000000000db38000  321             jhandcontrol.JHandControl::getHands (11 bytes)
Event: 12.971 Thread 0x000000000db1d800 nmethod 322 0x0000000002380610 code [0x0000000002380760, 0x0000000002380a18]
Event: 12.972 Thread 0x000000000db38000 nmethod 321 0x00000000023882d0 code [0x0000000002388420, 0x00000000023886f8]

GC Heap History (10 events):
Event: 5.261 GC heap before
{Heap before GC invocations=1 (full 0):
 PSYoungGen      total 37632K, used 30283K [0x00000007d60b0000, 0x00000007d8aa0000, 0x0000000800000000)
  eden space 32320K, 93% used [0x00000007d60b0000,0x00000007d7e42ee8,0x00000007d8040000)
  from space 5312K, 0% used [0x00000007d8570000,0x00000007d8570000,0x00000007d8aa0000)
  to   space 5312K, 0% used [0x00000007d8040000,0x00000007d8040000,0x00000007d8570000)
 ParOldGen       total 85888K, used 3320K [0x0000000782200000, 0x00000007875e0000, 0x00000007d60b0000)
  object space 85888K, 3% used [0x0000000782200000,0x000000078253e170,0x00000007875e0000)
 PSPermGen       total 21248K, used 11500K [0x000000077d000000, 0x000000077e4c0000, 0x0000000782200000)
  object space 21248K, 54% used [0x000000077d000000,0x000000077db3b280,0x000000077e4c0000)
Event: 5.268 GC heap after
Heap after GC invocations=1 (full 0):
 PSYoungGen      total 37632K, used 5295K [0x00000007d60b0000, 0x00000007d8aa0000, 0x0000000800000000)
  eden space 32320K, 0% used [0x00000007d60b0000,0x00000007d60b0000,0x00000007d8040000)
  from space 5312K, 99% used [0x00000007d8040000,0x00000007d856bf58,0x00000007d8570000)
  to   space 5312K, 0% used [0x00000007d8570000,0x00000007d8570000,0x00000007d8aa0000)
 ParOldGen       total 85888K, used 15493K [0x0000000782200000, 0x00000007875e0000, 0x00000007d60b0000)
  object space 85888K, 18% used [0x0000000782200000,0x0000000783121758,0x00000007875e0000)
 PSPermGen       total 21248K, used 11500K [0x000000077d000000, 0x000000077e4c0000, 0x0000000782200000)
  object space 21248K, 54% used [0x000000077d000000,0x000000077db3b280,0x000000077e4c0000)
}
Event: 6.259 GC heap before
{Heap before GC invocations=2 (full 0):
 PSYoungGen      total 37632K, used 37615K [0x00000007d60b0000, 0x00000007d8aa0000, 0x0000000800000000)
  eden space 32320K, 100% used [0x00000007d60b0000,0x00000007d8040000,0x00000007d8040000)
  from space 5312K, 99% used [0x00000007d8040000,0x00000007d856bf58,0x00000007d8570000)
  to   space 5312K, 0% used [0x00000007d8570000,0x00000007d8570000,0x00000007d8aa0000)
 ParOldGen       total 85888K, used 19097K [0x0000000782200000, 0x00000007875e0000, 0x00000007d60b0000)
  object space 85888K, 22% used [0x0000000782200000,0x00000007834a6578,0x00000007875e0000)
 PSPermGen       total 21248K, used 11774K [0x000000077d000000, 0x000000077e4c0000, 0x0000000782200000)
  object space 21248K, 55% used [0x000000077d000000,0x000000077db7f8c0,0x000000077e4c0000)
Event: 6.271 GC heap after
Heap after GC invocations=2 (full 0):
 PSYoungGen      total 37632K, used 5128K [0x00000007d60b0000, 0x00000007d8aa0000, 0x0000000800000000)
  eden space 32320K, 0% used [0x00000007d60b0000,0x00000007d60b0000,0x00000007d8040000)
  from space 5312K, 96% used [0x00000007d8570000,0x00000007d8a72180,0x00000007d8aa0000)
  to   space 5312K, 0% used [0x00000007d8040000,0x00000007d8040000,0x00000007d8570000)
 ParOldGen       total 85888K, used 45546K [0x0000000782200000, 0x00000007875e0000, 0x00000007d60b0000)
  object space 85888K, 53% used [0x0000000782200000,0x0000000784e7a9b8,0x00000007875e0000)
 PSPermGen       total 21248K, used 11774K [0x000000077d000000, 0x000000077e4c0000, 0x0000000782200000)
  object space 21248K, 55% used [0x000000077d000000,0x000000077db7f8c0,0x000000077e4c0000)
}
Event: 7.586 GC heap before
{Heap before GC invocations=3 (full 0):
 PSYoungGen      total 37632K, used 37448K [0x00000007d60b0000, 0x00000007d8aa0000, 0x0000000800000000)
  eden space 32320K, 100% used [0x00000007d60b0000,0x00000007d8040000,0x00000007d8040000)
  from space 5312K, 96% used [0x00000007d8570000,0x00000007d8a72180,0x00000007d8aa0000)
  to   space 5312K, 0% used [0x00000007d8040000,0x00000007d8040000,0x00000007d8570000)
 ParOldGen       total 85888K, used 50949K [0x0000000782200000, 0x00000007875e0000, 0x00000007d60b0000)
  object space 85888K, 59% used [0x0000000782200000,0x00000007853c17a8,0x00000007875e0000)
 PSPermGen       total 21248K, used 11808K [0x000000077d000000, 0x000000077e4c0000, 0x0000000782200000)
  object space 21248K, 55% used [0x000000077d000000,0x000000077db88158,0x000000077e4c0000)
Event: 7.603 GC heap after
Heap after GC invocations=3 (full 0):
 PSYoungGen      total 37632K, used 5128K [0x00000007d60b0000, 0x00000007d8aa0000, 0x0000000800000000)
  eden space 32320K, 0% used [0x00000007d60b0000,0x00000007d60b0000,0x00000007d8040000)
  from space 5312K, 96% used [0x00000007d8040000,0x00000007d8542180,0x00000007d8570000)
  to   space 5312K, 0% used [0x00000007d8570000,0x00000007d8570000,0x00000007d8aa0000)
 ParOldGen       total 85888K, used 84599K [0x0000000782200000, 0x00000007875e0000, 0x00000007d60b0000)
  object space 85888K, 98% used [0x0000000782200000,0x000000078749dc68,0x00000007875e0000)
 PSPermGen       total 21248K, used 11808K [0x000000077d000000, 0x000000077e4c0000, 0x0000000782200000)
  object space 21248K, 55% used [0x000000077d000000,0x000000077db88158,0x000000077e4c0000)
}
Event: 7.603 GC heap before
{Heap before GC invocations=4 (full 1):
 PSYoungGen      total 37632K, used 5128K [0x00000007d60b0000, 0x00000007d8aa0000, 0x0000000800000000)
  eden space 32320K, 0% used [0x00000007d60b0000,0x00000007d60b0000,0x00000007d8040000)
  from space 5312K, 96% used [0x00000007d8040000,0x00000007d8542180,0x00000007d8570000)
  to   space 5312K, 0% used [0x00000007d8570000,0x00000007d8570000,0x00000007d8aa0000)
 ParOldGen       total 85888K, used 84599K [0x0000000782200000, 0x00000007875e0000, 0x00000007d60b0000)
  object space 85888K, 98% used [0x0000000782200000,0x000000078749dc68,0x00000007875e0000)
 PSPermGen       total 21248K, used 11808K [0x000000077d000000, 0x000000077e4c0000, 0x0000000782200000)
  object space 21248K, 55% used [0x000000077d000000,0x000000077db88158,0x000000077e4c0000)
Event: 7.633 GC heap after
Heap after GC invocations=4 (full 1):
 PSYoungGen      total 37632K, used 0K [0x00000007d60b0000, 0x00000007d8aa0000, 0x0000000800000000)
  eden space 32320K, 0% used [0x00000007d60b0000,0x00000007d60b0000,0x00000007d8040000)
  from space 5312K, 0% used [0x00000007d8040000,0x00000007d8040000,0x00000007d8570000)
  to   space 5312K, 0% used [0x00000007d8570000,0x00000007d8570000,0x00000007d8aa0000)
 ParOldGen       total 126272K, used 43239K [0x0000000782200000, 0x0000000789d50000, 0x00000007d60b0000)
  object space 126272K, 34% used [0x0000000782200000,0x0000000784c39e30,0x0000000789d50000)
 PSPermGen       total 23872K, used 11803K [0x000000077d000000, 0x000000077e750000, 0x0000000782200000)
  object space 23872K, 49% used [0x000000077d000000,0x000000077db86f70,0x000000077e750000)
}
Event: 11.677 GC heap before
{Heap before GC invocations=5 (full 1):
 PSYoungGen      total 37632K, used 32320K [0x00000007d60b0000, 0x00000007d8aa0000, 0x0000000800000000)
  eden space 32320K, 100% used [0x00000007d60b0000,0x00000007d8040000,0x00000007d8040000)
  from space 5312K, 0% used [0x00000007d8040000,0x00000007d8040000,0x00000007d8570000)
  to   space 5312K, 0% used [0x00000007d8570000,0x00000007d8570000,0x00000007d8aa0000)
 ParOldGen       total 126272K, used 43243K [0x0000000782200000, 0x0000000789d50000, 0x00000007d60b0000)
  object space 126272K, 34% used [0x0000000782200000,0x0000000784c3afe0,0x0000000789d50000)
 PSPermGen       total 23872K, used 11875K [0x000000077d000000, 0x000000077e750000, 0x0000000782200000)
  object space 23872K, 49% used [0x000000077d000000,0x000000077db98cd8,0x000000077e750000)
Event: 11.682 GC heap after
Heap after GC invocations=5 (full 1):
 PSYoungGen      total 37632K, used 4816K [0x00000007d60b0000, 0x00000007d9ec0000, 0x0000000800000000)
  eden space 32320K, 0% used [0x00000007d60b0000,0x00000007d60b0000,0x00000007d8040000)
  from space 5312K, 90% used [0x00000007d8570000,0x00000007d8a24040,0x00000007d8aa0000)
  to   space 5312K, 0% used [0x00000007d8040000,0x00000007d8040000,0x00000007d8570000)
 ParOldGen       total 126272K, used 51352K [0x0000000782200000, 0x0000000789d50000, 0x00000007d60b0000)
  object space 126272K, 40% used [0x0000000782200000,0x0000000785426070,0x0000000789d50000)
 PSPermGen       total 23872K, used 11875K [0x000000077d000000, 0x000000077e750000, 0x0000000782200000)
  object space 23872K, 49% used [0x000000077d000000,0x000000077db98cd8,0x000000077e750000)
}

Deoptimization events (8 events):
Event: 0.252 Thread 0x000000000209d000 Uncommon trap -12 fr.pc 0x00000000022cb334
Event: 5.361 Thread 0x000000000e5f4800 Uncommon trap -83 fr.pc 0x00000000022f42e4
Event: 10.381 Thread 0x000000000e5f4800 Uncommon trap -34 fr.pc 0x000000000233df44
Event: 11.682 Thread 0x000000000e5f4800 Uncommon trap -83 fr.pc 0x000000000236b0d0
Event: 11.682 Thread 0x000000000e5f4800 Uncommon trap -83 fr.pc 0x000000000235b5b8
Event: 12.646 Thread 0x000000000e5f4800 Uncommon trap -34 fr.pc 0x000000000233df44
Event: 13.047 Thread 0x000000000e917800 Uncommon trap -34 fr.pc 0x000000000233df44
Event: 13.047 Thread 0x000000000e917800 Uncommon trap -34 fr.pc 0x000000000233df44

Internal exceptions (10 events):
Event: 1.800 Thread 0x000000000e5ec800 Threw 0x00000007d6fae818 at C:\jdk7u1_64p\jdk7u9\hotspot\src\share\vm\prims\jvm.cpp:1166
Event: 1.801 Thread 0x000000000e5ec800 Threw 0x00000007d6fb3d00 at C:\jdk7u1_64p\jdk7u9\hotspot\src\share\vm\prims\jvm.cpp:1166
Event: 1.801 Thread 0x000000000e5ec800 Threw 0x00000007d6fb8b28 at C:\jdk7u1_64p\jdk7u9\hotspot\src\share\vm\prims\jvm.cpp:1166
Event: 1.802 Thread 0x000000000e5ec800 Threw 0x00000007d6fbd930 at C:\jdk7u1_64p\jdk7u9\hotspot\src\share\vm\prims\jvm.cpp:1166
Event: 1.802 Thread 0x000000000e5ec800 Threw 0x00000007d6fc3b08 at C:\jdk7u1_64p\jdk7u9\hotspot\src\share\vm\prims\jvm.cpp:1166
Event: 1.803 Thread 0x000000000e5ec800 Threw 0x00000007d6fc90f8 at C:\jdk7u1_64p\jdk7u9\hotspot\src\share\vm\prims\jvm.cpp:1166
Event: 1.807 Thread 0x000000000e5ec800 Threw 0x00000007d6fccd70 at C:\jdk7u1_64p\jdk7u9\hotspot\src\share\vm\prims\jvm.cpp:1166
Event: 5.361 Thread 0x000000000e5f4800 Implicit null exception at 0x00000000022f3e62 to 0x00000000022f4291
Event: 7.986 Thread 0x000000000e5f4800 Threw 0x00000007d6b14128 at C:\jdk7u1_64p\jdk7u9\hotspot\src\share\vm\prims\jvm.cpp:1166
Event: 8.005 Thread 0x000000000e5f4800 Threw 0x00000007d6b1dd48 at C:\jdk7u1_64p\jdk7u9\hotspot\src\share\vm\prims\jvm.cpp:1166

Events (10 events):
Event: 11.695 Executing VM operation: RevokeBias done
Event: 11.695 Executing VM operation: RevokeBias
Event: 11.695 Executing VM operation: RevokeBias done
Event: 11.830 Thread 0x000000000db38000 flushing nmethod 0x00000000022f3b50
Event: 12.646 Thread 0x000000000e5f4800 DEOPT PACKING pc=0x000000000233df44 sp=0x000000000fdbf0d0
Event: 12.646 Thread 0x000000000e5f4800 DEOPT UNPACKING pc=0x0000000002299164 sp=0x000000000fdbf0d8 mode 2
Event: 13.047 Thread 0x000000000e917800 DEOPT PACKING pc=0x000000000233df44 sp=0x0000000011b0c070
Event: 13.047 Thread 0x000000000e917800 DEOPT UNPACKING pc=0x0000000002299164 sp=0x0000000011b0c078 mode 2
Event: 13.047 Thread 0x000000000e917800 DEOPT PACKING pc=0x000000000233df44 sp=0x0000000011b0c070
Event: 13.047 Thread 0x000000000e917800 DEOPT UNPACKING pc=0x0000000002299164 sp=0x0000000011b0c078 mode 2


Dynamic libraries:
0x000000013f2f0000 - 0x000000013f323000 	C:\Program Files\Java\jdk1.7.0_09\bin\java.exe
0x0000000077610000 - 0x00000000777b9000 	C:\Windows\SYSTEM32\ntdll.dll
0x0000000076f30000 - 0x000000007704f000 	C:\Windows\system32\kernel32.dll
0x000007fefdd30000 - 0x000007fefdd9c000 	C:\Windows\system32\KERNELBASE.dll
0x000007feff720000 - 0x000007feff7fb000 	C:\Windows\system32\ADVAPI32.dll
0x000007fefef40000 - 0x000007fefefdf000 	C:\Windows\system32\msvcrt.dll
0x000007feff120000 - 0x000007feff13f000 	C:\Windows\SYSTEM32\sechost.dll
0x000007feff5f0000 - 0x000007feff71d000 	C:\Windows\system32\RPCRT4.dll
0x00000000771a0000 - 0x000000007729a000 	C:\Windows\system32\USER32.dll
0x000007fefe140000 - 0x000007fefe1a7000 	C:\Windows\system32\GDI32.dll
0x000007feff800000 - 0x000007feff80e000 	C:\Windows\system32\LPK.dll
0x000007fefe070000 - 0x000007fefe139000 	C:\Windows\system32\USP10.dll
0x000007fefc3c0000 - 0x000007fefc5b4000 	C:\Windows\WinSxS\amd64_microsoft.windows.common-controls_6595b64144ccf1df_6.0.7601.17514_none_fa396087175ac9ac\COMCTL32.dll
0x000007feff380000 - 0x000007feff3f1000 	C:\Windows\system32\SHLWAPI.dll
0x000007feff140000 - 0x000007feff16e000 	C:\Windows\system32\IMM32.DLL
0x000007feff810000 - 0x000007feff919000 	C:\Windows\system32\MSCTF.dll
0x000007fefda30000 - 0x000007fefda70000 	C:\Windows\system32\nvinitx.dll
0x000000006daf0000 - 0x000000006dbc1000 	C:\Program Files\Java\jdk1.7.0_09\jre\bin\msvcr100.dll
0x00000000643e0000 - 0x0000000064aff000 	C:\Program Files\Java\jdk1.7.0_09\jre\bin\server\jvm.dll
0x000007fef9310000 - 0x000007fef9319000 	C:\Windows\system32\WSOCK32.dll
0x000007fefde40000 - 0x000007fefde8d000 	C:\Windows\system32\WS2_32.dll
0x000007feff5e0000 - 0x000007feff5e8000 	C:\Windows\system32\NSI.dll
0x000007fefbd60000 - 0x000007fefbd9b000 	C:\Windows\system32\WINMM.dll
0x00000000777e0000 - 0x00000000777e7000 	C:\Windows\system32\PSAPI.DLL
0x0000000073da0000 - 0x0000000073daf000 	C:\Program Files\Java\jdk1.7.0_09\jre\bin\verify.dll
0x0000000072b70000 - 0x0000000072b98000 	C:\Program Files\Java\jdk1.7.0_09\jre\bin\java.dll
0x000000006f310000 - 0x000000006f325000 	C:\Program Files\Java\jdk1.7.0_09\jre\bin\zip.dll
0x00000000729b0000 - 0x0000000072a48000 	C:\Windows\System32\msvcp100.dll
0x000007fee66c0000 - 0x000007fee6918000 	C:\opencv\build\x64\vc10\bin\opencv_core243.dll
0x000007fee8fe0000 - 0x000007fee9075000 	C:\Users\Fernando\AppData\Local\Temp\javacpp4925430186136\jniopencv_core.dll
0x00000000639f0000 - 0x0000000063b83000 	C:\Program Files\Java\jdk1.7.0_09\jre\bin\awt.dll
0x000007feff460000 - 0x000007feff537000 	C:\Windows\system32\OLEAUT32.dll
0x000007feff170000 - 0x000007feff373000 	C:\Windows\system32\ole32.dll
0x000007fefbb80000 - 0x000007fefbb98000 	C:\Windows\system32\DWMAPI.DLL
0x000007fefc1e0000 - 0x000007fefc236000 	C:\Windows\system32\uxtheme.dll
0x000007fef8740000 - 0x000007fef8747000 	c:\PROGRA~2\mcafee\SITEAD~1\x64\saHook.dll
0x000007fefd960000 - 0x000007fefd96f000 	C:\Windows\system32\CRYPTBASE.dll
0x000007fefe1b0000 - 0x000007fefef38000 	C:\Windows\system32\SHELL32.dll
0x0000000061f50000 - 0x0000000061f84000 	C:\Program Files\Java\jdk1.7.0_09\jre\bin\fontmanager.dll
0x000000006eec0000 - 0x000000006eed9000 	C:\Program Files\Java\jdk1.7.0_09\jre\bin\net.dll
0x000007fefd260000 - 0x000007fefd2b5000 	C:\Windows\system32\mswsock.dll
0x000007fefd250000 - 0x000007fefd257000 	C:\Windows\System32\wship6.dll
0x000000006eb10000 - 0x000000006eb21000 	C:\Program Files\Java\jdk1.7.0_09\jre\bin\nio.dll
0x0000000061ea0000 - 0x0000000061ee1000 	C:\Program Files\Java\jdk1.7.0_09\jre\bin\t2k.dll
0x000007fef7c10000 - 0x000007fef7c2e000 	C:\Users\Fernando\AppData\Local\Temp\javacpp4925430186136\jnivideoInputLib.dll
0x000007fefefe0000 - 0x000007feff079000 	C:\Windows\system32\CLBCatQ.DLL
0x000007feec7c0000 - 0x000007feec7d6000 	C:\Windows\system32\devenum.dll
0x000007fefde90000 - 0x000007fefe067000 	C:\Windows\system32\setupapi.dll
0x000007fefdda0000 - 0x000007fefddd6000 	C:\Windows\system32\CFGMGR32.dll
0x000007fefde20000 - 0x000007fefde3a000 	C:\Windows\system32\DEVOBJ.dll
0x000007fefbda0000 - 0x000007fefbdcd000 	C:\Windows\system32\ntmarta.dll
0x000007feff400000 - 0x000007feff452000 	C:\Windows\system32\WLDAP32.dll
0x000007fefdde0000 - 0x000007fefde19000 	C:\Windows\system32\WINTRUST.dll
0x000007fefdbc0000 - 0x000007fefdd2a000 	C:\Windows\system32\CRYPT32.dll
0x000007fefdb10000 - 0x000007fefdb1f000 	C:\Windows\system32\MSASN1.dll
0x000007feee030000 - 0x000007feee03d000 	C:\Windows\system32\msdmo.dll
0x000007fef5fa0000 - 0x000007fef5fcf000 	C:\Windows\system32\qcap.dll
0x000007fee5d60000 - 0x000007fee5f12000 	C:\Windows\system32\quartz.dll
0x000007fee79a0000 - 0x000007fee79e1000 	C:\Windows\system32\ksproxy.ax
0x0000000074ad0000 - 0x0000000074ad6000 	C:\Windows\system32\ksuser.dll
0x000007fee7e00000 - 0x000007fee7fff000 	C:\Windows\system32\d3d9.dll
0x000007fefcb20000 - 0x000007fefcb2c000 	C:\Windows\system32\VERSION.dll
0x000007fef75a0000 - 0x000007fef75a7000 	C:\Windows\system32\d3d8thk.dll
0x000007fefb930000 - 0x000007fefb93b000 	C:\Windows\system32\vidcap.ax
0x000007fef7440000 - 0x000007fef7464000 	C:\Windows\system32\kswdmcap.ax
0x000007fee6560000 - 0x000007fee66bc000 	C:\Windows\system32\MFC42.dll
0x000007fee70c0000 - 0x000007fee7171000 	C:\Windows\system32\ODBC32.dll
0x000000005dab0000 - 0x000000005dae8000 	C:\Windows\system32\odbcint.dll
0x000007fee7020000 - 0x000007fee70bb000 	C:\Windows\System32\qedit.dll
0x000007fee8cd0000 - 0x000007fee8cf9000 	C:\Windows\System32\MSVFW32.dll
0x000007feff540000 - 0x000007feff5d7000 	C:\Windows\system32\COMDLG32.dll
0x000007fefbf20000 - 0x000007fefc136000 	C:\Windows\WinSxS\amd64_microsoft.windows.gdiplus_6595b64144ccf1df_1.1.7601.17825_none_2b253c8271ec7765\gdiplus.dll
0x000007fef5790000 - 0x000007fef5881000 	C:\Windows\system32\DDRAW.dll
0x000007fef6a30000 - 0x000007fef6a38000 	C:\Windows\system32\DCIMAN32.dll
0x000007fef7a30000 - 0x000007fef7a3b000 	C:\Windows\system32\msyuv.dll
0x000007fee5870000 - 0x000007fee5b15000 	C:\opencv\build\x64\vc10\bin\opencv_imgproc243.dll
0x000007fee6c20000 - 0x000007fee6c68000 	C:\Users\Fernando\AppData\Local\Temp\javacpp4925430186136\jniopencv_imgproc.dll
0x000007fefb7f0000 - 0x000007fefb91a000 	C:\Windows\system32\WindowsCodecs.dll
0x000007fefd900000 - 0x000007fefd957000 	C:\Windows\system32\apphelp.dll
0x0000000005a60000 - 0x0000000005a7c000 	C:\Users\Fernando\AppData\Roaming\Dropbox\bin\DropboxExt64.14.dll
0x000007fef6620000 - 0x000007fef6745000 	C:\Windows\system32\dbghelp.dll
0x000007fef6580000 - 0x000007fef6616000 	C:\Windows\system32\msvcp60.dll
0x000007fef6540000 - 0x000007fef6575000 	C:\Windows\system32\EhStorShell.dll
0x000007fefc240000 - 0x000007fefc36c000 	C:\Windows\system32\PROPSYS.dll
0x000007fef64c0000 - 0x000007fef6540000 	C:\Windows\system32\ntshrui.dll
0x000007fefd620000 - 0x000007fefd643000 	C:\Windows\system32\srvcli.dll
0x000007fef7880000 - 0x000007fef788f000 	C:\Windows\system32\cscapi.dll
0x000007fefb010000 - 0x000007fefb01b000 	C:\Windows\system32\slc.dll
0x000000005e500000 - 0x000000005e52a000 	C:\Program Files\Java\jdk1.7.0_09\jre\bin\dcpr.dll

VM Arguments:
jvm_args: -Dfile.encoding=UTF-8 
java_command: jhandcontrol.demo.Demonstration
Launcher Type: SUN_STANDARD

Environment Variables:
PATH=C:\Perl\site\bin;C:\Perl\bin;C:\Program Files\Common Files\Microsoft Shared\Windows Live;C:\Program Files (x86)\Common Files\Microsoft Shared\Windows Live;C:\Program Files (x86)\Intel\iCLS Client\;C:\Program Files\Intel\iCLS Client\;C:\Windows\system32;C:\Windows;C:\Windows\System32\Wbem;C:\Windows\System32\WindowsPowerShell\v1.0\;C:\Program Files (x86)\Windows Live\Shared;C:\vagrant\vagrant\bin;C:\Python27\;C:\Python27\Scripts\;C:\cygwin\bin\;C:\cygwin\usr\bin\;C:\cygwin\usr\local\bin\;C:\mongodb\bin\;C:\Program Files\nodejs\;C:\Ruby192\bin;C:\Users\Fernando\AppData\Roaming\npm\
USERNAME=Fernando
OS=Windows_NT
PROCESSOR_IDENTIFIER=Intel64 Family 6 Model 58 Stepping 9, GenuineIntel



---------------  S Y S T E M  ---------------

OS: Windows 7 , 64 bit Build 7601 Service Pack 1

CPU:total 8 (4 cores per cpu, 2 threads per core) family 6 model 58 stepping 9, cmov, cx8, fxsr, mmx, sse, sse2, sse3, ssse3, sse4.1, sse4.2, popcnt, avx, ht, tsc, tscinvbit, tscinv

Memory: 4k page, physical 8244064k(4008960k free), swap 16486276k(9885840k free)

vm_info: Java HotSpot(TM) 64-Bit Server VM (23.5-b02) for windows-amd64 JRE (1.7.0_09-b05), built on Sep 24 2012 21:45:04 by "java_re" with unknown MS VC++:1600

time: Mon Dec 03 19:58:46 2012
elapsed time: 13 seconds

