#
# A fatal error has been detected by the Java Runtime Environment:
#
#  EXCEPTION_ACCESS_VIOLATION (0xc0000005) at pc=0x000007fee27cffa2, pid=7240, tid=7516
#
# JRE version: 6.0_37-b06
# Java VM: Java HotSpot(TM) 64-Bit Server VM (20.12-b01 mixed mode windows-amd64 compressed oops)
# Problematic frame:
# C  [opencv_imgproc243.dll+0xffa2]
#
# If you would like to submit a bug report, please visit:
#   http://java.sun.com/webapps/bugreport/crash.jsp
# The crash happened outside the Java Virtual Machine in native code.
# See problematic frame for where to report the bug.
#

---------------  T H R E A D  ---------------

Current thread (0x000000000056b800):  JavaThread "main" [_thread_in_native, id=7516, stack(0x0000000002230000,0x0000000002330000)]

siginfo: ExceptionCode=0xc0000005, writing address 0x0000000000000000

Registers:
RAX=0x0000000000000000, RBX=0x000001bd00000172, RCX=0xd27bc991698a0000, RDX=0x0000000000000000
RSP=0x000000000232f290, RBP=0x000000000232f390, RSI=0x0000000000000001, RDI=0x000001bd00000173
R8 =0x0000000000001e20, R9 =0x0000000000000000, R10=0x000000002b5bde50, R11=0x000000000232f280
R12=0x0000000000000172, R13=0x00000000000001bd, R14=0x0000000000000000, R15=0x000000000aa71f30
RIP=0x000007fee27cffa2, EFLAGS=0x0000000000010246

Top of Stack: (sp=0x000000000232f290)
0x000000000232f290:   000001bd00000172 000001bd00000172
0x000000000232f2a0:   000001bd00000173 0000000000000003
0x000000000232f2b0:   000000000232f340 000007fee519acc8
0x000000000232f2c0:   0000000100000000 0000000300000001
0x000000000232f2d0:   000001be00000174 000001bd00000173
0x000000000232f2e0:   000001bd00000172 0000000000010000
0x000000000232f2f0:   0000000000000040 000000002b5bddb0
0x000000000232f300:   000000002b5bde30 000000002b5bde58
0x000000000232f310:   000000002b5bde50 000000002b5bde78
0x000000000232f320:   0000000000000000 000000002b5bde70
0x000000000232f330:   0000000242ff4005 0000000500000000
0x000000000232f340:   0000000000000030 000000001049acc8
0x000000000232f350:   000000001049ad48 0000000000000000
0x000000000232f360:   0000000000000000 000000001049b190
0x000000000232f370:   000000000232f338 00000000315247b0
0x000000000232f380:   0000000000000040 0000000000000004 

Instructions: (pc=0x000007fee27cffa2)
0x000007fee27cff82:   01 00 00 00 e8 53 8f 16 00 48 8b 45 c8 48 3b 45
0x000007fee27cff92:   d8 72 0d 48 8d 4d b0 e8 3a 8f 16 00 48 8b 45 c8
0x000007fee27cffa2:   48 89 18 48 83 45 c8 08 41 83 7f 28 00 0f 85 1b
0x000007fee27cffb2:   fe ff ff 44 0f 28 84 24 60 01 00 00 0f 28 bc 24 


Register to memory mapping:

RAX=0x0000000000000000 is an unknown value
RBX=0x000001bd00000172 is an unknown value
RCX=0xd27bc991698a0000 is an unknown value
RDX=0x0000000000000000 is an unknown value
RSP=0x000000000232f290 is pointing into the stack for thread: 0x000000000056b800
RBP=0x000000000232f390 is pointing into the stack for thread: 0x000000000056b800
RSI=0x0000000000000001 is an unknown value
RDI=0x000001bd00000173 is an unknown value
R8 =0x0000000000001e20 is an unknown value
R9 =0x0000000000000000 is an unknown value
R10=0x000000002b5bde50 is an unknown value
R11=0x000000000232f280 is pointing into the stack for thread: 0x000000000056b800
R12=0x0000000000000172 is an unknown value
R13=0x00000000000001bd is an unknown value
R14=0x0000000000000000 is an unknown value
R15=0x000000000aa71f30 is an unknown value


Stack: [0x0000000002230000,0x0000000002330000],  sp=0x000000000232f290,  free space=1020k
Native frames: (J=compiled Java code, j=interpreted, Vv=VM code, C=native code)
C  [opencv_imgproc243.dll+0xffa2]  cv::Point_<int>::operator=+0x4b2

Java frames: (J=compiled Java code, j=interpreted, Vv=VM code)
J  com.googlecode.javacv.cpp.opencv_imgproc.cvApproxPoly(Lcom/googlecode/javacpp/Pointer;ILcom/googlecode/javacv/cpp/opencv_core$CvMemStorage;IDI)Lcom/googlecode/javacv/cpp/opencv_core$CvSeq;
J  jhandcontrol.data.JHandDetection.getStatus()Ljhandcontrol/data/HandStatus;
j  jhandcontrol.demo.Demonstration.main([Ljava/lang/String;)V+208
v  ~StubRoutines::call_stub

---------------  P R O C E S S  ---------------

Java Threads: ( => current thread )
  0x000000000779e000 JavaThread "TimerQueue" daemon [_thread_blocked, id=3552, stack(0x00000000342e0000,0x00000000343e0000)]
  0x0000000007759000 JavaThread "AWT-EventQueue-0" [_thread_blocked, id=4812, stack(0x000000000a490000,0x000000000a590000)]
  0x00000000078ec800 JavaThread "AWT-Shutdown" [_thread_blocked, id=4044, stack(0x000000000a390000,0x000000000a490000)]
  0x00000000078eb800 JavaThread "Thread-0" [_thread_blocked, id=3892, stack(0x000000000a290000,0x000000000a390000)]
  0x0000000007746800 JavaThread "Thread-3" [_thread_in_Java, id=5164, stack(0x00000000085d0000,0x00000000086d0000)]
  0x00000000064a4800 JavaThread "AWT-Windows" daemon [_thread_in_native, id=6128, stack(0x0000000008190000,0x0000000008290000)]
  0x00000000064a3000 JavaThread "Java2D Disposer" daemon [_thread_blocked, id=7556, stack(0x0000000007f90000,0x0000000008090000)]
  0x0000000006428000 JavaThread "Low Memory Detector" daemon [_thread_blocked, id=3612, stack(0x0000000007500000,0x0000000007600000)]
  0x0000000006413800 JavaThread "C2 CompilerThread1" daemon [_thread_blocked, id=4764, stack(0x0000000007400000,0x0000000007500000)]
  0x000000000640c800 JavaThread "C2 CompilerThread0" daemon [_thread_blocked, id=976, stack(0x0000000007300000,0x0000000007400000)]
  0x000000000640b000 JavaThread "Attach Listener" daemon [_thread_blocked, id=2904, stack(0x0000000007200000,0x0000000007300000)]
  0x000000000640a000 JavaThread "Signal Dispatcher" daemon [_thread_blocked, id=2376, stack(0x0000000007100000,0x0000000007200000)]
  0x00000000063b3800 JavaThread "Finalizer" daemon [_thread_blocked, id=6340, stack(0x0000000007000000,0x0000000007100000)]
  0x00000000063b2000 JavaThread "Reference Handler" daemon [_thread_blocked, id=6424, stack(0x0000000006f00000,0x0000000007000000)]
=>0x000000000056b800 JavaThread "main" [_thread_in_native, id=7516, stack(0x0000000002230000,0x0000000002330000)]

Other Threads:
  0x00000000063a6000 VMThread [stack: 0x0000000006e00000,0x0000000006f00000] [id=6244]
  0x0000000006431800 WatcherThread [stack: 0x0000000007600000,0x0000000007700000] [id=8000]

VM state:not at safepoint (normal execution)

VM Mutex/Monitor currently owned by a thread: None

Heap
 PSYoungGen      total 177152K, used 50382K [0x00000007d60b0000, 0x00000007e7f40000, 0x0000000800000000)
  eden space 131776K, 3% used [0x00000007d60b0000,0x00000007d65977c0,0x00000007de160000)
  from space 45376K, 99% used [0x00000007e2520000,0x00000007e516c240,0x00000007e5170000)
  to   space 69376K, 0% used [0x00000007de160000,0x00000007de160000,0x00000007e2520000)
 PSOldGen        total 397824K, used 161969K [0x0000000782200000, 0x000000079a680000, 0x00000007d60b0000)
  object space 397824K, 40% used [0x0000000782200000,0x000000078c02c440,0x000000079a680000)
 PSPermGen       total 23040K, used 13632K [0x000000077d000000, 0x000000077e680000, 0x0000000782200000)
  object space 23040K, 59% used [0x000000077d000000,0x000000077dd50218,0x000000077e680000)

Code Cache  [0x0000000002330000, 0x00000000025a0000, 0x0000000005330000)
 total_blobs=902 nmethods=438 adapters=417 free_code_cache=48663168 largest_free_block=62080

Dynamic libraries:
0x0000000000400000 - 0x000000000042f000 	C:\Program Files\Java\jdk1.6.0_37\bin\java.exe
0x00000000773d0000 - 0x0000000077579000 	C:\Windows\SYSTEM32\ntdll.dll
0x0000000077050000 - 0x000000007716f000 	C:\Windows\system32\kernel32.dll
0x000007fefd920000 - 0x000007fefd98c000 	C:\Windows\system32\KERNELBASE.dll
0x000007fefde70000 - 0x000007fefdf4b000 	C:\Windows\system32\ADVAPI32.dll
0x000007fefdc80000 - 0x000007fefdd1f000 	C:\Windows\system32\msvcrt.dll
0x000007fefde50000 - 0x000007fefde6f000 	C:\Windows\SYSTEM32\sechost.dll
0x000007feff5b0000 - 0x000007feff6dd000 	C:\Windows\system32\RPCRT4.dll
0x000000006d8b0000 - 0x000000006e06b000 	C:\Program Files\Java\jdk1.6.0_37\jre\bin\server\jvm.dll
0x0000000077170000 - 0x000000007726a000 	C:\Windows\system32\USER32.dll
0x000007fefdd30000 - 0x000007fefdd97000 	C:\Windows\system32\GDI32.dll
0x000007fefdd20000 - 0x000007fefdd2e000 	C:\Windows\system32\LPK.dll
0x000007feff490000 - 0x000007feff559000 	C:\Windows\system32\USP10.dll
0x000007fefb3b0000 - 0x000007fefb3eb000 	C:\Windows\system32\WINMM.dll
0x000007feff580000 - 0x000007feff5ae000 	C:\Windows\system32\IMM32.DLL
0x000007fefe210000 - 0x000007fefe319000 	C:\Windows\system32\MSCTF.dll
0x000007fefd7f0000 - 0x000007fefd830000 	C:\Windows\system32\nvinitx.dll
0x000000006d820000 - 0x000000006d82e000 	C:\Program Files\Java\jdk1.6.0_37\jre\bin\verify.dll
0x000000006d450000 - 0x000000006d477000 	C:\Program Files\Java\jdk1.6.0_37\jre\bin\java.dll
0x000000006d870000 - 0x000000006d882000 	C:\Program Files\Java\jdk1.6.0_37\jre\bin\zip.dll
0x0000000074880000 - 0x0000000074952000 	C:\Windows\System32\msvcr100.dll
0x0000000072770000 - 0x0000000072808000 	C:\Windows\System32\msvcp100.dll
0x000007fee4fe0000 - 0x000007fee5238000 	C:\opencv\build\x64\vc10\bin\opencv_core243.dll
0x000007fee63e0000 - 0x000007fee6475000 	C:\Users\Fernando\AppData\Local\Temp\javacpp1464465277268\jniopencv_core.dll
0x000000006d0a0000 - 0x000000006d264000 	C:\Program Files\Java\jdk1.6.0_37\jre\bin\awt.dll
0x000007fefa7e0000 - 0x000007fefa851000 	C:\Windows\system32\WINSPOOL.DRV
0x000007fefe380000 - 0x000007fefe583000 	C:\Windows\system32\ole32.dll
0x000007fefe5e0000 - 0x000007feff368000 	C:\Windows\system32\SHELL32.dll
0x000007feff410000 - 0x000007feff481000 	C:\Windows\system32\SHLWAPI.dll
0x000007fefc250000 - 0x000007fefc444000 	C:\Windows\WinSxS\amd64_microsoft.windows.common-controls_6595b64144ccf1df_6.0.7601.17514_none_fa396087175ac9ac\COMCTL32.dll
0x000007fefbc40000 - 0x000007fefbc58000 	C:\Windows\system32\DWMAPI.DLL
0x000007fefc070000 - 0x000007fefc0c6000 	C:\Windows\system32\uxtheme.dll
0x000000006d340000 - 0x000000006d3a7000 	C:\Program Files\Java\jdk1.6.0_37\jre\bin\fontmanager.dll
0x000007fef8520000 - 0x000007fef8527000 	c:\PROGRA~2\mcafee\SITEAD~1\x64\saHook.dll
0x000007fefdf50000 - 0x000007fefe027000 	C:\Windows\system32\OLEAUT32.dll
0x000007fefd720000 - 0x000007fefd72f000 	C:\Windows\system32\CRYPTBASE.dll
0x000000006d6b0000 - 0x000000006d6c7000 	C:\Program Files\Java\jdk1.6.0_37\jre\bin\net.dll
0x000007fefe590000 - 0x000007fefe5dd000 	C:\Windows\system32\WS2_32.dll
0x000007fefde40000 - 0x000007fefde48000 	C:\Windows\system32\NSI.dll
0x000007fefd060000 - 0x000007fefd0b5000 	C:\Windows\system32\mswsock.dll
0x000007fefd050000 - 0x000007fefd057000 	C:\Windows\System32\wship6.dll
0x000000006d6d0000 - 0x000000006d6db000 	C:\Program Files\Java\jdk1.6.0_37\jre\bin\nio.dll
0x000007feeb690000 - 0x000007feeb6ae000 	C:\Users\Fernando\AppData\Local\Temp\javacpp1464465277268\jnivideoInputLib.dll
0x000007feff370000 - 0x000007feff409000 	C:\Windows\system32\CLBCatQ.DLL
0x000007feeb760000 - 0x000007feeb776000 	C:\Windows\system32\devenum.dll
0x000007fefe030000 - 0x000007fefe207000 	C:\Windows\system32\setupapi.dll
0x000007fefd8e0000 - 0x000007fefd916000 	C:\Windows\system32\CFGMGR32.dll
0x000007fefdbe0000 - 0x000007fefdbfa000 	C:\Windows\system32\DEVOBJ.dll
0x000007fefb3f0000 - 0x000007fefb41d000 	C:\Windows\system32\ntmarta.dll
0x000007fefe320000 - 0x000007fefe372000 	C:\Windows\system32\WLDAP32.dll
0x000007fefd990000 - 0x000007fefd9c9000 	C:\Windows\system32\WINTRUST.dll
0x000007fefda70000 - 0x000007fefdbda000 	C:\Windows\system32\CRYPT32.dll
0x000007fefd8d0000 - 0x000007fefd8df000 	C:\Windows\system32\MSASN1.dll
0x000007feed340000 - 0x000007feed34d000 	C:\Windows\system32\msdmo.dll
0x000007feeb530000 - 0x000007feeb55f000 	C:\Windows\system32\qcap.dll
0x000007fee4e20000 - 0x000007fee4fd2000 	C:\Windows\system32\quartz.dll
0x000007fee8c80000 - 0x000007fee8cc1000 	C:\Windows\system32\ksproxy.ax
0x00000000747a0000 - 0x00000000747a6000 	C:\Windows\system32\ksuser.dll
0x000007fee9410000 - 0x000007fee960f000 	C:\Windows\system32\d3d9.dll
0x000007fefc8e0000 - 0x000007fefc8ec000 	C:\Windows\system32\VERSION.dll
0x000007fef76e0000 - 0x000007fef76e7000 	C:\Windows\system32\d3d8thk.dll
0x000007fef65b0000 - 0x000007fef65bb000 	C:\Windows\system32\vidcap.ax
0x000007feeb560000 - 0x000007feeb584000 	C:\Windows\system32\kswdmcap.ax
0x000007fee5500000 - 0x000007fee565c000 	C:\Windows\system32\MFC42.dll
0x000007fee4d60000 - 0x000007fee4e11000 	C:\Windows\system32\ODBC32.dll
0x0000000074650000 - 0x0000000074688000 	C:\Windows\system32\odbcint.dll
0x000007fee6340000 - 0x000007fee63db000 	C:\Windows\System32\qedit.dll
0x000007fee8890000 - 0x000007fee88b9000 	C:\Windows\System32\MSVFW32.dll
0x000007fefdda0000 - 0x000007fefde37000 	C:\Windows\system32\COMDLG32.dll
0x000007fefbe50000 - 0x000007fefc066000 	C:\Windows\WinSxS\amd64_microsoft.windows.gdiplus_6595b64144ccf1df_1.1.7601.17825_none_2b253c8271ec7765\gdiplus.dll
0x000007fef53d0000 - 0x000007fef54c1000 	C:\Windows\system32\DDRAW.dll
0x000007fefb9b0000 - 0x000007fefb9b8000 	C:\Windows\system32\DCIMAN32.dll
0x000007fef7950000 - 0x000007fef795b000 	C:\Windows\system32\msyuv.dll
0x000007fee27c0000 - 0x000007fee2a65000 	C:\opencv\build\x64\vc10\bin\opencv_imgproc243.dll
0x000007fee83e0000 - 0x000007fee8428000 	C:\Users\Fernando\AppData\Local\Temp\javacpp1464465277268\jniopencv_imgproc.dll
0x000007fefd0c0000 - 0x000007fefd0d7000 	C:\Windows\system32\CRYPTSP.dll
0x000007fefcdc0000 - 0x000007fefce07000 	C:\Windows\system32\rsaenh.dll
0x000007fefd7d0000 - 0x000007fefd7e4000 	C:\Windows\system32\RpcRtRemote.dll
0x000000006d2b0000 - 0x000000006d2d8000 	C:\Program Files\Java\jdk1.6.0_37\jre\bin\dcpr.dll
0x0000000077590000 - 0x0000000077597000 	C:\Windows\system32\PSAPI.DLL

VM Arguments:
jvm_args: -Dfile.encoding=UTF-8 
java_command: jhandcontrol.demo.Demonstration
Launcher Type: SUN_STANDARD

Environment Variables:
PATH=C:\Perl\site\bin;C:\Perl\bin;C:\Program Files\Common Files\Microsoft Shared\Windows Live;C:\Program Files (x86)\Common Files\Microsoft Shared\Windows Live;C:\Program Files (x86)\Intel\iCLS Client\;C:\Program Files\Intel\iCLS Client\;C:\Windows\system32;C:\Windows;C:\Windows\System32\Wbem;C:\Windows\System32\WindowsPowerShell\v1.0\;C:\Program Files (x86)\Windows Live\Shared;C:\vagrant\vagrant\bin;C:\Python27\;C:\Python27\Scripts\;C:\cygwin\bin\;C:\cygwin\usr\bin\;C:\cygwin\usr\local\bin\;C:\mongodb\bin\;C:\Program Files\nodejs\;C:\Ruby192\bin;C:\Users\Fernando\AppData\Roaming\npm\
USERNAME=Fernando
OS=Windows_NT
PROCESSOR_IDENTIFIER=Intel64 Family 6 Model 58 Stepping 9, GenuineIntel



---------------  S Y S T E M  ---------------

OS: Windows 7 , 64 bit Build 7601 Service Pack 1

CPU:total 8 (4 cores per cpu, 2 threads per core) family 6 model 58 stepping 9, cmov, cx8, fxsr, mmx, sse, sse2, sse3, ssse3, sse4.1, sse4.2, popcnt, ht

Memory: 4k page, physical 8244064k(4583748k free), swap 16486276k(11373912k free)

vm_info: Java HotSpot(TM) 64-Bit Server VM (20.12-b01) for windows-amd64 JRE (1.6.0_37-b06), built on Sep 24 2012 11:45:14 by "java_re" with MS VC++ 8.0 (VS2005)

time: Tue Dec 04 22:00:57 2012
elapsed time: 52 seconds

