#
# A fatal error has been detected by the Java Runtime Environment:
#
#  EXCEPTION_ACCESS_VIOLATION (0xc0000005) at pc=0x000007fefdf8caed, pid=7436, tid=5428
#
# JRE version: 6.0_37-b06
# Java VM: Java HotSpot(TM) 64-Bit Server VM (20.12-b01 mixed mode windows-amd64 compressed oops)
# Problematic frame:
# C  [KERNELBASE.dll+0xcaed]
#
# If you would like to submit a bug report, please visit:
#   http://java.sun.com/webapps/bugreport/crash.jsp
# The crash happened outside the Java Virtual Machine in native code.
# See problematic frame for where to report the bug.
#

---------------  T H R E A D  ---------------

Current thread (0x0000000006525000):  JavaThread "Thread-0" [_thread_in_native, id=5428, stack(0x0000000009ff0000,0x000000000a0f0000)]

siginfo: ExceptionCode=0xc0000005, reading address 0x000001bfffffff3f

Registers:
RAX=0x000000007d9a2459, RBX=0x000000000a0ee340, RCX=0x000000000a0ebf90, RDX=0x0000000000002270
RSP=0x000000000a0ec5a0, RBP=0x000000000a0ecc30, RSI=0x000000000a0ee830, RDI=0x000000000a0ed390
R8 =0x0000000000000000, R9 =0x0000000000000000, R10=0x0000000000092888, R11=0x000000000a0ec5e0
R12=0x000000000a0ed9e8, R13=0x0000000000000000, R14=0x000000000a0ec6e0, R15=0x000007fee289d1a0
RIP=0x000007fefdf8caed, EFLAGS=0x0000000000000206

Top of Stack: (sp=0x000000000a0ec5a0)
0x000000000a0ec5a0:   000000000a0ee340 000000000a0ee830
0x000000000a0ec5b0:   000000000a0ed390 0000000000000000
0x000000000a0ec5c0:   00000000c0000005 0000000000000000
0x000000000a0ec5d0:   000007fefdf8caed 0000000000000002
0x000000000a0ec5e0:   0000000000000000 000001bfffffff3f
0x000000000a0ec5f0:   000000000a0ef170 000007fee289d1c6
0x000000000a0ec600:   0000000000000000 00000000752120da
0x000000000a0ec610:   000000000a0ed390 000000000a0ed390
0x000000000a0ec620:   0000000000000190 0000000000000000
0x000000000a0ec630:   000000000a0ed390 00000000752120fb
0x000000000a0ec640:   000000000a0ee340 000000000a0ef170
0x000000000a0ec650:   000000000a0ef170 000000007dcffe98
0x000000000a0ec660:   000000000a0ee340 00000000752504d6
0x000000000a0ec670:   000007fee289d1a0 000000000a0ed9e8
0x000000000a0ec680:   0000000000000100 1100100000000000
0x000000000a0ec690:   0101b60000000001 000000000a0ec4e0 

Instructions: (pc=0x000007fefdf8caed)
0x000007fefdf8cacd:   54 24 24 48 89 4c 24 28 4d 85 c9 0f 85 e0 06 00
0x000007fefdf8cadd:   00 89 4c 24 38 48 8d 4c 24 20 ff 15 b3 e7 03 00
0x000007fefdf8caed:   48 81 c4 c8 00 00 00 c3 90 90 90 90 90 90 90 90
0x000007fefdf8cafd:   90 90 90 48 89 5c 24 18 55 41 54 41 55 41 56 41 


Register to memory mapping:

RAX=0x000000007d9a2459 is an unknown value
RBX=0x000000000a0ee340 is pointing into the stack for thread: 0x0000000006525000
RCX=0x000000000a0ebf90 is pointing into the stack for thread: 0x0000000006525000
RDX=0x0000000000002270 is an unknown value
RSP=0x000000000a0ec5a0 is pointing into the stack for thread: 0x0000000006525000
RBP=0x000000000a0ecc30 is pointing into the stack for thread: 0x0000000006525000
RSI=0x000000000a0ee830 is pointing into the stack for thread: 0x0000000006525000
RDI=0x000000000a0ed390 is pointing into the stack for thread: 0x0000000006525000
R8 =0x0000000000000000 is an unknown value
R9 =0x0000000000000000 is an unknown value
R10=0x0000000000092888 is an unknown value
R11=0x000000000a0ec5e0 is pointing into the stack for thread: 0x0000000006525000
R12=0x000000000a0ed9e8 is pointing into the stack for thread: 0x0000000006525000
R13=0x0000000000000000 is an unknown value
R14=0x000000000a0ec6e0 is pointing into the stack for thread: 0x0000000006525000
R15=0x000007fee289d1a0 is an unknown value


Stack: [0x0000000009ff0000,0x000000000a0f0000],  sp=0x000000000a0ec5a0,  free space=1009k
Native frames: (J=compiled Java code, j=interpreted, Vv=VM code, C=native code)
C  [KERNELBASE.dll+0xcaed]  RaiseException+0x3d
C  0x000000000a0eccd8
C  0x000000000b9f13f0

Java frames: (J=compiled Java code, j=interpreted, Vv=VM code)
j  com.googlecode.javacv.cpp.opencv_imgproc.cvFindContours(Lcom/googlecode/javacv/cpp/opencv_core$CvArr;Lcom/googlecode/javacv/cpp/opencv_core$CvMemStorage;Lcom/googlecode/javacv/cpp/opencv_core$CvSeq;IIILcom/googlecode/javacv/cpp/opencv_core$CvPoint;)I+0
J  jhandcontrol.data.JHandDetection.detect(Lcom/googlecode/javacv/cpp/opencv_core$IplImage;Ljhandcontrol/JHandControl;)Ljava/util/ArrayList;
J  jhandcontrol.data.JFrameHand.getHands()Ljava/util/ArrayList;
j  jhandcontrol.calibrator.Calibrator.updateImage(Ljhandcontrol/data/JFrameHand;Z)V+324
j  jhandcontrol.calibrator.FrameQueue.frameEvent(Ljhandcontrol/data/JFrameHand;)Z+18
j  jhandcontrol.JHandControl.run()V+188
v  ~StubRoutines::call_stub

---------------  P R O C E S S  ---------------

Java Threads: ( => current thread )
  0x0000000007902800 JavaThread "TimerQueue" daemon [_thread_blocked, id=7288, stack(0x000000000c7e0000,0x000000000c8e0000)]
  0x00000000078a9800 JavaThread "AWT-EventQueue-0" [_thread_blocked, id=1080, stack(0x000000000a5b0000,0x000000000a6b0000)]
  0x000000000653c000 JavaThread "AWT-Windows" daemon [_thread_in_native, id=1576, stack(0x000000000a4b0000,0x000000000a5b0000)]
  0x0000000007808800 JavaThread "AWT-Shutdown" [_thread_blocked, id=6876, stack(0x000000000a3b0000,0x000000000a4b0000)]
  0x00000000078aa800 JavaThread "Java2D Disposer" daemon [_thread_blocked, id=7280, stack(0x000000000a2b0000,0x000000000a3b0000)]
=>0x0000000006525000 JavaThread "Thread-0" [_thread_in_native, id=5428, stack(0x0000000009ff0000,0x000000000a0f0000)]
  0x00000000065bb000 JavaThread "Thread-3" [_thread_in_native, id=6564, stack(0x0000000007c70000,0x0000000007d70000)]
  0x00000000064a5800 JavaThread "Low Memory Detector" daemon [_thread_blocked, id=5516, stack(0x0000000007570000,0x0000000007670000)]
  0x0000000006494800 JavaThread "C2 CompilerThread1" daemon [_thread_blocked, id=7440, stack(0x0000000007470000,0x0000000007570000)]
  0x0000000006480000 JavaThread "C2 CompilerThread0" daemon [_thread_blocked, id=7852, stack(0x0000000007370000,0x0000000007470000)]
  0x000000000647b000 JavaThread "Attach Listener" daemon [_thread_blocked, id=5628, stack(0x0000000007270000,0x0000000007370000)]
  0x0000000006479800 JavaThread "Signal Dispatcher" daemon [_thread_blocked, id=1076, stack(0x0000000007170000,0x0000000007270000)]
  0x0000000006423800 JavaThread "Finalizer" daemon [_thread_blocked, id=7512, stack(0x0000000007070000,0x0000000007170000)]
  0x0000000006422000 JavaThread "Reference Handler" daemon [_thread_blocked, id=4516, stack(0x0000000006f70000,0x0000000007070000)]
  0x00000000005db800 JavaThread "main" [_thread_blocked, id=7620, stack(0x00000000022a0000,0x00000000023a0000)]

Other Threads:
  0x0000000006416000 VMThread [stack: 0x0000000006e70000,0x0000000006f70000] [id=5588]
  0x00000000064b6800 WatcherThread [stack: 0x0000000007670000,0x0000000007770000] [id=6996]

VM state:not at safepoint (normal execution)

VM Mutex/Monitor currently owned by a thread: None

Heap
 PSYoungGen      total 686784K, used 61764K [0x00000007d60b0000, 0x00000007fffe0000, 0x0000000800000000)
  eden space 686272K, 9% used [0x00000007d60b0000,0x00000007d9d012b8,0x00000007ffee0000)
  from space 512K, 0% used [0x00000007ffee0000,0x00000007ffee0000,0x00000007fff60000)
  to   space 512K, 0% used [0x00000007fff60000,0x00000007fff60000,0x00000007fffe0000)
 PSOldGen        total 85888K, used 10724K [0x0000000782200000, 0x00000007875e0000, 0x00000007d60b0000)
  object space 85888K, 12% used [0x0000000782200000,0x0000000782c79248,0x00000007875e0000)
 PSPermGen       total 21248K, used 13518K [0x000000077d000000, 0x000000077e4c0000, 0x0000000782200000)
  object space 21248K, 63% used [0x000000077d000000,0x000000077dd339a0,0x000000077e4c0000)

Code Cache  [0x00000000023a0000, 0x0000000002610000, 0x00000000053a0000)
 total_blobs=640 nmethods=184 adapters=417 free_code_cache=49227264 largest_free_block=8448

Dynamic libraries:
0x0000000000400000 - 0x000000000042f000 	C:\Program Files\Java\jdk1.6.0_37\bin\java.exe
0x0000000077a30000 - 0x0000000077bd9000 	C:\Windows\SYSTEM32\ntdll.dll
0x00000000775b0000 - 0x00000000776cf000 	C:\Windows\system32\kernel32.dll
0x000007fefdf80000 - 0x000007fefdfec000 	C:\Windows\system32\KERNELBASE.dll
0x000007feff0d0000 - 0x000007feff1ab000 	C:\Windows\system32\ADVAPI32.dll
0x000007feff7e0000 - 0x000007feff87f000 	C:\Windows\system32\msvcrt.dll
0x000007fefe320000 - 0x000007fefe33f000 	C:\Windows\SYSTEM32\sechost.dll
0x000007feff880000 - 0x000007feff9ad000 	C:\Windows\system32\RPCRT4.dll
0x000000006d8b0000 - 0x000000006e06b000 	C:\Program Files\Java\jdk1.6.0_37\jre\bin\server\jvm.dll
0x0000000077350000 - 0x000000007744a000 	C:\Windows\system32\USER32.dll
0x000007feffaf0000 - 0x000007feffb57000 	C:\Windows\system32\GDI32.dll
0x000007feff9b0000 - 0x000007feff9be000 	C:\Windows\system32\LPK.dll
0x000007feff1b0000 - 0x000007feff279000 	C:\Windows\system32\USP10.dll
0x000007fefba10000 - 0x000007fefba4b000 	C:\Windows\system32\WINMM.dll
0x000007feff9c0000 - 0x000007feff9ee000 	C:\Windows\system32\IMM32.DLL
0x000007feff600000 - 0x000007feff709000 	C:\Windows\system32\MSCTF.dll
0x000007fefde50000 - 0x000007fefde90000 	C:\Windows\system32\nvinitx.dll
0x000000006d820000 - 0x000000006d82e000 	C:\Program Files\Java\jdk1.6.0_37\jre\bin\verify.dll
0x000000006d450000 - 0x000000006d477000 	C:\Program Files\Java\jdk1.6.0_37\jre\bin\java.dll
0x000000006d870000 - 0x000000006d882000 	C:\Program Files\Java\jdk1.6.0_37\jre\bin\zip.dll
0x00000000751f0000 - 0x00000000752c2000 	C:\Windows\System32\msvcr100.dll
0x0000000072d60000 - 0x0000000072df8000 	C:\Windows\System32\msvcp100.dll
0x000007fee2a90000 - 0x000007fee2ce8000 	C:\opencv\build\x64\vc10\bin\opencv_core243.dll
0x000007fee6250000 - 0x000007fee62e5000 	C:\Users\Fernando\AppData\Local\Temp\javacpp2241841566598\jniopencv_core.dll
0x000007feff280000 - 0x000007feff483000 	C:\Windows\System32\ole32.dll
0x000007feff490000 - 0x000007feff567000 	C:\Windows\System32\oleaut32.dll
0x000007feee440000 - 0x000007feee45e000 	C:\Users\Fernando\AppData\Local\Temp\javacpp2241841566598\jnivideoInputLib.dll
0x000007fefdd80000 - 0x000007fefdd8f000 	C:\Windows\system32\CRYPTBASE.dll
0x000007fefe260000 - 0x000007fefe2f9000 	C:\Windows\system32\CLBCatQ.DLL
0x000007feffb60000 - 0x000007feffd37000 	C:\Windows\system32\setupapi.dll
0x000007fefdf40000 - 0x000007fefdf76000 	C:\Windows\system32\CFGMGR32.dll
0x000007fefe1a0000 - 0x000007fefe1ba000 	C:\Windows\system32\DEVOBJ.dll
0x000007fefba50000 - 0x000007fefba7d000 	C:\Windows\system32\ntmarta.dll
0x000007feff9f0000 - 0x000007feffa42000 	C:\Windows\system32\WLDAP32.dll
0x000007fefdff0000 - 0x000007fefe029000 	C:\Windows\system32\WINTRUST.dll
0x000007fefe030000 - 0x000007fefe19a000 	C:\Windows\system32\CRYPT32.dll
0x000007fefdf30000 - 0x000007fefdf3f000 	C:\Windows\system32\MSASN1.dll
0x000007fefbda0000 - 0x000007fefbdad000 	C:\Windows\system32\msdmo.dll
0x000007fefbe50000 - 0x000007fefbe66000 	C:\Windows\system32\devenum.dll
0x000007feea410000 - 0x000007feea43f000 	C:\Windows\system32\qcap.dll
0x000007fee2d90000 - 0x000007fee2f42000 	C:\Windows\system32\quartz.dll
0x000007fefe340000 - 0x000007feff0c8000 	C:\Windows\system32\SHELL32.dll
0x000007feff580000 - 0x000007feff5f1000 	C:\Windows\system32\SHLWAPI.dll
0x000007fefc6d0000 - 0x000007fefc726000 	C:\Windows\system32\uxtheme.dll
0x000007fef8980000 - 0x000007fef8987000 	c:\PROGRA~2\mcafee\SITEAD~1\x64\saHook.dll
0x000007fefc2a0000 - 0x000007fefc2b8000 	C:\Windows\system32\dwmapi.dll
0x000007feeabf0000 - 0x000007feeac31000 	C:\Windows\system32\ksproxy.ax
0x0000000074e00000 - 0x0000000074e06000 	C:\Windows\system32\ksuser.dll
0x000007fee6950000 - 0x000007fee6b4f000 	C:\Windows\system32\d3d9.dll
0x000007fefcf40000 - 0x000007fefcf4c000 	C:\Windows\system32\VERSION.dll
0x000007fef5dd0000 - 0x000007fef5dd7000 	C:\Windows\system32\d3d8thk.dll
0x000007fef6a70000 - 0x000007fef6a7b000 	C:\Windows\system32\vidcap.ax
0x000007feea3e0000 - 0x000007feea404000 	C:\Windows\system32\kswdmcap.ax
0x000007fee4ac0000 - 0x000007fee4c1c000 	C:\Windows\system32\MFC42.dll
0x000007fee29d0000 - 0x000007fee2a81000 	C:\Windows\system32\ODBC32.dll
0x000007fefc8b0000 - 0x000007fefcaa4000 	C:\Windows\WinSxS\amd64_microsoft.windows.common-controls_6595b64144ccf1df_6.0.7601.17514_none_fa396087175ac9ac\COMCTL32.dll
0x0000000054e90000 - 0x0000000054ec8000 	C:\Windows\system32\odbcint.dll
0x000007fee2cf0000 - 0x000007fee2d8b000 	C:\Windows\System32\qedit.dll
0x000007fee7f00000 - 0x000007fee7f29000 	C:\Windows\System32\MSVFW32.dll
0x000007feffa50000 - 0x000007feffae7000 	C:\Windows\system32\COMDLG32.dll
0x000007fefc4b0000 - 0x000007fefc6c6000 	C:\Windows\WinSxS\amd64_microsoft.windows.gdiplus_6595b64144ccf1df_1.1.7601.17825_none_2b253c8271ec7765\gdiplus.dll
0x000007fefc020000 - 0x000007fefc111000 	C:\Windows\system32\DDRAW.dll
0x000007fefc010000 - 0x000007fefc018000 	C:\Windows\system32\DCIMAN32.dll
0x000007fefbbe0000 - 0x000007fefbbeb000 	C:\Windows\system32\msyuv.dll
0x000000006d0a0000 - 0x000000006d264000 	C:\Program Files\Java\jdk1.6.0_37\jre\bin\awt.dll
0x000007fefac10000 - 0x000007fefac81000 	C:\Windows\system32\WINSPOOL.DRV
0x000000006d340000 - 0x000000006d3a7000 	C:\Program Files\Java\jdk1.6.0_37\jre\bin\fontmanager.dll
0x000007fee2720000 - 0x000007fee29c5000 	C:\opencv\build\x64\vc10\bin\opencv_imgproc243.dll
0x000000006d6b0000 - 0x000000006d6c7000 	C:\Program Files\Java\jdk1.6.0_37\jre\bin\net.dll
0x000007feff710000 - 0x000007feff75d000 	C:\Windows\system32\WS2_32.dll
0x000007feff570000 - 0x000007feff578000 	C:\Windows\system32\NSI.dll
0x000007fefd6c0000 - 0x000007fefd715000 	C:\Windows\system32\mswsock.dll
0x000007fefd6b0000 - 0x000007fefd6b7000 	C:\Windows\System32\wship6.dll
0x000000006d6d0000 - 0x000000006d6db000 	C:\Program Files\Java\jdk1.6.0_37\jre\bin\nio.dll
0x000007fee5e20000 - 0x000007fee5e68000 	C:\Users\Fernando\AppData\Local\Temp\javacpp2241841566598\jniopencv_imgproc.dll
0x000007fefd720000 - 0x000007fefd737000 	C:\Windows\system32\CRYPTSP.dll
0x000007fefd420000 - 0x000007fefd467000 	C:\Windows\system32\rsaenh.dll
0x000007fefde30000 - 0x000007fefde44000 	C:\Windows\system32\RpcRtRemote.dll
0x000000006d2b0000 - 0x000000006d2d8000 	C:\Program Files\Java\jdk1.6.0_37\jre\bin\dcpr.dll
0x0000000077bf0000 - 0x0000000077bf7000 	C:\Windows\system32\PSAPI.DLL

VM Arguments:
jvm_args: -Dfile.encoding=UTF-8 -Xcheck:jni 
java_command: jhandcontrol.demo.Demonstration
Launcher Type: SUN_STANDARD

Environment Variables:
PATH=C:\Perl\site\bin;C:\Perl\bin;C:\Program Files\Common Files\Microsoft Shared\Windows Live;C:\Program Files (x86)\Common Files\Microsoft Shared\Windows Live;C:\Program Files (x86)\Intel\iCLS Client\;C:\Program Files\Intel\iCLS Client\;C:\Windows\system32;C:\Windows;C:\Windows\System32\Wbem;C:\Windows\System32\WindowsPowerShell\v1.0\;C:\Program Files (x86)\Windows Live\Shared;C:\vagrant\vagrant\bin;C:\Python27\;C:\Python27\Scripts\;C:\cygwin\bin\;C:\cygwin\usr\bin\;C:\cygwin\usr\local\bin\;C:\mongodb\bin\;C:\Program Files\nodejs\;C:\Ruby192\bin;C:\Users\Fernando\AppData\Roaming\npm\
USERNAME=Fernando
OS=Windows_NT
PROCESSOR_IDENTIFIER=Intel64 Family 6 Model 58 Stepping 9, GenuineIntel



---------------  S Y S T E M  ---------------

OS: Windows 7 , 64 bit Build 7601 Service Pack 1

CPU:total 8 (4 cores per cpu, 2 threads per core) family 6 model 58 stepping 9, cmov, cx8, fxsr, mmx, sse, sse2, sse3, ssse3, sse4.1, sse4.2, popcnt, ht

Memory: 4k page, physical 8244064k(4804396k free), swap 16486276k(10543396k free)

vm_info: Java HotSpot(TM) 64-Bit Server VM (20.12-b01) for windows-amd64 JRE (1.6.0_37-b06), built on Sep 24 2012 11:45:14 by "java_re" with MS VC++ 8.0 (VS2005)

time: Fri Dec 07 14:42:29 2012
elapsed time: 153 seconds

